[2022-04-23 15:33:27,706] {dag_processing.py:604} INFO - Processing files using up to 2 processes at a time 
[2022-04-23 15:33:27,706] {dag_processing.py:605} INFO - Process each file at most once every 30 seconds
[2022-04-23 15:33:27,717] {dag_processing.py:607} INFO - Checking for new files in /opt/airflow/dags every 300 seconds
[2022-04-23 15:33:27,717] {dag_processing.py:755} INFO - Searching for files in /opt/airflow/dags
[2022-04-23 15:33:27,728] {dag_processing.py:758} INFO - There are 31 files in /opt/airflow/dags
[2022-04-23 15:33:27,787] {dag_processing.py:1123} INFO - Finding 'running' jobs without a recent heartbeat
[2022-04-23 15:33:27,788] {dag_processing.py:1127} INFO - Failing jobs without heartbeat after 2022-04-23 15:28:27.788117+00:00
[2022-04-23 15:33:27,849] {dag_processing.py:862} INFO - 
================================================================================
DAG File Processing Stats

File Path                                                                                                           PID  Runtime      # DAGs    # Errors  Last Runtime    Last Run
----------------------------------------------------------------------------------------------------------------  -----  ---------  --------  ----------  --------------  ----------
/home/airflow/.local/lib/python3.6/site-packages/airflow/example_dags/example_passing_params_via_test_command.py     65  0.06s             0           0
/home/airflow/.local/lib/python3.6/site-packages/airflow/example_dags/example_short_circuit_operator.py              66  0.06s             0           0
/home/airflow/.local/lib/python3.6/site-packages/airflow/example_dags/example_xcom.py                                                      0           0
/home/airflow/.local/lib/python3.6/site-packages/airflow/example_dags/example_kubernetes_executor.py                                       0           0
/home/airflow/.local/lib/python3.6/site-packages/airflow/example_dags/example_branch_labels.py                                             0           0
/home/airflow/.local/lib/python3.6/site-packages/airflow/example_dags/example_dag_decorator.py                                             0           0
/home/airflow/.local/lib/python3.6/site-packages/airflow/example_dags/example_task_group.py                                                0           0
/home/airflow/.local/lib/python3.6/site-packages/airflow/example_dags/example_complex.py                                                   0           0
/home/airflow/.local/lib/python3.6/site-packages/airflow/example_dags/example_kubernetes_executor_config.py                                0           0
/home/airflow/.local/lib/python3.6/site-packages/airflow/example_dags/tutorial_etl_dag.py                                                  0           0
/home/airflow/.local/lib/python3.6/site-packages/airflow/example_dags/example_skip_dag.py                                                  0           0
/home/airflow/.local/lib/python3.6/site-packages/airflow/example_dags/test_utils.py                                                        0           0
/home/airflow/.local/lib/python3.6/site-packages/airflow/example_dags/tutorial_taskflow_api_etl.py                                         0           0
/home/airflow/.local/lib/python3.6/site-packages/airflow/example_dags/tutorial.py                                                          0           0
/home/airflow/.local/lib/python3.6/site-packages/airflow/example_dags/example_branch_day_of_week_operator.py                               0           0
/home/airflow/.local/lib/python3.6/site-packages/airflow/example_dags/example_latest_only.py                                               0           0
/home/airflow/.local/lib/python3.6/site-packages/airflow/example_dags/example_python_operator.py                                           0           0
/home/airflow/.local/lib/python3.6/site-packages/airflow/example_dags/tutorial_taskflow_api_etl_virtualenv.py                              0           0
/home/airflow/.local/lib/python3.6/site-packages/airflow/example_dags/example_branch_operator.py                                           0           0
/home/airflow/.local/lib/python3.6/site-packages/airflow/example_dags/example_nested_branch_dag.py                                         0           0
/home/airflow/.local/lib/python3.6/site-packages/airflow/example_dags/example_bash_operator.py                                             0           0
/home/airflow/.local/lib/python3.6/site-packages/airflow/example_dags/example_branch_datetime_operator.py                                  0           0
/home/airflow/.local/lib/python3.6/site-packages/airflow/example_dags/example_task_group_decorator.py                                      0           0
/home/airflow/.local/lib/python3.6/site-packages/airflow/example_dags/example_branch_python_dop_operator_3.py                              0           0
/home/airflow/.local/lib/python3.6/site-packages/airflow/example_dags/example_trigger_controller_dag.py                                    0           0
/home/airflow/.local/lib/python3.6/site-packages/airflow/example_dags/example_latest_only_with_trigger.py                                  0           0
/home/airflow/.local/lib/python3.6/site-packages/airflow/example_dags/example_trigger_target_dag.py                                        0           0
/home/airflow/.local/lib/python3.6/site-packages/airflow/example_dags/example_subdag_operator.py                                           0           0
/home/airflow/.local/lib/python3.6/site-packages/airflow/example_dags/example_external_task_marker_dag.py                                  0           0
/home/airflow/.local/lib/python3.6/site-packages/airflow/example_dags/example_xcomargs.py                                                  0           0
/home/airflow/.local/lib/python3.6/site-packages/airflow/example_dags/subdags/subdag.py                                                    0           0
================================================================================
[2022-04-23 15:33:38,174] {dag_processing.py:1123} INFO - Finding 'running' jobs without a recent heartbeat
[2022-04-23 15:33:38,174] {dag_processing.py:1127} INFO - Failing jobs without heartbeat after 2022-04-23 15:28:38.174845+00:00
[2022-04-23 15:33:48,348] {dag_processing.py:1123} INFO - Finding 'running' jobs without a recent heartbeat
[2022-04-23 15:33:48,349] {dag_processing.py:1127} INFO - Failing jobs without heartbeat after 2022-04-23 15:28:48.349049+00:00
[2022-04-23 15:33:57,873] {dag_processing.py:862} INFO - 
================================================================================
DAG File Processing Stats

File Path                                                                                                           PID  Runtime      # DAGs    # Errors  Last Runtime    Last Run
----------------------------------------------------------------------------------------------------------------  -----  ---------  --------  ----------  --------------  -------------------
/home/airflow/.local/lib/python3.6/site-packages/airflow/example_dags/example_bash_operator.py                      140  1.00s             0           0
/home/airflow/.local/lib/python3.6/site-packages/airflow/example_dags/example_branch_datetime_operator.py           142  0.45s             0           0
/home/airflow/.local/lib/python3.6/site-packages/airflow/example_dags/example_task_group_decorator.py                                      0           0
/home/airflow/.local/lib/python3.6/site-packages/airflow/example_dags/example_branch_python_dop_operator_3.py                              0           0
/home/airflow/.local/lib/python3.6/site-packages/airflow/example_dags/example_trigger_controller_dag.py                                    0           0
/home/airflow/.local/lib/python3.6/site-packages/airflow/example_dags/example_latest_only_with_trigger.py                                  0           0
/home/airflow/.local/lib/python3.6/site-packages/airflow/example_dags/example_trigger_target_dag.py                                        0           0
/home/airflow/.local/lib/python3.6/site-packages/airflow/example_dags/example_subdag_operator.py                                           0           0
/home/airflow/.local/lib/python3.6/site-packages/airflow/example_dags/example_external_task_marker_dag.py                                  0           0
/home/airflow/.local/lib/python3.6/site-packages/airflow/example_dags/example_xcomargs.py                                                  0           0
/home/airflow/.local/lib/python3.6/site-packages/airflow/example_dags/subdags/subdag.py                                                    0           0
/home/airflow/.local/lib/python3.6/site-packages/airflow/example_dags/example_passing_params_via_test_command.py                           1           0  5.89s           2022-04-23T15:33:33
/home/airflow/.local/lib/python3.6/site-packages/airflow/example_dags/example_short_circuit_operator.py                                    1           0  5.88s           2022-04-23T15:33:33
/home/airflow/.local/lib/python3.6/site-packages/airflow/example_dags/example_xcom.py                                                      1           0  2.54s           2022-04-23T15:33:36
/home/airflow/.local/lib/python3.6/site-packages/airflow/example_dags/example_kubernetes_executor.py                                       1           0  2.50s           2022-04-23T15:33:36
/home/airflow/.local/lib/python3.6/site-packages/airflow/example_dags/example_branch_labels.py                                             1           0  4.21s           2022-04-23T15:33:40
/home/airflow/.local/lib/python3.6/site-packages/airflow/example_dags/example_dag_decorator.py                                             1           0  4.19s           2022-04-23T15:33:40
/home/airflow/.local/lib/python3.6/site-packages/airflow/example_dags/example_task_group.py                                                1           0  3.52s           2022-04-23T15:33:43
/home/airflow/.local/lib/python3.6/site-packages/airflow/example_dags/example_complex.py                                                   1           0  3.92s           2022-04-23T15:33:44
/home/airflow/.local/lib/python3.6/site-packages/airflow/example_dags/example_kubernetes_executor_config.py                                1           0  2.45s           2022-04-23T15:33:46
/home/airflow/.local/lib/python3.6/site-packages/airflow/example_dags/tutorial_etl_dag.py                                                  1           0  2.25s           2022-04-23T15:33:46
/home/airflow/.local/lib/python3.6/site-packages/airflow/example_dags/example_skip_dag.py                                                  1           0  2.42s           2022-04-23T15:33:48
/home/airflow/.local/lib/python3.6/site-packages/airflow/example_dags/test_utils.py                                                        1           0  2.41s           2022-04-23T15:33:48
/home/airflow/.local/lib/python3.6/site-packages/airflow/example_dags/tutorial_taskflow_api_etl.py                                         1           0  1.87s           2022-04-23T15:33:50
/home/airflow/.local/lib/python3.6/site-packages/airflow/example_dags/tutorial.py                                                          1           0  1.85s           2022-04-23T15:33:50
/home/airflow/.local/lib/python3.6/site-packages/airflow/example_dags/example_branch_day_of_week_operator.py                               1           0  2.05s           2022-04-23T15:33:52
/home/airflow/.local/lib/python3.6/site-packages/airflow/example_dags/example_latest_only.py                                               1           0  2.18s           2022-04-23T15:33:53
/home/airflow/.local/lib/python3.6/site-packages/airflow/example_dags/example_python_operator.py                                           1           0  2.08s           2022-04-23T15:33:54
/home/airflow/.local/lib/python3.6/site-packages/airflow/example_dags/tutorial_taskflow_api_etl_virtualenv.py                              1           0  2.13s           2022-04-23T15:33:55
/home/airflow/.local/lib/python3.6/site-packages/airflow/example_dags/example_branch_operator.py                                           1           0  2.10s           2022-04-23T15:33:56
/home/airflow/.local/lib/python3.6/site-packages/airflow/example_dags/example_nested_branch_dag.py                                         1           0  2.27s           2022-04-23T15:33:57
================================================================================
[2022-04-23 15:33:58,424] {dag_processing.py:1123} INFO - Finding 'running' jobs without a recent heartbeat
[2022-04-23 15:33:58,424] {dag_processing.py:1127} INFO - Failing jobs without heartbeat after 2022-04-23 15:28:58.424712+00:00
[2022-04-23 15:34:08,458] {dag_processing.py:1123} INFO - Finding 'running' jobs without a recent heartbeat
[2022-04-23 15:34:08,459] {dag_processing.py:1127} INFO - Failing jobs without heartbeat after 2022-04-23 15:29:08.459106+00:00
[2022-04-23 15:34:19,246] {dag_processing.py:1123} INFO - Finding 'running' jobs without a recent heartbeat
[2022-04-23 15:34:19,247] {dag_processing.py:1127} INFO - Failing jobs without heartbeat after 2022-04-23 15:29:19.247036+00:00
[2022-04-23 15:34:28,149] {dag_processing.py:862} INFO - 
================================================================================
DAG File Processing Stats

File Path                                                                                                           PID  Runtime      # DAGs    # Errors  Last Runtime    Last Run
----------------------------------------------------------------------------------------------------------------  -----  ---------  --------  ----------  --------------  -------------------
/home/airflow/.local/lib/python3.6/site-packages/airflow/example_dags/subdags/subdag.py                                                    0           0  0.04s           2022-04-23T15:34:08
/home/airflow/.local/lib/python3.6/site-packages/airflow/example_dags/example_passing_params_via_test_command.py                           1           0  0.12s           2022-04-23T15:34:08
/home/airflow/.local/lib/python3.6/site-packages/airflow/example_dags/example_short_circuit_operator.py                                    1           0  0.12s           2022-04-23T15:34:08
/home/airflow/.local/lib/python3.6/site-packages/airflow/example_dags/example_xcom.py                                                      1           0  0.12s           2022-04-23T15:34:08
/home/airflow/.local/lib/python3.6/site-packages/airflow/example_dags/example_kubernetes_executor.py                                       1           0  0.09s           2022-04-23T15:34:08
/home/airflow/.local/lib/python3.6/site-packages/airflow/example_dags/example_branch_labels.py                                             1           0  0.11s           2022-04-23T15:34:11
/home/airflow/.local/lib/python3.6/site-packages/airflow/example_dags/example_dag_decorator.py                                             1           0  0.46s           2022-04-23T15:34:11
/home/airflow/.local/lib/python3.6/site-packages/airflow/example_dags/example_task_group.py                                                1           0  0.17s           2022-04-23T15:34:14
/home/airflow/.local/lib/python3.6/site-packages/airflow/example_dags/example_complex.py                                                   1           0  0.12s           2022-04-23T15:34:15
/home/airflow/.local/lib/python3.6/site-packages/airflow/example_dags/example_kubernetes_executor_config.py                                1           0  0.22s           2022-04-23T15:34:17
/home/airflow/.local/lib/python3.6/site-packages/airflow/example_dags/tutorial_etl_dag.py                                                  1           0  0.15s           2022-04-23T15:34:17
/home/airflow/.local/lib/python3.6/site-packages/airflow/example_dags/example_skip_dag.py                                                  1           0  0.27s           2022-04-23T15:34:19
/home/airflow/.local/lib/python3.6/site-packages/airflow/example_dags/test_utils.py                                                        1           0  0.27s           2022-04-23T15:34:19
/home/airflow/.local/lib/python3.6/site-packages/airflow/example_dags/tutorial_taskflow_api_etl.py                                         1           0  0.38s           2022-04-23T15:34:21
/home/airflow/.local/lib/python3.6/site-packages/airflow/example_dags/tutorial.py                                                          1           0  0.10s           2022-04-23T15:34:21
/home/airflow/.local/lib/python3.6/site-packages/airflow/example_dags/example_branch_day_of_week_operator.py                               1           0  0.08s           2022-04-23T15:34:23
/home/airflow/.local/lib/python3.6/site-packages/airflow/example_dags/example_latest_only.py                                               1           0  0.09s           2022-04-23T15:34:24
/home/airflow/.local/lib/python3.6/site-packages/airflow/example_dags/example_python_operator.py                                           1           0  0.10s           2022-04-23T15:34:25
/home/airflow/.local/lib/python3.6/site-packages/airflow/example_dags/tutorial_taskflow_api_etl_virtualenv.py                              1           0  0.36s           2022-04-23T15:34:26
/home/airflow/.local/lib/python3.6/site-packages/airflow/example_dags/example_branch_operator.py                                           1           0  0.12s           2022-04-23T15:34:27
/home/airflow/.local/lib/python3.6/site-packages/airflow/example_dags/example_nested_branch_dag.py                  215  0.01s             1           0  2.27s           2022-04-23T15:33:57
/home/airflow/.local/lib/python3.6/site-packages/airflow/example_dags/example_bash_operator.py                                             1           0  2.23s           2022-04-23T15:33:59
/home/airflow/.local/lib/python3.6/site-packages/airflow/example_dags/example_branch_datetime_operator.py                                  1           0  2.38s           2022-04-23T15:33:59
/home/airflow/.local/lib/python3.6/site-packages/airflow/example_dags/example_task_group_decorator.py                                      1           0  2.25s           2022-04-23T15:34:01
/home/airflow/.local/lib/python3.6/site-packages/airflow/example_dags/example_branch_python_dop_operator_3.py                              1           0  2.26s           2022-04-23T15:34:02
/home/airflow/.local/lib/python3.6/site-packages/airflow/example_dags/example_trigger_controller_dag.py                                    1           0  2.35s           2022-04-23T15:34:03
/home/airflow/.local/lib/python3.6/site-packages/airflow/example_dags/example_latest_only_with_trigger.py                                  1           0  2.38s           2022-04-23T15:34:04
/home/airflow/.local/lib/python3.6/site-packages/airflow/example_dags/example_trigger_target_dag.py                                        1           0  2.42s           2022-04-23T15:34:06
/home/airflow/.local/lib/python3.6/site-packages/airflow/example_dags/example_external_task_marker_dag.py                                  2           0  2.39s           2022-04-23T15:34:08
/home/airflow/.local/lib/python3.6/site-packages/airflow/example_dags/example_xcomargs.py                                                  2           0  2.34s           2022-04-23T15:34:09
/home/airflow/.local/lib/python3.6/site-packages/airflow/example_dags/example_subdag_operator.py                                           3           0  2.23s           2022-04-23T15:34:06
================================================================================
[2022-04-23 15:34:29,365] {dag_processing.py:1123} INFO - Finding 'running' jobs without a recent heartbeat
[2022-04-23 15:34:29,365] {dag_processing.py:1127} INFO - Failing jobs without heartbeat after 2022-04-23 15:29:29.365749+00:00
[2022-04-23 15:34:39,402] {dag_processing.py:1123} INFO - Finding 'running' jobs without a recent heartbeat
[2022-04-23 15:34:39,403] {dag_processing.py:1127} INFO - Failing jobs without heartbeat after 2022-04-23 15:29:39.403029+00:00
[2022-04-23 15:34:49,786] {dag_processing.py:1123} INFO - Finding 'running' jobs without a recent heartbeat
[2022-04-23 15:34:49,786] {dag_processing.py:1127} INFO - Failing jobs without heartbeat after 2022-04-23 15:29:49.786396+00:00
[2022-04-23 15:34:58,551] {dag_processing.py:862} INFO - 
================================================================================
DAG File Processing Stats

File Path                                                                                                           PID  Runtime      # DAGs    # Errors  Last Runtime    Last Run
----------------------------------------------------------------------------------------------------------------  -----  ---------  --------  ----------  --------------  -------------------
/home/airflow/.local/lib/python3.6/site-packages/airflow/example_dags/subdags/subdag.py                                                    0           0  0.07s           2022-04-23T15:34:38
/home/airflow/.local/lib/python3.6/site-packages/airflow/example_dags/example_passing_params_via_test_command.py                           1           0  0.17s           2022-04-23T15:34:38
/home/airflow/.local/lib/python3.6/site-packages/airflow/example_dags/example_short_circuit_operator.py                                    1           0  0.12s           2022-04-23T15:34:38
/home/airflow/.local/lib/python3.6/site-packages/airflow/example_dags/example_xcom.py                                                      1           0  0.07s           2022-04-23T15:34:38
/home/airflow/.local/lib/python3.6/site-packages/airflow/example_dags/example_kubernetes_executor.py                                       1           0  0.08s           2022-04-23T15:34:39
/home/airflow/.local/lib/python3.6/site-packages/airflow/example_dags/example_branch_labels.py                                             1           0  0.15s           2022-04-23T15:34:41
/home/airflow/.local/lib/python3.6/site-packages/airflow/example_dags/example_dag_decorator.py                                             1           0  0.36s           2022-04-23T15:34:41
/home/airflow/.local/lib/python3.6/site-packages/airflow/example_dags/example_task_group.py                                                1           0  0.16s           2022-04-23T15:34:44
/home/airflow/.local/lib/python3.6/site-packages/airflow/example_dags/example_complex.py                                                   1           0  0.13s           2022-04-23T15:34:45
/home/airflow/.local/lib/python3.6/site-packages/airflow/example_dags/example_kubernetes_executor_config.py                                1           0  0.19s           2022-04-23T15:34:47
/home/airflow/.local/lib/python3.6/site-packages/airflow/example_dags/tutorial_etl_dag.py                                                  1           0  0.18s           2022-04-23T15:34:47
/home/airflow/.local/lib/python3.6/site-packages/airflow/example_dags/example_skip_dag.py                                                  1           0  0.09s           2022-04-23T15:34:49
/home/airflow/.local/lib/python3.6/site-packages/airflow/example_dags/test_utils.py                                                        1           0  0.10s           2022-04-23T15:34:49
/home/airflow/.local/lib/python3.6/site-packages/airflow/example_dags/tutorial_taskflow_api_etl.py                                         1           0  0.30s           2022-04-23T15:34:52
/home/airflow/.local/lib/python3.6/site-packages/airflow/example_dags/tutorial.py                                                          1           0  0.10s           2022-04-23T15:34:51
/home/airflow/.local/lib/python3.6/site-packages/airflow/example_dags/example_branch_day_of_week_operator.py                               1           0  0.14s           2022-04-23T15:34:53
/home/airflow/.local/lib/python3.6/site-packages/airflow/example_dags/example_latest_only.py                                               1           0  0.17s           2022-04-23T15:34:54
/home/airflow/.local/lib/python3.6/site-packages/airflow/example_dags/example_python_operator.py                                           1           0  0.08s           2022-04-23T15:34:55
/home/airflow/.local/lib/python3.6/site-packages/airflow/example_dags/tutorial_taskflow_api_etl_virtualenv.py                              1           0  0.33s           2022-04-23T15:34:56
/home/airflow/.local/lib/python3.6/site-packages/airflow/example_dags/example_branch_operator.py                                           1           0  0.11s           2022-04-23T15:34:57
/home/airflow/.local/lib/python3.6/site-packages/airflow/example_dags/example_nested_branch_dag.py                  299  0.01s             1           0  0.24s           2022-04-23T15:34:28
/home/airflow/.local/lib/python3.6/site-packages/airflow/example_dags/example_bash_operator.py                                             1           0  0.12s           2022-04-23T15:34:29
/home/airflow/.local/lib/python3.6/site-packages/airflow/example_dags/example_branch_datetime_operator.py                                  1           0  0.08s           2022-04-23T15:34:30
/home/airflow/.local/lib/python3.6/site-packages/airflow/example_dags/example_task_group_decorator.py                                      1           0  0.45s           2022-04-23T15:34:31
/home/airflow/.local/lib/python3.6/site-packages/airflow/example_dags/example_branch_python_dop_operator_3.py                              1           0  0.08s           2022-04-23T15:34:32
/home/airflow/.local/lib/python3.6/site-packages/airflow/example_dags/example_trigger_controller_dag.py                                    1           0  0.11s           2022-04-23T15:34:34
/home/airflow/.local/lib/python3.6/site-packages/airflow/example_dags/example_latest_only_with_trigger.py                                  1           0  0.18s           2022-04-23T15:34:34
/home/airflow/.local/lib/python3.6/site-packages/airflow/example_dags/example_trigger_target_dag.py                                        1           0  0.09s           2022-04-23T15:34:36
/home/airflow/.local/lib/python3.6/site-packages/airflow/example_dags/example_external_task_marker_dag.py                                  2           0  0.23s           2022-04-23T15:34:38
/home/airflow/.local/lib/python3.6/site-packages/airflow/example_dags/example_xcomargs.py                                                  2           0  0.33s           2022-04-23T15:34:39
/home/airflow/.local/lib/python3.6/site-packages/airflow/example_dags/example_subdag_operator.py                                           3           0  0.12s           2022-04-23T15:34:37
================================================================================
[2022-04-23 15:35:00,675] {dag_processing.py:1123} INFO - Finding 'running' jobs without a recent heartbeat
[2022-04-23 15:35:00,675] {dag_processing.py:1127} INFO - Failing jobs without heartbeat after 2022-04-23 15:30:00.675526+00:00
[2022-04-23 15:35:10,750] {dag_processing.py:1123} INFO - Finding 'running' jobs without a recent heartbeat
[2022-04-23 15:35:10,751] {dag_processing.py:1127} INFO - Failing jobs without heartbeat after 2022-04-23 15:30:10.751488+00:00
[2022-04-23 15:35:21,106] {dag_processing.py:1123} INFO - Finding 'running' jobs without a recent heartbeat
[2022-04-23 15:35:21,107] {dag_processing.py:1127} INFO - Failing jobs without heartbeat after 2022-04-23 15:30:21.107332+00:00
[2022-04-23 15:35:28,755] {dag_processing.py:862} INFO - 
================================================================================
DAG File Processing Stats

File Path                                                                                                           PID  Runtime      # DAGs    # Errors  Last Runtime    Last Run
----------------------------------------------------------------------------------------------------------------  -----  ---------  --------  ----------  --------------  -------------------
/home/airflow/.local/lib/python3.6/site-packages/airflow/example_dags/subdags/subdag.py                                                    0           0  0.04s           2022-04-23T15:35:09
/home/airflow/.local/lib/python3.6/site-packages/airflow/example_dags/example_passing_params_via_test_command.py                           1           0  0.17s           2022-04-23T15:35:09
/home/airflow/.local/lib/python3.6/site-packages/airflow/example_dags/example_short_circuit_operator.py                                    1           0  0.16s           2022-04-23T15:35:09
/home/airflow/.local/lib/python3.6/site-packages/airflow/example_dags/example_xcom.py                                                      1           0  0.14s           2022-04-23T15:35:09
/home/airflow/.local/lib/python3.6/site-packages/airflow/example_dags/example_kubernetes_executor.py                                       1           0  0.08s           2022-04-23T15:35:09
/home/airflow/.local/lib/python3.6/site-packages/airflow/example_dags/example_branch_labels.py                                             1           0  0.09s           2022-04-23T15:35:11
/home/airflow/.local/lib/python3.6/site-packages/airflow/example_dags/example_dag_decorator.py                                             1           0  0.36s           2022-04-23T15:35:13
/home/airflow/.local/lib/python3.6/site-packages/airflow/example_dags/example_task_group.py                                                1           0  0.10s           2022-04-23T15:35:14
/home/airflow/.local/lib/python3.6/site-packages/airflow/example_dags/example_complex.py                                                   1           0  0.10s           2022-04-23T15:35:15
/home/airflow/.local/lib/python3.6/site-packages/airflow/example_dags/example_kubernetes_executor_config.py                                1           0  0.11s           2022-04-23T15:35:18
/home/airflow/.local/lib/python3.6/site-packages/airflow/example_dags/tutorial_etl_dag.py                                                  1           0  0.10s           2022-04-23T15:35:18
/home/airflow/.local/lib/python3.6/site-packages/airflow/example_dags/example_skip_dag.py                                                  1           0  0.11s           2022-04-23T15:35:20
/home/airflow/.local/lib/python3.6/site-packages/airflow/example_dags/test_utils.py                                                        1           0  0.10s           2022-04-23T15:35:20
/home/airflow/.local/lib/python3.6/site-packages/airflow/example_dags/tutorial_taskflow_api_etl.py                                         1           0  0.37s           2022-04-23T15:35:23
/home/airflow/.local/lib/python3.6/site-packages/airflow/example_dags/tutorial.py                                                          1           0  0.12s           2022-04-23T15:35:22
/home/airflow/.local/lib/python3.6/site-packages/airflow/example_dags/example_branch_day_of_week_operator.py                               1           0  0.09s           2022-04-23T15:35:23
/home/airflow/.local/lib/python3.6/site-packages/airflow/example_dags/example_latest_only.py                                               1           0  0.13s           2022-04-23T15:35:24
/home/airflow/.local/lib/python3.6/site-packages/airflow/example_dags/example_python_operator.py                                           1           0  0.15s           2022-04-23T15:35:25
/home/airflow/.local/lib/python3.6/site-packages/airflow/example_dags/tutorial_taskflow_api_etl_virtualenv.py                              1           0  0.41s           2022-04-23T15:35:28
/home/airflow/.local/lib/python3.6/site-packages/airflow/example_dags/example_branch_operator.py                                           1           0  0.09s           2022-04-23T15:35:27
/home/airflow/.local/lib/python3.6/site-packages/airflow/example_dags/example_nested_branch_dag.py                  365  0.00s             1           0  0.13s           2022-04-23T15:34:58
/home/airflow/.local/lib/python3.6/site-packages/airflow/example_dags/example_bash_operator.py                                             1           0  0.12s           2022-04-23T15:34:59
/home/airflow/.local/lib/python3.6/site-packages/airflow/example_dags/example_branch_datetime_operator.py                                  1           0  0.10s           2022-04-23T15:35:00
/home/airflow/.local/lib/python3.6/site-packages/airflow/example_dags/example_task_group_decorator.py                                      1           0  0.38s           2022-04-23T15:35:03
/home/airflow/.local/lib/python3.6/site-packages/airflow/example_dags/example_branch_python_dop_operator_3.py                              1           0  0.10s           2022-04-23T15:35:02
/home/airflow/.local/lib/python3.6/site-packages/airflow/example_dags/example_trigger_controller_dag.py                                    1           0  0.09s           2022-04-23T15:35:04
/home/airflow/.local/lib/python3.6/site-packages/airflow/example_dags/example_latest_only_with_trigger.py                                  1           0  0.09s           2022-04-23T15:35:04
/home/airflow/.local/lib/python3.6/site-packages/airflow/example_dags/example_trigger_target_dag.py                                        1           0  0.08s           2022-04-23T15:35:07
/home/airflow/.local/lib/python3.6/site-packages/airflow/example_dags/example_external_task_marker_dag.py                                  2           0  0.15s           2022-04-23T15:35:09
/home/airflow/.local/lib/python3.6/site-packages/airflow/example_dags/example_xcomargs.py                                                  2           0  0.34s           2022-04-23T15:35:09
/home/airflow/.local/lib/python3.6/site-packages/airflow/example_dags/example_subdag_operator.py                                           3           0  0.10s           2022-04-23T15:35:08
================================================================================
[2022-04-23 15:35:31,852] {dag_processing.py:1123} INFO - Finding 'running' jobs without a recent heartbeat
[2022-04-23 15:35:31,853] {dag_processing.py:1127} INFO - Failing jobs without heartbeat after 2022-04-23 15:30:31.853497+00:00
[2022-04-23 15:35:42,215] {dag_processing.py:1123} INFO - Finding 'running' jobs without a recent heartbeat
[2022-04-23 15:35:42,216] {dag_processing.py:1127} INFO - Failing jobs without heartbeat after 2022-04-23 15:30:42.216222+00:00
[2022-04-23 15:35:52,540] {dag_processing.py:1123} INFO - Finding 'running' jobs without a recent heartbeat
[2022-04-23 15:35:52,540] {dag_processing.py:1127} INFO - Failing jobs without heartbeat after 2022-04-23 15:30:52.540269+00:00
[2022-04-23 15:35:58,831] {dag_processing.py:862} INFO - 
================================================================================
DAG File Processing Stats

File Path                                                                                                           PID  Runtime      # DAGs    # Errors  Last Runtime    Last Run
----------------------------------------------------------------------------------------------------------------  -----  ---------  --------  ----------  --------------  -------------------
/home/airflow/.local/lib/python3.6/site-packages/airflow/example_dags/subdags/subdag.py                                                    0           0  0.03s           2022-04-23T15:35:39
/home/airflow/.local/lib/python3.6/site-packages/airflow/example_dags/example_passing_params_via_test_command.py                           1           0  0.14s           2022-04-23T15:35:39
/home/airflow/.local/lib/python3.6/site-packages/airflow/example_dags/example_short_circuit_operator.py                                    1           0  0.12s           2022-04-23T15:35:39
/home/airflow/.local/lib/python3.6/site-packages/airflow/example_dags/example_xcom.py                                                      1           0  0.12s           2022-04-23T15:35:39
/home/airflow/.local/lib/python3.6/site-packages/airflow/example_dags/example_kubernetes_executor.py                                       1           0  0.08s           2022-04-23T15:35:39
/home/airflow/.local/lib/python3.6/site-packages/airflow/example_dags/example_branch_labels.py                                             1           0  0.09s           2022-04-23T15:35:42
/home/airflow/.local/lib/python3.6/site-packages/airflow/example_dags/example_dag_decorator.py                                             1           0  0.39s           2022-04-23T15:35:43
/home/airflow/.local/lib/python3.6/site-packages/airflow/example_dags/example_task_group.py                                                1           0  0.09s           2022-04-23T15:35:45
/home/airflow/.local/lib/python3.6/site-packages/airflow/example_dags/example_complex.py                                                   1           0  0.10s           2022-04-23T15:35:46
/home/airflow/.local/lib/python3.6/site-packages/airflow/example_dags/example_kubernetes_executor_config.py                                1           0  0.11s           2022-04-23T15:35:48
/home/airflow/.local/lib/python3.6/site-packages/airflow/example_dags/tutorial_etl_dag.py                                                  1           0  0.10s           2022-04-23T15:35:48
/home/airflow/.local/lib/python3.6/site-packages/airflow/example_dags/example_skip_dag.py                                                  1           0  0.13s           2022-04-23T15:35:50
/home/airflow/.local/lib/python3.6/site-packages/airflow/example_dags/test_utils.py                                                        1           0  0.12s           2022-04-23T15:35:50
/home/airflow/.local/lib/python3.6/site-packages/airflow/example_dags/tutorial_taskflow_api_etl.py                                         1           0  0.32s           2022-04-23T15:35:53
/home/airflow/.local/lib/python3.6/site-packages/airflow/example_dags/tutorial.py                                                          1           0  0.08s           2022-04-23T15:35:52
/home/airflow/.local/lib/python3.6/site-packages/airflow/example_dags/example_branch_day_of_week_operator.py                               1           0  0.09s           2022-04-23T15:35:53
/home/airflow/.local/lib/python3.6/site-packages/airflow/example_dags/example_latest_only.py                                               1           0  0.07s           2022-04-23T15:35:54
/home/airflow/.local/lib/python3.6/site-packages/airflow/example_dags/example_python_operator.py                                           1           0  0.12s           2022-04-23T15:35:55
/home/airflow/.local/lib/python3.6/site-packages/airflow/example_dags/tutorial_taskflow_api_etl_virtualenv.py       448  0.00s             1           0  0.41s           2022-04-23T15:35:28
/home/airflow/.local/lib/python3.6/site-packages/airflow/example_dags/example_branch_operator.py                                           1           0  0.09s           2022-04-23T15:35:57
/home/airflow/.local/lib/python3.6/site-packages/airflow/example_dags/example_nested_branch_dag.py                                         1           0  0.08s           2022-04-23T15:35:28
/home/airflow/.local/lib/python3.6/site-packages/airflow/example_dags/example_bash_operator.py                                             1           0  0.12s           2022-04-23T15:35:29
/home/airflow/.local/lib/python3.6/site-packages/airflow/example_dags/example_branch_datetime_operator.py                                  1           0  0.11s           2022-04-23T15:35:30
/home/airflow/.local/lib/python3.6/site-packages/airflow/example_dags/example_task_group_decorator.py                                      1           0  0.38s           2022-04-23T15:35:34
/home/airflow/.local/lib/python3.6/site-packages/airflow/example_dags/example_branch_python_dop_operator_3.py                              1           0  0.10s           2022-04-23T15:35:33
/home/airflow/.local/lib/python3.6/site-packages/airflow/example_dags/example_trigger_controller_dag.py                                    1           0  0.11s           2022-04-23T15:35:35
/home/airflow/.local/lib/python3.6/site-packages/airflow/example_dags/example_latest_only_with_trigger.py                                  1           0  0.11s           2022-04-23T15:35:35
/home/airflow/.local/lib/python3.6/site-packages/airflow/example_dags/example_trigger_target_dag.py                                        1           0  0.18s           2022-04-23T15:35:37
/home/airflow/.local/lib/python3.6/site-packages/airflow/example_dags/example_external_task_marker_dag.py                                  2           0  0.35s           2022-04-23T15:35:39
/home/airflow/.local/lib/python3.6/site-packages/airflow/example_dags/example_xcomargs.py                                                  2           0  0.37s           2022-04-23T15:35:40
/home/airflow/.local/lib/python3.6/site-packages/airflow/example_dags/example_subdag_operator.py                                           3           0  0.13s           2022-04-23T15:35:38
================================================================================
[2022-04-23 15:36:03,126] {dag_processing.py:1123} INFO - Finding 'running' jobs without a recent heartbeat
[2022-04-23 15:36:03,127] {dag_processing.py:1127} INFO - Failing jobs without heartbeat after 2022-04-23 15:31:03.127515+00:00
[2022-04-23 15:36:13,178] {dag_processing.py:1123} INFO - Finding 'running' jobs without a recent heartbeat
[2022-04-23 15:36:13,179] {dag_processing.py:1127} INFO - Failing jobs without heartbeat after 2022-04-23 15:31:13.179684+00:00
[2022-04-23 15:36:23,956] {dag_processing.py:1123} INFO - Finding 'running' jobs without a recent heartbeat
[2022-04-23 15:36:23,957] {dag_processing.py:1127} INFO - Failing jobs without heartbeat after 2022-04-23 15:31:23.957822+00:00
[2022-04-23 15:36:29,335] {dag_processing.py:862} INFO - 
================================================================================
DAG File Processing Stats

File Path                                                                                                           PID  Runtime      # DAGs    # Errors  Last Runtime    Last Run
----------------------------------------------------------------------------------------------------------------  -----  ---------  --------  ----------  --------------  -------------------
/home/airflow/.local/lib/python3.6/site-packages/airflow/example_dags/subdags/subdag.py                                                    0           0  0.03s           2022-04-23T15:36:09
/home/airflow/.local/lib/python3.6/site-packages/airflow/example_dags/example_passing_params_via_test_command.py                           1           0  0.09s           2022-04-23T15:36:09
/home/airflow/.local/lib/python3.6/site-packages/airflow/example_dags/example_short_circuit_operator.py                                    1           0  0.07s           2022-04-23T15:36:09
/home/airflow/.local/lib/python3.6/site-packages/airflow/example_dags/example_xcom.py                                                      1           0  0.08s           2022-04-23T15:36:09
/home/airflow/.local/lib/python3.6/site-packages/airflow/example_dags/example_kubernetes_executor.py                                       1           0  0.08s           2022-04-23T15:36:09
/home/airflow/.local/lib/python3.6/site-packages/airflow/example_dags/example_branch_labels.py                                             1           0  0.18s           2022-04-23T15:36:13
/home/airflow/.local/lib/python3.6/site-packages/airflow/example_dags/example_dag_decorator.py                                             1           0  0.46s           2022-04-23T15:36:14
/home/airflow/.local/lib/python3.6/site-packages/airflow/example_dags/example_task_group.py                                                1           0  0.12s           2022-04-23T15:36:15
/home/airflow/.local/lib/python3.6/site-packages/airflow/example_dags/example_complex.py                                                   1           0  0.17s           2022-04-23T15:36:16
/home/airflow/.local/lib/python3.6/site-packages/airflow/example_dags/example_kubernetes_executor_config.py                                1           0  0.09s           2022-04-23T15:36:18
/home/airflow/.local/lib/python3.6/site-packages/airflow/example_dags/tutorial_etl_dag.py                                                  1           0  0.08s           2022-04-23T15:36:18
/home/airflow/.local/lib/python3.6/site-packages/airflow/example_dags/example_skip_dag.py                                                  1           0  0.09s           2022-04-23T15:36:20
/home/airflow/.local/lib/python3.6/site-packages/airflow/example_dags/test_utils.py                                                        1           0  0.08s           2022-04-23T15:36:20
/home/airflow/.local/lib/python3.6/site-packages/airflow/example_dags/tutorial_taskflow_api_etl.py                                         1           0  0.49s           2022-04-23T15:36:24
/home/airflow/.local/lib/python3.6/site-packages/airflow/example_dags/tutorial.py                                                          1           0  0.09s           2022-04-23T15:36:23
/home/airflow/.local/lib/python3.6/site-packages/airflow/example_dags/example_branch_day_of_week_operator.py                               1           0  0.18s           2022-04-23T15:36:24
/home/airflow/.local/lib/python3.6/site-packages/airflow/example_dags/example_latest_only.py                                               1           0  0.14s           2022-04-23T15:36:25
/home/airflow/.local/lib/python3.6/site-packages/airflow/example_dags/example_python_operator.py                                           1           0  0.13s           2022-04-23T15:36:26
/home/airflow/.local/lib/python3.6/site-packages/airflow/example_dags/tutorial_taskflow_api_etl_virtualenv.py       515  0.01s             1           0  0.36s           2022-04-23T15:35:59
/home/airflow/.local/lib/python3.6/site-packages/airflow/example_dags/example_branch_operator.py                                           1           0  0.14s           2022-04-23T15:36:28
/home/airflow/.local/lib/python3.6/site-packages/airflow/example_dags/example_nested_branch_dag.py                  516  0.01s             1           0  0.10s           2022-04-23T15:35:59
/home/airflow/.local/lib/python3.6/site-packages/airflow/example_dags/example_bash_operator.py                                             1           0  0.11s           2022-04-23T15:36:00
/home/airflow/.local/lib/python3.6/site-packages/airflow/example_dags/example_branch_datetime_operator.py                                  1           0  0.13s           2022-04-23T15:36:01
/home/airflow/.local/lib/python3.6/site-packages/airflow/example_dags/example_task_group_decorator.py                                      1           0  0.57s           2022-04-23T15:36:05
/home/airflow/.local/lib/python3.6/site-packages/airflow/example_dags/example_branch_python_dop_operator_3.py                              1           0  0.11s           2022-04-23T15:36:03
/home/airflow/.local/lib/python3.6/site-packages/airflow/example_dags/example_trigger_controller_dag.py                                    1           0  0.17s           2022-04-23T15:36:05
/home/airflow/.local/lib/python3.6/site-packages/airflow/example_dags/example_latest_only_with_trigger.py                                  1           0  0.08s           2022-04-23T15:36:05
/home/airflow/.local/lib/python3.6/site-packages/airflow/example_dags/example_trigger_target_dag.py                                        1           0  0.08s           2022-04-23T15:36:07
/home/airflow/.local/lib/python3.6/site-packages/airflow/example_dags/example_external_task_marker_dag.py                                  2           0  0.40s           2022-04-23T15:36:11
/home/airflow/.local/lib/python3.6/site-packages/airflow/example_dags/example_xcomargs.py                                                  2           0  0.34s           2022-04-23T15:36:11
/home/airflow/.local/lib/python3.6/site-packages/airflow/example_dags/example_subdag_operator.py                                           3           0  0.15s           2022-04-23T15:36:08
================================================================================
[2022-04-23 15:36:34,527] {dag_processing.py:1123} INFO - Finding 'running' jobs without a recent heartbeat
[2022-04-23 15:36:34,527] {dag_processing.py:1127} INFO - Failing jobs without heartbeat after 2022-04-23 15:31:34.527593+00:00
[2022-04-23 15:36:44,537] {dag_processing.py:1123} INFO - Finding 'running' jobs without a recent heartbeat
[2022-04-23 15:36:44,537] {dag_processing.py:1127} INFO - Failing jobs without heartbeat after 2022-04-23 15:31:44.537929+00:00
[2022-04-23 15:36:55,268] {dag_processing.py:1123} INFO - Finding 'running' jobs without a recent heartbeat
[2022-04-23 15:36:55,269] {dag_processing.py:1127} INFO - Failing jobs without heartbeat after 2022-04-23 15:31:55.269431+00:00
[2022-04-23 15:36:59,486] {dag_processing.py:862} INFO - 
================================================================================
DAG File Processing Stats

File Path                                                                                                           PID  Runtime      # DAGs    # Errors  Last Runtime    Last Run
----------------------------------------------------------------------------------------------------------------  -----  ---------  --------  ----------  --------------  -------------------
/home/airflow/.local/lib/python3.6/site-packages/airflow/example_dags/subdags/subdag.py                                                    0           0  0.04s           2022-04-23T15:36:40
/home/airflow/.local/lib/python3.6/site-packages/airflow/example_dags/example_passing_params_via_test_command.py                           1           0  0.14s           2022-04-23T15:36:39
/home/airflow/.local/lib/python3.6/site-packages/airflow/example_dags/example_short_circuit_operator.py                                    1           0  0.13s           2022-04-23T15:36:39
/home/airflow/.local/lib/python3.6/site-packages/airflow/example_dags/example_xcom.py                                                      1           0  0.15s           2022-04-23T15:36:40
/home/airflow/.local/lib/python3.6/site-packages/airflow/example_dags/example_kubernetes_executor.py                                       1           0  0.10s           2022-04-23T15:36:40
/home/airflow/.local/lib/python3.6/site-packages/airflow/example_dags/example_branch_labels.py                                             1           0  0.12s           2022-04-23T15:36:43
/home/airflow/.local/lib/python3.6/site-packages/airflow/example_dags/example_dag_decorator.py                                             1           0  0.32s           2022-04-23T15:36:45
/home/airflow/.local/lib/python3.6/site-packages/airflow/example_dags/example_task_group.py                                                1           0  0.11s           2022-04-23T15:36:45
/home/airflow/.local/lib/python3.6/site-packages/airflow/example_dags/example_complex.py                                                   1           0  0.10s           2022-04-23T15:36:46
/home/airflow/.local/lib/python3.6/site-packages/airflow/example_dags/example_kubernetes_executor_config.py                                1           0  0.17s           2022-04-23T15:36:49
/home/airflow/.local/lib/python3.6/site-packages/airflow/example_dags/tutorial_etl_dag.py                                                  1           0  0.17s           2022-04-23T15:36:49
/home/airflow/.local/lib/python3.6/site-packages/airflow/example_dags/example_skip_dag.py                                                  1           0  0.10s           2022-04-23T15:36:51
/home/airflow/.local/lib/python3.6/site-packages/airflow/example_dags/test_utils.py                                                        1           0  0.10s           2022-04-23T15:36:51
/home/airflow/.local/lib/python3.6/site-packages/airflow/example_dags/tutorial_taskflow_api_etl.py                                         1           0  0.37s           2022-04-23T15:36:55
/home/airflow/.local/lib/python3.6/site-packages/airflow/example_dags/tutorial.py                                                          1           0  0.14s           2022-04-23T15:36:53
/home/airflow/.local/lib/python3.6/site-packages/airflow/example_dags/example_branch_day_of_week_operator.py                               1           0  0.10s           2022-04-23T15:36:54
/home/airflow/.local/lib/python3.6/site-packages/airflow/example_dags/example_latest_only.py                                               1           0  0.09s           2022-04-23T15:36:55
/home/airflow/.local/lib/python3.6/site-packages/airflow/example_dags/example_python_operator.py                                           1           0  0.16s           2022-04-23T15:36:56
/home/airflow/.local/lib/python3.6/site-packages/airflow/example_dags/tutorial_taskflow_api_etl_virtualenv.py                              1           0  0.35s           2022-04-23T15:36:29
/home/airflow/.local/lib/python3.6/site-packages/airflow/example_dags/example_branch_operator.py                                           1           0  0.11s           2022-04-23T15:36:58
/home/airflow/.local/lib/python3.6/site-packages/airflow/example_dags/example_nested_branch_dag.py                  590  0.00s             1           0  0.10s           2022-04-23T15:36:29
/home/airflow/.local/lib/python3.6/site-packages/airflow/example_dags/example_bash_operator.py                                             1           0  0.12s           2022-04-23T15:36:30
/home/airflow/.local/lib/python3.6/site-packages/airflow/example_dags/example_branch_datetime_operator.py                                  1           0  0.09s           2022-04-23T15:36:31
/home/airflow/.local/lib/python3.6/site-packages/airflow/example_dags/example_task_group_decorator.py                                      1           0  0.37s           2022-04-23T15:36:36
/home/airflow/.local/lib/python3.6/site-packages/airflow/example_dags/example_branch_python_dop_operator_3.py                              1           0  0.16s           2022-04-23T15:36:33
/home/airflow/.local/lib/python3.6/site-packages/airflow/example_dags/example_trigger_controller_dag.py                                    1           0  0.08s           2022-04-23T15:36:35
/home/airflow/.local/lib/python3.6/site-packages/airflow/example_dags/example_latest_only_with_trigger.py                                  1           0  0.08s           2022-04-23T15:36:35
/home/airflow/.local/lib/python3.6/site-packages/airflow/example_dags/example_trigger_target_dag.py                                        1           0  0.13s           2022-04-23T15:36:37
/home/airflow/.local/lib/python3.6/site-packages/airflow/example_dags/example_external_task_marker_dag.py                                  2           0  0.10s           2022-04-23T15:36:41
/home/airflow/.local/lib/python3.6/site-packages/airflow/example_dags/example_xcomargs.py                                                  2           0  0.32s           2022-04-23T15:36:41
/home/airflow/.local/lib/python3.6/site-packages/airflow/example_dags/example_subdag_operator.py                                           3           0  0.14s           2022-04-23T15:36:38
================================================================================
[2022-04-23 15:37:05,806] {dag_processing.py:1123} INFO - Finding 'running' jobs without a recent heartbeat
[2022-04-23 15:37:05,807] {dag_processing.py:1127} INFO - Failing jobs without heartbeat after 2022-04-23 15:32:05.807792+00:00
[2022-04-23 15:37:16,597] {dag_processing.py:1123} INFO - Finding 'running' jobs without a recent heartbeat
[2022-04-23 15:37:16,598] {dag_processing.py:1127} INFO - Failing jobs without heartbeat after 2022-04-23 15:32:16.598187+00:00
[2022-04-23 15:37:27,110] {dag_processing.py:1123} INFO - Finding 'running' jobs without a recent heartbeat
[2022-04-23 15:37:27,111] {dag_processing.py:1127} INFO - Failing jobs without heartbeat after 2022-04-23 15:32:27.111557+00:00
[2022-04-23 15:37:30,245] {dag_processing.py:862} INFO - 
================================================================================
DAG File Processing Stats

File Path                                                                                                           PID  Runtime      # DAGs    # Errors  Last Runtime    Last Run
----------------------------------------------------------------------------------------------------------------  -----  ---------  --------  ----------  --------------  -------------------
/home/airflow/.local/lib/python3.6/site-packages/airflow/example_dags/subdags/subdag.py                                                    0           0  0.03s           2022-04-23T15:37:10
/home/airflow/.local/lib/python3.6/site-packages/airflow/example_dags/example_passing_params_via_test_command.py                           1           0  0.12s           2022-04-23T15:37:10
/home/airflow/.local/lib/python3.6/site-packages/airflow/example_dags/example_short_circuit_operator.py                                    1           0  0.11s           2022-04-23T15:37:10
/home/airflow/.local/lib/python3.6/site-packages/airflow/example_dags/example_xcom.py                                                      1           0  0.08s           2022-04-23T15:37:10
/home/airflow/.local/lib/python3.6/site-packages/airflow/example_dags/example_kubernetes_executor.py                                       1           0  0.15s           2022-04-23T15:37:11
/home/airflow/.local/lib/python3.6/site-packages/airflow/example_dags/example_branch_labels.py                                             1           0  0.13s           2022-04-23T15:37:14
/home/airflow/.local/lib/python3.6/site-packages/airflow/example_dags/example_dag_decorator.py                                             1           0  0.08s           2022-04-23T15:37:16
/home/airflow/.local/lib/python3.6/site-packages/airflow/example_dags/example_task_group.py                                                1           0  0.07s           2022-04-23T15:37:16
/home/airflow/.local/lib/python3.6/site-packages/airflow/example_dags/example_complex.py                                                   1           0  0.10s           2022-04-23T15:37:17
/home/airflow/.local/lib/python3.6/site-packages/airflow/example_dags/example_kubernetes_executor_config.py                                1           0  0.11s           2022-04-23T15:37:19
/home/airflow/.local/lib/python3.6/site-packages/airflow/example_dags/tutorial_etl_dag.py                                                  1           0  0.10s           2022-04-23T15:37:19
/home/airflow/.local/lib/python3.6/site-packages/airflow/example_dags/example_skip_dag.py                                                  1           0  0.10s           2022-04-23T15:37:21
/home/airflow/.local/lib/python3.6/site-packages/airflow/example_dags/test_utils.py                                                        1           0  0.10s           2022-04-23T15:37:21
/home/airflow/.local/lib/python3.6/site-packages/airflow/example_dags/tutorial_taskflow_api_etl.py                                         1           0  0.38s           2022-04-23T15:37:26
/home/airflow/.local/lib/python3.6/site-packages/airflow/example_dags/tutorial.py                                                          1           0  0.14s           2022-04-23T15:37:23
/home/airflow/.local/lib/python3.6/site-packages/airflow/example_dags/example_branch_day_of_week_operator.py                               1           0  0.09s           2022-04-23T15:37:25
/home/airflow/.local/lib/python3.6/site-packages/airflow/example_dags/example_latest_only.py                                               1           0  0.11s           2022-04-23T15:37:26
/home/airflow/.local/lib/python3.6/site-packages/airflow/example_dags/example_python_operator.py                                           1           0  0.10s           2022-04-23T15:37:27
/home/airflow/.local/lib/python3.6/site-packages/airflow/example_dags/tutorial_taskflow_api_etl_virtualenv.py                              1           0  0.42s           2022-04-23T15:37:00
/home/airflow/.local/lib/python3.6/site-packages/airflow/example_dags/example_branch_operator.py                                           1           0  0.13s           2022-04-23T15:37:29
/home/airflow/.local/lib/python3.6/site-packages/airflow/example_dags/example_nested_branch_dag.py                  664  0.01s             1           0  0.10s           2022-04-23T15:36:59
/home/airflow/.local/lib/python3.6/site-packages/airflow/example_dags/example_bash_operator.py                                             1           0  0.11s           2022-04-23T15:37:00
/home/airflow/.local/lib/python3.6/site-packages/airflow/example_dags/example_branch_datetime_operator.py                                  1           0  0.10s           2022-04-23T15:37:01
/home/airflow/.local/lib/python3.6/site-packages/airflow/example_dags/example_task_group_decorator.py                                      1           0  0.43s           2022-04-23T15:37:08
/home/airflow/.local/lib/python3.6/site-packages/airflow/example_dags/example_branch_python_dop_operator_3.py                              1           0  0.14s           2022-04-23T15:37:03
/home/airflow/.local/lib/python3.6/site-packages/airflow/example_dags/example_trigger_controller_dag.py                                    1           0  0.09s           2022-04-23T15:37:05
/home/airflow/.local/lib/python3.6/site-packages/airflow/example_dags/example_latest_only_with_trigger.py                                  1           0  0.09s           2022-04-23T15:37:05
/home/airflow/.local/lib/python3.6/site-packages/airflow/example_dags/example_trigger_target_dag.py                                        1           0  0.09s           2022-04-23T15:37:07
/home/airflow/.local/lib/python3.6/site-packages/airflow/example_dags/example_external_task_marker_dag.py                                  2           0  0.39s           2022-04-23T15:37:12
/home/airflow/.local/lib/python3.6/site-packages/airflow/example_dags/example_xcomargs.py                                                  2           0  0.41s           2022-04-23T15:37:12
/home/airflow/.local/lib/python3.6/site-packages/airflow/example_dags/example_subdag_operator.py                                           3           0  0.18s           2022-04-23T15:37:09
================================================================================
[2022-04-23 15:37:37,424] {dag_processing.py:1123} INFO - Finding 'running' jobs without a recent heartbeat
[2022-04-23 15:37:37,424] {dag_processing.py:1127} INFO - Failing jobs without heartbeat after 2022-04-23 15:32:37.424320+00:00
[2022-04-23 15:37:48,186] {dag_processing.py:1123} INFO - Finding 'running' jobs without a recent heartbeat
[2022-04-23 15:37:48,187] {dag_processing.py:1127} INFO - Failing jobs without heartbeat after 2022-04-23 15:32:48.187285+00:00
[2022-04-23 15:37:58,460] {dag_processing.py:1123} INFO - Finding 'running' jobs without a recent heartbeat
[2022-04-23 15:37:58,461] {dag_processing.py:1127} INFO - Failing jobs without heartbeat after 2022-04-23 15:32:58.461354+00:00
[2022-04-23 15:38:00,609] {dag_processing.py:862} INFO - 
================================================================================
DAG File Processing Stats

File Path                                                                                                           PID  Runtime      # DAGs    # Errors  Last Runtime    Last Run
----------------------------------------------------------------------------------------------------------------  -----  ---------  --------  ----------  --------------  -------------------
/home/airflow/.local/lib/python3.6/site-packages/airflow/example_dags/subdags/subdag.py                                                    0           0  0.04s           2022-04-23T15:37:40
/home/airflow/.local/lib/python3.6/site-packages/airflow/example_dags/example_passing_params_via_test_command.py                           1           0  0.12s           2022-04-23T15:37:40
/home/airflow/.local/lib/python3.6/site-packages/airflow/example_dags/example_short_circuit_operator.py                                    1           0  0.10s           2022-04-23T15:37:40
/home/airflow/.local/lib/python3.6/site-packages/airflow/example_dags/example_xcom.py                                                      1           0  0.07s           2022-04-23T15:37:40
/home/airflow/.local/lib/python3.6/site-packages/airflow/example_dags/example_kubernetes_executor.py                                       1           0  0.14s           2022-04-23T15:37:41
/home/airflow/.local/lib/python3.6/site-packages/airflow/example_dags/example_branch_labels.py                                             1           0  0.10s           2022-04-23T15:37:45
/home/airflow/.local/lib/python3.6/site-packages/airflow/example_dags/example_dag_decorator.py                                             1           0  0.34s           2022-04-23T15:37:47
/home/airflow/.local/lib/python3.6/site-packages/airflow/example_dags/example_task_group.py                                                1           0  0.10s           2022-04-23T15:37:47
/home/airflow/.local/lib/python3.6/site-packages/airflow/example_dags/example_complex.py                                                   1           0  0.14s           2022-04-23T15:37:48
/home/airflow/.local/lib/python3.6/site-packages/airflow/example_dags/example_kubernetes_executor_config.py                                1           0  0.07s           2022-04-23T15:37:50
/home/airflow/.local/lib/python3.6/site-packages/airflow/example_dags/tutorial_etl_dag.py                                                  1           0  0.07s           2022-04-23T15:37:50
/home/airflow/.local/lib/python3.6/site-packages/airflow/example_dags/example_skip_dag.py                                                  1           0  0.08s           2022-04-23T15:37:52
/home/airflow/.local/lib/python3.6/site-packages/airflow/example_dags/test_utils.py                                                        1           0  0.08s           2022-04-23T15:37:52
/home/airflow/.local/lib/python3.6/site-packages/airflow/example_dags/tutorial_taskflow_api_etl.py                                         1           0  0.34s           2022-04-23T15:37:56
/home/airflow/.local/lib/python3.6/site-packages/airflow/example_dags/tutorial.py                                                          1           0  0.13s           2022-04-23T15:37:54
/home/airflow/.local/lib/python3.6/site-packages/airflow/example_dags/example_branch_day_of_week_operator.py                               1           0  0.10s           2022-04-23T15:37:55
/home/airflow/.local/lib/python3.6/site-packages/airflow/example_dags/example_latest_only.py                                               1           0  0.13s           2022-04-23T15:37:56
/home/airflow/.local/lib/python3.6/site-packages/airflow/example_dags/example_python_operator.py                                           1           0  0.13s           2022-04-23T15:37:57
/home/airflow/.local/lib/python3.6/site-packages/airflow/example_dags/tutorial_taskflow_api_etl_virtualenv.py                              1           0  0.38s           2022-04-23T15:37:31
/home/airflow/.local/lib/python3.6/site-packages/airflow/example_dags/example_branch_operator.py                                           1           0  0.15s           2022-04-23T15:37:59
/home/airflow/.local/lib/python3.6/site-packages/airflow/example_dags/example_nested_branch_dag.py                  730  0.00s             1           0  0.11s           2022-04-23T15:37:30
/home/airflow/.local/lib/python3.6/site-packages/airflow/example_dags/example_bash_operator.py                                             1           0  0.11s           2022-04-23T15:37:31
/home/airflow/.local/lib/python3.6/site-packages/airflow/example_dags/example_branch_datetime_operator.py                                  1           0  0.14s           2022-04-23T15:37:32
/home/airflow/.local/lib/python3.6/site-packages/airflow/example_dags/example_task_group_decorator.py                                      1           0  0.36s           2022-04-23T15:37:38
/home/airflow/.local/lib/python3.6/site-packages/airflow/example_dags/example_branch_python_dop_operator_3.py                              1           0  0.12s           2022-04-23T15:37:34
/home/airflow/.local/lib/python3.6/site-packages/airflow/example_dags/example_trigger_controller_dag.py                                    1           0  0.08s           2022-04-23T15:37:36
/home/airflow/.local/lib/python3.6/site-packages/airflow/example_dags/example_latest_only_with_trigger.py                                  1           0  0.08s           2022-04-23T15:37:36
/home/airflow/.local/lib/python3.6/site-packages/airflow/example_dags/example_trigger_target_dag.py                                        1           0  0.08s           2022-04-23T15:37:38
/home/airflow/.local/lib/python3.6/site-packages/airflow/example_dags/example_external_task_marker_dag.py                                  2           0  0.34s           2022-04-23T15:37:43
/home/airflow/.local/lib/python3.6/site-packages/airflow/example_dags/example_xcomargs.py                                                  2           0  0.34s           2022-04-23T15:37:43
/home/airflow/.local/lib/python3.6/site-packages/airflow/example_dags/example_subdag_operator.py                                           3           0  0.11s           2022-04-23T15:37:39
================================================================================
[2022-04-23 15:38:08,863] {dag_processing.py:1123} INFO - Finding 'running' jobs without a recent heartbeat
[2022-04-23 15:38:08,864] {dag_processing.py:1127} INFO - Failing jobs without heartbeat after 2022-04-23 15:33:08.864386+00:00
[2022-04-23 15:38:19,549] {dag_processing.py:1123} INFO - Finding 'running' jobs without a recent heartbeat
[2022-04-23 15:38:19,550] {dag_processing.py:1127} INFO - Failing jobs without heartbeat after 2022-04-23 15:33:19.550101+00:00
[2022-04-23 15:38:27,875] {dag_processing.py:755} INFO - Searching for files in /opt/airflow/dags
[2022-04-23 15:38:27,880] {dag_processing.py:758} INFO - There are 31 files in /opt/airflow/dags
[2022-04-23 15:38:29,908] {dag_processing.py:1123} INFO - Finding 'running' jobs without a recent heartbeat
[2022-04-23 15:38:29,909] {dag_processing.py:1127} INFO - Failing jobs without heartbeat after 2022-04-23 15:33:29.909128+00:00
[2022-04-23 15:38:30,997] {dag_processing.py:862} INFO - 
================================================================================
DAG File Processing Stats

File Path                                                                                                           PID  Runtime      # DAGs    # Errors  Last Runtime    Last Run
----------------------------------------------------------------------------------------------------------------  -----  ---------  --------  ----------  --------------  -------------------
/home/airflow/.local/lib/python3.6/site-packages/airflow/example_dags/subdags/subdag.py                                                    0           0  0.03s           2022-04-23T15:38:11
/home/airflow/.local/lib/python3.6/site-packages/airflow/example_dags/example_passing_params_via_test_command.py                           1           0  0.12s           2022-04-23T15:38:11
/home/airflow/.local/lib/python3.6/site-packages/airflow/example_dags/example_short_circuit_operator.py                                    1           0  0.10s           2022-04-23T15:38:11
/home/airflow/.local/lib/python3.6/site-packages/airflow/example_dags/example_xcom.py                                                      1           0  0.07s           2022-04-23T15:38:11
/home/airflow/.local/lib/python3.6/site-packages/airflow/example_dags/example_kubernetes_executor.py                                       1           0  0.13s           2022-04-23T15:38:12
/home/airflow/.local/lib/python3.6/site-packages/airflow/example_dags/example_branch_labels.py                                             1           0  0.11s           2022-04-23T15:38:15
/home/airflow/.local/lib/python3.6/site-packages/airflow/example_dags/example_dag_decorator.py                                             1           0  0.31s           2022-04-23T15:38:17
/home/airflow/.local/lib/python3.6/site-packages/airflow/example_dags/example_task_group.py                                                1           0  0.09s           2022-04-23T15:38:17
/home/airflow/.local/lib/python3.6/site-packages/airflow/example_dags/example_complex.py                                                   1           0  0.12s           2022-04-23T15:38:18
/home/airflow/.local/lib/python3.6/site-packages/airflow/example_dags/example_kubernetes_executor_config.py                                1           0  0.10s           2022-04-23T15:38:20
/home/airflow/.local/lib/python3.6/site-packages/airflow/example_dags/tutorial_etl_dag.py                                                  1           0  0.08s           2022-04-23T15:38:20
/home/airflow/.local/lib/python3.6/site-packages/airflow/example_dags/example_skip_dag.py                                                  1           0  0.10s           2022-04-23T15:38:22
/home/airflow/.local/lib/python3.6/site-packages/airflow/example_dags/test_utils.py                                                        1           0  0.10s           2022-04-23T15:38:22
/home/airflow/.local/lib/python3.6/site-packages/airflow/example_dags/tutorial_taskflow_api_etl.py                                         1           0  0.36s           2022-04-23T15:38:27
/home/airflow/.local/lib/python3.6/site-packages/airflow/example_dags/tutorial.py                                                          1           0  0.11s           2022-04-23T15:38:24
/home/airflow/.local/lib/python3.6/site-packages/airflow/example_dags/example_branch_day_of_week_operator.py                               1           0  0.09s           2022-04-23T15:38:25
/home/airflow/.local/lib/python3.6/site-packages/airflow/example_dags/example_latest_only.py                                               1           0  0.08s           2022-04-23T15:38:26
/home/airflow/.local/lib/python3.6/site-packages/airflow/example_dags/example_python_operator.py                                           1           0  0.07s           2022-04-23T15:38:27
/home/airflow/.local/lib/python3.6/site-packages/airflow/example_dags/tutorial_taskflow_api_etl_virtualenv.py                              1           0  0.30s           2022-04-23T15:38:02
/home/airflow/.local/lib/python3.6/site-packages/airflow/example_dags/example_branch_operator.py                                           1           0  0.09s           2022-04-23T15:38:30
/home/airflow/.local/lib/python3.6/site-packages/airflow/example_dags/example_nested_branch_dag.py                  813  0.00s             1           0  0.12s           2022-04-23T15:38:00
/home/airflow/.local/lib/python3.6/site-packages/airflow/example_dags/example_bash_operator.py                                             1           0  0.07s           2022-04-23T15:38:01
/home/airflow/.local/lib/python3.6/site-packages/airflow/example_dags/example_branch_datetime_operator.py                                  1           0  0.08s           2022-04-23T15:38:02
/home/airflow/.local/lib/python3.6/site-packages/airflow/example_dags/example_task_group_decorator.py                                      1           0  0.42s           2022-04-23T15:38:09
/home/airflow/.local/lib/python3.6/site-packages/airflow/example_dags/example_branch_python_dop_operator_3.py                              1           0  0.13s           2022-04-23T15:38:04
/home/airflow/.local/lib/python3.6/site-packages/airflow/example_dags/example_trigger_controller_dag.py                                    1           0  0.11s           2022-04-23T15:38:06
/home/airflow/.local/lib/python3.6/site-packages/airflow/example_dags/example_latest_only_with_trigger.py                                  1           0  0.11s           2022-04-23T15:38:06
/home/airflow/.local/lib/python3.6/site-packages/airflow/example_dags/example_trigger_target_dag.py                                        1           0  0.10s           2022-04-23T15:38:08
/home/airflow/.local/lib/python3.6/site-packages/airflow/example_dags/example_external_task_marker_dag.py                                  2           0  0.24s           2022-04-23T15:38:13
/home/airflow/.local/lib/python3.6/site-packages/airflow/example_dags/example_xcomargs.py                                                  2           0  0.55s           2022-04-23T15:38:13
/home/airflow/.local/lib/python3.6/site-packages/airflow/example_dags/example_subdag_operator.py                                           3           0  0.20s           2022-04-23T15:38:10
================================================================================
[2022-04-23 15:38:40,503] {dag_processing.py:1123} INFO - Finding 'running' jobs without a recent heartbeat
[2022-04-23 15:38:40,503] {dag_processing.py:1127} INFO - Failing jobs without heartbeat after 2022-04-23 15:33:40.503490+00:00
[2022-04-23 15:38:50,944] {dag_processing.py:1123} INFO - Finding 'running' jobs without a recent heartbeat
[2022-04-23 15:38:50,945] {dag_processing.py:1127} INFO - Failing jobs without heartbeat after 2022-04-23 15:33:50.945642+00:00
[2022-04-23 15:39:01,312] {dag_processing.py:1123} INFO - Finding 'running' jobs without a recent heartbeat
[2022-04-23 15:39:01,312] {dag_processing.py:1127} INFO - Failing jobs without heartbeat after 2022-04-23 15:34:01.312897+00:00
[2022-04-23 15:39:01,337] {dag_processing.py:862} INFO - 
================================================================================
DAG File Processing Stats

File Path                                                                                                           PID  Runtime      # DAGs    # Errors  Last Runtime    Last Run
----------------------------------------------------------------------------------------------------------------  -----  ---------  --------  ----------  --------------  -------------------
/home/airflow/.local/lib/python3.6/site-packages/airflow/example_dags/subdags/subdag.py                                                    0           0  0.03s           2022-04-23T15:38:41
/home/airflow/.local/lib/python3.6/site-packages/airflow/example_dags/example_passing_params_via_test_command.py                           1           0  0.10s           2022-04-23T15:38:41
/home/airflow/.local/lib/python3.6/site-packages/airflow/example_dags/example_short_circuit_operator.py                                    1           0  0.09s           2022-04-23T15:38:41
/home/airflow/.local/lib/python3.6/site-packages/airflow/example_dags/example_xcom.py                                                      1           0  0.08s           2022-04-23T15:38:41
/home/airflow/.local/lib/python3.6/site-packages/airflow/example_dags/example_kubernetes_executor.py                                       1           0  0.09s           2022-04-23T15:38:42
/home/airflow/.local/lib/python3.6/site-packages/airflow/example_dags/example_branch_labels.py                                             1           0  0.12s           2022-04-23T15:38:45
/home/airflow/.local/lib/python3.6/site-packages/airflow/example_dags/example_dag_decorator.py                                             1           0  0.35s           2022-04-23T15:38:48
/home/airflow/.local/lib/python3.6/site-packages/airflow/example_dags/example_task_group.py                                                1           0  0.09s           2022-04-23T15:38:47
/home/airflow/.local/lib/python3.6/site-packages/airflow/example_dags/example_complex.py                                                   1           0  0.20s           2022-04-23T15:38:49
/home/airflow/.local/lib/python3.6/site-packages/airflow/example_dags/example_kubernetes_executor_config.py                                1           0  0.09s           2022-04-23T15:38:51
/home/airflow/.local/lib/python3.6/site-packages/airflow/example_dags/tutorial_etl_dag.py                                                  1           0  0.08s           2022-04-23T15:38:51
/home/airflow/.local/lib/python3.6/site-packages/airflow/example_dags/example_skip_dag.py                                                  1           0  0.10s           2022-04-23T15:38:53
/home/airflow/.local/lib/python3.6/site-packages/airflow/example_dags/test_utils.py                                                        1           0  0.09s           2022-04-23T15:38:53
/home/airflow/.local/lib/python3.6/site-packages/airflow/example_dags/tutorial_taskflow_api_etl.py                                         1           0  0.33s           2022-04-23T15:38:57
/home/airflow/.local/lib/python3.6/site-packages/airflow/example_dags/tutorial.py                                                          1           0  0.07s           2022-04-23T15:38:55
/home/airflow/.local/lib/python3.6/site-packages/airflow/example_dags/example_branch_day_of_week_operator.py                               1           0  0.12s           2022-04-23T15:38:56
/home/airflow/.local/lib/python3.6/site-packages/airflow/example_dags/example_latest_only.py                                               1           0  0.15s           2022-04-23T15:38:57
/home/airflow/.local/lib/python3.6/site-packages/airflow/example_dags/example_python_operator.py                                           1           0  0.12s           2022-04-23T15:38:58
/home/airflow/.local/lib/python3.6/site-packages/airflow/example_dags/tutorial_taskflow_api_etl_virtualenv.py                              1           0  0.33s           2022-04-23T15:38:32
/home/airflow/.local/lib/python3.6/site-packages/airflow/example_dags/example_branch_operator.py                                           1           0  0.11s           2022-04-23T15:39:00
/home/airflow/.local/lib/python3.6/site-packages/airflow/example_dags/example_nested_branch_dag.py                  879  0.00s             1           0  0.11s           2022-04-23T15:38:31
/home/airflow/.local/lib/python3.6/site-packages/airflow/example_dags/example_bash_operator.py                                             1           0  0.12s           2022-04-23T15:38:32
/home/airflow/.local/lib/python3.6/site-packages/airflow/example_dags/example_branch_datetime_operator.py                                  1           0  0.14s           2022-04-23T15:38:33
/home/airflow/.local/lib/python3.6/site-packages/airflow/example_dags/example_task_group_decorator.py                                      1           0  0.35s           2022-04-23T15:38:39
/home/airflow/.local/lib/python3.6/site-packages/airflow/example_dags/example_branch_python_dop_operator_3.py                              1           0  0.15s           2022-04-23T15:38:35
/home/airflow/.local/lib/python3.6/site-packages/airflow/example_dags/example_trigger_controller_dag.py                                    1           0  0.11s           2022-04-23T15:38:37
/home/airflow/.local/lib/python3.6/site-packages/airflow/example_dags/example_latest_only_with_trigger.py                                  1           0  0.09s           2022-04-23T15:38:37
/home/airflow/.local/lib/python3.6/site-packages/airflow/example_dags/example_trigger_target_dag.py                                        1           0  0.08s           2022-04-23T15:38:39
/home/airflow/.local/lib/python3.6/site-packages/airflow/example_dags/example_external_task_marker_dag.py                                  2           0  0.11s           2022-04-23T15:38:43
/home/airflow/.local/lib/python3.6/site-packages/airflow/example_dags/example_xcomargs.py                                                  2           0  0.35s           2022-04-23T15:38:44
/home/airflow/.local/lib/python3.6/site-packages/airflow/example_dags/example_subdag_operator.py                                           3           0  0.14s           2022-04-23T15:38:40
================================================================================
[2022-04-23 15:39:11,912] {dag_processing.py:1123} INFO - Finding 'running' jobs without a recent heartbeat
[2022-04-23 15:39:11,913] {dag_processing.py:1127} INFO - Failing jobs without heartbeat after 2022-04-23 15:34:11.913096+00:00
[2022-04-23 15:39:22,504] {dag_processing.py:1123} INFO - Finding 'running' jobs without a recent heartbeat
[2022-04-23 15:39:22,505] {dag_processing.py:1127} INFO - Failing jobs without heartbeat after 2022-04-23 15:34:22.505489+00:00
[2022-04-23 15:39:31,848] {dag_processing.py:862} INFO - 
================================================================================
DAG File Processing Stats

File Path                                                                                                           PID  Runtime      # DAGs    # Errors  Last Runtime    Last Run
----------------------------------------------------------------------------------------------------------------  -----  ---------  --------  ----------  --------------  -------------------
/home/airflow/.local/lib/python3.6/site-packages/airflow/example_dags/subdags/subdag.py                                                    0           0  0.03s           2022-04-23T15:39:12
/home/airflow/.local/lib/python3.6/site-packages/airflow/example_dags/example_passing_params_via_test_command.py                           1           0  0.11s           2022-04-23T15:39:12
/home/airflow/.local/lib/python3.6/site-packages/airflow/example_dags/example_short_circuit_operator.py                                    1           0  0.09s           2022-04-23T15:39:12
/home/airflow/.local/lib/python3.6/site-packages/airflow/example_dags/example_xcom.py                                                      1           0  0.07s           2022-04-23T15:39:12
/home/airflow/.local/lib/python3.6/site-packages/airflow/example_dags/example_kubernetes_executor.py                                       1           0  0.14s           2022-04-23T15:39:13
/home/airflow/.local/lib/python3.6/site-packages/airflow/example_dags/example_branch_labels.py                                             1           0  0.07s           2022-04-23T15:39:16
/home/airflow/.local/lib/python3.6/site-packages/airflow/example_dags/example_dag_decorator.py                                             1           0  0.08s           2022-04-23T15:39:18
/home/airflow/.local/lib/python3.6/site-packages/airflow/example_dags/example_task_group.py                                                1           0  0.08s           2022-04-23T15:39:18
/home/airflow/.local/lib/python3.6/site-packages/airflow/example_dags/example_complex.py                                                   1           0  0.10s           2022-04-23T15:39:19
/home/airflow/.local/lib/python3.6/site-packages/airflow/example_dags/example_kubernetes_executor_config.py                                1           0  0.10s           2022-04-23T15:39:21
/home/airflow/.local/lib/python3.6/site-packages/airflow/example_dags/tutorial_etl_dag.py                                                  1           0  0.10s           2022-04-23T15:39:21
/home/airflow/.local/lib/python3.6/site-packages/airflow/example_dags/example_skip_dag.py                                                  1           0  0.19s           2022-04-23T15:39:23
/home/airflow/.local/lib/python3.6/site-packages/airflow/example_dags/test_utils.py                                                        1           0  0.18s           2022-04-23T15:39:23
/home/airflow/.local/lib/python3.6/site-packages/airflow/example_dags/tutorial_taskflow_api_etl.py                                         1           0  0.31s           2022-04-23T15:39:27
/home/airflow/.local/lib/python3.6/site-packages/airflow/example_dags/tutorial.py                                                          1           0  0.10s           2022-04-23T15:39:25
/home/airflow/.local/lib/python3.6/site-packages/airflow/example_dags/example_branch_day_of_week_operator.py                               1           0  0.15s           2022-04-23T15:39:26
/home/airflow/.local/lib/python3.6/site-packages/airflow/example_dags/example_latest_only.py                                               1           0  0.09s           2022-04-23T15:39:27
/home/airflow/.local/lib/python3.6/site-packages/airflow/example_dags/example_python_operator.py                                           1           0  0.07s           2022-04-23T15:39:28
/home/airflow/.local/lib/python3.6/site-packages/airflow/example_dags/tutorial_taskflow_api_etl_virtualenv.py                              1           0  0.30s           2022-04-23T15:39:02
/home/airflow/.local/lib/python3.6/site-packages/airflow/example_dags/example_branch_operator.py                                           1           0  0.15s           2022-04-23T15:39:30
/home/airflow/.local/lib/python3.6/site-packages/airflow/example_dags/example_nested_branch_dag.py                  964  0.01s             1           0  0.11s           2022-04-23T15:39:01
/home/airflow/.local/lib/python3.6/site-packages/airflow/example_dags/example_bash_operator.py                                             1           0  0.18s           2022-04-23T15:39:02
/home/airflow/.local/lib/python3.6/site-packages/airflow/example_dags/example_branch_datetime_operator.py                                  1           0  0.09s           2022-04-23T15:39:03
/home/airflow/.local/lib/python3.6/site-packages/airflow/example_dags/example_task_group_decorator.py                                      1           0  0.37s           2022-04-23T15:39:10
/home/airflow/.local/lib/python3.6/site-packages/airflow/example_dags/example_branch_python_dop_operator_3.py                              1           0  0.11s           2022-04-23T15:39:05
/home/airflow/.local/lib/python3.6/site-packages/airflow/example_dags/example_trigger_controller_dag.py                                    1           0  0.08s           2022-04-23T15:39:07
/home/airflow/.local/lib/python3.6/site-packages/airflow/example_dags/example_latest_only_with_trigger.py                                  1           0  0.08s           2022-04-23T15:39:07
/home/airflow/.local/lib/python3.6/site-packages/airflow/example_dags/example_trigger_target_dag.py                                        1           0  0.10s           2022-04-23T15:39:09
/home/airflow/.local/lib/python3.6/site-packages/airflow/example_dags/example_external_task_marker_dag.py                                  2           0  0.13s           2022-04-23T15:39:14
/home/airflow/.local/lib/python3.6/site-packages/airflow/example_dags/example_xcomargs.py                                                  2           0  0.09s           2022-04-23T15:39:14
/home/airflow/.local/lib/python3.6/site-packages/airflow/example_dags/example_subdag_operator.py                                           3           0  0.15s           2022-04-23T15:39:11
================================================================================
[2022-04-23 15:39:32,917] {dag_processing.py:1123} INFO - Finding 'running' jobs without a recent heartbeat
[2022-04-23 15:39:32,917] {dag_processing.py:1127} INFO - Failing jobs without heartbeat after 2022-04-23 15:34:32.917252+00:00
[2022-04-23 15:39:43,401] {dag_processing.py:1123} INFO - Finding 'running' jobs without a recent heartbeat
[2022-04-23 15:39:43,401] {dag_processing.py:1127} INFO - Failing jobs without heartbeat after 2022-04-23 15:34:43.401707+00:00
[2022-04-23 15:39:53,708] {dag_processing.py:1123} INFO - Finding 'running' jobs without a recent heartbeat
[2022-04-23 15:39:53,708] {dag_processing.py:1127} INFO - Failing jobs without heartbeat after 2022-04-23 15:34:53.708560+00:00
[2022-04-23 15:40:02,176] {dag_processing.py:862} INFO - 
================================================================================
DAG File Processing Stats

File Path                                                                                                           PID  Runtime      # DAGs    # Errors  Last Runtime    Last Run
----------------------------------------------------------------------------------------------------------------  -----  ---------  --------  ----------  --------------  -------------------
/home/airflow/.local/lib/python3.6/site-packages/airflow/example_dags/subdags/subdag.py                                                    0           0  0.03s           2022-04-23T15:39:42
/home/airflow/.local/lib/python3.6/site-packages/airflow/example_dags/example_passing_params_via_test_command.py                           1           0  0.11s           2022-04-23T15:39:42
/home/airflow/.local/lib/python3.6/site-packages/airflow/example_dags/example_short_circuit_operator.py                                    1           0  0.10s           2022-04-23T15:39:42
/home/airflow/.local/lib/python3.6/site-packages/airflow/example_dags/example_xcom.py                                                      1           0  0.07s           2022-04-23T15:39:42
/home/airflow/.local/lib/python3.6/site-packages/airflow/example_dags/example_kubernetes_executor.py                                       1           0  0.11s           2022-04-23T15:39:43
/home/airflow/.local/lib/python3.6/site-packages/airflow/example_dags/example_branch_labels.py                                             1           0  0.08s           2022-04-23T15:39:46
/home/airflow/.local/lib/python3.6/site-packages/airflow/example_dags/example_dag_decorator.py                                             1           0  0.38s           2022-04-23T15:39:48
/home/airflow/.local/lib/python3.6/site-packages/airflow/example_dags/example_task_group.py                                                1           0  0.11s           2022-04-23T15:39:48
/home/airflow/.local/lib/python3.6/site-packages/airflow/example_dags/example_complex.py                                                   1           0  0.15s           2022-04-23T15:39:49
/home/airflow/.local/lib/python3.6/site-packages/airflow/example_dags/example_kubernetes_executor_config.py                                1           0  0.10s           2022-04-23T15:39:51
/home/airflow/.local/lib/python3.6/site-packages/airflow/example_dags/tutorial_etl_dag.py                                                  1           0  0.09s           2022-04-23T15:39:51
/home/airflow/.local/lib/python3.6/site-packages/airflow/example_dags/example_skip_dag.py                                                  1           0  0.16s           2022-04-23T15:39:53
/home/airflow/.local/lib/python3.6/site-packages/airflow/example_dags/test_utils.py                                                        1           0  0.14s           2022-04-23T15:39:53
/home/airflow/.local/lib/python3.6/site-packages/airflow/example_dags/tutorial_taskflow_api_etl.py                                         1           0  0.36s           2022-04-23T15:39:58
/home/airflow/.local/lib/python3.6/site-packages/airflow/example_dags/tutorial.py                                                          1           0  0.11s           2022-04-23T15:39:55
/home/airflow/.local/lib/python3.6/site-packages/airflow/example_dags/example_branch_day_of_week_operator.py                               1           0  0.14s           2022-04-23T15:39:57
/home/airflow/.local/lib/python3.6/site-packages/airflow/example_dags/example_latest_only.py                                               1           0  0.07s           2022-04-23T15:39:58
/home/airflow/.local/lib/python3.6/site-packages/airflow/example_dags/example_python_operator.py                                           1           0  0.09s           2022-04-23T15:39:59
/home/airflow/.local/lib/python3.6/site-packages/airflow/example_dags/tutorial_taskflow_api_etl_virtualenv.py                              1           0  0.32s           2022-04-23T15:39:33
/home/airflow/.local/lib/python3.6/site-packages/airflow/example_dags/example_branch_operator.py                                           1           0  0.13s           2022-04-23T15:40:01
/home/airflow/.local/lib/python3.6/site-packages/airflow/example_dags/example_nested_branch_dag.py                 1031  0.00s             1           0  0.15s           2022-04-23T15:39:31
/home/airflow/.local/lib/python3.6/site-packages/airflow/example_dags/example_bash_operator.py                                             1           0  0.08s           2022-04-23T15:39:33
/home/airflow/.local/lib/python3.6/site-packages/airflow/example_dags/example_branch_datetime_operator.py                                  1           0  0.08s           2022-04-23T15:39:34
/home/airflow/.local/lib/python3.6/site-packages/airflow/example_dags/example_task_group_decorator.py                                      1           0  0.33s           2022-04-23T15:39:40
/home/airflow/.local/lib/python3.6/site-packages/airflow/example_dags/example_branch_python_dop_operator_3.py                              1           0  0.13s           2022-04-23T15:39:36
/home/airflow/.local/lib/python3.6/site-packages/airflow/example_dags/example_trigger_controller_dag.py                                    1           0  0.11s           2022-04-23T15:39:38
/home/airflow/.local/lib/python3.6/site-packages/airflow/example_dags/example_latest_only_with_trigger.py                                  1           0  0.11s           2022-04-23T15:39:38
/home/airflow/.local/lib/python3.6/site-packages/airflow/example_dags/example_trigger_target_dag.py                                        1           0  0.08s           2022-04-23T15:39:40
/home/airflow/.local/lib/python3.6/site-packages/airflow/example_dags/example_external_task_marker_dag.py                                  2           0  0.11s           2022-04-23T15:39:44
/home/airflow/.local/lib/python3.6/site-packages/airflow/example_dags/example_xcomargs.py                                                  2           0  0.37s           2022-04-23T15:39:44
/home/airflow/.local/lib/python3.6/site-packages/airflow/example_dags/example_subdag_operator.py                                           3           0  0.16s           2022-04-23T15:39:41
================================================================================
[2022-04-23 15:40:03,732] {dag_processing.py:1123} INFO - Finding 'running' jobs without a recent heartbeat
[2022-04-23 15:40:03,732] {dag_processing.py:1127} INFO - Failing jobs without heartbeat after 2022-04-23 15:35:03.732920+00:00
[2022-04-23 15:40:10,713] {dag_processing.py:585} INFO - Exiting gracefully upon receiving signal 15
