[2022-04-23 15:33:59,098] {scheduler_job.py:182} INFO - Started process (PID=144) to work on /home/airflow/.local/lib/python3.6/site-packages/airflow/example_dags/example_task_group_decorator.py
[2022-04-23 15:33:59,099] {scheduler_job.py:633} INFO - Processing file /home/airflow/.local/lib/python3.6/site-packages/airflow/example_dags/example_task_group_decorator.py for tasks to queue
[2022-04-23 15:33:59,100] {logging_mixin.py:104} INFO - [2022-04-23 15:33:59,100] {dagbag.py:487} INFO - Filling up the DagBag from /home/airflow/.local/lib/python3.6/site-packages/airflow/example_dags/example_task_group_decorator.py
[2022-04-23 15:33:59,127] {scheduler_job.py:643} INFO - DAG(s) dict_keys(['example_task_group_decorator']) retrieved from /home/airflow/.local/lib/python3.6/site-packages/airflow/example_dags/example_task_group_decorator.py
[2022-04-23 15:34:01,298] {logging_mixin.py:104} INFO - [2022-04-23 15:34:01,296] {dag.py:1832} INFO - Sync 1 DAGs
[2022-04-23 15:34:01,311] {logging_mixin.py:104} INFO - [2022-04-23 15:34:01,309] {dag.py:1851} INFO - Creating ORM DAG for example_task_group_decorator
[2022-04-23 15:34:01,316] {logging_mixin.py:104} INFO - [2022-04-23 15:34:01,315] {dag.py:2305} INFO - Setting next_dagrun for example_task_group_decorator to 2022-04-21 00:00:00+00:00
[2022-04-23 15:34:01,326] {scheduler_job.py:190} INFO - Processing /home/airflow/.local/lib/python3.6/site-packages/airflow/example_dags/example_task_group_decorator.py took 2.231 seconds
[2022-04-23 15:34:31,356] {scheduler_job.py:182} INFO - Started process (PID=228) to work on /home/airflow/.local/lib/python3.6/site-packages/airflow/example_dags/example_task_group_decorator.py
[2022-04-23 15:34:31,357] {scheduler_job.py:633} INFO - Processing file /home/airflow/.local/lib/python3.6/site-packages/airflow/example_dags/example_task_group_decorator.py for tasks to queue
[2022-04-23 15:34:31,358] {logging_mixin.py:104} INFO - [2022-04-23 15:34:31,358] {dagbag.py:487} INFO - Filling up the DagBag from /home/airflow/.local/lib/python3.6/site-packages/airflow/example_dags/example_task_group_decorator.py
[2022-04-23 15:34:31,382] {scheduler_job.py:643} INFO - DAG(s) dict_keys(['example_task_group_decorator']) retrieved from /home/airflow/.local/lib/python3.6/site-packages/airflow/example_dags/example_task_group_decorator.py
[2022-04-23 15:34:31,762] {logging_mixin.py:104} INFO - [2022-04-23 15:34:31,762] {dag.py:1832} INFO - Sync 1 DAGs
[2022-04-23 15:34:31,778] {logging_mixin.py:104} INFO - [2022-04-23 15:34:31,777] {dag.py:2305} INFO - Setting next_dagrun for example_task_group_decorator to 2022-04-21 00:00:00+00:00
[2022-04-23 15:34:31,793] {scheduler_job.py:190} INFO - Processing /home/airflow/.local/lib/python3.6/site-packages/airflow/example_dags/example_task_group_decorator.py took 0.440 seconds
[2022-04-23 15:35:02,780] {scheduler_job.py:182} INFO - Started process (PID=302) to work on /home/airflow/.local/lib/python3.6/site-packages/airflow/example_dags/example_task_group_decorator.py
[2022-04-23 15:35:02,781] {scheduler_job.py:633} INFO - Processing file /home/airflow/.local/lib/python3.6/site-packages/airflow/example_dags/example_task_group_decorator.py for tasks to queue
[2022-04-23 15:35:02,782] {logging_mixin.py:104} INFO - [2022-04-23 15:35:02,782] {dagbag.py:487} INFO - Filling up the DagBag from /home/airflow/.local/lib/python3.6/site-packages/airflow/example_dags/example_task_group_decorator.py
[2022-04-23 15:35:02,815] {scheduler_job.py:643} INFO - DAG(s) dict_keys(['example_task_group_decorator']) retrieved from /home/airflow/.local/lib/python3.6/site-packages/airflow/example_dags/example_task_group_decorator.py
[2022-04-23 15:35:03,122] {logging_mixin.py:104} INFO - [2022-04-23 15:35:03,121] {dag.py:1832} INFO - Sync 1 DAGs
[2022-04-23 15:35:03,132] {logging_mixin.py:104} INFO - [2022-04-23 15:35:03,132] {dag.py:2305} INFO - Setting next_dagrun for example_task_group_decorator to 2022-04-21 00:00:00+00:00
[2022-04-23 15:35:03,149] {scheduler_job.py:190} INFO - Processing /home/airflow/.local/lib/python3.6/site-packages/airflow/example_dags/example_task_group_decorator.py took 0.372 seconds
[2022-04-23 15:35:33,988] {scheduler_job.py:182} INFO - Started process (PID=387) to work on /home/airflow/.local/lib/python3.6/site-packages/airflow/example_dags/example_task_group_decorator.py
[2022-04-23 15:35:33,991] {scheduler_job.py:633} INFO - Processing file /home/airflow/.local/lib/python3.6/site-packages/airflow/example_dags/example_task_group_decorator.py for tasks to queue
[2022-04-23 15:35:33,992] {logging_mixin.py:104} INFO - [2022-04-23 15:35:33,992] {dagbag.py:487} INFO - Filling up the DagBag from /home/airflow/.local/lib/python3.6/site-packages/airflow/example_dags/example_task_group_decorator.py
[2022-04-23 15:35:34,036] {scheduler_job.py:643} INFO - DAG(s) dict_keys(['example_task_group_decorator']) retrieved from /home/airflow/.local/lib/python3.6/site-packages/airflow/example_dags/example_task_group_decorator.py
[2022-04-23 15:35:34,313] {logging_mixin.py:104} INFO - [2022-04-23 15:35:34,312] {dag.py:1832} INFO - Sync 1 DAGs
[2022-04-23 15:35:34,326] {logging_mixin.py:104} INFO - [2022-04-23 15:35:34,326] {dag.py:2305} INFO - Setting next_dagrun for example_task_group_decorator to 2022-04-21 00:00:00+00:00
[2022-04-23 15:35:34,342] {scheduler_job.py:190} INFO - Processing /home/airflow/.local/lib/python3.6/site-packages/airflow/example_dags/example_task_group_decorator.py took 0.361 seconds
[2022-04-23 15:36:05,244] {scheduler_job.py:182} INFO - Started process (PID=453) to work on /home/airflow/.local/lib/python3.6/site-packages/airflow/example_dags/example_task_group_decorator.py
[2022-04-23 15:36:05,246] {scheduler_job.py:633} INFO - Processing file /home/airflow/.local/lib/python3.6/site-packages/airflow/example_dags/example_task_group_decorator.py for tasks to queue
[2022-04-23 15:36:05,247] {logging_mixin.py:104} INFO - [2022-04-23 15:36:05,247] {dagbag.py:487} INFO - Filling up the DagBag from /home/airflow/.local/lib/python3.6/site-packages/airflow/example_dags/example_task_group_decorator.py
[2022-04-23 15:36:05,314] {scheduler_job.py:643} INFO - DAG(s) dict_keys(['example_task_group_decorator']) retrieved from /home/airflow/.local/lib/python3.6/site-packages/airflow/example_dags/example_task_group_decorator.py
[2022-04-23 15:36:05,694] {logging_mixin.py:104} INFO - [2022-04-23 15:36:05,694] {dag.py:1832} INFO - Sync 1 DAGs
[2022-04-23 15:36:05,711] {logging_mixin.py:104} INFO - [2022-04-23 15:36:05,711] {dag.py:2305} INFO - Setting next_dagrun for example_task_group_decorator to 2022-04-21 00:00:00+00:00
[2022-04-23 15:36:05,729] {scheduler_job.py:190} INFO - Processing /home/airflow/.local/lib/python3.6/site-packages/airflow/example_dags/example_task_group_decorator.py took 0.495 seconds
[2022-04-23 15:36:36,620] {scheduler_job.py:182} INFO - Started process (PID=540) to work on /home/airflow/.local/lib/python3.6/site-packages/airflow/example_dags/example_task_group_decorator.py
[2022-04-23 15:36:36,621] {scheduler_job.py:633} INFO - Processing file /home/airflow/.local/lib/python3.6/site-packages/airflow/example_dags/example_task_group_decorator.py for tasks to queue
[2022-04-23 15:36:36,623] {logging_mixin.py:104} INFO - [2022-04-23 15:36:36,623] {dagbag.py:487} INFO - Filling up the DagBag from /home/airflow/.local/lib/python3.6/site-packages/airflow/example_dags/example_task_group_decorator.py
[2022-04-23 15:36:36,654] {scheduler_job.py:643} INFO - DAG(s) dict_keys(['example_task_group_decorator']) retrieved from /home/airflow/.local/lib/python3.6/site-packages/airflow/example_dags/example_task_group_decorator.py
[2022-04-23 15:36:36,952] {logging_mixin.py:104} INFO - [2022-04-23 15:36:36,952] {dag.py:1832} INFO - Sync 1 DAGs
[2022-04-23 15:36:36,964] {logging_mixin.py:104} INFO - [2022-04-23 15:36:36,964] {dag.py:2305} INFO - Setting next_dagrun for example_task_group_decorator to 2022-04-21 00:00:00+00:00
[2022-04-23 15:36:36,980] {scheduler_job.py:190} INFO - Processing /home/airflow/.local/lib/python3.6/site-packages/airflow/example_dags/example_task_group_decorator.py took 0.362 seconds
[2022-04-23 15:37:07,878] {scheduler_job.py:182} INFO - Started process (PID=605) to work on /home/airflow/.local/lib/python3.6/site-packages/airflow/example_dags/example_task_group_decorator.py
[2022-04-23 15:37:07,880] {scheduler_job.py:633} INFO - Processing file /home/airflow/.local/lib/python3.6/site-packages/airflow/example_dags/example_task_group_decorator.py for tasks to queue
[2022-04-23 15:37:07,881] {logging_mixin.py:104} INFO - [2022-04-23 15:37:07,881] {dagbag.py:487} INFO - Filling up the DagBag from /home/airflow/.local/lib/python3.6/site-packages/airflow/example_dags/example_task_group_decorator.py
[2022-04-23 15:37:07,914] {scheduler_job.py:643} INFO - DAG(s) dict_keys(['example_task_group_decorator']) retrieved from /home/airflow/.local/lib/python3.6/site-packages/airflow/example_dags/example_task_group_decorator.py
[2022-04-23 15:37:08,209] {logging_mixin.py:104} INFO - [2022-04-23 15:37:08,208] {dag.py:1832} INFO - Sync 1 DAGs
[2022-04-23 15:37:08,227] {logging_mixin.py:104} INFO - [2022-04-23 15:37:08,227] {dag.py:2305} INFO - Setting next_dagrun for example_task_group_decorator to 2022-04-21 00:00:00+00:00
[2022-04-23 15:37:08,281] {scheduler_job.py:190} INFO - Processing /home/airflow/.local/lib/python3.6/site-packages/airflow/example_dags/example_task_group_decorator.py took 0.409 seconds
[2022-04-23 15:37:38,441] {scheduler_job.py:182} INFO - Started process (PID=689) to work on /home/airflow/.local/lib/python3.6/site-packages/airflow/example_dags/example_task_group_decorator.py
[2022-04-23 15:37:38,442] {scheduler_job.py:633} INFO - Processing file /home/airflow/.local/lib/python3.6/site-packages/airflow/example_dags/example_task_group_decorator.py for tasks to queue
[2022-04-23 15:37:38,443] {logging_mixin.py:104} INFO - [2022-04-23 15:37:38,443] {dagbag.py:487} INFO - Filling up the DagBag from /home/airflow/.local/lib/python3.6/site-packages/airflow/example_dags/example_task_group_decorator.py
[2022-04-23 15:37:38,479] {scheduler_job.py:643} INFO - DAG(s) dict_keys(['example_task_group_decorator']) retrieved from /home/airflow/.local/lib/python3.6/site-packages/airflow/example_dags/example_task_group_decorator.py
[2022-04-23 15:37:38,730] {logging_mixin.py:104} INFO - [2022-04-23 15:37:38,730] {dag.py:1832} INFO - Sync 1 DAGs
[2022-04-23 15:37:38,747] {logging_mixin.py:104} INFO - [2022-04-23 15:37:38,747] {dag.py:2305} INFO - Setting next_dagrun for example_task_group_decorator to 2022-04-21 00:00:00+00:00
[2022-04-23 15:37:38,760] {scheduler_job.py:190} INFO - Processing /home/airflow/.local/lib/python3.6/site-packages/airflow/example_dags/example_task_group_decorator.py took 0.322 seconds
[2022-04-23 15:38:08,893] {scheduler_job.py:182} INFO - Started process (PID=755) to work on /home/airflow/.local/lib/python3.6/site-packages/airflow/example_dags/example_task_group_decorator.py
[2022-04-23 15:38:08,895] {scheduler_job.py:633} INFO - Processing file /home/airflow/.local/lib/python3.6/site-packages/airflow/example_dags/example_task_group_decorator.py for tasks to queue
[2022-04-23 15:38:08,896] {logging_mixin.py:104} INFO - [2022-04-23 15:38:08,896] {dagbag.py:487} INFO - Filling up the DagBag from /home/airflow/.local/lib/python3.6/site-packages/airflow/example_dags/example_task_group_decorator.py
[2022-04-23 15:38:08,942] {scheduler_job.py:643} INFO - DAG(s) dict_keys(['example_task_group_decorator']) retrieved from /home/airflow/.local/lib/python3.6/site-packages/airflow/example_dags/example_task_group_decorator.py
[2022-04-23 15:38:09,191] {logging_mixin.py:104} INFO - [2022-04-23 15:38:09,190] {dag.py:1832} INFO - Sync 1 DAGs
[2022-04-23 15:38:09,206] {logging_mixin.py:104} INFO - [2022-04-23 15:38:09,206] {dag.py:2305} INFO - Setting next_dagrun for example_task_group_decorator to 2022-04-21 00:00:00+00:00
[2022-04-23 15:38:09,224] {scheduler_job.py:190} INFO - Processing /home/airflow/.local/lib/python3.6/site-packages/airflow/example_dags/example_task_group_decorator.py took 0.338 seconds
[2022-04-23 15:38:39,423] {scheduler_job.py:182} INFO - Started process (PID=831) to work on /home/airflow/.local/lib/python3.6/site-packages/airflow/example_dags/example_task_group_decorator.py
[2022-04-23 15:38:39,425] {scheduler_job.py:633} INFO - Processing file /home/airflow/.local/lib/python3.6/site-packages/airflow/example_dags/example_task_group_decorator.py for tasks to queue
[2022-04-23 15:38:39,425] {logging_mixin.py:104} INFO - [2022-04-23 15:38:39,425] {dagbag.py:487} INFO - Filling up the DagBag from /home/airflow/.local/lib/python3.6/site-packages/airflow/example_dags/example_task_group_decorator.py
[2022-04-23 15:38:39,452] {scheduler_job.py:643} INFO - DAG(s) dict_keys(['example_task_group_decorator']) retrieved from /home/airflow/.local/lib/python3.6/site-packages/airflow/example_dags/example_task_group_decorator.py
[2022-04-23 15:38:39,719] {logging_mixin.py:104} INFO - [2022-04-23 15:38:39,718] {dag.py:1832} INFO - Sync 1 DAGs
[2022-04-23 15:38:39,738] {logging_mixin.py:104} INFO - [2022-04-23 15:38:39,738] {dag.py:2305} INFO - Setting next_dagrun for example_task_group_decorator to 2022-04-21 00:00:00+00:00
[2022-04-23 15:38:39,757] {scheduler_job.py:190} INFO - Processing /home/airflow/.local/lib/python3.6/site-packages/airflow/example_dags/example_task_group_decorator.py took 0.337 seconds
[2022-04-23 15:39:09,811] {scheduler_job.py:182} INFO - Started process (PID=904) to work on /home/airflow/.local/lib/python3.6/site-packages/airflow/example_dags/example_task_group_decorator.py
[2022-04-23 15:39:09,814] {scheduler_job.py:633} INFO - Processing file /home/airflow/.local/lib/python3.6/site-packages/airflow/example_dags/example_task_group_decorator.py for tasks to queue
[2022-04-23 15:39:09,816] {logging_mixin.py:104} INFO - [2022-04-23 15:39:09,815] {dagbag.py:487} INFO - Filling up the DagBag from /home/airflow/.local/lib/python3.6/site-packages/airflow/example_dags/example_task_group_decorator.py
[2022-04-23 15:39:09,853] {scheduler_job.py:643} INFO - DAG(s) dict_keys(['example_task_group_decorator']) retrieved from /home/airflow/.local/lib/python3.6/site-packages/airflow/example_dags/example_task_group_decorator.py
[2022-04-23 15:39:10,113] {logging_mixin.py:104} INFO - [2022-04-23 15:39:10,113] {dag.py:1832} INFO - Sync 1 DAGs
[2022-04-23 15:39:10,127] {logging_mixin.py:104} INFO - [2022-04-23 15:39:10,127] {dag.py:2305} INFO - Setting next_dagrun for example_task_group_decorator to 2022-04-21 00:00:00+00:00
[2022-04-23 15:39:10,152] {scheduler_job.py:190} INFO - Processing /home/airflow/.local/lib/python3.6/site-packages/airflow/example_dags/example_task_group_decorator.py took 0.349 seconds
[2022-04-23 15:39:40,236] {scheduler_job.py:182} INFO - Started process (PID=982) to work on /home/airflow/.local/lib/python3.6/site-packages/airflow/example_dags/example_task_group_decorator.py
[2022-04-23 15:39:40,237] {scheduler_job.py:633} INFO - Processing file /home/airflow/.local/lib/python3.6/site-packages/airflow/example_dags/example_task_group_decorator.py for tasks to queue
[2022-04-23 15:39:40,238] {logging_mixin.py:104} INFO - [2022-04-23 15:39:40,238] {dagbag.py:487} INFO - Filling up the DagBag from /home/airflow/.local/lib/python3.6/site-packages/airflow/example_dags/example_task_group_decorator.py
[2022-04-23 15:39:40,258] {scheduler_job.py:643} INFO - DAG(s) dict_keys(['example_task_group_decorator']) retrieved from /home/airflow/.local/lib/python3.6/site-packages/airflow/example_dags/example_task_group_decorator.py
[2022-04-23 15:39:40,531] {logging_mixin.py:104} INFO - [2022-04-23 15:39:40,531] {dag.py:1832} INFO - Sync 1 DAGs
[2022-04-23 15:39:40,541] {logging_mixin.py:104} INFO - [2022-04-23 15:39:40,541] {dag.py:2305} INFO - Setting next_dagrun for example_task_group_decorator to 2022-04-21 00:00:00+00:00
[2022-04-23 15:39:40,557] {scheduler_job.py:190} INFO - Processing /home/airflow/.local/lib/python3.6/site-packages/airflow/example_dags/example_task_group_decorator.py took 0.323 seconds
