[2022-04-23 15:33:33,668] {scheduler_job.py:182} INFO - Started process (PID=69) to work on /home/airflow/.local/lib/python3.6/site-packages/airflow/example_dags/example_xcom.py
[2022-04-23 15:33:33,669] {scheduler_job.py:633} INFO - Processing file /home/airflow/.local/lib/python3.6/site-packages/airflow/example_dags/example_xcom.py for tasks to queue
[2022-04-23 15:33:33,669] {logging_mixin.py:104} INFO - [2022-04-23 15:33:33,669] {dagbag.py:487} INFO - Filling up the DagBag from /home/airflow/.local/lib/python3.6/site-packages/airflow/example_dags/example_xcom.py
[2022-04-23 15:33:33,681] {scheduler_job.py:643} INFO - DAG(s) dict_keys(['example_xcom']) retrieved from /home/airflow/.local/lib/python3.6/site-packages/airflow/example_dags/example_xcom.py
[2022-04-23 15:33:36,150] {logging_mixin.py:104} INFO - [2022-04-23 15:33:36,149] {dag.py:1832} INFO - Sync 1 DAGs
[2022-04-23 15:33:36,164] {logging_mixin.py:104} INFO - [2022-04-23 15:33:36,162] {dag.py:1851} INFO - Creating ORM DAG for example_xcom
[2022-04-23 15:33:36,172] {logging_mixin.py:104} INFO - [2022-04-23 15:33:36,171] {dag.py:2305} INFO - Setting next_dagrun for example_xcom to 2022-04-21 00:00:00+00:00
[2022-04-23 15:33:36,187] {scheduler_job.py:190} INFO - Processing /home/airflow/.local/lib/python3.6/site-packages/airflow/example_dags/example_xcom.py took 2.522 seconds
[2022-04-23 15:34:08,793] {scheduler_job.py:182} INFO - Started process (PID=181) to work on /home/airflow/.local/lib/python3.6/site-packages/airflow/example_dags/example_xcom.py
[2022-04-23 15:34:08,795] {scheduler_job.py:633} INFO - Processing file /home/airflow/.local/lib/python3.6/site-packages/airflow/example_dags/example_xcom.py for tasks to queue
[2022-04-23 15:34:08,796] {logging_mixin.py:104} INFO - [2022-04-23 15:34:08,796] {dagbag.py:487} INFO - Filling up the DagBag from /home/airflow/.local/lib/python3.6/site-packages/airflow/example_dags/example_xcom.py
[2022-04-23 15:34:08,821] {scheduler_job.py:643} INFO - DAG(s) dict_keys(['example_xcom']) retrieved from /home/airflow/.local/lib/python3.6/site-packages/airflow/example_dags/example_xcom.py
[2022-04-23 15:34:08,860] {logging_mixin.py:104} INFO - [2022-04-23 15:34:08,860] {dag.py:1832} INFO - Sync 1 DAGs
[2022-04-23 15:34:08,877] {logging_mixin.py:104} INFO - [2022-04-23 15:34:08,877] {dag.py:2305} INFO - Setting next_dagrun for example_xcom to 2022-04-21 00:00:00+00:00
[2022-04-23 15:34:08,891] {scheduler_job.py:190} INFO - Processing /home/airflow/.local/lib/python3.6/site-packages/airflow/example_dags/example_xcom.py took 0.104 seconds
[2022-04-23 15:34:38,928] {scheduler_job.py:182} INFO - Started process (PID=245) to work on /home/airflow/.local/lib/python3.6/site-packages/airflow/example_dags/example_xcom.py
[2022-04-23 15:34:38,929] {scheduler_job.py:633} INFO - Processing file /home/airflow/.local/lib/python3.6/site-packages/airflow/example_dags/example_xcom.py for tasks to queue
[2022-04-23 15:34:38,929] {logging_mixin.py:104} INFO - [2022-04-23 15:34:38,929] {dagbag.py:487} INFO - Filling up the DagBag from /home/airflow/.local/lib/python3.6/site-packages/airflow/example_dags/example_xcom.py
[2022-04-23 15:34:38,939] {scheduler_job.py:643} INFO - DAG(s) dict_keys(['example_xcom']) retrieved from /home/airflow/.local/lib/python3.6/site-packages/airflow/example_dags/example_xcom.py
[2022-04-23 15:34:38,963] {logging_mixin.py:104} INFO - [2022-04-23 15:34:38,963] {dag.py:1832} INFO - Sync 1 DAGs
[2022-04-23 15:34:38,976] {logging_mixin.py:104} INFO - [2022-04-23 15:34:38,976] {dag.py:2305} INFO - Setting next_dagrun for example_xcom to 2022-04-21 00:00:00+00:00
[2022-04-23 15:34:38,988] {scheduler_job.py:190} INFO - Processing /home/airflow/.local/lib/python3.6/site-packages/airflow/example_dags/example_xcom.py took 0.064 seconds
[2022-04-23 15:35:09,236] {scheduler_job.py:182} INFO - Started process (PID=328) to work on /home/airflow/.local/lib/python3.6/site-packages/airflow/example_dags/example_xcom.py
[2022-04-23 15:35:09,238] {scheduler_job.py:633} INFO - Processing file /home/airflow/.local/lib/python3.6/site-packages/airflow/example_dags/example_xcom.py for tasks to queue
[2022-04-23 15:35:09,239] {logging_mixin.py:104} INFO - [2022-04-23 15:35:09,238] {dagbag.py:487} INFO - Filling up the DagBag from /home/airflow/.local/lib/python3.6/site-packages/airflow/example_dags/example_xcom.py
[2022-04-23 15:35:09,263] {scheduler_job.py:643} INFO - DAG(s) dict_keys(['example_xcom']) retrieved from /home/airflow/.local/lib/python3.6/site-packages/airflow/example_dags/example_xcom.py
[2022-04-23 15:35:09,304] {logging_mixin.py:104} INFO - [2022-04-23 15:35:09,304] {dag.py:1832} INFO - Sync 1 DAGs
[2022-04-23 15:35:09,338] {logging_mixin.py:104} INFO - [2022-04-23 15:35:09,338] {dag.py:2305} INFO - Setting next_dagrun for example_xcom to 2022-04-21 00:00:00+00:00
[2022-04-23 15:35:09,356] {scheduler_job.py:190} INFO - Processing /home/airflow/.local/lib/python3.6/site-packages/airflow/example_dags/example_xcom.py took 0.124 seconds
[2022-04-23 15:35:39,489] {scheduler_job.py:182} INFO - Started process (PID=394) to work on /home/airflow/.local/lib/python3.6/site-packages/airflow/example_dags/example_xcom.py
[2022-04-23 15:35:39,491] {scheduler_job.py:633} INFO - Processing file /home/airflow/.local/lib/python3.6/site-packages/airflow/example_dags/example_xcom.py for tasks to queue
[2022-04-23 15:35:39,492] {logging_mixin.py:104} INFO - [2022-04-23 15:35:39,492] {dagbag.py:487} INFO - Filling up the DagBag from /home/airflow/.local/lib/python3.6/site-packages/airflow/example_dags/example_xcom.py
[2022-04-23 15:35:39,521] {scheduler_job.py:643} INFO - DAG(s) dict_keys(['example_xcom']) retrieved from /home/airflow/.local/lib/python3.6/site-packages/airflow/example_dags/example_xcom.py
[2022-04-23 15:35:39,548] {logging_mixin.py:104} INFO - [2022-04-23 15:35:39,548] {dag.py:1832} INFO - Sync 1 DAGs
[2022-04-23 15:35:39,572] {logging_mixin.py:104} INFO - [2022-04-23 15:35:39,572] {dag.py:2305} INFO - Setting next_dagrun for example_xcom to 2022-04-21 00:00:00+00:00
[2022-04-23 15:35:39,587] {scheduler_job.py:190} INFO - Processing /home/airflow/.local/lib/python3.6/site-packages/airflow/example_dags/example_xcom.py took 0.105 seconds
[2022-04-23 15:36:09,688] {scheduler_job.py:182} INFO - Started process (PID=470) to work on /home/airflow/.local/lib/python3.6/site-packages/airflow/example_dags/example_xcom.py
[2022-04-23 15:36:09,689] {scheduler_job.py:633} INFO - Processing file /home/airflow/.local/lib/python3.6/site-packages/airflow/example_dags/example_xcom.py for tasks to queue
[2022-04-23 15:36:09,690] {logging_mixin.py:104} INFO - [2022-04-23 15:36:09,690] {dagbag.py:487} INFO - Filling up the DagBag from /home/airflow/.local/lib/python3.6/site-packages/airflow/example_dags/example_xcom.py
[2022-04-23 15:36:09,706] {scheduler_job.py:643} INFO - DAG(s) dict_keys(['example_xcom']) retrieved from /home/airflow/.local/lib/python3.6/site-packages/airflow/example_dags/example_xcom.py
[2022-04-23 15:36:09,726] {logging_mixin.py:104} INFO - [2022-04-23 15:36:09,726] {dag.py:1832} INFO - Sync 1 DAGs
[2022-04-23 15:36:09,741] {logging_mixin.py:104} INFO - [2022-04-23 15:36:09,741] {dag.py:2305} INFO - Setting next_dagrun for example_xcom to 2022-04-21 00:00:00+00:00
[2022-04-23 15:36:09,760] {scheduler_job.py:190} INFO - Processing /home/airflow/.local/lib/python3.6/site-packages/airflow/example_dags/example_xcom.py took 0.075 seconds
[2022-04-23 15:36:39,919] {scheduler_job.py:182} INFO - Started process (PID=545) to work on /home/airflow/.local/lib/python3.6/site-packages/airflow/example_dags/example_xcom.py
[2022-04-23 15:36:39,921] {scheduler_job.py:633} INFO - Processing file /home/airflow/.local/lib/python3.6/site-packages/airflow/example_dags/example_xcom.py for tasks to queue
[2022-04-23 15:36:39,922] {logging_mixin.py:104} INFO - [2022-04-23 15:36:39,922] {dagbag.py:487} INFO - Filling up the DagBag from /home/airflow/.local/lib/python3.6/site-packages/airflow/example_dags/example_xcom.py
[2022-04-23 15:36:39,955] {scheduler_job.py:643} INFO - DAG(s) dict_keys(['example_xcom']) retrieved from /home/airflow/.local/lib/python3.6/site-packages/airflow/example_dags/example_xcom.py
[2022-04-23 15:36:39,995] {logging_mixin.py:104} INFO - [2022-04-23 15:36:39,995] {dag.py:1832} INFO - Sync 1 DAGs
[2022-04-23 15:36:40,019] {logging_mixin.py:104} INFO - [2022-04-23 15:36:40,019] {dag.py:2305} INFO - Setting next_dagrun for example_xcom to 2022-04-21 00:00:00+00:00
[2022-04-23 15:36:40,037] {scheduler_job.py:190} INFO - Processing /home/airflow/.local/lib/python3.6/site-packages/airflow/example_dags/example_xcom.py took 0.126 seconds
[2022-04-23 15:37:10,100] {scheduler_job.py:182} INFO - Started process (PID=610) to work on /home/airflow/.local/lib/python3.6/site-packages/airflow/example_dags/example_xcom.py
[2022-04-23 15:37:10,101] {scheduler_job.py:633} INFO - Processing file /home/airflow/.local/lib/python3.6/site-packages/airflow/example_dags/example_xcom.py for tasks to queue
[2022-04-23 15:37:10,102] {logging_mixin.py:104} INFO - [2022-04-23 15:37:10,102] {dagbag.py:487} INFO - Filling up the DagBag from /home/airflow/.local/lib/python3.6/site-packages/airflow/example_dags/example_xcom.py
[2022-04-23 15:37:10,117] {scheduler_job.py:643} INFO - DAG(s) dict_keys(['example_xcom']) retrieved from /home/airflow/.local/lib/python3.6/site-packages/airflow/example_dags/example_xcom.py
[2022-04-23 15:37:10,138] {logging_mixin.py:104} INFO - [2022-04-23 15:37:10,138] {dag.py:1832} INFO - Sync 1 DAGs
[2022-04-23 15:37:10,154] {logging_mixin.py:104} INFO - [2022-04-23 15:37:10,154] {dag.py:2305} INFO - Setting next_dagrun for example_xcom to 2022-04-21 00:00:00+00:00
[2022-04-23 15:37:10,164] {scheduler_job.py:190} INFO - Processing /home/airflow/.local/lib/python3.6/site-packages/airflow/example_dags/example_xcom.py took 0.068 seconds
[2022-04-23 15:37:40,645] {scheduler_job.py:182} INFO - Started process (PID=694) to work on /home/airflow/.local/lib/python3.6/site-packages/airflow/example_dags/example_xcom.py
[2022-04-23 15:37:40,646] {scheduler_job.py:633} INFO - Processing file /home/airflow/.local/lib/python3.6/site-packages/airflow/example_dags/example_xcom.py for tasks to queue
[2022-04-23 15:37:40,646] {logging_mixin.py:104} INFO - [2022-04-23 15:37:40,646] {dagbag.py:487} INFO - Filling up the DagBag from /home/airflow/.local/lib/python3.6/site-packages/airflow/example_dags/example_xcom.py
[2022-04-23 15:37:40,659] {scheduler_job.py:643} INFO - DAG(s) dict_keys(['example_xcom']) retrieved from /home/airflow/.local/lib/python3.6/site-packages/airflow/example_dags/example_xcom.py
[2022-04-23 15:37:40,680] {logging_mixin.py:104} INFO - [2022-04-23 15:37:40,680] {dag.py:1832} INFO - Sync 1 DAGs
[2022-04-23 15:37:40,693] {logging_mixin.py:104} INFO - [2022-04-23 15:37:40,693] {dag.py:2305} INFO - Setting next_dagrun for example_xcom to 2022-04-21 00:00:00+00:00
[2022-04-23 15:37:40,705] {scheduler_job.py:190} INFO - Processing /home/airflow/.local/lib/python3.6/site-packages/airflow/example_dags/example_xcom.py took 0.063 seconds
[2022-04-23 15:38:11,124] {scheduler_job.py:182} INFO - Started process (PID=760) to work on /home/airflow/.local/lib/python3.6/site-packages/airflow/example_dags/example_xcom.py
[2022-04-23 15:38:11,125] {scheduler_job.py:633} INFO - Processing file /home/airflow/.local/lib/python3.6/site-packages/airflow/example_dags/example_xcom.py for tasks to queue
[2022-04-23 15:38:11,126] {logging_mixin.py:104} INFO - [2022-04-23 15:38:11,126] {dagbag.py:487} INFO - Filling up the DagBag from /home/airflow/.local/lib/python3.6/site-packages/airflow/example_dags/example_xcom.py
[2022-04-23 15:38:11,139] {scheduler_job.py:643} INFO - DAG(s) dict_keys(['example_xcom']) retrieved from /home/airflow/.local/lib/python3.6/site-packages/airflow/example_dags/example_xcom.py
[2022-04-23 15:38:11,158] {logging_mixin.py:104} INFO - [2022-04-23 15:38:11,158] {dag.py:1832} INFO - Sync 1 DAGs
[2022-04-23 15:38:11,170] {logging_mixin.py:104} INFO - [2022-04-23 15:38:11,170] {dag.py:2305} INFO - Setting next_dagrun for example_xcom to 2022-04-21 00:00:00+00:00
[2022-04-23 15:38:11,184] {scheduler_job.py:190} INFO - Processing /home/airflow/.local/lib/python3.6/site-packages/airflow/example_dags/example_xcom.py took 0.062 seconds
[2022-04-23 15:38:41,625] {scheduler_job.py:182} INFO - Started process (PID=843) to work on /home/airflow/.local/lib/python3.6/site-packages/airflow/example_dags/example_xcom.py
[2022-04-23 15:38:41,626] {scheduler_job.py:633} INFO - Processing file /home/airflow/.local/lib/python3.6/site-packages/airflow/example_dags/example_xcom.py for tasks to queue
[2022-04-23 15:38:41,627] {logging_mixin.py:104} INFO - [2022-04-23 15:38:41,627] {dagbag.py:487} INFO - Filling up the DagBag from /home/airflow/.local/lib/python3.6/site-packages/airflow/example_dags/example_xcom.py
[2022-04-23 15:38:41,641] {scheduler_job.py:643} INFO - DAG(s) dict_keys(['example_xcom']) retrieved from /home/airflow/.local/lib/python3.6/site-packages/airflow/example_dags/example_xcom.py
[2022-04-23 15:38:41,663] {logging_mixin.py:104} INFO - [2022-04-23 15:38:41,663] {dag.py:1832} INFO - Sync 1 DAGs
[2022-04-23 15:38:41,678] {logging_mixin.py:104} INFO - [2022-04-23 15:38:41,678] {dag.py:2305} INFO - Setting next_dagrun for example_xcom to 2022-04-21 00:00:00+00:00
[2022-04-23 15:38:41,692] {scheduler_job.py:190} INFO - Processing /home/airflow/.local/lib/python3.6/site-packages/airflow/example_dags/example_xcom.py took 0.071 seconds
[2022-04-23 15:39:12,029] {scheduler_job.py:182} INFO - Started process (PID=909) to work on /home/airflow/.local/lib/python3.6/site-packages/airflow/example_dags/example_xcom.py
[2022-04-23 15:39:12,030] {scheduler_job.py:633} INFO - Processing file /home/airflow/.local/lib/python3.6/site-packages/airflow/example_dags/example_xcom.py for tasks to queue
[2022-04-23 15:39:12,031] {logging_mixin.py:104} INFO - [2022-04-23 15:39:12,031] {dagbag.py:487} INFO - Filling up the DagBag from /home/airflow/.local/lib/python3.6/site-packages/airflow/example_dags/example_xcom.py
[2022-04-23 15:39:12,045] {scheduler_job.py:643} INFO - DAG(s) dict_keys(['example_xcom']) retrieved from /home/airflow/.local/lib/python3.6/site-packages/airflow/example_dags/example_xcom.py
[2022-04-23 15:39:12,065] {logging_mixin.py:104} INFO - [2022-04-23 15:39:12,065] {dag.py:1832} INFO - Sync 1 DAGs
[2022-04-23 15:39:12,080] {logging_mixin.py:104} INFO - [2022-04-23 15:39:12,079] {dag.py:2305} INFO - Setting next_dagrun for example_xcom to 2022-04-21 00:00:00+00:00
[2022-04-23 15:39:12,089] {scheduler_job.py:190} INFO - Processing /home/airflow/.local/lib/python3.6/site-packages/airflow/example_dags/example_xcom.py took 0.064 seconds
[2022-04-23 15:39:42,371] {scheduler_job.py:182} INFO - Started process (PID=994) to work on /home/airflow/.local/lib/python3.6/site-packages/airflow/example_dags/example_xcom.py
[2022-04-23 15:39:42,372] {scheduler_job.py:633} INFO - Processing file /home/airflow/.local/lib/python3.6/site-packages/airflow/example_dags/example_xcom.py for tasks to queue
[2022-04-23 15:39:42,373] {logging_mixin.py:104} INFO - [2022-04-23 15:39:42,372] {dagbag.py:487} INFO - Filling up the DagBag from /home/airflow/.local/lib/python3.6/site-packages/airflow/example_dags/example_xcom.py
[2022-04-23 15:39:42,384] {scheduler_job.py:643} INFO - DAG(s) dict_keys(['example_xcom']) retrieved from /home/airflow/.local/lib/python3.6/site-packages/airflow/example_dags/example_xcom.py
[2022-04-23 15:39:42,402] {logging_mixin.py:104} INFO - [2022-04-23 15:39:42,402] {dag.py:1832} INFO - Sync 1 DAGs
[2022-04-23 15:39:42,417] {logging_mixin.py:104} INFO - [2022-04-23 15:39:42,417] {dag.py:2305} INFO - Setting next_dagrun for example_xcom to 2022-04-21 00:00:00+00:00
[2022-04-23 15:39:42,428] {scheduler_job.py:190} INFO - Processing /home/airflow/.local/lib/python3.6/site-packages/airflow/example_dags/example_xcom.py took 0.060 seconds
