[2022-04-23 15:34:03,701] {scheduler_job.py:182} INFO - Started process (PID=152) to work on /home/airflow/.local/lib/python3.6/site-packages/airflow/example_dags/example_trigger_target_dag.py
[2022-04-23 15:34:03,703] {scheduler_job.py:633} INFO - Processing file /home/airflow/.local/lib/python3.6/site-packages/airflow/example_dags/example_trigger_target_dag.py for tasks to queue
[2022-04-23 15:34:03,703] {logging_mixin.py:104} INFO - [2022-04-23 15:34:03,703] {dagbag.py:487} INFO - Filling up the DagBag from /home/airflow/.local/lib/python3.6/site-packages/airflow/example_dags/example_trigger_target_dag.py
[2022-04-23 15:34:03,721] {scheduler_job.py:643} INFO - DAG(s) dict_keys(['example_trigger_target_dag']) retrieved from /home/airflow/.local/lib/python3.6/site-packages/airflow/example_dags/example_trigger_target_dag.py
[2022-04-23 15:34:06,059] {logging_mixin.py:104} INFO - [2022-04-23 15:34:06,058] {dag.py:1832} INFO - Sync 1 DAGs
[2022-04-23 15:34:06,071] {logging_mixin.py:104} INFO - [2022-04-23 15:34:06,069] {dag.py:1851} INFO - Creating ORM DAG for example_trigger_target_dag
[2022-04-23 15:34:06,076] {logging_mixin.py:104} INFO - [2022-04-23 15:34:06,075] {dag.py:2305} INFO - Setting next_dagrun for example_trigger_target_dag to None
[2022-04-23 15:34:06,090] {scheduler_job.py:190} INFO - Processing /home/airflow/.local/lib/python3.6/site-packages/airflow/example_dags/example_trigger_target_dag.py took 2.391 seconds
[2022-04-23 15:34:36,488] {scheduler_job.py:182} INFO - Started process (PID=239) to work on /home/airflow/.local/lib/python3.6/site-packages/airflow/example_dags/example_trigger_target_dag.py
[2022-04-23 15:34:36,489] {scheduler_job.py:633} INFO - Processing file /home/airflow/.local/lib/python3.6/site-packages/airflow/example_dags/example_trigger_target_dag.py for tasks to queue
[2022-04-23 15:34:36,490] {logging_mixin.py:104} INFO - [2022-04-23 15:34:36,490] {dagbag.py:487} INFO - Filling up the DagBag from /home/airflow/.local/lib/python3.6/site-packages/airflow/example_dags/example_trigger_target_dag.py
[2022-04-23 15:34:36,510] {scheduler_job.py:643} INFO - DAG(s) dict_keys(['example_trigger_target_dag']) retrieved from /home/airflow/.local/lib/python3.6/site-packages/airflow/example_dags/example_trigger_target_dag.py
[2022-04-23 15:34:36,531] {logging_mixin.py:104} INFO - [2022-04-23 15:34:36,530] {dag.py:1832} INFO - Sync 1 DAGs
[2022-04-23 15:34:36,550] {logging_mixin.py:104} INFO - [2022-04-23 15:34:36,550] {dag.py:2305} INFO - Setting next_dagrun for example_trigger_target_dag to None
[2022-04-23 15:34:36,561] {scheduler_job.py:190} INFO - Processing /home/airflow/.local/lib/python3.6/site-packages/airflow/example_dags/example_trigger_target_dag.py took 0.077 seconds
[2022-04-23 15:35:06,987] {scheduler_job.py:182} INFO - Started process (PID=314) to work on /home/airflow/.local/lib/python3.6/site-packages/airflow/example_dags/example_trigger_target_dag.py
[2022-04-23 15:35:06,988] {scheduler_job.py:633} INFO - Processing file /home/airflow/.local/lib/python3.6/site-packages/airflow/example_dags/example_trigger_target_dag.py for tasks to queue
[2022-04-23 15:35:06,988] {logging_mixin.py:104} INFO - [2022-04-23 15:35:06,988] {dagbag.py:487} INFO - Filling up the DagBag from /home/airflow/.local/lib/python3.6/site-packages/airflow/example_dags/example_trigger_target_dag.py
[2022-04-23 15:35:07,003] {scheduler_job.py:643} INFO - DAG(s) dict_keys(['example_trigger_target_dag']) retrieved from /home/airflow/.local/lib/python3.6/site-packages/airflow/example_dags/example_trigger_target_dag.py
[2022-04-23 15:35:07,025] {logging_mixin.py:104} INFO - [2022-04-23 15:35:07,025] {dag.py:1832} INFO - Sync 1 DAGs
[2022-04-23 15:35:07,041] {logging_mixin.py:104} INFO - [2022-04-23 15:35:07,041] {dag.py:2305} INFO - Setting next_dagrun for example_trigger_target_dag to None
[2022-04-23 15:35:07,051] {scheduler_job.py:190} INFO - Processing /home/airflow/.local/lib/python3.6/site-packages/airflow/example_dags/example_trigger_target_dag.py took 0.067 seconds
[2022-04-23 15:35:37,209] {scheduler_job.py:182} INFO - Started process (PID=390) to work on /home/airflow/.local/lib/python3.6/site-packages/airflow/example_dags/example_trigger_target_dag.py
[2022-04-23 15:35:37,211] {scheduler_job.py:633} INFO - Processing file /home/airflow/.local/lib/python3.6/site-packages/airflow/example_dags/example_trigger_target_dag.py for tasks to queue
[2022-04-23 15:35:37,213] {logging_mixin.py:104} INFO - [2022-04-23 15:35:37,212] {dagbag.py:487} INFO - Filling up the DagBag from /home/airflow/.local/lib/python3.6/site-packages/airflow/example_dags/example_trigger_target_dag.py
[2022-04-23 15:35:37,248] {scheduler_job.py:643} INFO - DAG(s) dict_keys(['example_trigger_target_dag']) retrieved from /home/airflow/.local/lib/python3.6/site-packages/airflow/example_dags/example_trigger_target_dag.py
[2022-04-23 15:35:37,297] {logging_mixin.py:104} INFO - [2022-04-23 15:35:37,297] {dag.py:1832} INFO - Sync 1 DAGs
[2022-04-23 15:35:37,327] {logging_mixin.py:104} INFO - [2022-04-23 15:35:37,327] {dag.py:2305} INFO - Setting next_dagrun for example_trigger_target_dag to None
[2022-04-23 15:35:37,359] {scheduler_job.py:190} INFO - Processing /home/airflow/.local/lib/python3.6/site-packages/airflow/example_dags/example_trigger_target_dag.py took 0.157 seconds
[2022-04-23 15:36:07,521] {scheduler_job.py:182} INFO - Started process (PID=456) to work on /home/airflow/.local/lib/python3.6/site-packages/airflow/example_dags/example_trigger_target_dag.py
[2022-04-23 15:36:07,522] {scheduler_job.py:633} INFO - Processing file /home/airflow/.local/lib/python3.6/site-packages/airflow/example_dags/example_trigger_target_dag.py for tasks to queue
[2022-04-23 15:36:07,523] {logging_mixin.py:104} INFO - [2022-04-23 15:36:07,523] {dagbag.py:487} INFO - Filling up the DagBag from /home/airflow/.local/lib/python3.6/site-packages/airflow/example_dags/example_trigger_target_dag.py
[2022-04-23 15:36:07,538] {scheduler_job.py:643} INFO - DAG(s) dict_keys(['example_trigger_target_dag']) retrieved from /home/airflow/.local/lib/python3.6/site-packages/airflow/example_dags/example_trigger_target_dag.py
[2022-04-23 15:36:07,560] {logging_mixin.py:104} INFO - [2022-04-23 15:36:07,560] {dag.py:1832} INFO - Sync 1 DAGs
[2022-04-23 15:36:07,575] {logging_mixin.py:104} INFO - [2022-04-23 15:36:07,575] {dag.py:2305} INFO - Setting next_dagrun for example_trigger_target_dag to None
[2022-04-23 15:36:07,592] {scheduler_job.py:190} INFO - Processing /home/airflow/.local/lib/python3.6/site-packages/airflow/example_dags/example_trigger_target_dag.py took 0.074 seconds
[2022-04-23 15:36:37,641] {scheduler_job.py:182} INFO - Started process (PID=541) to work on /home/airflow/.local/lib/python3.6/site-packages/airflow/example_dags/example_trigger_target_dag.py
[2022-04-23 15:36:37,643] {scheduler_job.py:633} INFO - Processing file /home/airflow/.local/lib/python3.6/site-packages/airflow/example_dags/example_trigger_target_dag.py for tasks to queue
[2022-04-23 15:36:37,644] {logging_mixin.py:104} INFO - [2022-04-23 15:36:37,644] {dagbag.py:487} INFO - Filling up the DagBag from /home/airflow/.local/lib/python3.6/site-packages/airflow/example_dags/example_trigger_target_dag.py
[2022-04-23 15:36:37,669] {scheduler_job.py:643} INFO - DAG(s) dict_keys(['example_trigger_target_dag']) retrieved from /home/airflow/.local/lib/python3.6/site-packages/airflow/example_dags/example_trigger_target_dag.py
[2022-04-23 15:36:37,698] {logging_mixin.py:104} INFO - [2022-04-23 15:36:37,697] {dag.py:1832} INFO - Sync 1 DAGs
[2022-04-23 15:36:37,720] {logging_mixin.py:104} INFO - [2022-04-23 15:36:37,720] {dag.py:2305} INFO - Setting next_dagrun for example_trigger_target_dag to None
[2022-04-23 15:36:37,737] {scheduler_job.py:190} INFO - Processing /home/airflow/.local/lib/python3.6/site-packages/airflow/example_dags/example_trigger_target_dag.py took 0.101 seconds
[2022-04-23 15:37:07,882] {scheduler_job.py:182} INFO - Started process (PID=606) to work on /home/airflow/.local/lib/python3.6/site-packages/airflow/example_dags/example_trigger_target_dag.py
[2022-04-23 15:37:07,884] {scheduler_job.py:633} INFO - Processing file /home/airflow/.local/lib/python3.6/site-packages/airflow/example_dags/example_trigger_target_dag.py for tasks to queue
[2022-04-23 15:37:07,884] {logging_mixin.py:104} INFO - [2022-04-23 15:37:07,884] {dagbag.py:487} INFO - Filling up the DagBag from /home/airflow/.local/lib/python3.6/site-packages/airflow/example_dags/example_trigger_target_dag.py
[2022-04-23 15:37:07,901] {scheduler_job.py:643} INFO - DAG(s) dict_keys(['example_trigger_target_dag']) retrieved from /home/airflow/.local/lib/python3.6/site-packages/airflow/example_dags/example_trigger_target_dag.py
[2022-04-23 15:37:07,926] {logging_mixin.py:104} INFO - [2022-04-23 15:37:07,926] {dag.py:1832} INFO - Sync 1 DAGs
[2022-04-23 15:37:07,942] {logging_mixin.py:104} INFO - [2022-04-23 15:37:07,942] {dag.py:2305} INFO - Setting next_dagrun for example_trigger_target_dag to None
[2022-04-23 15:37:07,956] {scheduler_job.py:190} INFO - Processing /home/airflow/.local/lib/python3.6/site-packages/airflow/example_dags/example_trigger_target_dag.py took 0.080 seconds
[2022-04-23 15:37:38,445] {scheduler_job.py:182} INFO - Started process (PID=690) to work on /home/airflow/.local/lib/python3.6/site-packages/airflow/example_dags/example_trigger_target_dag.py
[2022-04-23 15:37:38,445] {scheduler_job.py:633} INFO - Processing file /home/airflow/.local/lib/python3.6/site-packages/airflow/example_dags/example_trigger_target_dag.py for tasks to queue
[2022-04-23 15:37:38,446] {logging_mixin.py:104} INFO - [2022-04-23 15:37:38,446] {dagbag.py:487} INFO - Filling up the DagBag from /home/airflow/.local/lib/python3.6/site-packages/airflow/example_dags/example_trigger_target_dag.py
[2022-04-23 15:37:38,460] {scheduler_job.py:643} INFO - DAG(s) dict_keys(['example_trigger_target_dag']) retrieved from /home/airflow/.local/lib/python3.6/site-packages/airflow/example_dags/example_trigger_target_dag.py
[2022-04-23 15:37:38,479] {logging_mixin.py:104} INFO - [2022-04-23 15:37:38,478] {dag.py:1832} INFO - Sync 1 DAGs
[2022-04-23 15:37:38,495] {logging_mixin.py:104} INFO - [2022-04-23 15:37:38,494] {dag.py:2305} INFO - Setting next_dagrun for example_trigger_target_dag to None
[2022-04-23 15:37:38,511] {scheduler_job.py:190} INFO - Processing /home/airflow/.local/lib/python3.6/site-packages/airflow/example_dags/example_trigger_target_dag.py took 0.068 seconds
[2022-04-23 15:38:08,900] {scheduler_job.py:182} INFO - Started process (PID=756) to work on /home/airflow/.local/lib/python3.6/site-packages/airflow/example_dags/example_trigger_target_dag.py
[2022-04-23 15:38:08,902] {scheduler_job.py:633} INFO - Processing file /home/airflow/.local/lib/python3.6/site-packages/airflow/example_dags/example_trigger_target_dag.py for tasks to queue
[2022-04-23 15:38:08,904] {logging_mixin.py:104} INFO - [2022-04-23 15:38:08,903] {dagbag.py:487} INFO - Filling up the DagBag from /home/airflow/.local/lib/python3.6/site-packages/airflow/example_dags/example_trigger_target_dag.py
[2022-04-23 15:38:08,932] {scheduler_job.py:643} INFO - DAG(s) dict_keys(['example_trigger_target_dag']) retrieved from /home/airflow/.local/lib/python3.6/site-packages/airflow/example_dags/example_trigger_target_dag.py
[2022-04-23 15:38:08,955] {logging_mixin.py:104} INFO - [2022-04-23 15:38:08,954] {dag.py:1832} INFO - Sync 1 DAGs
[2022-04-23 15:38:08,969] {logging_mixin.py:104} INFO - [2022-04-23 15:38:08,969] {dag.py:2305} INFO - Setting next_dagrun for example_trigger_target_dag to None
[2022-04-23 15:38:08,983] {scheduler_job.py:190} INFO - Processing /home/airflow/.local/lib/python3.6/site-packages/airflow/example_dags/example_trigger_target_dag.py took 0.090 seconds
[2022-04-23 15:38:39,426] {scheduler_job.py:182} INFO - Started process (PID=832) to work on /home/airflow/.local/lib/python3.6/site-packages/airflow/example_dags/example_trigger_target_dag.py
[2022-04-23 15:38:39,427] {scheduler_job.py:633} INFO - Processing file /home/airflow/.local/lib/python3.6/site-packages/airflow/example_dags/example_trigger_target_dag.py for tasks to queue
[2022-04-23 15:38:39,428] {logging_mixin.py:104} INFO - [2022-04-23 15:38:39,428] {dagbag.py:487} INFO - Filling up the DagBag from /home/airflow/.local/lib/python3.6/site-packages/airflow/example_dags/example_trigger_target_dag.py
[2022-04-23 15:38:39,443] {scheduler_job.py:643} INFO - DAG(s) dict_keys(['example_trigger_target_dag']) retrieved from /home/airflow/.local/lib/python3.6/site-packages/airflow/example_dags/example_trigger_target_dag.py
[2022-04-23 15:38:39,466] {logging_mixin.py:104} INFO - [2022-04-23 15:38:39,466] {dag.py:1832} INFO - Sync 1 DAGs
[2022-04-23 15:38:39,481] {logging_mixin.py:104} INFO - [2022-04-23 15:38:39,481] {dag.py:2305} INFO - Setting next_dagrun for example_trigger_target_dag to None
[2022-04-23 15:38:39,496] {scheduler_job.py:190} INFO - Processing /home/airflow/.local/lib/python3.6/site-packages/airflow/example_dags/example_trigger_target_dag.py took 0.073 seconds
[2022-04-23 15:39:09,818] {scheduler_job.py:182} INFO - Started process (PID=905) to work on /home/airflow/.local/lib/python3.6/site-packages/airflow/example_dags/example_trigger_target_dag.py
[2022-04-23 15:39:09,820] {scheduler_job.py:633} INFO - Processing file /home/airflow/.local/lib/python3.6/site-packages/airflow/example_dags/example_trigger_target_dag.py for tasks to queue
[2022-04-23 15:39:09,822] {logging_mixin.py:104} INFO - [2022-04-23 15:39:09,821] {dagbag.py:487} INFO - Filling up the DagBag from /home/airflow/.local/lib/python3.6/site-packages/airflow/example_dags/example_trigger_target_dag.py
[2022-04-23 15:39:09,847] {scheduler_job.py:643} INFO - DAG(s) dict_keys(['example_trigger_target_dag']) retrieved from /home/airflow/.local/lib/python3.6/site-packages/airflow/example_dags/example_trigger_target_dag.py
[2022-04-23 15:39:09,867] {logging_mixin.py:104} INFO - [2022-04-23 15:39:09,867] {dag.py:1832} INFO - Sync 1 DAGs
[2022-04-23 15:39:09,883] {logging_mixin.py:104} INFO - [2022-04-23 15:39:09,883] {dag.py:2305} INFO - Setting next_dagrun for example_trigger_target_dag to None
[2022-04-23 15:39:09,895] {scheduler_job.py:190} INFO - Processing /home/airflow/.local/lib/python3.6/site-packages/airflow/example_dags/example_trigger_target_dag.py took 0.086 seconds
[2022-04-23 15:39:40,171] {scheduler_job.py:182} INFO - Started process (PID=981) to work on /home/airflow/.local/lib/python3.6/site-packages/airflow/example_dags/example_trigger_target_dag.py
[2022-04-23 15:39:40,172] {scheduler_job.py:633} INFO - Processing file /home/airflow/.local/lib/python3.6/site-packages/airflow/example_dags/example_trigger_target_dag.py for tasks to queue
[2022-04-23 15:39:40,173] {logging_mixin.py:104} INFO - [2022-04-23 15:39:40,173] {dagbag.py:487} INFO - Filling up the DagBag from /home/airflow/.local/lib/python3.6/site-packages/airflow/example_dags/example_trigger_target_dag.py
[2022-04-23 15:39:40,185] {scheduler_job.py:643} INFO - DAG(s) dict_keys(['example_trigger_target_dag']) retrieved from /home/airflow/.local/lib/python3.6/site-packages/airflow/example_dags/example_trigger_target_dag.py
[2022-04-23 15:39:40,209] {logging_mixin.py:104} INFO - [2022-04-23 15:39:40,209] {dag.py:1832} INFO - Sync 1 DAGs
[2022-04-23 15:39:40,227] {logging_mixin.py:104} INFO - [2022-04-23 15:39:40,227] {dag.py:2305} INFO - Setting next_dagrun for example_trigger_target_dag to None
[2022-04-23 15:39:40,238] {scheduler_job.py:190} INFO - Processing /home/airflow/.local/lib/python3.6/site-packages/airflow/example_dags/example_trigger_target_dag.py took 0.070 seconds
[2022-04-23 15:40:10,445] {scheduler_job.py:182} INFO - Started process (PID=1055) to work on /home/airflow/.local/lib/python3.6/site-packages/airflow/example_dags/example_trigger_target_dag.py
[2022-04-23 15:40:10,446] {scheduler_job.py:633} INFO - Processing file /home/airflow/.local/lib/python3.6/site-packages/airflow/example_dags/example_trigger_target_dag.py for tasks to queue
[2022-04-23 15:40:10,447] {logging_mixin.py:104} INFO - [2022-04-23 15:40:10,447] {dagbag.py:487} INFO - Filling up the DagBag from /home/airflow/.local/lib/python3.6/site-packages/airflow/example_dags/example_trigger_target_dag.py
[2022-04-23 15:40:10,459] {scheduler_job.py:643} INFO - DAG(s) dict_keys(['example_trigger_target_dag']) retrieved from /home/airflow/.local/lib/python3.6/site-packages/airflow/example_dags/example_trigger_target_dag.py
[2022-04-23 15:40:10,481] {logging_mixin.py:104} INFO - [2022-04-23 15:40:10,481] {dag.py:1832} INFO - Sync 1 DAGs
[2022-04-23 15:40:10,499] {logging_mixin.py:104} INFO - [2022-04-23 15:40:10,499] {dag.py:2305} INFO - Setting next_dagrun for example_trigger_target_dag to None
[2022-04-23 15:40:10,510] {scheduler_job.py:190} INFO - Processing /home/airflow/.local/lib/python3.6/site-packages/airflow/example_dags/example_trigger_target_dag.py took 0.068 seconds
