[2022-04-23 15:34:01,346] {scheduler_job.py:182} INFO - Started process (PID=148) to work on /home/airflow/.local/lib/python3.6/site-packages/airflow/example_dags/example_trigger_controller_dag.py
[2022-04-23 15:34:01,347] {scheduler_job.py:633} INFO - Processing file /home/airflow/.local/lib/python3.6/site-packages/airflow/example_dags/example_trigger_controller_dag.py for tasks to queue
[2022-04-23 15:34:01,348] {logging_mixin.py:104} INFO - [2022-04-23 15:34:01,348] {dagbag.py:487} INFO - Filling up the DagBag from /home/airflow/.local/lib/python3.6/site-packages/airflow/example_dags/example_trigger_controller_dag.py
[2022-04-23 15:34:01,359] {scheduler_job.py:643} INFO - DAG(s) dict_keys(['example_trigger_controller_dag']) retrieved from /home/airflow/.local/lib/python3.6/site-packages/airflow/example_dags/example_trigger_controller_dag.py
[2022-04-23 15:34:03,649] {logging_mixin.py:104} INFO - [2022-04-23 15:34:03,648] {dag.py:1832} INFO - Sync 1 DAGs
[2022-04-23 15:34:03,659] {logging_mixin.py:104} INFO - [2022-04-23 15:34:03,658] {dag.py:1851} INFO - Creating ORM DAG for example_trigger_controller_dag
[2022-04-23 15:34:03,664] {logging_mixin.py:104} INFO - [2022-04-23 15:34:03,664] {dag.py:2305} INFO - Setting next_dagrun for example_trigger_controller_dag to 2022-04-21 00:00:00+00:00
[2022-04-23 15:34:03,677] {scheduler_job.py:190} INFO - Processing /home/airflow/.local/lib/python3.6/site-packages/airflow/example_dags/example_trigger_controller_dag.py took 2.334 seconds
[2022-04-23 15:34:34,380] {scheduler_job.py:182} INFO - Started process (PID=237) to work on /home/airflow/.local/lib/python3.6/site-packages/airflow/example_dags/example_trigger_controller_dag.py
[2022-04-23 15:34:34,382] {scheduler_job.py:633} INFO - Processing file /home/airflow/.local/lib/python3.6/site-packages/airflow/example_dags/example_trigger_controller_dag.py for tasks to queue
[2022-04-23 15:34:34,384] {logging_mixin.py:104} INFO - [2022-04-23 15:34:34,383] {dagbag.py:487} INFO - Filling up the DagBag from /home/airflow/.local/lib/python3.6/site-packages/airflow/example_dags/example_trigger_controller_dag.py
[2022-04-23 15:34:34,404] {scheduler_job.py:643} INFO - DAG(s) dict_keys(['example_trigger_controller_dag']) retrieved from /home/airflow/.local/lib/python3.6/site-packages/airflow/example_dags/example_trigger_controller_dag.py
[2022-04-23 15:34:34,435] {logging_mixin.py:104} INFO - [2022-04-23 15:34:34,434] {dag.py:1832} INFO - Sync 1 DAGs
[2022-04-23 15:34:34,451] {logging_mixin.py:104} INFO - [2022-04-23 15:34:34,451] {dag.py:2305} INFO - Setting next_dagrun for example_trigger_controller_dag to 2022-04-21 00:00:00+00:00
[2022-04-23 15:34:34,464] {scheduler_job.py:190} INFO - Processing /home/airflow/.local/lib/python3.6/site-packages/airflow/example_dags/example_trigger_controller_dag.py took 0.091 seconds
[2022-04-23 15:35:04,902] {scheduler_job.py:182} INFO - Started process (PID=304) to work on /home/airflow/.local/lib/python3.6/site-packages/airflow/example_dags/example_trigger_controller_dag.py
[2022-04-23 15:35:04,904] {scheduler_job.py:633} INFO - Processing file /home/airflow/.local/lib/python3.6/site-packages/airflow/example_dags/example_trigger_controller_dag.py for tasks to queue
[2022-04-23 15:35:04,906] {logging_mixin.py:104} INFO - [2022-04-23 15:35:04,906] {dagbag.py:487} INFO - Filling up the DagBag from /home/airflow/.local/lib/python3.6/site-packages/airflow/example_dags/example_trigger_controller_dag.py
[2022-04-23 15:35:04,921] {scheduler_job.py:643} INFO - DAG(s) dict_keys(['example_trigger_controller_dag']) retrieved from /home/airflow/.local/lib/python3.6/site-packages/airflow/example_dags/example_trigger_controller_dag.py
[2022-04-23 15:35:04,945] {logging_mixin.py:104} INFO - [2022-04-23 15:35:04,945] {dag.py:1832} INFO - Sync 1 DAGs
[2022-04-23 15:35:04,959] {logging_mixin.py:104} INFO - [2022-04-23 15:35:04,959] {dag.py:2305} INFO - Setting next_dagrun for example_trigger_controller_dag to 2022-04-21 00:00:00+00:00
[2022-04-23 15:35:04,968] {scheduler_job.py:190} INFO - Processing /home/airflow/.local/lib/python3.6/site-packages/airflow/example_dags/example_trigger_controller_dag.py took 0.075 seconds
[2022-04-23 15:35:35,088] {scheduler_job.py:182} INFO - Started process (PID=388) to work on /home/airflow/.local/lib/python3.6/site-packages/airflow/example_dags/example_trigger_controller_dag.py
[2022-04-23 15:35:35,092] {scheduler_job.py:633} INFO - Processing file /home/airflow/.local/lib/python3.6/site-packages/airflow/example_dags/example_trigger_controller_dag.py for tasks to queue
[2022-04-23 15:35:35,094] {logging_mixin.py:104} INFO - [2022-04-23 15:35:35,093] {dagbag.py:487} INFO - Filling up the DagBag from /home/airflow/.local/lib/python3.6/site-packages/airflow/example_dags/example_trigger_controller_dag.py
[2022-04-23 15:35:35,112] {scheduler_job.py:643} INFO - DAG(s) dict_keys(['example_trigger_controller_dag']) retrieved from /home/airflow/.local/lib/python3.6/site-packages/airflow/example_dags/example_trigger_controller_dag.py
[2022-04-23 15:35:35,141] {logging_mixin.py:104} INFO - [2022-04-23 15:35:35,141] {dag.py:1832} INFO - Sync 1 DAGs
[2022-04-23 15:35:35,159] {logging_mixin.py:104} INFO - [2022-04-23 15:35:35,159] {dag.py:2305} INFO - Setting next_dagrun for example_trigger_controller_dag to 2022-04-21 00:00:00+00:00
[2022-04-23 15:35:35,174] {scheduler_job.py:190} INFO - Processing /home/airflow/.local/lib/python3.6/site-packages/airflow/example_dags/example_trigger_controller_dag.py took 0.096 seconds
[2022-04-23 15:36:05,280] {scheduler_job.py:182} INFO - Started process (PID=454) to work on /home/airflow/.local/lib/python3.6/site-packages/airflow/example_dags/example_trigger_controller_dag.py
[2022-04-23 15:36:05,283] {scheduler_job.py:633} INFO - Processing file /home/airflow/.local/lib/python3.6/site-packages/airflow/example_dags/example_trigger_controller_dag.py for tasks to queue
[2022-04-23 15:36:05,284] {logging_mixin.py:104} INFO - [2022-04-23 15:36:05,284] {dagbag.py:487} INFO - Filling up the DagBag from /home/airflow/.local/lib/python3.6/site-packages/airflow/example_dags/example_trigger_controller_dag.py
[2022-04-23 15:36:05,323] {scheduler_job.py:643} INFO - DAG(s) dict_keys(['example_trigger_controller_dag']) retrieved from /home/airflow/.local/lib/python3.6/site-packages/airflow/example_dags/example_trigger_controller_dag.py
[2022-04-23 15:36:05,367] {logging_mixin.py:104} INFO - [2022-04-23 15:36:05,366] {dag.py:1832} INFO - Sync 1 DAGs
[2022-04-23 15:36:05,401] {logging_mixin.py:104} INFO - [2022-04-23 15:36:05,401] {dag.py:2305} INFO - Setting next_dagrun for example_trigger_controller_dag to 2022-04-21 00:00:00+00:00
[2022-04-23 15:36:05,421] {scheduler_job.py:190} INFO - Processing /home/airflow/.local/lib/python3.6/site-packages/airflow/example_dags/example_trigger_controller_dag.py took 0.149 seconds
[2022-04-23 15:36:35,547] {scheduler_job.py:182} INFO - Started process (PID=538) to work on /home/airflow/.local/lib/python3.6/site-packages/airflow/example_dags/example_trigger_controller_dag.py
[2022-04-23 15:36:35,548] {scheduler_job.py:633} INFO - Processing file /home/airflow/.local/lib/python3.6/site-packages/airflow/example_dags/example_trigger_controller_dag.py for tasks to queue
[2022-04-23 15:36:35,548] {logging_mixin.py:104} INFO - [2022-04-23 15:36:35,548] {dagbag.py:487} INFO - Filling up the DagBag from /home/airflow/.local/lib/python3.6/site-packages/airflow/example_dags/example_trigger_controller_dag.py
[2022-04-23 15:36:35,561] {scheduler_job.py:643} INFO - DAG(s) dict_keys(['example_trigger_controller_dag']) retrieved from /home/airflow/.local/lib/python3.6/site-packages/airflow/example_dags/example_trigger_controller_dag.py
[2022-04-23 15:36:35,583] {logging_mixin.py:104} INFO - [2022-04-23 15:36:35,583] {dag.py:1832} INFO - Sync 1 DAGs
[2022-04-23 15:36:35,599] {logging_mixin.py:104} INFO - [2022-04-23 15:36:35,598] {dag.py:2305} INFO - Setting next_dagrun for example_trigger_controller_dag to 2022-04-21 00:00:00+00:00
[2022-04-23 15:36:35,615] {scheduler_job.py:190} INFO - Processing /home/airflow/.local/lib/python3.6/site-packages/airflow/example_dags/example_trigger_controller_dag.py took 0.073 seconds
[2022-04-23 15:37:05,834] {scheduler_job.py:182} INFO - Started process (PID=603) to work on /home/airflow/.local/lib/python3.6/site-packages/airflow/example_dags/example_trigger_controller_dag.py
[2022-04-23 15:37:05,835] {scheduler_job.py:633} INFO - Processing file /home/airflow/.local/lib/python3.6/site-packages/airflow/example_dags/example_trigger_controller_dag.py for tasks to queue
[2022-04-23 15:37:05,836] {logging_mixin.py:104} INFO - [2022-04-23 15:37:05,836] {dagbag.py:487} INFO - Filling up the DagBag from /home/airflow/.local/lib/python3.6/site-packages/airflow/example_dags/example_trigger_controller_dag.py
[2022-04-23 15:37:05,851] {scheduler_job.py:643} INFO - DAG(s) dict_keys(['example_trigger_controller_dag']) retrieved from /home/airflow/.local/lib/python3.6/site-packages/airflow/example_dags/example_trigger_controller_dag.py
[2022-04-23 15:37:05,876] {logging_mixin.py:104} INFO - [2022-04-23 15:37:05,876] {dag.py:1832} INFO - Sync 1 DAGs
[2022-04-23 15:37:05,893] {logging_mixin.py:104} INFO - [2022-04-23 15:37:05,893] {dag.py:2305} INFO - Setting next_dagrun for example_trigger_controller_dag to 2022-04-21 00:00:00+00:00
[2022-04-23 15:37:05,909] {scheduler_job.py:190} INFO - Processing /home/airflow/.local/lib/python3.6/site-packages/airflow/example_dags/example_trigger_controller_dag.py took 0.080 seconds
[2022-04-23 15:37:36,424] {scheduler_job.py:182} INFO - Started process (PID=677) to work on /home/airflow/.local/lib/python3.6/site-packages/airflow/example_dags/example_trigger_controller_dag.py
[2022-04-23 15:37:36,425] {scheduler_job.py:633} INFO - Processing file /home/airflow/.local/lib/python3.6/site-packages/airflow/example_dags/example_trigger_controller_dag.py for tasks to queue
[2022-04-23 15:37:36,425] {logging_mixin.py:104} INFO - [2022-04-23 15:37:36,425] {dagbag.py:487} INFO - Filling up the DagBag from /home/airflow/.local/lib/python3.6/site-packages/airflow/example_dags/example_trigger_controller_dag.py
[2022-04-23 15:37:36,437] {scheduler_job.py:643} INFO - DAG(s) dict_keys(['example_trigger_controller_dag']) retrieved from /home/airflow/.local/lib/python3.6/site-packages/airflow/example_dags/example_trigger_controller_dag.py
[2022-04-23 15:37:36,461] {logging_mixin.py:104} INFO - [2022-04-23 15:37:36,461] {dag.py:1832} INFO - Sync 1 DAGs
[2022-04-23 15:37:36,479] {logging_mixin.py:104} INFO - [2022-04-23 15:37:36,478] {dag.py:2305} INFO - Setting next_dagrun for example_trigger_controller_dag to 2022-04-21 00:00:00+00:00
[2022-04-23 15:37:36,494] {scheduler_job.py:190} INFO - Processing /home/airflow/.local/lib/python3.6/site-packages/airflow/example_dags/example_trigger_controller_dag.py took 0.072 seconds
[2022-04-23 15:38:06,820] {scheduler_job.py:182} INFO - Started process (PID=753) to work on /home/airflow/.local/lib/python3.6/site-packages/airflow/example_dags/example_trigger_controller_dag.py
[2022-04-23 15:38:06,823] {scheduler_job.py:633} INFO - Processing file /home/airflow/.local/lib/python3.6/site-packages/airflow/example_dags/example_trigger_controller_dag.py for tasks to queue
[2022-04-23 15:38:06,824] {logging_mixin.py:104} INFO - [2022-04-23 15:38:06,824] {dagbag.py:487} INFO - Filling up the DagBag from /home/airflow/.local/lib/python3.6/site-packages/airflow/example_dags/example_trigger_controller_dag.py
[2022-04-23 15:38:06,858] {scheduler_job.py:643} INFO - DAG(s) dict_keys(['example_trigger_controller_dag']) retrieved from /home/airflow/.local/lib/python3.6/site-packages/airflow/example_dags/example_trigger_controller_dag.py
[2022-04-23 15:38:06,881] {logging_mixin.py:104} INFO - [2022-04-23 15:38:06,880] {dag.py:1832} INFO - Sync 1 DAGs
[2022-04-23 15:38:06,895] {logging_mixin.py:104} INFO - [2022-04-23 15:38:06,895] {dag.py:2305} INFO - Setting next_dagrun for example_trigger_controller_dag to 2022-04-21 00:00:00+00:00
[2022-04-23 15:38:06,909] {scheduler_job.py:190} INFO - Processing /home/airflow/.local/lib/python3.6/site-packages/airflow/example_dags/example_trigger_controller_dag.py took 0.098 seconds
[2022-04-23 15:38:37,327] {scheduler_job.py:182} INFO - Started process (PID=818) to work on /home/airflow/.local/lib/python3.6/site-packages/airflow/example_dags/example_trigger_controller_dag.py
[2022-04-23 15:38:37,329] {scheduler_job.py:633} INFO - Processing file /home/airflow/.local/lib/python3.6/site-packages/airflow/example_dags/example_trigger_controller_dag.py for tasks to queue
[2022-04-23 15:38:37,330] {logging_mixin.py:104} INFO - [2022-04-23 15:38:37,330] {dagbag.py:487} INFO - Filling up the DagBag from /home/airflow/.local/lib/python3.6/site-packages/airflow/example_dags/example_trigger_controller_dag.py
[2022-04-23 15:38:37,340] {scheduler_job.py:643} INFO - DAG(s) dict_keys(['example_trigger_controller_dag']) retrieved from /home/airflow/.local/lib/python3.6/site-packages/airflow/example_dags/example_trigger_controller_dag.py
[2022-04-23 15:38:37,362] {logging_mixin.py:104} INFO - [2022-04-23 15:38:37,361] {dag.py:1832} INFO - Sync 1 DAGs
[2022-04-23 15:38:37,387] {logging_mixin.py:104} INFO - [2022-04-23 15:38:37,387] {dag.py:2305} INFO - Setting next_dagrun for example_trigger_controller_dag to 2022-04-21 00:00:00+00:00
[2022-04-23 15:38:37,405] {scheduler_job.py:190} INFO - Processing /home/airflow/.local/lib/python3.6/site-packages/airflow/example_dags/example_trigger_controller_dag.py took 0.084 seconds
[2022-04-23 15:39:07,714] {scheduler_job.py:182} INFO - Started process (PID=902) to work on /home/airflow/.local/lib/python3.6/site-packages/airflow/example_dags/example_trigger_controller_dag.py
[2022-04-23 15:39:07,715] {scheduler_job.py:633} INFO - Processing file /home/airflow/.local/lib/python3.6/site-packages/airflow/example_dags/example_trigger_controller_dag.py for tasks to queue
[2022-04-23 15:39:07,716] {logging_mixin.py:104} INFO - [2022-04-23 15:39:07,716] {dagbag.py:487} INFO - Filling up the DagBag from /home/airflow/.local/lib/python3.6/site-packages/airflow/example_dags/example_trigger_controller_dag.py
[2022-04-23 15:39:07,728] {scheduler_job.py:643} INFO - DAG(s) dict_keys(['example_trigger_controller_dag']) retrieved from /home/airflow/.local/lib/python3.6/site-packages/airflow/example_dags/example_trigger_controller_dag.py
[2022-04-23 15:39:07,751] {logging_mixin.py:104} INFO - [2022-04-23 15:39:07,751] {dag.py:1832} INFO - Sync 1 DAGs
[2022-04-23 15:39:07,766] {logging_mixin.py:104} INFO - [2022-04-23 15:39:07,766] {dag.py:2305} INFO - Setting next_dagrun for example_trigger_controller_dag to 2022-04-21 00:00:00+00:00
[2022-04-23 15:39:07,780] {scheduler_job.py:190} INFO - Processing /home/airflow/.local/lib/python3.6/site-packages/airflow/example_dags/example_trigger_controller_dag.py took 0.070 seconds
[2022-04-23 15:39:38,125] {scheduler_job.py:182} INFO - Started process (PID=969) to work on /home/airflow/.local/lib/python3.6/site-packages/airflow/example_dags/example_trigger_controller_dag.py
[2022-04-23 15:39:38,128] {scheduler_job.py:633} INFO - Processing file /home/airflow/.local/lib/python3.6/site-packages/airflow/example_dags/example_trigger_controller_dag.py for tasks to queue
[2022-04-23 15:39:38,130] {logging_mixin.py:104} INFO - [2022-04-23 15:39:38,129] {dagbag.py:487} INFO - Filling up the DagBag from /home/airflow/.local/lib/python3.6/site-packages/airflow/example_dags/example_trigger_controller_dag.py
[2022-04-23 15:39:38,155] {scheduler_job.py:643} INFO - DAG(s) dict_keys(['example_trigger_controller_dag']) retrieved from /home/airflow/.local/lib/python3.6/site-packages/airflow/example_dags/example_trigger_controller_dag.py
[2022-04-23 15:39:38,184] {logging_mixin.py:104} INFO - [2022-04-23 15:39:38,184] {dag.py:1832} INFO - Sync 1 DAGs
[2022-04-23 15:39:38,202] {logging_mixin.py:104} INFO - [2022-04-23 15:39:38,202] {dag.py:2305} INFO - Setting next_dagrun for example_trigger_controller_dag to 2022-04-21 00:00:00+00:00
[2022-04-23 15:39:38,217] {scheduler_job.py:190} INFO - Processing /home/airflow/.local/lib/python3.6/site-packages/airflow/example_dags/example_trigger_controller_dag.py took 0.100 seconds
[2022-04-23 15:40:08,364] {scheduler_job.py:182} INFO - Started process (PID=1053) to work on /home/airflow/.local/lib/python3.6/site-packages/airflow/example_dags/example_trigger_controller_dag.py
[2022-04-23 15:40:08,365] {scheduler_job.py:633} INFO - Processing file /home/airflow/.local/lib/python3.6/site-packages/airflow/example_dags/example_trigger_controller_dag.py for tasks to queue
[2022-04-23 15:40:08,368] {logging_mixin.py:104} INFO - [2022-04-23 15:40:08,368] {dagbag.py:487} INFO - Filling up the DagBag from /home/airflow/.local/lib/python3.6/site-packages/airflow/example_dags/example_trigger_controller_dag.py
[2022-04-23 15:40:08,384] {scheduler_job.py:643} INFO - DAG(s) dict_keys(['example_trigger_controller_dag']) retrieved from /home/airflow/.local/lib/python3.6/site-packages/airflow/example_dags/example_trigger_controller_dag.py
[2022-04-23 15:40:08,403] {logging_mixin.py:104} INFO - [2022-04-23 15:40:08,403] {dag.py:1832} INFO - Sync 1 DAGs
[2022-04-23 15:40:08,423] {logging_mixin.py:104} INFO - [2022-04-23 15:40:08,423] {dag.py:2305} INFO - Setting next_dagrun for example_trigger_controller_dag to 2022-04-21 00:00:00+00:00
[2022-04-23 15:40:08,438] {scheduler_job.py:190} INFO - Processing /home/airflow/.local/lib/python3.6/site-packages/airflow/example_dags/example_trigger_controller_dag.py took 0.080 seconds
