[2022-04-23 15:34:04,456] {scheduler_job.py:182} INFO - Started process (PID=161) to work on /home/airflow/.local/lib/python3.6/site-packages/airflow/example_dags/example_subdag_operator.py
[2022-04-23 15:34:04,457] {scheduler_job.py:633} INFO - Processing file /home/airflow/.local/lib/python3.6/site-packages/airflow/example_dags/example_subdag_operator.py for tasks to queue
[2022-04-23 15:34:04,457] {logging_mixin.py:104} INFO - [2022-04-23 15:34:04,457] {dagbag.py:487} INFO - Filling up the DagBag from /home/airflow/.local/lib/python3.6/site-packages/airflow/example_dags/example_subdag_operator.py
[2022-04-23 15:34:04,500] {scheduler_job.py:643} INFO - DAG(s) dict_keys(['example_subdag_operator.section-1', 'example_subdag_operator.section-2', 'example_subdag_operator']) retrieved from /home/airflow/.local/lib/python3.6/site-packages/airflow/example_dags/example_subdag_operator.py
[2022-04-23 15:34:06,620] {logging_mixin.py:104} INFO - [2022-04-23 15:34:06,619] {dag.py:1832} INFO - Sync 3 DAGs
[2022-04-23 15:34:06,632] {logging_mixin.py:104} INFO - [2022-04-23 15:34:06,630] {dag.py:1851} INFO - Creating ORM DAG for example_subdag_operator.section-1
[2022-04-23 15:34:06,632] {logging_mixin.py:104} INFO - [2022-04-23 15:34:06,632] {dag.py:1851} INFO - Creating ORM DAG for example_subdag_operator.section-2
[2022-04-23 15:34:06,633] {logging_mixin.py:104} INFO - [2022-04-23 15:34:06,633] {dag.py:1851} INFO - Creating ORM DAG for example_subdag_operator
[2022-04-23 15:34:06,638] {logging_mixin.py:104} INFO - [2022-04-23 15:34:06,637] {dag.py:2305} INFO - Setting next_dagrun for example_subdag_operator to 2022-04-21 00:00:00+00:00
[2022-04-23 15:34:06,638] {logging_mixin.py:104} INFO - [2022-04-23 15:34:06,638] {dag.py:2305} INFO - Setting next_dagrun for example_subdag_operator.section-1 to None
[2022-04-23 15:34:06,638] {logging_mixin.py:104} INFO - [2022-04-23 15:34:06,638] {dag.py:2305} INFO - Setting next_dagrun for example_subdag_operator.section-2 to None
[2022-04-23 15:34:06,651] {logging_mixin.py:104} INFO - [2022-04-23 15:34:06,651] {dag.py:1832} INFO - Sync 2 DAGs
[2022-04-23 15:34:06,659] {logging_mixin.py:104} INFO - [2022-04-23 15:34:06,658] {dag.py:2305} INFO - Setting next_dagrun for example_subdag_operator.section-1 to None
[2022-04-23 15:34:06,659] {logging_mixin.py:104} INFO - [2022-04-23 15:34:06,659] {dag.py:2305} INFO - Setting next_dagrun for example_subdag_operator.section-2 to None
[2022-04-23 15:34:06,669] {scheduler_job.py:190} INFO - Processing /home/airflow/.local/lib/python3.6/site-packages/airflow/example_dags/example_subdag_operator.py took 2.216 seconds
[2022-04-23 15:34:37,496] {scheduler_job.py:182} INFO - Started process (PID=240) to work on /home/airflow/.local/lib/python3.6/site-packages/airflow/example_dags/example_subdag_operator.py
[2022-04-23 15:34:37,498] {scheduler_job.py:633} INFO - Processing file /home/airflow/.local/lib/python3.6/site-packages/airflow/example_dags/example_subdag_operator.py for tasks to queue
[2022-04-23 15:34:37,499] {logging_mixin.py:104} INFO - [2022-04-23 15:34:37,498] {dagbag.py:487} INFO - Filling up the DagBag from /home/airflow/.local/lib/python3.6/site-packages/airflow/example_dags/example_subdag_operator.py
[2022-04-23 15:34:37,536] {scheduler_job.py:643} INFO - DAG(s) dict_keys(['example_subdag_operator.section-1', 'example_subdag_operator.section-2', 'example_subdag_operator']) retrieved from /home/airflow/.local/lib/python3.6/site-packages/airflow/example_dags/example_subdag_operator.py
[2022-04-23 15:34:37,549] {logging_mixin.py:104} INFO - [2022-04-23 15:34:37,549] {dag.py:1832} INFO - Sync 3 DAGs
[2022-04-23 15:34:37,566] {logging_mixin.py:104} INFO - [2022-04-23 15:34:37,566] {dag.py:2305} INFO - Setting next_dagrun for example_subdag_operator to 2022-04-21 00:00:00+00:00
[2022-04-23 15:34:37,567] {logging_mixin.py:104} INFO - [2022-04-23 15:34:37,567] {dag.py:2305} INFO - Setting next_dagrun for example_subdag_operator.section-1 to None
[2022-04-23 15:34:37,568] {logging_mixin.py:104} INFO - [2022-04-23 15:34:37,568] {dag.py:2305} INFO - Setting next_dagrun for example_subdag_operator.section-2 to None
[2022-04-23 15:34:37,578] {logging_mixin.py:104} INFO - [2022-04-23 15:34:37,578] {dag.py:1832} INFO - Sync 2 DAGs
[2022-04-23 15:34:37,587] {logging_mixin.py:104} INFO - [2022-04-23 15:34:37,587] {dag.py:2305} INFO - Setting next_dagrun for example_subdag_operator.section-1 to None
[2022-04-23 15:34:37,589] {logging_mixin.py:104} INFO - [2022-04-23 15:34:37,589] {dag.py:2305} INFO - Setting next_dagrun for example_subdag_operator.section-2 to None
[2022-04-23 15:34:37,597] {scheduler_job.py:190} INFO - Processing /home/airflow/.local/lib/python3.6/site-packages/airflow/example_dags/example_subdag_operator.py took 0.106 seconds
[2022-04-23 15:35:07,996] {scheduler_job.py:182} INFO - Started process (PID=318) to work on /home/airflow/.local/lib/python3.6/site-packages/airflow/example_dags/example_subdag_operator.py
[2022-04-23 15:35:07,998] {scheduler_job.py:633} INFO - Processing file /home/airflow/.local/lib/python3.6/site-packages/airflow/example_dags/example_subdag_operator.py for tasks to queue
[2022-04-23 15:35:07,999] {logging_mixin.py:104} INFO - [2022-04-23 15:35:07,999] {dagbag.py:487} INFO - Filling up the DagBag from /home/airflow/.local/lib/python3.6/site-packages/airflow/example_dags/example_subdag_operator.py
[2022-04-23 15:35:08,033] {scheduler_job.py:643} INFO - DAG(s) dict_keys(['example_subdag_operator.section-1', 'example_subdag_operator.section-2', 'example_subdag_operator']) retrieved from /home/airflow/.local/lib/python3.6/site-packages/airflow/example_dags/example_subdag_operator.py
[2022-04-23 15:35:08,045] {logging_mixin.py:104} INFO - [2022-04-23 15:35:08,045] {dag.py:1832} INFO - Sync 3 DAGs
[2022-04-23 15:35:08,058] {logging_mixin.py:104} INFO - [2022-04-23 15:35:08,058] {dag.py:2305} INFO - Setting next_dagrun for example_subdag_operator to 2022-04-21 00:00:00+00:00
[2022-04-23 15:35:08,059] {logging_mixin.py:104} INFO - [2022-04-23 15:35:08,059] {dag.py:2305} INFO - Setting next_dagrun for example_subdag_operator.section-1 to None
[2022-04-23 15:35:08,059] {logging_mixin.py:104} INFO - [2022-04-23 15:35:08,059] {dag.py:2305} INFO - Setting next_dagrun for example_subdag_operator.section-2 to None
[2022-04-23 15:35:08,067] {logging_mixin.py:104} INFO - [2022-04-23 15:35:08,067] {dag.py:1832} INFO - Sync 2 DAGs
[2022-04-23 15:35:08,073] {logging_mixin.py:104} INFO - [2022-04-23 15:35:08,073] {dag.py:2305} INFO - Setting next_dagrun for example_subdag_operator.section-1 to None
[2022-04-23 15:35:08,073] {logging_mixin.py:104} INFO - [2022-04-23 15:35:08,073] {dag.py:2305} INFO - Setting next_dagrun for example_subdag_operator.section-2 to None
[2022-04-23 15:35:08,081] {scheduler_job.py:190} INFO - Processing /home/airflow/.local/lib/python3.6/site-packages/airflow/example_dags/example_subdag_operator.py took 0.087 seconds
[2022-04-23 15:35:38,227] {scheduler_job.py:182} INFO - Started process (PID=391) to work on /home/airflow/.local/lib/python3.6/site-packages/airflow/example_dags/example_subdag_operator.py
[2022-04-23 15:35:38,230] {scheduler_job.py:633} INFO - Processing file /home/airflow/.local/lib/python3.6/site-packages/airflow/example_dags/example_subdag_operator.py for tasks to queue
[2022-04-23 15:35:38,231] {logging_mixin.py:104} INFO - [2022-04-23 15:35:38,231] {dagbag.py:487} INFO - Filling up the DagBag from /home/airflow/.local/lib/python3.6/site-packages/airflow/example_dags/example_subdag_operator.py
[2022-04-23 15:35:38,274] {scheduler_job.py:643} INFO - DAG(s) dict_keys(['example_subdag_operator.section-1', 'example_subdag_operator.section-2', 'example_subdag_operator']) retrieved from /home/airflow/.local/lib/python3.6/site-packages/airflow/example_dags/example_subdag_operator.py
[2022-04-23 15:35:38,291] {logging_mixin.py:104} INFO - [2022-04-23 15:35:38,291] {dag.py:1832} INFO - Sync 3 DAGs
[2022-04-23 15:35:38,309] {logging_mixin.py:104} INFO - [2022-04-23 15:35:38,309] {dag.py:2305} INFO - Setting next_dagrun for example_subdag_operator to 2022-04-21 00:00:00+00:00
[2022-04-23 15:35:38,310] {logging_mixin.py:104} INFO - [2022-04-23 15:35:38,310] {dag.py:2305} INFO - Setting next_dagrun for example_subdag_operator.section-1 to None
[2022-04-23 15:35:38,310] {logging_mixin.py:104} INFO - [2022-04-23 15:35:38,310] {dag.py:2305} INFO - Setting next_dagrun for example_subdag_operator.section-2 to None
[2022-04-23 15:35:38,320] {logging_mixin.py:104} INFO - [2022-04-23 15:35:38,320] {dag.py:1832} INFO - Sync 2 DAGs
[2022-04-23 15:35:38,328] {logging_mixin.py:104} INFO - [2022-04-23 15:35:38,328] {dag.py:2305} INFO - Setting next_dagrun for example_subdag_operator.section-1 to None
[2022-04-23 15:35:38,328] {logging_mixin.py:104} INFO - [2022-04-23 15:35:38,328] {dag.py:2305} INFO - Setting next_dagrun for example_subdag_operator.section-2 to None
[2022-04-23 15:35:38,337] {scheduler_job.py:190} INFO - Processing /home/airflow/.local/lib/python3.6/site-packages/airflow/example_dags/example_subdag_operator.py took 0.118 seconds
[2022-04-23 15:36:08,539] {scheduler_job.py:182} INFO - Started process (PID=457) to work on /home/airflow/.local/lib/python3.6/site-packages/airflow/example_dags/example_subdag_operator.py
[2022-04-23 15:36:08,541] {scheduler_job.py:633} INFO - Processing file /home/airflow/.local/lib/python3.6/site-packages/airflow/example_dags/example_subdag_operator.py for tasks to queue
[2022-04-23 15:36:08,542] {logging_mixin.py:104} INFO - [2022-04-23 15:36:08,542] {dagbag.py:487} INFO - Filling up the DagBag from /home/airflow/.local/lib/python3.6/site-packages/airflow/example_dags/example_subdag_operator.py
[2022-04-23 15:36:08,594] {scheduler_job.py:643} INFO - DAG(s) dict_keys(['example_subdag_operator.section-1', 'example_subdag_operator.section-2', 'example_subdag_operator']) retrieved from /home/airflow/.local/lib/python3.6/site-packages/airflow/example_dags/example_subdag_operator.py
[2022-04-23 15:36:08,613] {logging_mixin.py:104} INFO - [2022-04-23 15:36:08,613] {dag.py:1832} INFO - Sync 3 DAGs
[2022-04-23 15:36:08,632] {logging_mixin.py:104} INFO - [2022-04-23 15:36:08,632] {dag.py:2305} INFO - Setting next_dagrun for example_subdag_operator to 2022-04-21 00:00:00+00:00
[2022-04-23 15:36:08,633] {logging_mixin.py:104} INFO - [2022-04-23 15:36:08,632] {dag.py:2305} INFO - Setting next_dagrun for example_subdag_operator.section-1 to None
[2022-04-23 15:36:08,633] {logging_mixin.py:104} INFO - [2022-04-23 15:36:08,633] {dag.py:2305} INFO - Setting next_dagrun for example_subdag_operator.section-2 to None
[2022-04-23 15:36:08,645] {logging_mixin.py:104} INFO - [2022-04-23 15:36:08,645] {dag.py:1832} INFO - Sync 2 DAGs
[2022-04-23 15:36:08,653] {logging_mixin.py:104} INFO - [2022-04-23 15:36:08,652] {dag.py:2305} INFO - Setting next_dagrun for example_subdag_operator.section-1 to None
[2022-04-23 15:36:08,653] {logging_mixin.py:104} INFO - [2022-04-23 15:36:08,653] {dag.py:2305} INFO - Setting next_dagrun for example_subdag_operator.section-2 to None
[2022-04-23 15:36:08,662] {scheduler_job.py:190} INFO - Processing /home/airflow/.local/lib/python3.6/site-packages/airflow/example_dags/example_subdag_operator.py took 0.131 seconds
[2022-04-23 15:36:38,779] {scheduler_job.py:182} INFO - Started process (PID=542) to work on /home/airflow/.local/lib/python3.6/site-packages/airflow/example_dags/example_subdag_operator.py
[2022-04-23 15:36:38,781] {scheduler_job.py:633} INFO - Processing file /home/airflow/.local/lib/python3.6/site-packages/airflow/example_dags/example_subdag_operator.py for tasks to queue
[2022-04-23 15:36:38,782] {logging_mixin.py:104} INFO - [2022-04-23 15:36:38,782] {dagbag.py:487} INFO - Filling up the DagBag from /home/airflow/.local/lib/python3.6/site-packages/airflow/example_dags/example_subdag_operator.py
[2022-04-23 15:36:38,822] {scheduler_job.py:643} INFO - DAG(s) dict_keys(['example_subdag_operator.section-1', 'example_subdag_operator.section-2', 'example_subdag_operator']) retrieved from /home/airflow/.local/lib/python3.6/site-packages/airflow/example_dags/example_subdag_operator.py
[2022-04-23 15:36:38,834] {logging_mixin.py:104} INFO - [2022-04-23 15:36:38,834] {dag.py:1832} INFO - Sync 3 DAGs
[2022-04-23 15:36:38,852] {logging_mixin.py:104} INFO - [2022-04-23 15:36:38,852] {dag.py:2305} INFO - Setting next_dagrun for example_subdag_operator to 2022-04-21 00:00:00+00:00
[2022-04-23 15:36:38,853] {logging_mixin.py:104} INFO - [2022-04-23 15:36:38,853] {dag.py:2305} INFO - Setting next_dagrun for example_subdag_operator.section-1 to None
[2022-04-23 15:36:38,854] {logging_mixin.py:104} INFO - [2022-04-23 15:36:38,854] {dag.py:2305} INFO - Setting next_dagrun for example_subdag_operator.section-2 to None
[2022-04-23 15:36:38,870] {logging_mixin.py:104} INFO - [2022-04-23 15:36:38,870] {dag.py:1832} INFO - Sync 2 DAGs
[2022-04-23 15:36:38,880] {logging_mixin.py:104} INFO - [2022-04-23 15:36:38,880] {dag.py:2305} INFO - Setting next_dagrun for example_subdag_operator.section-1 to None
[2022-04-23 15:36:38,880] {logging_mixin.py:104} INFO - [2022-04-23 15:36:38,880] {dag.py:2305} INFO - Setting next_dagrun for example_subdag_operator.section-2 to None
[2022-04-23 15:36:38,891] {scheduler_job.py:190} INFO - Processing /home/airflow/.local/lib/python3.6/site-packages/airflow/example_dags/example_subdag_operator.py took 0.120 seconds
[2022-04-23 15:37:08,988] {scheduler_job.py:182} INFO - Started process (PID=607) to work on /home/airflow/.local/lib/python3.6/site-packages/airflow/example_dags/example_subdag_operator.py
[2022-04-23 15:37:08,991] {scheduler_job.py:633} INFO - Processing file /home/airflow/.local/lib/python3.6/site-packages/airflow/example_dags/example_subdag_operator.py for tasks to queue
[2022-04-23 15:37:08,992] {logging_mixin.py:104} INFO - [2022-04-23 15:37:08,992] {dagbag.py:487} INFO - Filling up the DagBag from /home/airflow/.local/lib/python3.6/site-packages/airflow/example_dags/example_subdag_operator.py
[2022-04-23 15:37:09,064] {scheduler_job.py:643} INFO - DAG(s) dict_keys(['example_subdag_operator.section-1', 'example_subdag_operator.section-2', 'example_subdag_operator']) retrieved from /home/airflow/.local/lib/python3.6/site-packages/airflow/example_dags/example_subdag_operator.py
[2022-04-23 15:37:09,084] {logging_mixin.py:104} INFO - [2022-04-23 15:37:09,084] {dag.py:1832} INFO - Sync 3 DAGs
[2022-04-23 15:37:09,102] {logging_mixin.py:104} INFO - [2022-04-23 15:37:09,102] {dag.py:2305} INFO - Setting next_dagrun for example_subdag_operator to 2022-04-21 00:00:00+00:00
[2022-04-23 15:37:09,103] {logging_mixin.py:104} INFO - [2022-04-23 15:37:09,103] {dag.py:2305} INFO - Setting next_dagrun for example_subdag_operator.section-1 to None
[2022-04-23 15:37:09,104] {logging_mixin.py:104} INFO - [2022-04-23 15:37:09,104] {dag.py:2305} INFO - Setting next_dagrun for example_subdag_operator.section-2 to None
[2022-04-23 15:37:09,115] {logging_mixin.py:104} INFO - [2022-04-23 15:37:09,115] {dag.py:1832} INFO - Sync 2 DAGs
[2022-04-23 15:37:09,126] {logging_mixin.py:104} INFO - [2022-04-23 15:37:09,126] {dag.py:2305} INFO - Setting next_dagrun for example_subdag_operator.section-1 to None
[2022-04-23 15:37:09,126] {logging_mixin.py:104} INFO - [2022-04-23 15:37:09,126] {dag.py:2305} INFO - Setting next_dagrun for example_subdag_operator.section-2 to None
[2022-04-23 15:37:09,137] {scheduler_job.py:190} INFO - Processing /home/airflow/.local/lib/python3.6/site-packages/airflow/example_dags/example_subdag_operator.py took 0.159 seconds
[2022-04-23 15:37:39,528] {scheduler_job.py:182} INFO - Started process (PID=691) to work on /home/airflow/.local/lib/python3.6/site-packages/airflow/example_dags/example_subdag_operator.py
[2022-04-23 15:37:39,529] {scheduler_job.py:633} INFO - Processing file /home/airflow/.local/lib/python3.6/site-packages/airflow/example_dags/example_subdag_operator.py for tasks to queue
[2022-04-23 15:37:39,529] {logging_mixin.py:104} INFO - [2022-04-23 15:37:39,529] {dagbag.py:487} INFO - Filling up the DagBag from /home/airflow/.local/lib/python3.6/site-packages/airflow/example_dags/example_subdag_operator.py
[2022-04-23 15:37:39,562] {scheduler_job.py:643} INFO - DAG(s) dict_keys(['example_subdag_operator.section-1', 'example_subdag_operator.section-2', 'example_subdag_operator']) retrieved from /home/airflow/.local/lib/python3.6/site-packages/airflow/example_dags/example_subdag_operator.py
[2022-04-23 15:37:39,576] {logging_mixin.py:104} INFO - [2022-04-23 15:37:39,576] {dag.py:1832} INFO - Sync 3 DAGs
[2022-04-23 15:37:39,599] {logging_mixin.py:104} INFO - [2022-04-23 15:37:39,599] {dag.py:2305} INFO - Setting next_dagrun for example_subdag_operator to 2022-04-21 00:00:00+00:00
[2022-04-23 15:37:39,600] {logging_mixin.py:104} INFO - [2022-04-23 15:37:39,600] {dag.py:2305} INFO - Setting next_dagrun for example_subdag_operator.section-1 to None
[2022-04-23 15:37:39,600] {logging_mixin.py:104} INFO - [2022-04-23 15:37:39,600] {dag.py:2305} INFO - Setting next_dagrun for example_subdag_operator.section-2 to None
[2022-04-23 15:37:39,610] {logging_mixin.py:104} INFO - [2022-04-23 15:37:39,609] {dag.py:1832} INFO - Sync 2 DAGs
[2022-04-23 15:37:39,616] {logging_mixin.py:104} INFO - [2022-04-23 15:37:39,616] {dag.py:2305} INFO - Setting next_dagrun for example_subdag_operator.section-1 to None
[2022-04-23 15:37:39,617] {logging_mixin.py:104} INFO - [2022-04-23 15:37:39,617] {dag.py:2305} INFO - Setting next_dagrun for example_subdag_operator.section-2 to None
[2022-04-23 15:37:39,626] {scheduler_job.py:190} INFO - Processing /home/airflow/.local/lib/python3.6/site-packages/airflow/example_dags/example_subdag_operator.py took 0.100 seconds
[2022-04-23 15:38:10,014] {scheduler_job.py:182} INFO - Started process (PID=757) to work on /home/airflow/.local/lib/python3.6/site-packages/airflow/example_dags/example_subdag_operator.py
[2022-04-23 15:38:10,016] {scheduler_job.py:633} INFO - Processing file /home/airflow/.local/lib/python3.6/site-packages/airflow/example_dags/example_subdag_operator.py for tasks to queue
[2022-04-23 15:38:10,018] {logging_mixin.py:104} INFO - [2022-04-23 15:38:10,018] {dagbag.py:487} INFO - Filling up the DagBag from /home/airflow/.local/lib/python3.6/site-packages/airflow/example_dags/example_subdag_operator.py
[2022-04-23 15:38:10,093] {scheduler_job.py:643} INFO - DAG(s) dict_keys(['example_subdag_operator.section-1', 'example_subdag_operator.section-2', 'example_subdag_operator']) retrieved from /home/airflow/.local/lib/python3.6/site-packages/airflow/example_dags/example_subdag_operator.py
[2022-04-23 15:38:10,119] {logging_mixin.py:104} INFO - [2022-04-23 15:38:10,119] {dag.py:1832} INFO - Sync 3 DAGs
[2022-04-23 15:38:10,141] {logging_mixin.py:104} INFO - [2022-04-23 15:38:10,141] {dag.py:2305} INFO - Setting next_dagrun for example_subdag_operator to 2022-04-21 00:00:00+00:00
[2022-04-23 15:38:10,142] {logging_mixin.py:104} INFO - [2022-04-23 15:38:10,142] {dag.py:2305} INFO - Setting next_dagrun for example_subdag_operator.section-1 to None
[2022-04-23 15:38:10,142] {logging_mixin.py:104} INFO - [2022-04-23 15:38:10,142] {dag.py:2305} INFO - Setting next_dagrun for example_subdag_operator.section-2 to None
[2022-04-23 15:38:10,160] {logging_mixin.py:104} INFO - [2022-04-23 15:38:10,160] {dag.py:1832} INFO - Sync 2 DAGs
[2022-04-23 15:38:10,176] {logging_mixin.py:104} INFO - [2022-04-23 15:38:10,176] {dag.py:2305} INFO - Setting next_dagrun for example_subdag_operator.section-1 to None
[2022-04-23 15:38:10,176] {logging_mixin.py:104} INFO - [2022-04-23 15:38:10,176] {dag.py:2305} INFO - Setting next_dagrun for example_subdag_operator.section-2 to None
[2022-04-23 15:38:10,187] {scheduler_job.py:190} INFO - Processing /home/airflow/.local/lib/python3.6/site-packages/airflow/example_dags/example_subdag_operator.py took 0.181 seconds
[2022-04-23 15:38:40,533] {scheduler_job.py:182} INFO - Started process (PID=840) to work on /home/airflow/.local/lib/python3.6/site-packages/airflow/example_dags/example_subdag_operator.py
[2022-04-23 15:38:40,535] {scheduler_job.py:633} INFO - Processing file /home/airflow/.local/lib/python3.6/site-packages/airflow/example_dags/example_subdag_operator.py for tasks to queue
[2022-04-23 15:38:40,537] {logging_mixin.py:104} INFO - [2022-04-23 15:38:40,536] {dagbag.py:487} INFO - Filling up the DagBag from /home/airflow/.local/lib/python3.6/site-packages/airflow/example_dags/example_subdag_operator.py
[2022-04-23 15:38:40,582] {scheduler_job.py:643} INFO - DAG(s) dict_keys(['example_subdag_operator.section-1', 'example_subdag_operator.section-2', 'example_subdag_operator']) retrieved from /home/airflow/.local/lib/python3.6/site-packages/airflow/example_dags/example_subdag_operator.py
[2022-04-23 15:38:40,598] {logging_mixin.py:104} INFO - [2022-04-23 15:38:40,598] {dag.py:1832} INFO - Sync 3 DAGs
[2022-04-23 15:38:40,617] {logging_mixin.py:104} INFO - [2022-04-23 15:38:40,617] {dag.py:2305} INFO - Setting next_dagrun for example_subdag_operator to 2022-04-21 00:00:00+00:00
[2022-04-23 15:38:40,618] {logging_mixin.py:104} INFO - [2022-04-23 15:38:40,618] {dag.py:2305} INFO - Setting next_dagrun for example_subdag_operator.section-1 to None
[2022-04-23 15:38:40,622] {logging_mixin.py:104} INFO - [2022-04-23 15:38:40,622] {dag.py:2305} INFO - Setting next_dagrun for example_subdag_operator.section-2 to None
[2022-04-23 15:38:40,631] {logging_mixin.py:104} INFO - [2022-04-23 15:38:40,631] {dag.py:1832} INFO - Sync 2 DAGs
[2022-04-23 15:38:40,638] {logging_mixin.py:104} INFO - [2022-04-23 15:38:40,638] {dag.py:2305} INFO - Setting next_dagrun for example_subdag_operator.section-1 to None
[2022-04-23 15:38:40,639] {logging_mixin.py:104} INFO - [2022-04-23 15:38:40,639] {dag.py:2305} INFO - Setting next_dagrun for example_subdag_operator.section-2 to None
[2022-04-23 15:38:40,646] {scheduler_job.py:190} INFO - Processing /home/airflow/.local/lib/python3.6/site-packages/airflow/example_dags/example_subdag_operator.py took 0.120 seconds
[2022-04-23 15:39:10,922] {scheduler_job.py:182} INFO - Started process (PID=906) to work on /home/airflow/.local/lib/python3.6/site-packages/airflow/example_dags/example_subdag_operator.py
[2022-04-23 15:39:10,923] {scheduler_job.py:633} INFO - Processing file /home/airflow/.local/lib/python3.6/site-packages/airflow/example_dags/example_subdag_operator.py for tasks to queue
[2022-04-23 15:39:10,924] {logging_mixin.py:104} INFO - [2022-04-23 15:39:10,924] {dagbag.py:487} INFO - Filling up the DagBag from /home/airflow/.local/lib/python3.6/site-packages/airflow/example_dags/example_subdag_operator.py
[2022-04-23 15:39:10,978] {scheduler_job.py:643} INFO - DAG(s) dict_keys(['example_subdag_operator.section-1', 'example_subdag_operator.section-2', 'example_subdag_operator']) retrieved from /home/airflow/.local/lib/python3.6/site-packages/airflow/example_dags/example_subdag_operator.py
[2022-04-23 15:39:11,004] {logging_mixin.py:104} INFO - [2022-04-23 15:39:11,003] {dag.py:1832} INFO - Sync 3 DAGs
[2022-04-23 15:39:11,022] {logging_mixin.py:104} INFO - [2022-04-23 15:39:11,022] {dag.py:2305} INFO - Setting next_dagrun for example_subdag_operator to 2022-04-21 00:00:00+00:00
[2022-04-23 15:39:11,022] {logging_mixin.py:104} INFO - [2022-04-23 15:39:11,022] {dag.py:2305} INFO - Setting next_dagrun for example_subdag_operator.section-1 to None
[2022-04-23 15:39:11,023] {logging_mixin.py:104} INFO - [2022-04-23 15:39:11,023] {dag.py:2305} INFO - Setting next_dagrun for example_subdag_operator.section-2 to None
[2022-04-23 15:39:11,032] {logging_mixin.py:104} INFO - [2022-04-23 15:39:11,031] {dag.py:1832} INFO - Sync 2 DAGs
[2022-04-23 15:39:11,039] {logging_mixin.py:104} INFO - [2022-04-23 15:39:11,039] {dag.py:2305} INFO - Setting next_dagrun for example_subdag_operator.section-1 to None
[2022-04-23 15:39:11,039] {logging_mixin.py:104} INFO - [2022-04-23 15:39:11,039] {dag.py:2305} INFO - Setting next_dagrun for example_subdag_operator.section-2 to None
[2022-04-23 15:39:11,047] {scheduler_job.py:190} INFO - Processing /home/airflow/.local/lib/python3.6/site-packages/airflow/example_dags/example_subdag_operator.py took 0.133 seconds
[2022-04-23 15:39:41,264] {scheduler_job.py:182} INFO - Started process (PID=991) to work on /home/airflow/.local/lib/python3.6/site-packages/airflow/example_dags/example_subdag_operator.py
[2022-04-23 15:39:41,265] {scheduler_job.py:633} INFO - Processing file /home/airflow/.local/lib/python3.6/site-packages/airflow/example_dags/example_subdag_operator.py for tasks to queue
[2022-04-23 15:39:41,266] {logging_mixin.py:104} INFO - [2022-04-23 15:39:41,266] {dagbag.py:487} INFO - Filling up the DagBag from /home/airflow/.local/lib/python3.6/site-packages/airflow/example_dags/example_subdag_operator.py
[2022-04-23 15:39:41,328] {scheduler_job.py:643} INFO - DAG(s) dict_keys(['example_subdag_operator.section-1', 'example_subdag_operator.section-2', 'example_subdag_operator']) retrieved from /home/airflow/.local/lib/python3.6/site-packages/airflow/example_dags/example_subdag_operator.py
[2022-04-23 15:39:41,339] {logging_mixin.py:104} INFO - [2022-04-23 15:39:41,339] {dag.py:1832} INFO - Sync 3 DAGs
[2022-04-23 15:39:41,356] {logging_mixin.py:104} INFO - [2022-04-23 15:39:41,356] {dag.py:2305} INFO - Setting next_dagrun for example_subdag_operator to 2022-04-21 00:00:00+00:00
[2022-04-23 15:39:41,357] {logging_mixin.py:104} INFO - [2022-04-23 15:39:41,357] {dag.py:2305} INFO - Setting next_dagrun for example_subdag_operator.section-1 to None
[2022-04-23 15:39:41,357] {logging_mixin.py:104} INFO - [2022-04-23 15:39:41,357] {dag.py:2305} INFO - Setting next_dagrun for example_subdag_operator.section-2 to None
[2022-04-23 15:39:41,374] {logging_mixin.py:104} INFO - [2022-04-23 15:39:41,374] {dag.py:1832} INFO - Sync 2 DAGs
[2022-04-23 15:39:41,387] {logging_mixin.py:104} INFO - [2022-04-23 15:39:41,387] {dag.py:2305} INFO - Setting next_dagrun for example_subdag_operator.section-1 to None
[2022-04-23 15:39:41,388] {logging_mixin.py:104} INFO - [2022-04-23 15:39:41,388] {dag.py:2305} INFO - Setting next_dagrun for example_subdag_operator.section-2 to None
[2022-04-23 15:39:41,401] {scheduler_job.py:190} INFO - Processing /home/airflow/.local/lib/python3.6/site-packages/airflow/example_dags/example_subdag_operator.py took 0.140 seconds
