[2022-04-23 15:33:50,639] {scheduler_job.py:182} INFO - Started process (PID=111) to work on /home/airflow/.local/lib/python3.6/site-packages/airflow/example_dags/example_branch_day_of_week_operator.py
[2022-04-23 15:33:50,642] {scheduler_job.py:633} INFO - Processing file /home/airflow/.local/lib/python3.6/site-packages/airflow/example_dags/example_branch_day_of_week_operator.py for tasks to queue
[2022-04-23 15:33:50,643] {logging_mixin.py:104} INFO - [2022-04-23 15:33:50,643] {dagbag.py:487} INFO - Filling up the DagBag from /home/airflow/.local/lib/python3.6/site-packages/airflow/example_dags/example_branch_day_of_week_operator.py
[2022-04-23 15:33:50,655] {scheduler_job.py:643} INFO - DAG(s) dict_keys(['example_weekday_branch_operator']) retrieved from /home/airflow/.local/lib/python3.6/site-packages/airflow/example_dags/example_branch_day_of_week_operator.py
[2022-04-23 15:33:52,637] {logging_mixin.py:104} INFO - [2022-04-23 15:33:52,635] {dag.py:1832} INFO - Sync 1 DAGs
[2022-04-23 15:33:52,647] {logging_mixin.py:104} INFO - [2022-04-23 15:33:52,646] {dag.py:1851} INFO - Creating ORM DAG for example_weekday_branch_operator
[2022-04-23 15:33:52,654] {logging_mixin.py:104} INFO - [2022-04-23 15:33:52,654] {dag.py:2305} INFO - Setting next_dagrun for example_weekday_branch_operator to 2022-04-21 00:00:00+00:00
[2022-04-23 15:33:52,668] {scheduler_job.py:190} INFO - Processing /home/airflow/.local/lib/python3.6/site-packages/airflow/example_dags/example_branch_day_of_week_operator.py took 2.032 seconds
[2022-04-23 15:34:22,932] {scheduler_job.py:182} INFO - Started process (PID=210) to work on /home/airflow/.local/lib/python3.6/site-packages/airflow/example_dags/example_branch_day_of_week_operator.py
[2022-04-23 15:34:22,933] {scheduler_job.py:633} INFO - Processing file /home/airflow/.local/lib/python3.6/site-packages/airflow/example_dags/example_branch_day_of_week_operator.py for tasks to queue
[2022-04-23 15:34:22,934] {logging_mixin.py:104} INFO - [2022-04-23 15:34:22,934] {dagbag.py:487} INFO - Filling up the DagBag from /home/airflow/.local/lib/python3.6/site-packages/airflow/example_dags/example_branch_day_of_week_operator.py
[2022-04-23 15:34:22,945] {scheduler_job.py:643} INFO - DAG(s) dict_keys(['example_weekday_branch_operator']) retrieved from /home/airflow/.local/lib/python3.6/site-packages/airflow/example_dags/example_branch_day_of_week_operator.py
[2022-04-23 15:34:22,971] {logging_mixin.py:104} INFO - [2022-04-23 15:34:22,971] {dag.py:1832} INFO - Sync 1 DAGs
[2022-04-23 15:34:22,988] {logging_mixin.py:104} INFO - [2022-04-23 15:34:22,988] {dag.py:2305} INFO - Setting next_dagrun for example_weekday_branch_operator to 2022-04-21 00:00:00+00:00
[2022-04-23 15:34:23,003] {scheduler_job.py:190} INFO - Processing /home/airflow/.local/lib/python3.6/site-packages/airflow/example_dags/example_branch_day_of_week_operator.py took 0.073 seconds
[2022-04-23 15:34:53,322] {scheduler_job.py:182} INFO - Started process (PID=276) to work on /home/airflow/.local/lib/python3.6/site-packages/airflow/example_dags/example_branch_day_of_week_operator.py
[2022-04-23 15:34:53,324] {scheduler_job.py:633} INFO - Processing file /home/airflow/.local/lib/python3.6/site-packages/airflow/example_dags/example_branch_day_of_week_operator.py for tasks to queue
[2022-04-23 15:34:53,325] {logging_mixin.py:104} INFO - [2022-04-23 15:34:53,325] {dagbag.py:487} INFO - Filling up the DagBag from /home/airflow/.local/lib/python3.6/site-packages/airflow/example_dags/example_branch_day_of_week_operator.py
[2022-04-23 15:34:53,347] {scheduler_job.py:643} INFO - DAG(s) dict_keys(['example_weekday_branch_operator']) retrieved from /home/airflow/.local/lib/python3.6/site-packages/airflow/example_dags/example_branch_day_of_week_operator.py
[2022-04-23 15:34:53,396] {logging_mixin.py:104} INFO - [2022-04-23 15:34:53,395] {dag.py:1832} INFO - Sync 1 DAGs
[2022-04-23 15:34:53,421] {logging_mixin.py:104} INFO - [2022-04-23 15:34:53,421] {dag.py:2305} INFO - Setting next_dagrun for example_weekday_branch_operator to 2022-04-21 00:00:00+00:00
[2022-04-23 15:34:53,434] {scheduler_job.py:190} INFO - Processing /home/airflow/.local/lib/python3.6/site-packages/airflow/example_dags/example_branch_day_of_week_operator.py took 0.120 seconds
[2022-04-23 15:35:23,513] {scheduler_job.py:182} INFO - Started process (PID=360) to work on /home/airflow/.local/lib/python3.6/site-packages/airflow/example_dags/example_branch_day_of_week_operator.py
[2022-04-23 15:35:23,515] {scheduler_job.py:633} INFO - Processing file /home/airflow/.local/lib/python3.6/site-packages/airflow/example_dags/example_branch_day_of_week_operator.py for tasks to queue
[2022-04-23 15:35:23,516] {logging_mixin.py:104} INFO - [2022-04-23 15:35:23,516] {dagbag.py:487} INFO - Filling up the DagBag from /home/airflow/.local/lib/python3.6/site-packages/airflow/example_dags/example_branch_day_of_week_operator.py
[2022-04-23 15:35:23,533] {scheduler_job.py:643} INFO - DAG(s) dict_keys(['example_weekday_branch_operator']) retrieved from /home/airflow/.local/lib/python3.6/site-packages/airflow/example_dags/example_branch_day_of_week_operator.py
[2022-04-23 15:35:23,554] {logging_mixin.py:104} INFO - [2022-04-23 15:35:23,554] {dag.py:1832} INFO - Sync 1 DAGs
[2022-04-23 15:35:23,573] {logging_mixin.py:104} INFO - [2022-04-23 15:35:23,573] {dag.py:2305} INFO - Setting next_dagrun for example_weekday_branch_operator to 2022-04-21 00:00:00+00:00
[2022-04-23 15:35:23,585] {scheduler_job.py:190} INFO - Processing /home/airflow/.local/lib/python3.6/site-packages/airflow/example_dags/example_branch_day_of_week_operator.py took 0.076 seconds
[2022-04-23 15:35:53,639] {scheduler_job.py:182} INFO - Started process (PID=426) to work on /home/airflow/.local/lib/python3.6/site-packages/airflow/example_dags/example_branch_day_of_week_operator.py
[2022-04-23 15:35:53,640] {scheduler_job.py:633} INFO - Processing file /home/airflow/.local/lib/python3.6/site-packages/airflow/example_dags/example_branch_day_of_week_operator.py for tasks to queue
[2022-04-23 15:35:53,641] {logging_mixin.py:104} INFO - [2022-04-23 15:35:53,641] {dagbag.py:487} INFO - Filling up the DagBag from /home/airflow/.local/lib/python3.6/site-packages/airflow/example_dags/example_branch_day_of_week_operator.py
[2022-04-23 15:35:53,658] {scheduler_job.py:643} INFO - DAG(s) dict_keys(['example_weekday_branch_operator']) retrieved from /home/airflow/.local/lib/python3.6/site-packages/airflow/example_dags/example_branch_day_of_week_operator.py
[2022-04-23 15:35:53,683] {logging_mixin.py:104} INFO - [2022-04-23 15:35:53,683] {dag.py:1832} INFO - Sync 1 DAGs
[2022-04-23 15:35:53,703] {logging_mixin.py:104} INFO - [2022-04-23 15:35:53,703] {dag.py:2305} INFO - Setting next_dagrun for example_weekday_branch_operator to 2022-04-21 00:00:00+00:00
[2022-04-23 15:35:53,718] {scheduler_job.py:190} INFO - Processing /home/airflow/.local/lib/python3.6/site-packages/airflow/example_dags/example_branch_day_of_week_operator.py took 0.082 seconds
[2022-04-23 15:36:23,999] {scheduler_job.py:182} INFO - Started process (PID=511) to work on /home/airflow/.local/lib/python3.6/site-packages/airflow/example_dags/example_branch_day_of_week_operator.py
[2022-04-23 15:36:24,000] {scheduler_job.py:633} INFO - Processing file /home/airflow/.local/lib/python3.6/site-packages/airflow/example_dags/example_branch_day_of_week_operator.py for tasks to queue
[2022-04-23 15:36:24,002] {logging_mixin.py:104} INFO - [2022-04-23 15:36:24,002] {dagbag.py:487} INFO - Filling up the DagBag from /home/airflow/.local/lib/python3.6/site-packages/airflow/example_dags/example_branch_day_of_week_operator.py
[2022-04-23 15:36:24,029] {scheduler_job.py:643} INFO - DAG(s) dict_keys(['example_weekday_branch_operator']) retrieved from /home/airflow/.local/lib/python3.6/site-packages/airflow/example_dags/example_branch_day_of_week_operator.py
[2022-04-23 15:36:24,079] {logging_mixin.py:104} INFO - [2022-04-23 15:36:24,079] {dag.py:1832} INFO - Sync 1 DAGs
[2022-04-23 15:36:24,123] {logging_mixin.py:104} INFO - [2022-04-23 15:36:24,123] {dag.py:2305} INFO - Setting next_dagrun for example_weekday_branch_operator to 2022-04-21 00:00:00+00:00
[2022-04-23 15:36:24,148] {scheduler_job.py:190} INFO - Processing /home/airflow/.local/lib/python3.6/site-packages/airflow/example_dags/example_branch_day_of_week_operator.py took 0.157 seconds
[2022-04-23 15:36:54,279] {scheduler_job.py:182} INFO - Started process (PID=576) to work on /home/airflow/.local/lib/python3.6/site-packages/airflow/example_dags/example_branch_day_of_week_operator.py
[2022-04-23 15:36:54,280] {scheduler_job.py:633} INFO - Processing file /home/airflow/.local/lib/python3.6/site-packages/airflow/example_dags/example_branch_day_of_week_operator.py for tasks to queue
[2022-04-23 15:36:54,281] {logging_mixin.py:104} INFO - [2022-04-23 15:36:54,281] {dagbag.py:487} INFO - Filling up the DagBag from /home/airflow/.local/lib/python3.6/site-packages/airflow/example_dags/example_branch_day_of_week_operator.py
[2022-04-23 15:36:54,299] {scheduler_job.py:643} INFO - DAG(s) dict_keys(['example_weekday_branch_operator']) retrieved from /home/airflow/.local/lib/python3.6/site-packages/airflow/example_dags/example_branch_day_of_week_operator.py
[2022-04-23 15:36:54,324] {logging_mixin.py:104} INFO - [2022-04-23 15:36:54,324] {dag.py:1832} INFO - Sync 1 DAGs
[2022-04-23 15:36:54,345] {logging_mixin.py:104} INFO - [2022-04-23 15:36:54,345] {dag.py:2305} INFO - Setting next_dagrun for example_weekday_branch_operator to 2022-04-21 00:00:00+00:00
[2022-04-23 15:36:54,356] {scheduler_job.py:190} INFO - Processing /home/airflow/.local/lib/python3.6/site-packages/airflow/example_dags/example_branch_day_of_week_operator.py took 0.085 seconds
[2022-04-23 15:37:24,947] {scheduler_job.py:182} INFO - Started process (PID=652) to work on /home/airflow/.local/lib/python3.6/site-packages/airflow/example_dags/example_branch_day_of_week_operator.py
[2022-04-23 15:37:24,948] {scheduler_job.py:633} INFO - Processing file /home/airflow/.local/lib/python3.6/site-packages/airflow/example_dags/example_branch_day_of_week_operator.py for tasks to queue
[2022-04-23 15:37:24,949] {logging_mixin.py:104} INFO - [2022-04-23 15:37:24,948] {dagbag.py:487} INFO - Filling up the DagBag from /home/airflow/.local/lib/python3.6/site-packages/airflow/example_dags/example_branch_day_of_week_operator.py
[2022-04-23 15:37:24,962] {scheduler_job.py:643} INFO - DAG(s) dict_keys(['example_weekday_branch_operator']) retrieved from /home/airflow/.local/lib/python3.6/site-packages/airflow/example_dags/example_branch_day_of_week_operator.py
[2022-04-23 15:37:24,988] {logging_mixin.py:104} INFO - [2022-04-23 15:37:24,988] {dag.py:1832} INFO - Sync 1 DAGs
[2022-04-23 15:37:25,006] {logging_mixin.py:104} INFO - [2022-04-23 15:37:25,006] {dag.py:2305} INFO - Setting next_dagrun for example_weekday_branch_operator to 2022-04-21 00:00:00+00:00
[2022-04-23 15:37:25,022] {scheduler_job.py:190} INFO - Processing /home/airflow/.local/lib/python3.6/site-packages/airflow/example_dags/example_branch_day_of_week_operator.py took 0.077 seconds
[2022-04-23 15:37:55,323] {scheduler_job.py:182} INFO - Started process (PID=725) to work on /home/airflow/.local/lib/python3.6/site-packages/airflow/example_dags/example_branch_day_of_week_operator.py
[2022-04-23 15:37:55,324] {scheduler_job.py:633} INFO - Processing file /home/airflow/.local/lib/python3.6/site-packages/airflow/example_dags/example_branch_day_of_week_operator.py for tasks to queue
[2022-04-23 15:37:55,325] {logging_mixin.py:104} INFO - [2022-04-23 15:37:55,325] {dagbag.py:487} INFO - Filling up the DagBag from /home/airflow/.local/lib/python3.6/site-packages/airflow/example_dags/example_branch_day_of_week_operator.py
[2022-04-23 15:37:55,349] {scheduler_job.py:643} INFO - DAG(s) dict_keys(['example_weekday_branch_operator']) retrieved from /home/airflow/.local/lib/python3.6/site-packages/airflow/example_dags/example_branch_day_of_week_operator.py
[2022-04-23 15:37:55,367] {logging_mixin.py:104} INFO - [2022-04-23 15:37:55,367] {dag.py:1832} INFO - Sync 1 DAGs
[2022-04-23 15:37:55,384] {logging_mixin.py:104} INFO - [2022-04-23 15:37:55,384] {dag.py:2305} INFO - Setting next_dagrun for example_weekday_branch_operator to 2022-04-21 00:00:00+00:00
[2022-04-23 15:37:55,411] {scheduler_job.py:190} INFO - Processing /home/airflow/.local/lib/python3.6/site-packages/airflow/example_dags/example_branch_day_of_week_operator.py took 0.091 seconds
[2022-04-23 15:38:25,797] {scheduler_job.py:182} INFO - Started process (PID=798) to work on /home/airflow/.local/lib/python3.6/site-packages/airflow/example_dags/example_branch_day_of_week_operator.py
[2022-04-23 15:38:25,798] {scheduler_job.py:633} INFO - Processing file /home/airflow/.local/lib/python3.6/site-packages/airflow/example_dags/example_branch_day_of_week_operator.py for tasks to queue
[2022-04-23 15:38:25,799] {logging_mixin.py:104} INFO - [2022-04-23 15:38:25,799] {dagbag.py:487} INFO - Filling up the DagBag from /home/airflow/.local/lib/python3.6/site-packages/airflow/example_dags/example_branch_day_of_week_operator.py
[2022-04-23 15:38:25,815] {scheduler_job.py:643} INFO - DAG(s) dict_keys(['example_weekday_branch_operator']) retrieved from /home/airflow/.local/lib/python3.6/site-packages/airflow/example_dags/example_branch_day_of_week_operator.py
[2022-04-23 15:38:25,835] {logging_mixin.py:104} INFO - [2022-04-23 15:38:25,835] {dag.py:1832} INFO - Sync 1 DAGs
[2022-04-23 15:38:25,852] {logging_mixin.py:104} INFO - [2022-04-23 15:38:25,851] {dag.py:2305} INFO - Setting next_dagrun for example_weekday_branch_operator to 2022-04-21 00:00:00+00:00
[2022-04-23 15:38:25,866] {scheduler_job.py:190} INFO - Processing /home/airflow/.local/lib/python3.6/site-packages/airflow/example_dags/example_branch_day_of_week_operator.py took 0.074 seconds
[2022-04-23 15:38:56,099] {scheduler_job.py:182} INFO - Started process (PID=874) to work on /home/airflow/.local/lib/python3.6/site-packages/airflow/example_dags/example_branch_day_of_week_operator.py
[2022-04-23 15:38:56,101] {scheduler_job.py:633} INFO - Processing file /home/airflow/.local/lib/python3.6/site-packages/airflow/example_dags/example_branch_day_of_week_operator.py for tasks to queue
[2022-04-23 15:38:56,102] {logging_mixin.py:104} INFO - [2022-04-23 15:38:56,101] {dagbag.py:487} INFO - Filling up the DagBag from /home/airflow/.local/lib/python3.6/site-packages/airflow/example_dags/example_branch_day_of_week_operator.py
[2022-04-23 15:38:56,121] {scheduler_job.py:643} INFO - DAG(s) dict_keys(['example_weekday_branch_operator']) retrieved from /home/airflow/.local/lib/python3.6/site-packages/airflow/example_dags/example_branch_day_of_week_operator.py
[2022-04-23 15:38:56,151] {logging_mixin.py:104} INFO - [2022-04-23 15:38:56,151] {dag.py:1832} INFO - Sync 1 DAGs
[2022-04-23 15:38:56,180] {logging_mixin.py:104} INFO - [2022-04-23 15:38:56,180] {dag.py:2305} INFO - Setting next_dagrun for example_weekday_branch_operator to 2022-04-21 00:00:00+00:00
[2022-04-23 15:38:56,196] {scheduler_job.py:190} INFO - Processing /home/airflow/.local/lib/python3.6/site-packages/airflow/example_dags/example_branch_day_of_week_operator.py took 0.104 seconds
[2022-04-23 15:39:26,571] {scheduler_job.py:182} INFO - Started process (PID=941) to work on /home/airflow/.local/lib/python3.6/site-packages/airflow/example_dags/example_branch_day_of_week_operator.py
[2022-04-23 15:39:26,573] {scheduler_job.py:633} INFO - Processing file /home/airflow/.local/lib/python3.6/site-packages/airflow/example_dags/example_branch_day_of_week_operator.py for tasks to queue
[2022-04-23 15:39:26,577] {logging_mixin.py:104} INFO - [2022-04-23 15:39:26,577] {dagbag.py:487} INFO - Filling up the DagBag from /home/airflow/.local/lib/python3.6/site-packages/airflow/example_dags/example_branch_day_of_week_operator.py
[2022-04-23 15:39:26,607] {scheduler_job.py:643} INFO - DAG(s) dict_keys(['example_weekday_branch_operator']) retrieved from /home/airflow/.local/lib/python3.6/site-packages/airflow/example_dags/example_branch_day_of_week_operator.py
[2022-04-23 15:39:26,643] {logging_mixin.py:104} INFO - [2022-04-23 15:39:26,643] {dag.py:1832} INFO - Sync 1 DAGs
[2022-04-23 15:39:26,676] {logging_mixin.py:104} INFO - [2022-04-23 15:39:26,675] {dag.py:2305} INFO - Setting next_dagrun for example_weekday_branch_operator to 2022-04-21 00:00:00+00:00
[2022-04-23 15:39:26,696] {scheduler_job.py:190} INFO - Processing /home/airflow/.local/lib/python3.6/site-packages/airflow/example_dags/example_branch_day_of_week_operator.py took 0.133 seconds
[2022-04-23 15:39:56,911] {scheduler_job.py:182} INFO - Started process (PID=1026) to work on /home/airflow/.local/lib/python3.6/site-packages/airflow/example_dags/example_branch_day_of_week_operator.py
[2022-04-23 15:39:56,913] {scheduler_job.py:633} INFO - Processing file /home/airflow/.local/lib/python3.6/site-packages/airflow/example_dags/example_branch_day_of_week_operator.py for tasks to queue
[2022-04-23 15:39:56,915] {logging_mixin.py:104} INFO - [2022-04-23 15:39:56,914] {dagbag.py:487} INFO - Filling up the DagBag from /home/airflow/.local/lib/python3.6/site-packages/airflow/example_dags/example_branch_day_of_week_operator.py
[2022-04-23 15:39:56,937] {scheduler_job.py:643} INFO - DAG(s) dict_keys(['example_weekday_branch_operator']) retrieved from /home/airflow/.local/lib/python3.6/site-packages/airflow/example_dags/example_branch_day_of_week_operator.py
[2022-04-23 15:39:56,982] {logging_mixin.py:104} INFO - [2022-04-23 15:39:56,982] {dag.py:1832} INFO - Sync 1 DAGs
[2022-04-23 15:39:57,011] {logging_mixin.py:104} INFO - [2022-04-23 15:39:57,011] {dag.py:2305} INFO - Setting next_dagrun for example_weekday_branch_operator to 2022-04-21 00:00:00+00:00
[2022-04-23 15:39:57,025] {scheduler_job.py:190} INFO - Processing /home/airflow/.local/lib/python3.6/site-packages/airflow/example_dags/example_branch_day_of_week_operator.py took 0.120 seconds
