[2022-04-23 15:33:59,810] {scheduler_job.py:182} INFO - Started process (PID=146) to work on /home/airflow/.local/lib/python3.6/site-packages/airflow/example_dags/example_branch_python_dop_operator_3.py
[2022-04-23 15:33:59,811] {scheduler_job.py:633} INFO - Processing file /home/airflow/.local/lib/python3.6/site-packages/airflow/example_dags/example_branch_python_dop_operator_3.py for tasks to queue
[2022-04-23 15:33:59,812] {logging_mixin.py:104} INFO - [2022-04-23 15:33:59,811] {dagbag.py:487} INFO - Filling up the DagBag from /home/airflow/.local/lib/python3.6/site-packages/airflow/example_dags/example_branch_python_dop_operator_3.py
[2022-04-23 15:33:59,825] {scheduler_job.py:643} INFO - DAG(s) dict_keys(['example_branch_dop_operator_v3']) retrieved from /home/airflow/.local/lib/python3.6/site-packages/airflow/example_dags/example_branch_python_dop_operator_3.py
[2022-04-23 15:34:02,008] {logging_mixin.py:104} INFO - [2022-04-23 15:34:02,005] {dag.py:1832} INFO - Sync 1 DAGs
[2022-04-23 15:34:02,022] {logging_mixin.py:104} INFO - [2022-04-23 15:34:02,020] {dag.py:1851} INFO - Creating ORM DAG for example_branch_dop_operator_v3
[2022-04-23 15:34:02,036] {logging_mixin.py:104} INFO - [2022-04-23 15:34:02,036] {dag.py:2305} INFO - Setting next_dagrun for example_branch_dop_operator_v3 to 2022-04-21 00:00:00+00:00
[2022-04-23 15:34:02,051] {scheduler_job.py:190} INFO - Processing /home/airflow/.local/lib/python3.6/site-packages/airflow/example_dags/example_branch_python_dop_operator_3.py took 2.244 seconds
[2022-04-23 15:34:32,361] {scheduler_job.py:182} INFO - Started process (PID=236) to work on /home/airflow/.local/lib/python3.6/site-packages/airflow/example_dags/example_branch_python_dop_operator_3.py
[2022-04-23 15:34:32,362] {scheduler_job.py:633} INFO - Processing file /home/airflow/.local/lib/python3.6/site-packages/airflow/example_dags/example_branch_python_dop_operator_3.py for tasks to queue
[2022-04-23 15:34:32,363] {logging_mixin.py:104} INFO - [2022-04-23 15:34:32,363] {dagbag.py:487} INFO - Filling up the DagBag from /home/airflow/.local/lib/python3.6/site-packages/airflow/example_dags/example_branch_python_dop_operator_3.py
[2022-04-23 15:34:32,378] {scheduler_job.py:643} INFO - DAG(s) dict_keys(['example_branch_dop_operator_v3']) retrieved from /home/airflow/.local/lib/python3.6/site-packages/airflow/example_dags/example_branch_python_dop_operator_3.py
[2022-04-23 15:34:32,398] {logging_mixin.py:104} INFO - [2022-04-23 15:34:32,398] {dag.py:1832} INFO - Sync 1 DAGs
[2022-04-23 15:34:32,420] {logging_mixin.py:104} INFO - [2022-04-23 15:34:32,420] {dag.py:2305} INFO - Setting next_dagrun for example_branch_dop_operator_v3 to 2022-04-21 00:00:00+00:00
[2022-04-23 15:34:32,433] {scheduler_job.py:190} INFO - Processing /home/airflow/.local/lib/python3.6/site-packages/airflow/example_dags/example_branch_python_dop_operator_3.py took 0.076 seconds
[2022-04-23 15:35:02,783] {scheduler_job.py:182} INFO - Started process (PID=303) to work on /home/airflow/.local/lib/python3.6/site-packages/airflow/example_dags/example_branch_python_dop_operator_3.py
[2022-04-23 15:35:02,784] {scheduler_job.py:633} INFO - Processing file /home/airflow/.local/lib/python3.6/site-packages/airflow/example_dags/example_branch_python_dop_operator_3.py for tasks to queue
[2022-04-23 15:35:02,785] {logging_mixin.py:104} INFO - [2022-04-23 15:35:02,785] {dagbag.py:487} INFO - Filling up the DagBag from /home/airflow/.local/lib/python3.6/site-packages/airflow/example_dags/example_branch_python_dop_operator_3.py
[2022-04-23 15:35:02,806] {scheduler_job.py:643} INFO - DAG(s) dict_keys(['example_branch_dop_operator_v3']) retrieved from /home/airflow/.local/lib/python3.6/site-packages/airflow/example_dags/example_branch_python_dop_operator_3.py
[2022-04-23 15:35:02,830] {logging_mixin.py:104} INFO - [2022-04-23 15:35:02,830] {dag.py:1832} INFO - Sync 1 DAGs
[2022-04-23 15:35:02,857] {logging_mixin.py:104} INFO - [2022-04-23 15:35:02,857] {dag.py:2305} INFO - Setting next_dagrun for example_branch_dop_operator_v3 to 2022-04-21 00:00:00+00:00
[2022-04-23 15:35:02,869] {scheduler_job.py:190} INFO - Processing /home/airflow/.local/lib/python3.6/site-packages/airflow/example_dags/example_branch_python_dop_operator_3.py took 0.089 seconds
[2022-04-23 15:35:32,970] {scheduler_job.py:182} INFO - Started process (PID=379) to work on /home/airflow/.local/lib/python3.6/site-packages/airflow/example_dags/example_branch_python_dop_operator_3.py
[2022-04-23 15:35:32,972] {scheduler_job.py:633} INFO - Processing file /home/airflow/.local/lib/python3.6/site-packages/airflow/example_dags/example_branch_python_dop_operator_3.py for tasks to queue
[2022-04-23 15:35:32,973] {logging_mixin.py:104} INFO - [2022-04-23 15:35:32,972] {dagbag.py:487} INFO - Filling up the DagBag from /home/airflow/.local/lib/python3.6/site-packages/airflow/example_dags/example_branch_python_dop_operator_3.py
[2022-04-23 15:35:32,987] {scheduler_job.py:643} INFO - DAG(s) dict_keys(['example_branch_dop_operator_v3']) retrieved from /home/airflow/.local/lib/python3.6/site-packages/airflow/example_dags/example_branch_python_dop_operator_3.py
[2022-04-23 15:35:33,012] {logging_mixin.py:104} INFO - [2022-04-23 15:35:33,012] {dag.py:1832} INFO - Sync 1 DAGs
[2022-04-23 15:35:33,038] {logging_mixin.py:104} INFO - [2022-04-23 15:35:33,038] {dag.py:2305} INFO - Setting next_dagrun for example_branch_dop_operator_v3 to 2022-04-21 00:00:00+00:00
[2022-04-23 15:35:33,053] {scheduler_job.py:190} INFO - Processing /home/airflow/.local/lib/python3.6/site-packages/airflow/example_dags/example_branch_python_dop_operator_3.py took 0.085 seconds
[2022-04-23 15:36:03,160] {scheduler_job.py:182} INFO - Started process (PID=452) to work on /home/airflow/.local/lib/python3.6/site-packages/airflow/example_dags/example_branch_python_dop_operator_3.py
[2022-04-23 15:36:03,162] {scheduler_job.py:633} INFO - Processing file /home/airflow/.local/lib/python3.6/site-packages/airflow/example_dags/example_branch_python_dop_operator_3.py for tasks to queue
[2022-04-23 15:36:03,164] {logging_mixin.py:104} INFO - [2022-04-23 15:36:03,164] {dagbag.py:487} INFO - Filling up the DagBag from /home/airflow/.local/lib/python3.6/site-packages/airflow/example_dags/example_branch_python_dop_operator_3.py
[2022-04-23 15:36:03,188] {scheduler_job.py:643} INFO - DAG(s) dict_keys(['example_branch_dop_operator_v3']) retrieved from /home/airflow/.local/lib/python3.6/site-packages/airflow/example_dags/example_branch_python_dop_operator_3.py
[2022-04-23 15:36:03,210] {logging_mixin.py:104} INFO - [2022-04-23 15:36:03,209] {dag.py:1832} INFO - Sync 1 DAGs
[2022-04-23 15:36:03,233] {logging_mixin.py:104} INFO - [2022-04-23 15:36:03,233] {dag.py:2305} INFO - Setting next_dagrun for example_branch_dop_operator_v3 to 2022-04-21 00:00:00+00:00
[2022-04-23 15:36:03,249] {scheduler_job.py:190} INFO - Processing /home/airflow/.local/lib/python3.6/site-packages/airflow/example_dags/example_branch_python_dop_operator_3.py took 0.096 seconds
[2022-04-23 15:36:33,458] {scheduler_job.py:182} INFO - Started process (PID=519) to work on /home/airflow/.local/lib/python3.6/site-packages/airflow/example_dags/example_branch_python_dop_operator_3.py
[2022-04-23 15:36:33,459] {scheduler_job.py:633} INFO - Processing file /home/airflow/.local/lib/python3.6/site-packages/airflow/example_dags/example_branch_python_dop_operator_3.py for tasks to queue
[2022-04-23 15:36:33,460] {logging_mixin.py:104} INFO - [2022-04-23 15:36:33,460] {dagbag.py:487} INFO - Filling up the DagBag from /home/airflow/.local/lib/python3.6/site-packages/airflow/example_dags/example_branch_python_dop_operator_3.py
[2022-04-23 15:36:33,479] {scheduler_job.py:643} INFO - DAG(s) dict_keys(['example_branch_dop_operator_v3']) retrieved from /home/airflow/.local/lib/python3.6/site-packages/airflow/example_dags/example_branch_python_dop_operator_3.py
[2022-04-23 15:36:33,548] {logging_mixin.py:104} INFO - [2022-04-23 15:36:33,548] {dag.py:1832} INFO - Sync 1 DAGs
[2022-04-23 15:36:33,576] {logging_mixin.py:104} INFO - [2022-04-23 15:36:33,576] {dag.py:2305} INFO - Setting next_dagrun for example_branch_dop_operator_v3 to 2022-04-21 00:00:00+00:00
[2022-04-23 15:36:33,596] {scheduler_job.py:190} INFO - Processing /home/airflow/.local/lib/python3.6/site-packages/airflow/example_dags/example_branch_python_dop_operator_3.py took 0.142 seconds
[2022-04-23 15:37:03,728] {scheduler_job.py:182} INFO - Started process (PID=602) to work on /home/airflow/.local/lib/python3.6/site-packages/airflow/example_dags/example_branch_python_dop_operator_3.py
[2022-04-23 15:37:03,730] {scheduler_job.py:633} INFO - Processing file /home/airflow/.local/lib/python3.6/site-packages/airflow/example_dags/example_branch_python_dop_operator_3.py for tasks to queue
[2022-04-23 15:37:03,732] {logging_mixin.py:104} INFO - [2022-04-23 15:37:03,731] {dagbag.py:487} INFO - Filling up the DagBag from /home/airflow/.local/lib/python3.6/site-packages/airflow/example_dags/example_branch_python_dop_operator_3.py
[2022-04-23 15:37:03,765] {scheduler_job.py:643} INFO - DAG(s) dict_keys(['example_branch_dop_operator_v3']) retrieved from /home/airflow/.local/lib/python3.6/site-packages/airflow/example_dags/example_branch_python_dop_operator_3.py
[2022-04-23 15:37:03,795] {logging_mixin.py:104} INFO - [2022-04-23 15:37:03,794] {dag.py:1832} INFO - Sync 1 DAGs
[2022-04-23 15:37:03,821] {logging_mixin.py:104} INFO - [2022-04-23 15:37:03,821] {dag.py:2305} INFO - Setting next_dagrun for example_branch_dop_operator_v3 to 2022-04-21 00:00:00+00:00
[2022-04-23 15:37:03,839] {scheduler_job.py:190} INFO - Processing /home/airflow/.local/lib/python3.6/site-packages/airflow/example_dags/example_branch_python_dop_operator_3.py took 0.119 seconds
[2022-04-23 15:37:34,422] {scheduler_job.py:182} INFO - Started process (PID=668) to work on /home/airflow/.local/lib/python3.6/site-packages/airflow/example_dags/example_branch_python_dop_operator_3.py
[2022-04-23 15:37:34,424] {scheduler_job.py:633} INFO - Processing file /home/airflow/.local/lib/python3.6/site-packages/airflow/example_dags/example_branch_python_dop_operator_3.py for tasks to queue
[2022-04-23 15:37:34,425] {logging_mixin.py:104} INFO - [2022-04-23 15:37:34,425] {dagbag.py:487} INFO - Filling up the DagBag from /home/airflow/.local/lib/python3.6/site-packages/airflow/example_dags/example_branch_python_dop_operator_3.py
[2022-04-23 15:37:34,457] {scheduler_job.py:643} INFO - DAG(s) dict_keys(['example_branch_dop_operator_v3']) retrieved from /home/airflow/.local/lib/python3.6/site-packages/airflow/example_dags/example_branch_python_dop_operator_3.py
[2022-04-23 15:37:34,482] {logging_mixin.py:104} INFO - [2022-04-23 15:37:34,482] {dag.py:1832} INFO - Sync 1 DAGs
[2022-04-23 15:37:34,502] {logging_mixin.py:104} INFO - [2022-04-23 15:37:34,502] {dag.py:2305} INFO - Setting next_dagrun for example_branch_dop_operator_v3 to 2022-04-21 00:00:00+00:00
[2022-04-23 15:37:34,516] {scheduler_job.py:190} INFO - Processing /home/airflow/.local/lib/python3.6/site-packages/airflow/example_dags/example_branch_python_dop_operator_3.py took 0.101 seconds
[2022-04-23 15:38:04,732] {scheduler_job.py:182} INFO - Started process (PID=752) to work on /home/airflow/.local/lib/python3.6/site-packages/airflow/example_dags/example_branch_python_dop_operator_3.py
[2022-04-23 15:38:04,734] {scheduler_job.py:633} INFO - Processing file /home/airflow/.local/lib/python3.6/site-packages/airflow/example_dags/example_branch_python_dop_operator_3.py for tasks to queue
[2022-04-23 15:38:04,734] {logging_mixin.py:104} INFO - [2022-04-23 15:38:04,734] {dagbag.py:487} INFO - Filling up the DagBag from /home/airflow/.local/lib/python3.6/site-packages/airflow/example_dags/example_branch_python_dop_operator_3.py
[2022-04-23 15:38:04,749] {scheduler_job.py:643} INFO - DAG(s) dict_keys(['example_branch_dop_operator_v3']) retrieved from /home/airflow/.local/lib/python3.6/site-packages/airflow/example_dags/example_branch_python_dop_operator_3.py
[2022-04-23 15:38:04,770] {logging_mixin.py:104} INFO - [2022-04-23 15:38:04,770] {dag.py:1832} INFO - Sync 1 DAGs
[2022-04-23 15:38:04,796] {logging_mixin.py:104} INFO - [2022-04-23 15:38:04,796] {dag.py:2305} INFO - Setting next_dagrun for example_branch_dop_operator_v3 to 2022-04-21 00:00:00+00:00
[2022-04-23 15:38:04,811] {scheduler_job.py:190} INFO - Processing /home/airflow/.local/lib/python3.6/site-packages/airflow/example_dags/example_branch_python_dop_operator_3.py took 0.083 seconds
[2022-04-23 15:38:35,173] {scheduler_job.py:182} INFO - Started process (PID=817) to work on /home/airflow/.local/lib/python3.6/site-packages/airflow/example_dags/example_branch_python_dop_operator_3.py
[2022-04-23 15:38:35,175] {scheduler_job.py:633} INFO - Processing file /home/airflow/.local/lib/python3.6/site-packages/airflow/example_dags/example_branch_python_dop_operator_3.py for tasks to queue
[2022-04-23 15:38:35,176] {logging_mixin.py:104} INFO - [2022-04-23 15:38:35,176] {dagbag.py:487} INFO - Filling up the DagBag from /home/airflow/.local/lib/python3.6/site-packages/airflow/example_dags/example_branch_python_dop_operator_3.py
[2022-04-23 15:38:35,202] {scheduler_job.py:643} INFO - DAG(s) dict_keys(['example_branch_dop_operator_v3']) retrieved from /home/airflow/.local/lib/python3.6/site-packages/airflow/example_dags/example_branch_python_dop_operator_3.py
[2022-04-23 15:38:35,234] {logging_mixin.py:104} INFO - [2022-04-23 15:38:35,234] {dag.py:1832} INFO - Sync 1 DAGs
[2022-04-23 15:38:35,281] {logging_mixin.py:104} INFO - [2022-04-23 15:38:35,280] {dag.py:2305} INFO - Setting next_dagrun for example_branch_dop_operator_v3 to 2022-04-21 00:00:00+00:00
[2022-04-23 15:38:35,297] {scheduler_job.py:190} INFO - Processing /home/airflow/.local/lib/python3.6/site-packages/airflow/example_dags/example_branch_python_dop_operator_3.py took 0.131 seconds
[2022-04-23 15:39:05,635] {scheduler_job.py:182} INFO - Started process (PID=901) to work on /home/airflow/.local/lib/python3.6/site-packages/airflow/example_dags/example_branch_python_dop_operator_3.py
[2022-04-23 15:39:05,638] {scheduler_job.py:633} INFO - Processing file /home/airflow/.local/lib/python3.6/site-packages/airflow/example_dags/example_branch_python_dop_operator_3.py for tasks to queue
[2022-04-23 15:39:05,639] {logging_mixin.py:104} INFO - [2022-04-23 15:39:05,639] {dagbag.py:487} INFO - Filling up the DagBag from /home/airflow/.local/lib/python3.6/site-packages/airflow/example_dags/example_branch_python_dop_operator_3.py
[2022-04-23 15:39:05,659] {scheduler_job.py:643} INFO - DAG(s) dict_keys(['example_branch_dop_operator_v3']) retrieved from /home/airflow/.local/lib/python3.6/site-packages/airflow/example_dags/example_branch_python_dop_operator_3.py
[2022-04-23 15:39:05,683] {logging_mixin.py:104} INFO - [2022-04-23 15:39:05,683] {dag.py:1832} INFO - Sync 1 DAGs
[2022-04-23 15:39:05,704] {logging_mixin.py:104} INFO - [2022-04-23 15:39:05,704] {dag.py:2305} INFO - Setting next_dagrun for example_branch_dop_operator_v3 to 2022-04-21 00:00:00+00:00
[2022-04-23 15:39:05,718] {scheduler_job.py:190} INFO - Processing /home/airflow/.local/lib/python3.6/site-packages/airflow/example_dags/example_branch_python_dop_operator_3.py took 0.091 seconds
[2022-04-23 15:39:36,039] {scheduler_job.py:182} INFO - Started process (PID=968) to work on /home/airflow/.local/lib/python3.6/site-packages/airflow/example_dags/example_branch_python_dop_operator_3.py
[2022-04-23 15:39:36,041] {scheduler_job.py:633} INFO - Processing file /home/airflow/.local/lib/python3.6/site-packages/airflow/example_dags/example_branch_python_dop_operator_3.py for tasks to queue
[2022-04-23 15:39:36,042] {logging_mixin.py:104} INFO - [2022-04-23 15:39:36,041] {dagbag.py:487} INFO - Filling up the DagBag from /home/airflow/.local/lib/python3.6/site-packages/airflow/example_dags/example_branch_python_dop_operator_3.py
[2022-04-23 15:39:36,068] {scheduler_job.py:643} INFO - DAG(s) dict_keys(['example_branch_dop_operator_v3']) retrieved from /home/airflow/.local/lib/python3.6/site-packages/airflow/example_dags/example_branch_python_dop_operator_3.py
[2022-04-23 15:39:36,099] {logging_mixin.py:104} INFO - [2022-04-23 15:39:36,099] {dag.py:1832} INFO - Sync 1 DAGs
[2022-04-23 15:39:36,132] {logging_mixin.py:104} INFO - [2022-04-23 15:39:36,132] {dag.py:2305} INFO - Setting next_dagrun for example_branch_dop_operator_v3 to 2022-04-21 00:00:00+00:00
[2022-04-23 15:39:36,145] {scheduler_job.py:190} INFO - Processing /home/airflow/.local/lib/python3.6/site-packages/airflow/example_dags/example_branch_python_dop_operator_3.py took 0.113 seconds
[2022-04-23 15:40:06,345] {scheduler_job.py:182} INFO - Started process (PID=1052) to work on /home/airflow/.local/lib/python3.6/site-packages/airflow/example_dags/example_branch_python_dop_operator_3.py
[2022-04-23 15:40:06,346] {scheduler_job.py:633} INFO - Processing file /home/airflow/.local/lib/python3.6/site-packages/airflow/example_dags/example_branch_python_dop_operator_3.py for tasks to queue
[2022-04-23 15:40:06,347] {logging_mixin.py:104} INFO - [2022-04-23 15:40:06,347] {dagbag.py:487} INFO - Filling up the DagBag from /home/airflow/.local/lib/python3.6/site-packages/airflow/example_dags/example_branch_python_dop_operator_3.py
[2022-04-23 15:40:06,358] {scheduler_job.py:643} INFO - DAG(s) dict_keys(['example_branch_dop_operator_v3']) retrieved from /home/airflow/.local/lib/python3.6/site-packages/airflow/example_dags/example_branch_python_dop_operator_3.py
[2022-04-23 15:40:06,383] {logging_mixin.py:104} INFO - [2022-04-23 15:40:06,383] {dag.py:1832} INFO - Sync 1 DAGs
[2022-04-23 15:40:06,408] {logging_mixin.py:104} INFO - [2022-04-23 15:40:06,408] {dag.py:2305} INFO - Setting next_dagrun for example_branch_dop_operator_v3 to 2022-04-21 00:00:00+00:00
[2022-04-23 15:40:06,419] {scheduler_job.py:190} INFO - Processing /home/airflow/.local/lib/python3.6/site-packages/airflow/example_dags/example_branch_python_dop_operator_3.py took 0.078 seconds
