[2022-04-23 15:33:27,796] {scheduler_job.py:182} INFO - Started process (PID=66) to work on /home/airflow/.local/lib/python3.6/site-packages/airflow/example_dags/example_short_circuit_operator.py
[2022-04-23 15:33:27,801] {scheduler_job.py:633} INFO - Processing file /home/airflow/.local/lib/python3.6/site-packages/airflow/example_dags/example_short_circuit_operator.py for tasks to queue
[2022-04-23 15:33:27,802] {logging_mixin.py:104} INFO - [2022-04-23 15:33:27,802] {dagbag.py:487} INFO - Filling up the DagBag from /home/airflow/.local/lib/python3.6/site-packages/airflow/example_dags/example_short_circuit_operator.py
[2022-04-23 15:33:27,853] {scheduler_job.py:643} INFO - DAG(s) dict_keys(['example_short_circuit_operator']) retrieved from /home/airflow/.local/lib/python3.6/site-packages/airflow/example_dags/example_short_circuit_operator.py
[2022-04-23 15:33:33,615] {logging_mixin.py:104} INFO - [2022-04-23 15:33:33,613] {dag.py:1832} INFO - Sync 1 DAGs
[2022-04-23 15:33:33,632] {logging_mixin.py:104} INFO - [2022-04-23 15:33:33,630] {dag.py:1851} INFO - Creating ORM DAG for example_short_circuit_operator
[2022-04-23 15:33:33,635] {logging_mixin.py:104} INFO - [2022-04-23 15:33:33,635] {dag.py:2305} INFO - Setting next_dagrun for example_short_circuit_operator to 2022-04-21 00:00:00+00:00
[2022-04-23 15:33:33,648] {scheduler_job.py:190} INFO - Processing /home/airflow/.local/lib/python3.6/site-packages/airflow/example_dags/example_short_circuit_operator.py took 5.858 seconds
[2022-04-23 15:34:08,664] {scheduler_job.py:182} INFO - Started process (PID=179) to work on /home/airflow/.local/lib/python3.6/site-packages/airflow/example_dags/example_short_circuit_operator.py
[2022-04-23 15:34:08,665] {scheduler_job.py:633} INFO - Processing file /home/airflow/.local/lib/python3.6/site-packages/airflow/example_dags/example_short_circuit_operator.py for tasks to queue
[2022-04-23 15:34:08,666] {logging_mixin.py:104} INFO - [2022-04-23 15:34:08,666] {dagbag.py:487} INFO - Filling up the DagBag from /home/airflow/.local/lib/python3.6/site-packages/airflow/example_dags/example_short_circuit_operator.py
[2022-04-23 15:34:08,682] {scheduler_job.py:643} INFO - DAG(s) dict_keys(['example_short_circuit_operator']) retrieved from /home/airflow/.local/lib/python3.6/site-packages/airflow/example_dags/example_short_circuit_operator.py
[2022-04-23 15:34:08,706] {logging_mixin.py:104} INFO - [2022-04-23 15:34:08,706] {dag.py:1832} INFO - Sync 1 DAGs
[2022-04-23 15:34:08,725] {logging_mixin.py:104} INFO - [2022-04-23 15:34:08,724] {dag.py:2305} INFO - Setting next_dagrun for example_short_circuit_operator to 2022-04-21 00:00:00+00:00
[2022-04-23 15:34:08,741] {scheduler_job.py:190} INFO - Processing /home/airflow/.local/lib/python3.6/site-packages/airflow/example_dags/example_short_circuit_operator.py took 0.080 seconds
[2022-04-23 15:34:38,812] {scheduler_job.py:182} INFO - Started process (PID=244) to work on /home/airflow/.local/lib/python3.6/site-packages/airflow/example_dags/example_short_circuit_operator.py
[2022-04-23 15:34:38,813] {scheduler_job.py:633} INFO - Processing file /home/airflow/.local/lib/python3.6/site-packages/airflow/example_dags/example_short_circuit_operator.py for tasks to queue
[2022-04-23 15:34:38,814] {logging_mixin.py:104} INFO - [2022-04-23 15:34:38,814] {dagbag.py:487} INFO - Filling up the DagBag from /home/airflow/.local/lib/python3.6/site-packages/airflow/example_dags/example_short_circuit_operator.py
[2022-04-23 15:34:38,843] {scheduler_job.py:643} INFO - DAG(s) dict_keys(['example_short_circuit_operator']) retrieved from /home/airflow/.local/lib/python3.6/site-packages/airflow/example_dags/example_short_circuit_operator.py
[2022-04-23 15:34:38,884] {logging_mixin.py:104} INFO - [2022-04-23 15:34:38,884] {dag.py:1832} INFO - Sync 1 DAGs
[2022-04-23 15:34:38,906] {logging_mixin.py:104} INFO - [2022-04-23 15:34:38,906] {dag.py:2305} INFO - Setting next_dagrun for example_short_circuit_operator to 2022-04-21 00:00:00+00:00
[2022-04-23 15:34:38,915] {scheduler_job.py:190} INFO - Processing /home/airflow/.local/lib/python3.6/site-packages/airflow/example_dags/example_short_circuit_operator.py took 0.108 seconds
[2022-04-23 15:35:09,079] {scheduler_job.py:182} INFO - Started process (PID=327) to work on /home/airflow/.local/lib/python3.6/site-packages/airflow/example_dags/example_short_circuit_operator.py
[2022-04-23 15:35:09,081] {scheduler_job.py:633} INFO - Processing file /home/airflow/.local/lib/python3.6/site-packages/airflow/example_dags/example_short_circuit_operator.py for tasks to queue
[2022-04-23 15:35:09,082] {logging_mixin.py:104} INFO - [2022-04-23 15:35:09,082] {dagbag.py:487} INFO - Filling up the DagBag from /home/airflow/.local/lib/python3.6/site-packages/airflow/example_dags/example_short_circuit_operator.py
[2022-04-23 15:35:09,111] {scheduler_job.py:643} INFO - DAG(s) dict_keys(['example_short_circuit_operator']) retrieved from /home/airflow/.local/lib/python3.6/site-packages/airflow/example_dags/example_short_circuit_operator.py
[2022-04-23 15:35:09,157] {logging_mixin.py:104} INFO - [2022-04-23 15:35:09,156] {dag.py:1832} INFO - Sync 1 DAGs
[2022-04-23 15:35:09,195] {logging_mixin.py:104} INFO - [2022-04-23 15:35:09,195] {dag.py:2305} INFO - Setting next_dagrun for example_short_circuit_operator to 2022-04-21 00:00:00+00:00
[2022-04-23 15:35:09,216] {scheduler_job.py:190} INFO - Processing /home/airflow/.local/lib/python3.6/site-packages/airflow/example_dags/example_short_circuit_operator.py took 0.142 seconds
[2022-04-23 15:35:39,360] {scheduler_job.py:182} INFO - Started process (PID=393) to work on /home/airflow/.local/lib/python3.6/site-packages/airflow/example_dags/example_short_circuit_operator.py
[2022-04-23 15:35:39,362] {scheduler_job.py:633} INFO - Processing file /home/airflow/.local/lib/python3.6/site-packages/airflow/example_dags/example_short_circuit_operator.py for tasks to queue
[2022-04-23 15:35:39,362] {logging_mixin.py:104} INFO - [2022-04-23 15:35:39,362] {dagbag.py:487} INFO - Filling up the DagBag from /home/airflow/.local/lib/python3.6/site-packages/airflow/example_dags/example_short_circuit_operator.py
[2022-04-23 15:35:39,378] {scheduler_job.py:643} INFO - DAG(s) dict_keys(['example_short_circuit_operator']) retrieved from /home/airflow/.local/lib/python3.6/site-packages/airflow/example_dags/example_short_circuit_operator.py
[2022-04-23 15:35:39,422] {logging_mixin.py:104} INFO - [2022-04-23 15:35:39,421] {dag.py:1832} INFO - Sync 1 DAGs
[2022-04-23 15:35:39,442] {logging_mixin.py:104} INFO - [2022-04-23 15:35:39,442] {dag.py:2305} INFO - Setting next_dagrun for example_short_circuit_operator to 2022-04-21 00:00:00+00:00
[2022-04-23 15:35:39,460] {scheduler_job.py:190} INFO - Processing /home/airflow/.local/lib/python3.6/site-packages/airflow/example_dags/example_short_circuit_operator.py took 0.102 seconds
[2022-04-23 15:36:09,614] {scheduler_job.py:182} INFO - Started process (PID=469) to work on /home/airflow/.local/lib/python3.6/site-packages/airflow/example_dags/example_short_circuit_operator.py
[2022-04-23 15:36:09,617] {scheduler_job.py:633} INFO - Processing file /home/airflow/.local/lib/python3.6/site-packages/airflow/example_dags/example_short_circuit_operator.py for tasks to queue
[2022-04-23 15:36:09,618] {logging_mixin.py:104} INFO - [2022-04-23 15:36:09,618] {dagbag.py:487} INFO - Filling up the DagBag from /home/airflow/.local/lib/python3.6/site-packages/airflow/example_dags/example_short_circuit_operator.py
[2022-04-23 15:36:09,632] {scheduler_job.py:643} INFO - DAG(s) dict_keys(['example_short_circuit_operator']) retrieved from /home/airflow/.local/lib/python3.6/site-packages/airflow/example_dags/example_short_circuit_operator.py
[2022-04-23 15:36:09,651] {logging_mixin.py:104} INFO - [2022-04-23 15:36:09,651] {dag.py:1832} INFO - Sync 1 DAGs
[2022-04-23 15:36:09,665] {logging_mixin.py:104} INFO - [2022-04-23 15:36:09,665] {dag.py:2305} INFO - Setting next_dagrun for example_short_circuit_operator to 2022-04-21 00:00:00+00:00
[2022-04-23 15:36:09,675] {scheduler_job.py:190} INFO - Processing /home/airflow/.local/lib/python3.6/site-packages/airflow/example_dags/example_short_circuit_operator.py took 0.064 seconds
[2022-04-23 15:36:39,782] {scheduler_job.py:182} INFO - Started process (PID=544) to work on /home/airflow/.local/lib/python3.6/site-packages/airflow/example_dags/example_short_circuit_operator.py
[2022-04-23 15:36:39,783] {scheduler_job.py:633} INFO - Processing file /home/airflow/.local/lib/python3.6/site-packages/airflow/example_dags/example_short_circuit_operator.py for tasks to queue
[2022-04-23 15:36:39,784] {logging_mixin.py:104} INFO - [2022-04-23 15:36:39,784] {dagbag.py:487} INFO - Filling up the DagBag from /home/airflow/.local/lib/python3.6/site-packages/airflow/example_dags/example_short_circuit_operator.py
[2022-04-23 15:36:39,800] {scheduler_job.py:643} INFO - DAG(s) dict_keys(['example_short_circuit_operator']) retrieved from /home/airflow/.local/lib/python3.6/site-packages/airflow/example_dags/example_short_circuit_operator.py
[2022-04-23 15:36:39,828] {logging_mixin.py:104} INFO - [2022-04-23 15:36:39,827] {dag.py:1832} INFO - Sync 1 DAGs
[2022-04-23 15:36:39,847] {logging_mixin.py:104} INFO - [2022-04-23 15:36:39,847] {dag.py:2305} INFO - Setting next_dagrun for example_short_circuit_operator to 2022-04-21 00:00:00+00:00
[2022-04-23 15:36:39,887] {scheduler_job.py:190} INFO - Processing /home/airflow/.local/lib/python3.6/site-packages/airflow/example_dags/example_short_circuit_operator.py took 0.109 seconds
[2022-04-23 15:37:09,997] {scheduler_job.py:182} INFO - Started process (PID=609) to work on /home/airflow/.local/lib/python3.6/site-packages/airflow/example_dags/example_short_circuit_operator.py
[2022-04-23 15:37:09,999] {scheduler_job.py:633} INFO - Processing file /home/airflow/.local/lib/python3.6/site-packages/airflow/example_dags/example_short_circuit_operator.py for tasks to queue
[2022-04-23 15:37:10,000] {logging_mixin.py:104} INFO - [2022-04-23 15:37:10,000] {dagbag.py:487} INFO - Filling up the DagBag from /home/airflow/.local/lib/python3.6/site-packages/airflow/example_dags/example_short_circuit_operator.py
[2022-04-23 15:37:10,029] {scheduler_job.py:643} INFO - DAG(s) dict_keys(['example_short_circuit_operator']) retrieved from /home/airflow/.local/lib/python3.6/site-packages/airflow/example_dags/example_short_circuit_operator.py
[2022-04-23 15:37:10,055] {logging_mixin.py:104} INFO - [2022-04-23 15:37:10,055] {dag.py:1832} INFO - Sync 1 DAGs
[2022-04-23 15:37:10,072] {logging_mixin.py:104} INFO - [2022-04-23 15:37:10,072] {dag.py:2305} INFO - Setting next_dagrun for example_short_circuit_operator to 2022-04-21 00:00:00+00:00
[2022-04-23 15:37:10,084] {scheduler_job.py:190} INFO - Processing /home/airflow/.local/lib/python3.6/site-packages/airflow/example_dags/example_short_circuit_operator.py took 0.094 seconds
[2022-04-23 15:37:40,549] {scheduler_job.py:182} INFO - Started process (PID=693) to work on /home/airflow/.local/lib/python3.6/site-packages/airflow/example_dags/example_short_circuit_operator.py
[2022-04-23 15:37:40,551] {scheduler_job.py:633} INFO - Processing file /home/airflow/.local/lib/python3.6/site-packages/airflow/example_dags/example_short_circuit_operator.py for tasks to queue
[2022-04-23 15:37:40,552] {logging_mixin.py:104} INFO - [2022-04-23 15:37:40,552] {dagbag.py:487} INFO - Filling up the DagBag from /home/airflow/.local/lib/python3.6/site-packages/airflow/example_dags/example_short_circuit_operator.py
[2022-04-23 15:37:40,580] {scheduler_job.py:643} INFO - DAG(s) dict_keys(['example_short_circuit_operator']) retrieved from /home/airflow/.local/lib/python3.6/site-packages/airflow/example_dags/example_short_circuit_operator.py
[2022-04-23 15:37:40,601] {logging_mixin.py:104} INFO - [2022-04-23 15:37:40,601] {dag.py:1832} INFO - Sync 1 DAGs
[2022-04-23 15:37:40,618] {logging_mixin.py:104} INFO - [2022-04-23 15:37:40,618] {dag.py:2305} INFO - Setting next_dagrun for example_short_circuit_operator to 2022-04-21 00:00:00+00:00
[2022-04-23 15:37:40,632] {scheduler_job.py:190} INFO - Processing /home/airflow/.local/lib/python3.6/site-packages/airflow/example_dags/example_short_circuit_operator.py took 0.089 seconds
[2022-04-23 15:38:11,028] {scheduler_job.py:182} INFO - Started process (PID=759) to work on /home/airflow/.local/lib/python3.6/site-packages/airflow/example_dags/example_short_circuit_operator.py
[2022-04-23 15:38:11,030] {scheduler_job.py:633} INFO - Processing file /home/airflow/.local/lib/python3.6/site-packages/airflow/example_dags/example_short_circuit_operator.py for tasks to queue
[2022-04-23 15:38:11,031] {logging_mixin.py:104} INFO - [2022-04-23 15:38:11,031] {dagbag.py:487} INFO - Filling up the DagBag from /home/airflow/.local/lib/python3.6/site-packages/airflow/example_dags/example_short_circuit_operator.py
[2022-04-23 15:38:11,057] {scheduler_job.py:643} INFO - DAG(s) dict_keys(['example_short_circuit_operator']) retrieved from /home/airflow/.local/lib/python3.6/site-packages/airflow/example_dags/example_short_circuit_operator.py
[2022-04-23 15:38:11,081] {logging_mixin.py:104} INFO - [2022-04-23 15:38:11,081] {dag.py:1832} INFO - Sync 1 DAGs
[2022-04-23 15:38:11,099] {logging_mixin.py:104} INFO - [2022-04-23 15:38:11,099] {dag.py:2305} INFO - Setting next_dagrun for example_short_circuit_operator to 2022-04-21 00:00:00+00:00
[2022-04-23 15:38:11,109] {scheduler_job.py:190} INFO - Processing /home/airflow/.local/lib/python3.6/site-packages/airflow/example_dags/example_short_circuit_operator.py took 0.087 seconds
[2022-04-23 15:38:41,535] {scheduler_job.py:182} INFO - Started process (PID=842) to work on /home/airflow/.local/lib/python3.6/site-packages/airflow/example_dags/example_short_circuit_operator.py
[2022-04-23 15:38:41,536] {scheduler_job.py:633} INFO - Processing file /home/airflow/.local/lib/python3.6/site-packages/airflow/example_dags/example_short_circuit_operator.py for tasks to queue
[2022-04-23 15:38:41,537] {logging_mixin.py:104} INFO - [2022-04-23 15:38:41,537] {dagbag.py:487} INFO - Filling up the DagBag from /home/airflow/.local/lib/python3.6/site-packages/airflow/example_dags/example_short_circuit_operator.py
[2022-04-23 15:38:41,553] {scheduler_job.py:643} INFO - DAG(s) dict_keys(['example_short_circuit_operator']) retrieved from /home/airflow/.local/lib/python3.6/site-packages/airflow/example_dags/example_short_circuit_operator.py
[2022-04-23 15:38:41,578] {logging_mixin.py:104} INFO - [2022-04-23 15:38:41,577] {dag.py:1832} INFO - Sync 1 DAGs
[2022-04-23 15:38:41,596] {logging_mixin.py:104} INFO - [2022-04-23 15:38:41,596] {dag.py:2305} INFO - Setting next_dagrun for example_short_circuit_operator to 2022-04-21 00:00:00+00:00
[2022-04-23 15:38:41,610] {scheduler_job.py:190} INFO - Processing /home/airflow/.local/lib/python3.6/site-packages/airflow/example_dags/example_short_circuit_operator.py took 0.078 seconds
[2022-04-23 15:39:11,942] {scheduler_job.py:182} INFO - Started process (PID=908) to work on /home/airflow/.local/lib/python3.6/site-packages/airflow/example_dags/example_short_circuit_operator.py
[2022-04-23 15:39:11,943] {scheduler_job.py:633} INFO - Processing file /home/airflow/.local/lib/python3.6/site-packages/airflow/example_dags/example_short_circuit_operator.py for tasks to queue
[2022-04-23 15:39:11,944] {logging_mixin.py:104} INFO - [2022-04-23 15:39:11,944] {dagbag.py:487} INFO - Filling up the DagBag from /home/airflow/.local/lib/python3.6/site-packages/airflow/example_dags/example_short_circuit_operator.py
[2022-04-23 15:39:11,965] {scheduler_job.py:643} INFO - DAG(s) dict_keys(['example_short_circuit_operator']) retrieved from /home/airflow/.local/lib/python3.6/site-packages/airflow/example_dags/example_short_circuit_operator.py
[2022-04-23 15:39:11,990] {logging_mixin.py:104} INFO - [2022-04-23 15:39:11,990] {dag.py:1832} INFO - Sync 1 DAGs
[2022-04-23 15:39:12,006] {logging_mixin.py:104} INFO - [2022-04-23 15:39:12,006] {dag.py:2305} INFO - Setting next_dagrun for example_short_circuit_operator to 2022-04-21 00:00:00+00:00
[2022-04-23 15:39:12,015] {scheduler_job.py:190} INFO - Processing /home/airflow/.local/lib/python3.6/site-packages/airflow/example_dags/example_short_circuit_operator.py took 0.077 seconds
[2022-04-23 15:39:42,279] {scheduler_job.py:182} INFO - Started process (PID=993) to work on /home/airflow/.local/lib/python3.6/site-packages/airflow/example_dags/example_short_circuit_operator.py
[2022-04-23 15:39:42,281] {scheduler_job.py:633} INFO - Processing file /home/airflow/.local/lib/python3.6/site-packages/airflow/example_dags/example_short_circuit_operator.py for tasks to queue
[2022-04-23 15:39:42,282] {logging_mixin.py:104} INFO - [2022-04-23 15:39:42,282] {dagbag.py:487} INFO - Filling up the DagBag from /home/airflow/.local/lib/python3.6/site-packages/airflow/example_dags/example_short_circuit_operator.py
[2022-04-23 15:39:42,300] {scheduler_job.py:643} INFO - DAG(s) dict_keys(['example_short_circuit_operator']) retrieved from /home/airflow/.local/lib/python3.6/site-packages/airflow/example_dags/example_short_circuit_operator.py
[2022-04-23 15:39:42,326] {logging_mixin.py:104} INFO - [2022-04-23 15:39:42,326] {dag.py:1832} INFO - Sync 1 DAGs
[2022-04-23 15:39:42,342] {logging_mixin.py:104} INFO - [2022-04-23 15:39:42,342] {dag.py:2305} INFO - Setting next_dagrun for example_short_circuit_operator to 2022-04-21 00:00:00+00:00
[2022-04-23 15:39:42,356] {scheduler_job.py:190} INFO - Processing /home/airflow/.local/lib/python3.6/site-packages/airflow/example_dags/example_short_circuit_operator.py took 0.084 seconds
