[2022-04-23 15:34:06,689] {scheduler_job.py:182} INFO - Started process (PID=175) to work on /home/airflow/.local/lib/python3.6/site-packages/airflow/example_dags/example_xcomargs.py
[2022-04-23 15:34:06,690] {scheduler_job.py:633} INFO - Processing file /home/airflow/.local/lib/python3.6/site-packages/airflow/example_dags/example_xcomargs.py for tasks to queue
[2022-04-23 15:34:06,690] {logging_mixin.py:104} INFO - [2022-04-23 15:34:06,690] {dagbag.py:487} INFO - Filling up the DagBag from /home/airflow/.local/lib/python3.6/site-packages/airflow/example_dags/example_xcomargs.py
[2022-04-23 15:34:06,713] {scheduler_job.py:643} INFO - DAG(s) dict_keys(['example_xcom_args', 'example_xcom_args_with_operators']) retrieved from /home/airflow/.local/lib/python3.6/site-packages/airflow/example_dags/example_xcomargs.py
[2022-04-23 15:34:08,976] {logging_mixin.py:104} INFO - [2022-04-23 15:34:08,974] {dag.py:1832} INFO - Sync 2 DAGs
[2022-04-23 15:34:08,991] {logging_mixin.py:104} INFO - [2022-04-23 15:34:08,989] {dag.py:1851} INFO - Creating ORM DAG for example_xcom_args
[2022-04-23 15:34:08,991] {logging_mixin.py:104} INFO - [2022-04-23 15:34:08,991] {dag.py:1851} INFO - Creating ORM DAG for example_xcom_args_with_operators
[2022-04-23 15:34:08,996] {logging_mixin.py:104} INFO - [2022-04-23 15:34:08,996] {dag.py:2305} INFO - Setting next_dagrun for example_xcom_args to None
[2022-04-23 15:34:08,997] {logging_mixin.py:104} INFO - [2022-04-23 15:34:08,997] {dag.py:2305} INFO - Setting next_dagrun for example_xcom_args_with_operators to None
[2022-04-23 15:34:09,010] {scheduler_job.py:190} INFO - Processing /home/airflow/.local/lib/python3.6/site-packages/airflow/example_dags/example_xcomargs.py took 2.324 seconds
[2022-04-23 15:34:39,077] {scheduler_job.py:182} INFO - Started process (PID=247) to work on /home/airflow/.local/lib/python3.6/site-packages/airflow/example_dags/example_xcomargs.py
[2022-04-23 15:34:39,078] {scheduler_job.py:633} INFO - Processing file /home/airflow/.local/lib/python3.6/site-packages/airflow/example_dags/example_xcomargs.py for tasks to queue
[2022-04-23 15:34:39,078] {logging_mixin.py:104} INFO - [2022-04-23 15:34:39,078] {dagbag.py:487} INFO - Filling up the DagBag from /home/airflow/.local/lib/python3.6/site-packages/airflow/example_dags/example_xcomargs.py
[2022-04-23 15:34:39,101] {scheduler_job.py:643} INFO - DAG(s) dict_keys(['example_xcom_args', 'example_xcom_args_with_operators']) retrieved from /home/airflow/.local/lib/python3.6/site-packages/airflow/example_dags/example_xcomargs.py
[2022-04-23 15:34:39,357] {logging_mixin.py:104} INFO - [2022-04-23 15:34:39,357] {dag.py:1832} INFO - Sync 2 DAGs
[2022-04-23 15:34:39,373] {logging_mixin.py:104} INFO - [2022-04-23 15:34:39,372] {dag.py:2305} INFO - Setting next_dagrun for example_xcom_args to None
[2022-04-23 15:34:39,373] {logging_mixin.py:104} INFO - [2022-04-23 15:34:39,373] {dag.py:2305} INFO - Setting next_dagrun for example_xcom_args_with_operators to None
[2022-04-23 15:34:39,393] {scheduler_job.py:190} INFO - Processing /home/airflow/.local/lib/python3.6/site-packages/airflow/example_dags/example_xcomargs.py took 0.319 seconds
[2022-04-23 15:35:09,412] {scheduler_job.py:182} INFO - Started process (PID=332) to work on /home/airflow/.local/lib/python3.6/site-packages/airflow/example_dags/example_xcomargs.py
[2022-04-23 15:35:09,413] {scheduler_job.py:633} INFO - Processing file /home/airflow/.local/lib/python3.6/site-packages/airflow/example_dags/example_xcomargs.py for tasks to queue
[2022-04-23 15:35:09,414] {logging_mixin.py:104} INFO - [2022-04-23 15:35:09,414] {dagbag.py:487} INFO - Filling up the DagBag from /home/airflow/.local/lib/python3.6/site-packages/airflow/example_dags/example_xcomargs.py
[2022-04-23 15:35:09,435] {scheduler_job.py:643} INFO - DAG(s) dict_keys(['example_xcom_args', 'example_xcom_args_with_operators']) retrieved from /home/airflow/.local/lib/python3.6/site-packages/airflow/example_dags/example_xcomargs.py
[2022-04-23 15:35:09,723] {logging_mixin.py:104} INFO - [2022-04-23 15:35:09,723] {dag.py:1832} INFO - Sync 2 DAGs
[2022-04-23 15:35:09,732] {logging_mixin.py:104} INFO - [2022-04-23 15:35:09,732] {dag.py:2305} INFO - Setting next_dagrun for example_xcom_args to None
[2022-04-23 15:35:09,733] {logging_mixin.py:104} INFO - [2022-04-23 15:35:09,733] {dag.py:2305} INFO - Setting next_dagrun for example_xcom_args_with_operators to None
[2022-04-23 15:35:09,742] {scheduler_job.py:190} INFO - Processing /home/airflow/.local/lib/python3.6/site-packages/airflow/example_dags/example_xcomargs.py took 0.332 seconds
[2022-04-23 15:35:39,844] {scheduler_job.py:182} INFO - Started process (PID=398) to work on /home/airflow/.local/lib/python3.6/site-packages/airflow/example_dags/example_xcomargs.py
[2022-04-23 15:35:39,845] {scheduler_job.py:633} INFO - Processing file /home/airflow/.local/lib/python3.6/site-packages/airflow/example_dags/example_xcomargs.py for tasks to queue
[2022-04-23 15:35:39,846] {logging_mixin.py:104} INFO - [2022-04-23 15:35:39,846] {dagbag.py:487} INFO - Filling up the DagBag from /home/airflow/.local/lib/python3.6/site-packages/airflow/example_dags/example_xcomargs.py
[2022-04-23 15:35:39,871] {scheduler_job.py:643} INFO - DAG(s) dict_keys(['example_xcom_args', 'example_xcom_args_with_operators']) retrieved from /home/airflow/.local/lib/python3.6/site-packages/airflow/example_dags/example_xcomargs.py
[2022-04-23 15:35:40,177] {logging_mixin.py:104} INFO - [2022-04-23 15:35:40,177] {dag.py:1832} INFO - Sync 2 DAGs
[2022-04-23 15:35:40,189] {logging_mixin.py:104} INFO - [2022-04-23 15:35:40,189] {dag.py:2305} INFO - Setting next_dagrun for example_xcom_args to None
[2022-04-23 15:35:40,190] {logging_mixin.py:104} INFO - [2022-04-23 15:35:40,190] {dag.py:2305} INFO - Setting next_dagrun for example_xcom_args_with_operators to None
[2022-04-23 15:35:40,205] {scheduler_job.py:190} INFO - Processing /home/airflow/.local/lib/python3.6/site-packages/airflow/example_dags/example_xcomargs.py took 0.364 seconds
[2022-04-23 15:36:10,780] {scheduler_job.py:182} INFO - Started process (PID=482) to work on /home/airflow/.local/lib/python3.6/site-packages/airflow/example_dags/example_xcomargs.py
[2022-04-23 15:36:10,781] {scheduler_job.py:633} INFO - Processing file /home/airflow/.local/lib/python3.6/site-packages/airflow/example_dags/example_xcomargs.py for tasks to queue
[2022-04-23 15:36:10,782] {logging_mixin.py:104} INFO - [2022-04-23 15:36:10,781] {dagbag.py:487} INFO - Filling up the DagBag from /home/airflow/.local/lib/python3.6/site-packages/airflow/example_dags/example_xcomargs.py
[2022-04-23 15:36:10,803] {scheduler_job.py:643} INFO - DAG(s) dict_keys(['example_xcom_args', 'example_xcom_args_with_operators']) retrieved from /home/airflow/.local/lib/python3.6/site-packages/airflow/example_dags/example_xcomargs.py
[2022-04-23 15:36:11,086] {logging_mixin.py:104} INFO - [2022-04-23 15:36:11,085] {dag.py:1832} INFO - Sync 2 DAGs
[2022-04-23 15:36:11,097] {logging_mixin.py:104} INFO - [2022-04-23 15:36:11,097] {dag.py:2305} INFO - Setting next_dagrun for example_xcom_args to None
[2022-04-23 15:36:11,098] {logging_mixin.py:104} INFO - [2022-04-23 15:36:11,098] {dag.py:2305} INFO - Setting next_dagrun for example_xcom_args_with_operators to None
[2022-04-23 15:36:11,110] {scheduler_job.py:190} INFO - Processing /home/airflow/.local/lib/python3.6/site-packages/airflow/example_dags/example_xcomargs.py took 0.333 seconds
[2022-04-23 15:36:41,224] {scheduler_job.py:182} INFO - Started process (PID=549) to work on /home/airflow/.local/lib/python3.6/site-packages/airflow/example_dags/example_xcomargs.py
[2022-04-23 15:36:41,227] {scheduler_job.py:633} INFO - Processing file /home/airflow/.local/lib/python3.6/site-packages/airflow/example_dags/example_xcomargs.py for tasks to queue
[2022-04-23 15:36:41,229] {logging_mixin.py:104} INFO - [2022-04-23 15:36:41,228] {dagbag.py:487} INFO - Filling up the DagBag from /home/airflow/.local/lib/python3.6/site-packages/airflow/example_dags/example_xcomargs.py
[2022-04-23 15:36:41,258] {scheduler_job.py:643} INFO - DAG(s) dict_keys(['example_xcom_args', 'example_xcom_args_with_operators']) retrieved from /home/airflow/.local/lib/python3.6/site-packages/airflow/example_dags/example_xcomargs.py
[2022-04-23 15:36:41,496] {logging_mixin.py:104} INFO - [2022-04-23 15:36:41,496] {dag.py:1832} INFO - Sync 2 DAGs
[2022-04-23 15:36:41,507] {logging_mixin.py:104} INFO - [2022-04-23 15:36:41,507] {dag.py:2305} INFO - Setting next_dagrun for example_xcom_args to None
[2022-04-23 15:36:41,508] {logging_mixin.py:104} INFO - [2022-04-23 15:36:41,508] {dag.py:2305} INFO - Setting next_dagrun for example_xcom_args_with_operators to None
[2022-04-23 15:36:41,520] {scheduler_job.py:190} INFO - Processing /home/airflow/.local/lib/python3.6/site-packages/airflow/example_dags/example_xcomargs.py took 0.304 seconds
[2022-04-23 15:37:12,187] {scheduler_job.py:182} INFO - Started process (PID=625) to work on /home/airflow/.local/lib/python3.6/site-packages/airflow/example_dags/example_xcomargs.py
[2022-04-23 15:37:12,188] {scheduler_job.py:633} INFO - Processing file /home/airflow/.local/lib/python3.6/site-packages/airflow/example_dags/example_xcomargs.py for tasks to queue
[2022-04-23 15:37:12,189] {logging_mixin.py:104} INFO - [2022-04-23 15:37:12,189] {dagbag.py:487} INFO - Filling up the DagBag from /home/airflow/.local/lib/python3.6/site-packages/airflow/example_dags/example_xcomargs.py
[2022-04-23 15:37:12,217] {scheduler_job.py:643} INFO - DAG(s) dict_keys(['example_xcom_args', 'example_xcom_args_with_operators']) retrieved from /home/airflow/.local/lib/python3.6/site-packages/airflow/example_dags/example_xcomargs.py
[2022-04-23 15:37:12,531] {logging_mixin.py:104} INFO - [2022-04-23 15:37:12,531] {dag.py:1832} INFO - Sync 2 DAGs
[2022-04-23 15:37:12,545] {logging_mixin.py:104} INFO - [2022-04-23 15:37:12,545] {dag.py:2305} INFO - Setting next_dagrun for example_xcom_args to None
[2022-04-23 15:37:12,546] {logging_mixin.py:104} INFO - [2022-04-23 15:37:12,546] {dag.py:2305} INFO - Setting next_dagrun for example_xcom_args_with_operators to None
[2022-04-23 15:37:12,580] {scheduler_job.py:190} INFO - Processing /home/airflow/.local/lib/python3.6/site-packages/airflow/example_dags/example_xcomargs.py took 0.396 seconds
[2022-04-23 15:37:42,743] {scheduler_job.py:182} INFO - Started process (PID=698) to work on /home/airflow/.local/lib/python3.6/site-packages/airflow/example_dags/example_xcomargs.py
[2022-04-23 15:37:42,746] {scheduler_job.py:633} INFO - Processing file /home/airflow/.local/lib/python3.6/site-packages/airflow/example_dags/example_xcomargs.py for tasks to queue
[2022-04-23 15:37:42,748] {logging_mixin.py:104} INFO - [2022-04-23 15:37:42,747] {dagbag.py:487} INFO - Filling up the DagBag from /home/airflow/.local/lib/python3.6/site-packages/airflow/example_dags/example_xcomargs.py
[2022-04-23 15:37:42,784] {scheduler_job.py:643} INFO - DAG(s) dict_keys(['example_xcom_args', 'example_xcom_args_with_operators']) retrieved from /home/airflow/.local/lib/python3.6/site-packages/airflow/example_dags/example_xcomargs.py
[2022-04-23 15:37:43,031] {logging_mixin.py:104} INFO - [2022-04-23 15:37:43,031] {dag.py:1832} INFO - Sync 2 DAGs
[2022-04-23 15:37:43,043] {logging_mixin.py:104} INFO - [2022-04-23 15:37:43,043] {dag.py:2305} INFO - Setting next_dagrun for example_xcom_args to None
[2022-04-23 15:37:43,044] {logging_mixin.py:104} INFO - [2022-04-23 15:37:43,044] {dag.py:2305} INFO - Setting next_dagrun for example_xcom_args_with_operators to None
[2022-04-23 15:37:43,056] {scheduler_job.py:190} INFO - Processing /home/airflow/.local/lib/python3.6/site-packages/airflow/example_dags/example_xcomargs.py took 0.322 seconds
[2022-04-23 15:38:13,222] {scheduler_job.py:182} INFO - Started process (PID=764) to work on /home/airflow/.local/lib/python3.6/site-packages/airflow/example_dags/example_xcomargs.py
[2022-04-23 15:38:13,224] {scheduler_job.py:633} INFO - Processing file /home/airflow/.local/lib/python3.6/site-packages/airflow/example_dags/example_xcomargs.py for tasks to queue
[2022-04-23 15:38:13,226] {logging_mixin.py:104} INFO - [2022-04-23 15:38:13,226] {dagbag.py:487} INFO - Filling up the DagBag from /home/airflow/.local/lib/python3.6/site-packages/airflow/example_dags/example_xcomargs.py
[2022-04-23 15:38:13,265] {scheduler_job.py:643} INFO - DAG(s) dict_keys(['example_xcom_args', 'example_xcom_args_with_operators']) retrieved from /home/airflow/.local/lib/python3.6/site-packages/airflow/example_dags/example_xcomargs.py
[2022-04-23 15:38:13,722] {logging_mixin.py:104} INFO - [2022-04-23 15:38:13,722] {dag.py:1832} INFO - Sync 2 DAGs
[2022-04-23 15:38:13,733] {logging_mixin.py:104} INFO - [2022-04-23 15:38:13,733] {dag.py:2305} INFO - Setting next_dagrun for example_xcom_args to None
[2022-04-23 15:38:13,734] {logging_mixin.py:104} INFO - [2022-04-23 15:38:13,734] {dag.py:2305} INFO - Setting next_dagrun for example_xcom_args_with_operators to None
[2022-04-23 15:38:13,749] {scheduler_job.py:190} INFO - Processing /home/airflow/.local/lib/python3.6/site-packages/airflow/example_dags/example_xcomargs.py took 0.533 seconds
[2022-04-23 15:38:43,766] {scheduler_job.py:182} INFO - Started process (PID=847) to work on /home/airflow/.local/lib/python3.6/site-packages/airflow/example_dags/example_xcomargs.py
[2022-04-23 15:38:43,768] {scheduler_job.py:633} INFO - Processing file /home/airflow/.local/lib/python3.6/site-packages/airflow/example_dags/example_xcomargs.py for tasks to queue
[2022-04-23 15:38:43,769] {logging_mixin.py:104} INFO - [2022-04-23 15:38:43,769] {dagbag.py:487} INFO - Filling up the DagBag from /home/airflow/.local/lib/python3.6/site-packages/airflow/example_dags/example_xcomargs.py
[2022-04-23 15:38:43,791] {scheduler_job.py:643} INFO - DAG(s) dict_keys(['example_xcom_args', 'example_xcom_args_with_operators']) retrieved from /home/airflow/.local/lib/python3.6/site-packages/airflow/example_dags/example_xcomargs.py
[2022-04-23 15:38:44,078] {logging_mixin.py:104} INFO - [2022-04-23 15:38:44,078] {dag.py:1832} INFO - Sync 2 DAGs
[2022-04-23 15:38:44,090] {logging_mixin.py:104} INFO - [2022-04-23 15:38:44,090] {dag.py:2305} INFO - Setting next_dagrun for example_xcom_args to None
[2022-04-23 15:38:44,091] {logging_mixin.py:104} INFO - [2022-04-23 15:38:44,091] {dag.py:2305} INFO - Setting next_dagrun for example_xcom_args_with_operators to None
[2022-04-23 15:38:44,104] {scheduler_job.py:190} INFO - Processing /home/airflow/.local/lib/python3.6/site-packages/airflow/example_dags/example_xcomargs.py took 0.342 seconds
[2022-04-23 15:39:14,220] {scheduler_job.py:182} INFO - Started process (PID=913) to work on /home/airflow/.local/lib/python3.6/site-packages/airflow/example_dags/example_xcomargs.py
[2022-04-23 15:39:14,221] {scheduler_job.py:633} INFO - Processing file /home/airflow/.local/lib/python3.6/site-packages/airflow/example_dags/example_xcomargs.py for tasks to queue
[2022-04-23 15:39:14,221] {logging_mixin.py:104} INFO - [2022-04-23 15:39:14,221] {dagbag.py:487} INFO - Filling up the DagBag from /home/airflow/.local/lib/python3.6/site-packages/airflow/example_dags/example_xcomargs.py
[2022-04-23 15:39:14,240] {scheduler_job.py:643} INFO - DAG(s) dict_keys(['example_xcom_args', 'example_xcom_args_with_operators']) retrieved from /home/airflow/.local/lib/python3.6/site-packages/airflow/example_dags/example_xcomargs.py
[2022-04-23 15:39:14,266] {logging_mixin.py:104} INFO - [2022-04-23 15:39:14,265] {dag.py:1832} INFO - Sync 2 DAGs
[2022-04-23 15:39:14,281] {logging_mixin.py:104} INFO - [2022-04-23 15:39:14,281] {dag.py:2305} INFO - Setting next_dagrun for example_xcom_args to None
[2022-04-23 15:39:14,281] {logging_mixin.py:104} INFO - [2022-04-23 15:39:14,281] {dag.py:2305} INFO - Setting next_dagrun for example_xcom_args_with_operators to None
[2022-04-23 15:39:14,298] {scheduler_job.py:190} INFO - Processing /home/airflow/.local/lib/python3.6/site-packages/airflow/example_dags/example_xcomargs.py took 0.082 seconds
[2022-04-23 15:39:44,465] {scheduler_job.py:182} INFO - Started process (PID=998) to work on /home/airflow/.local/lib/python3.6/site-packages/airflow/example_dags/example_xcomargs.py
[2022-04-23 15:39:44,466] {scheduler_job.py:633} INFO - Processing file /home/airflow/.local/lib/python3.6/site-packages/airflow/example_dags/example_xcomargs.py for tasks to queue
[2022-04-23 15:39:44,468] {logging_mixin.py:104} INFO - [2022-04-23 15:39:44,468] {dagbag.py:487} INFO - Filling up the DagBag from /home/airflow/.local/lib/python3.6/site-packages/airflow/example_dags/example_xcomargs.py
[2022-04-23 15:39:44,496] {scheduler_job.py:643} INFO - DAG(s) dict_keys(['example_xcom_args', 'example_xcom_args_with_operators']) retrieved from /home/airflow/.local/lib/python3.6/site-packages/airflow/example_dags/example_xcomargs.py
[2022-04-23 15:39:44,774] {logging_mixin.py:104} INFO - [2022-04-23 15:39:44,774] {dag.py:1832} INFO - Sync 2 DAGs
[2022-04-23 15:39:44,786] {logging_mixin.py:104} INFO - [2022-04-23 15:39:44,786] {dag.py:2305} INFO - Setting next_dagrun for example_xcom_args to None
[2022-04-23 15:39:44,787] {logging_mixin.py:104} INFO - [2022-04-23 15:39:44,787] {dag.py:2305} INFO - Setting next_dagrun for example_xcom_args_with_operators to None
[2022-04-23 15:39:44,806] {scheduler_job.py:190} INFO - Processing /home/airflow/.local/lib/python3.6/site-packages/airflow/example_dags/example_xcomargs.py took 0.350 seconds
