[2022-04-23 15:33:55,153] {scheduler_job.py:182} INFO - Started process (PID=138) to work on /home/airflow/.local/lib/python3.6/site-packages/airflow/example_dags/example_nested_branch_dag.py
[2022-04-23 15:33:55,154] {scheduler_job.py:633} INFO - Processing file /home/airflow/.local/lib/python3.6/site-packages/airflow/example_dags/example_nested_branch_dag.py for tasks to queue
[2022-04-23 15:33:55,154] {logging_mixin.py:104} INFO - [2022-04-23 15:33:55,154] {dagbag.py:487} INFO - Filling up the DagBag from /home/airflow/.local/lib/python3.6/site-packages/airflow/example_dags/example_nested_branch_dag.py
[2022-04-23 15:33:55,176] {scheduler_job.py:643} INFO - DAG(s) dict_keys(['example_nested_branch_dag']) retrieved from /home/airflow/.local/lib/python3.6/site-packages/airflow/example_dags/example_nested_branch_dag.py
[2022-04-23 15:33:57,351] {logging_mixin.py:104} INFO - [2022-04-23 15:33:57,349] {dag.py:1832} INFO - Sync 1 DAGs
[2022-04-23 15:33:57,368] {logging_mixin.py:104} INFO - [2022-04-23 15:33:57,366] {dag.py:1851} INFO - Creating ORM DAG for example_nested_branch_dag
[2022-04-23 15:33:57,381] {logging_mixin.py:104} INFO - [2022-04-23 15:33:57,381] {dag.py:2305} INFO - Setting next_dagrun for example_nested_branch_dag to 2022-04-21 00:00:00+00:00
[2022-04-23 15:33:57,401] {scheduler_job.py:190} INFO - Processing /home/airflow/.local/lib/python3.6/site-packages/airflow/example_dags/example_nested_branch_dag.py took 2.252 seconds
[2022-04-23 15:34:28,153] {scheduler_job.py:182} INFO - Started process (PID=215) to work on /home/airflow/.local/lib/python3.6/site-packages/airflow/example_dags/example_nested_branch_dag.py
[2022-04-23 15:34:28,154] {scheduler_job.py:633} INFO - Processing file /home/airflow/.local/lib/python3.6/site-packages/airflow/example_dags/example_nested_branch_dag.py for tasks to queue
[2022-04-23 15:34:28,155] {logging_mixin.py:104} INFO - [2022-04-23 15:34:28,155] {dagbag.py:487} INFO - Filling up the DagBag from /home/airflow/.local/lib/python3.6/site-packages/airflow/example_dags/example_nested_branch_dag.py
[2022-04-23 15:34:28,182] {scheduler_job.py:643} INFO - DAG(s) dict_keys(['example_nested_branch_dag']) retrieved from /home/airflow/.local/lib/python3.6/site-packages/airflow/example_dags/example_nested_branch_dag.py
[2022-04-23 15:34:28,289] {logging_mixin.py:104} INFO - [2022-04-23 15:34:28,289] {dag.py:1832} INFO - Sync 1 DAGs
[2022-04-23 15:34:28,338] {logging_mixin.py:104} INFO - [2022-04-23 15:34:28,338] {dag.py:2305} INFO - Setting next_dagrun for example_nested_branch_dag to 2022-04-21 00:00:00+00:00
[2022-04-23 15:34:28,361] {scheduler_job.py:190} INFO - Processing /home/airflow/.local/lib/python3.6/site-packages/airflow/example_dags/example_nested_branch_dag.py took 0.215 seconds
[2022-04-23 15:34:58,555] {scheduler_job.py:182} INFO - Started process (PID=299) to work on /home/airflow/.local/lib/python3.6/site-packages/airflow/example_dags/example_nested_branch_dag.py
[2022-04-23 15:34:58,559] {scheduler_job.py:633} INFO - Processing file /home/airflow/.local/lib/python3.6/site-packages/airflow/example_dags/example_nested_branch_dag.py for tasks to queue
[2022-04-23 15:34:58,560] {logging_mixin.py:104} INFO - [2022-04-23 15:34:58,560] {dagbag.py:487} INFO - Filling up the DagBag from /home/airflow/.local/lib/python3.6/site-packages/airflow/example_dags/example_nested_branch_dag.py
[2022-04-23 15:34:58,593] {scheduler_job.py:643} INFO - DAG(s) dict_keys(['example_nested_branch_dag']) retrieved from /home/airflow/.local/lib/python3.6/site-packages/airflow/example_dags/example_nested_branch_dag.py
[2022-04-23 15:34:58,617] {logging_mixin.py:104} INFO - [2022-04-23 15:34:58,617] {dag.py:1832} INFO - Sync 1 DAGs
[2022-04-23 15:34:58,643] {logging_mixin.py:104} INFO - [2022-04-23 15:34:58,642] {dag.py:2305} INFO - Setting next_dagrun for example_nested_branch_dag to 2022-04-21 00:00:00+00:00
[2022-04-23 15:34:58,660] {scheduler_job.py:190} INFO - Processing /home/airflow/.local/lib/python3.6/site-packages/airflow/example_dags/example_nested_branch_dag.py took 0.113 seconds
[2022-04-23 15:35:28,756] {scheduler_job.py:182} INFO - Started process (PID=365) to work on /home/airflow/.local/lib/python3.6/site-packages/airflow/example_dags/example_nested_branch_dag.py
[2022-04-23 15:35:28,757] {scheduler_job.py:633} INFO - Processing file /home/airflow/.local/lib/python3.6/site-packages/airflow/example_dags/example_nested_branch_dag.py for tasks to queue
[2022-04-23 15:35:28,758] {logging_mixin.py:104} INFO - [2022-04-23 15:35:28,758] {dagbag.py:487} INFO - Filling up the DagBag from /home/airflow/.local/lib/python3.6/site-packages/airflow/example_dags/example_nested_branch_dag.py
[2022-04-23 15:35:28,780] {scheduler_job.py:643} INFO - DAG(s) dict_keys(['example_nested_branch_dag']) retrieved from /home/airflow/.local/lib/python3.6/site-packages/airflow/example_dags/example_nested_branch_dag.py
[2022-04-23 15:35:28,800] {logging_mixin.py:104} INFO - [2022-04-23 15:35:28,800] {dag.py:1832} INFO - Sync 1 DAGs
[2022-04-23 15:35:28,816] {logging_mixin.py:104} INFO - [2022-04-23 15:35:28,816] {dag.py:2305} INFO - Setting next_dagrun for example_nested_branch_dag to 2022-04-21 00:00:00+00:00
[2022-04-23 15:35:28,826] {scheduler_job.py:190} INFO - Processing /home/airflow/.local/lib/python3.6/site-packages/airflow/example_dags/example_nested_branch_dag.py took 0.073 seconds
[2022-04-23 15:35:58,919] {scheduler_job.py:182} INFO - Started process (PID=449) to work on /home/airflow/.local/lib/python3.6/site-packages/airflow/example_dags/example_nested_branch_dag.py
[2022-04-23 15:35:58,920] {scheduler_job.py:633} INFO - Processing file /home/airflow/.local/lib/python3.6/site-packages/airflow/example_dags/example_nested_branch_dag.py for tasks to queue
[2022-04-23 15:35:58,921] {logging_mixin.py:104} INFO - [2022-04-23 15:35:58,921] {dagbag.py:487} INFO - Filling up the DagBag from /home/airflow/.local/lib/python3.6/site-packages/airflow/example_dags/example_nested_branch_dag.py
[2022-04-23 15:35:58,941] {scheduler_job.py:643} INFO - DAG(s) dict_keys(['example_nested_branch_dag']) retrieved from /home/airflow/.local/lib/python3.6/site-packages/airflow/example_dags/example_nested_branch_dag.py
[2022-04-23 15:35:58,965] {logging_mixin.py:104} INFO - [2022-04-23 15:35:58,965] {dag.py:1832} INFO - Sync 1 DAGs
[2022-04-23 15:35:58,982] {logging_mixin.py:104} INFO - [2022-04-23 15:35:58,982] {dag.py:2305} INFO - Setting next_dagrun for example_nested_branch_dag to 2022-04-21 00:00:00+00:00
[2022-04-23 15:35:58,998] {scheduler_job.py:190} INFO - Processing /home/airflow/.local/lib/python3.6/site-packages/airflow/example_dags/example_nested_branch_dag.py took 0.082 seconds
[2022-04-23 15:36:29,335] {scheduler_job.py:182} INFO - Started process (PID=516) to work on /home/airflow/.local/lib/python3.6/site-packages/airflow/example_dags/example_nested_branch_dag.py
[2022-04-23 15:36:29,337] {scheduler_job.py:633} INFO - Processing file /home/airflow/.local/lib/python3.6/site-packages/airflow/example_dags/example_nested_branch_dag.py for tasks to queue
[2022-04-23 15:36:29,339] {logging_mixin.py:104} INFO - [2022-04-23 15:36:29,338] {dagbag.py:487} INFO - Filling up the DagBag from /home/airflow/.local/lib/python3.6/site-packages/airflow/example_dags/example_nested_branch_dag.py
[2022-04-23 15:36:29,360] {scheduler_job.py:643} INFO - DAG(s) dict_keys(['example_nested_branch_dag']) retrieved from /home/airflow/.local/lib/python3.6/site-packages/airflow/example_dags/example_nested_branch_dag.py
[2022-04-23 15:36:29,385] {logging_mixin.py:104} INFO - [2022-04-23 15:36:29,385] {dag.py:1832} INFO - Sync 1 DAGs
[2022-04-23 15:36:29,402] {logging_mixin.py:104} INFO - [2022-04-23 15:36:29,401] {dag.py:2305} INFO - Setting next_dagrun for example_nested_branch_dag to 2022-04-21 00:00:00+00:00
[2022-04-23 15:36:29,414] {scheduler_job.py:190} INFO - Processing /home/airflow/.local/lib/python3.6/site-packages/airflow/example_dags/example_nested_branch_dag.py took 0.086 seconds
[2022-04-23 15:36:59,487] {scheduler_job.py:182} INFO - Started process (PID=590) to work on /home/airflow/.local/lib/python3.6/site-packages/airflow/example_dags/example_nested_branch_dag.py
[2022-04-23 15:36:59,492] {scheduler_job.py:633} INFO - Processing file /home/airflow/.local/lib/python3.6/site-packages/airflow/example_dags/example_nested_branch_dag.py for tasks to queue
[2022-04-23 15:36:59,493] {logging_mixin.py:104} INFO - [2022-04-23 15:36:59,493] {dagbag.py:487} INFO - Filling up the DagBag from /home/airflow/.local/lib/python3.6/site-packages/airflow/example_dags/example_nested_branch_dag.py
[2022-04-23 15:36:59,512] {scheduler_job.py:643} INFO - DAG(s) dict_keys(['example_nested_branch_dag']) retrieved from /home/airflow/.local/lib/python3.6/site-packages/airflow/example_dags/example_nested_branch_dag.py
[2022-04-23 15:36:59,535] {logging_mixin.py:104} INFO - [2022-04-23 15:36:59,535] {dag.py:1832} INFO - Sync 1 DAGs
[2022-04-23 15:36:59,555] {logging_mixin.py:104} INFO - [2022-04-23 15:36:59,554] {dag.py:2305} INFO - Setting next_dagrun for example_nested_branch_dag to 2022-04-21 00:00:00+00:00
[2022-04-23 15:36:59,572] {scheduler_job.py:190} INFO - Processing /home/airflow/.local/lib/python3.6/site-packages/airflow/example_dags/example_nested_branch_dag.py took 0.089 seconds
[2022-04-23 15:37:30,246] {scheduler_job.py:182} INFO - Started process (PID=664) to work on /home/airflow/.local/lib/python3.6/site-packages/airflow/example_dags/example_nested_branch_dag.py
[2022-04-23 15:37:30,248] {scheduler_job.py:633} INFO - Processing file /home/airflow/.local/lib/python3.6/site-packages/airflow/example_dags/example_nested_branch_dag.py for tasks to queue
[2022-04-23 15:37:30,249] {logging_mixin.py:104} INFO - [2022-04-23 15:37:30,249] {dagbag.py:487} INFO - Filling up the DagBag from /home/airflow/.local/lib/python3.6/site-packages/airflow/example_dags/example_nested_branch_dag.py
[2022-04-23 15:37:30,271] {scheduler_job.py:643} INFO - DAG(s) dict_keys(['example_nested_branch_dag']) retrieved from /home/airflow/.local/lib/python3.6/site-packages/airflow/example_dags/example_nested_branch_dag.py
[2022-04-23 15:37:30,298] {logging_mixin.py:104} INFO - [2022-04-23 15:37:30,297] {dag.py:1832} INFO - Sync 1 DAGs
[2022-04-23 15:37:30,316] {logging_mixin.py:104} INFO - [2022-04-23 15:37:30,316] {dag.py:2305} INFO - Setting next_dagrun for example_nested_branch_dag to 2022-04-21 00:00:00+00:00
[2022-04-23 15:37:30,332] {scheduler_job.py:190} INFO - Processing /home/airflow/.local/lib/python3.6/site-packages/airflow/example_dags/example_nested_branch_dag.py took 0.092 seconds
[2022-04-23 15:38:00,612] {scheduler_job.py:182} INFO - Started process (PID=730) to work on /home/airflow/.local/lib/python3.6/site-packages/airflow/example_dags/example_nested_branch_dag.py
[2022-04-23 15:38:00,614] {scheduler_job.py:633} INFO - Processing file /home/airflow/.local/lib/python3.6/site-packages/airflow/example_dags/example_nested_branch_dag.py for tasks to queue
[2022-04-23 15:38:00,615] {logging_mixin.py:104} INFO - [2022-04-23 15:38:00,615] {dagbag.py:487} INFO - Filling up the DagBag from /home/airflow/.local/lib/python3.6/site-packages/airflow/example_dags/example_nested_branch_dag.py
[2022-04-23 15:38:00,649] {scheduler_job.py:643} INFO - DAG(s) dict_keys(['example_nested_branch_dag']) retrieved from /home/airflow/.local/lib/python3.6/site-packages/airflow/example_dags/example_nested_branch_dag.py
[2022-04-23 15:38:00,675] {logging_mixin.py:104} INFO - [2022-04-23 15:38:00,675] {dag.py:1832} INFO - Sync 1 DAGs
[2022-04-23 15:38:00,691] {logging_mixin.py:104} INFO - [2022-04-23 15:38:00,691] {dag.py:2305} INFO - Setting next_dagrun for example_nested_branch_dag to 2022-04-21 00:00:00+00:00
[2022-04-23 15:38:00,707] {scheduler_job.py:190} INFO - Processing /home/airflow/.local/lib/python3.6/site-packages/airflow/example_dags/example_nested_branch_dag.py took 0.101 seconds
[2022-04-23 15:38:31,000] {scheduler_job.py:182} INFO - Started process (PID=813) to work on /home/airflow/.local/lib/python3.6/site-packages/airflow/example_dags/example_nested_branch_dag.py
[2022-04-23 15:38:31,002] {scheduler_job.py:633} INFO - Processing file /home/airflow/.local/lib/python3.6/site-packages/airflow/example_dags/example_nested_branch_dag.py for tasks to queue
[2022-04-23 15:38:31,003] {logging_mixin.py:104} INFO - [2022-04-23 15:38:31,003] {dagbag.py:487} INFO - Filling up the DagBag from /home/airflow/.local/lib/python3.6/site-packages/airflow/example_dags/example_nested_branch_dag.py
[2022-04-23 15:38:31,031] {scheduler_job.py:643} INFO - DAG(s) dict_keys(['example_nested_branch_dag']) retrieved from /home/airflow/.local/lib/python3.6/site-packages/airflow/example_dags/example_nested_branch_dag.py
[2022-04-23 15:38:31,056] {logging_mixin.py:104} INFO - [2022-04-23 15:38:31,056] {dag.py:1832} INFO - Sync 1 DAGs
[2022-04-23 15:38:31,079] {logging_mixin.py:104} INFO - [2022-04-23 15:38:31,079] {dag.py:2305} INFO - Setting next_dagrun for example_nested_branch_dag to 2022-04-21 00:00:00+00:00
[2022-04-23 15:38:31,091] {scheduler_job.py:190} INFO - Processing /home/airflow/.local/lib/python3.6/site-packages/airflow/example_dags/example_nested_branch_dag.py took 0.097 seconds
[2022-04-23 15:39:01,339] {scheduler_job.py:182} INFO - Started process (PID=879) to work on /home/airflow/.local/lib/python3.6/site-packages/airflow/example_dags/example_nested_branch_dag.py
[2022-04-23 15:39:01,341] {scheduler_job.py:633} INFO - Processing file /home/airflow/.local/lib/python3.6/site-packages/airflow/example_dags/example_nested_branch_dag.py for tasks to queue
[2022-04-23 15:39:01,342] {logging_mixin.py:104} INFO - [2022-04-23 15:39:01,341] {dagbag.py:487} INFO - Filling up the DagBag from /home/airflow/.local/lib/python3.6/site-packages/airflow/example_dags/example_nested_branch_dag.py
[2022-04-23 15:39:01,368] {scheduler_job.py:643} INFO - DAG(s) dict_keys(['example_nested_branch_dag']) retrieved from /home/airflow/.local/lib/python3.6/site-packages/airflow/example_dags/example_nested_branch_dag.py
[2022-04-23 15:39:01,395] {logging_mixin.py:104} INFO - [2022-04-23 15:39:01,395] {dag.py:1832} INFO - Sync 1 DAGs
[2022-04-23 15:39:01,416] {logging_mixin.py:104} INFO - [2022-04-23 15:39:01,415] {dag.py:2305} INFO - Setting next_dagrun for example_nested_branch_dag to 2022-04-21 00:00:00+00:00
[2022-04-23 15:39:01,430] {scheduler_job.py:190} INFO - Processing /home/airflow/.local/lib/python3.6/site-packages/airflow/example_dags/example_nested_branch_dag.py took 0.096 seconds
[2022-04-23 15:39:31,851] {scheduler_job.py:182} INFO - Started process (PID=964) to work on /home/airflow/.local/lib/python3.6/site-packages/airflow/example_dags/example_nested_branch_dag.py
[2022-04-23 15:39:31,857] {scheduler_job.py:633} INFO - Processing file /home/airflow/.local/lib/python3.6/site-packages/airflow/example_dags/example_nested_branch_dag.py for tasks to queue
[2022-04-23 15:39:31,859] {logging_mixin.py:104} INFO - [2022-04-23 15:39:31,858] {dagbag.py:487} INFO - Filling up the DagBag from /home/airflow/.local/lib/python3.6/site-packages/airflow/example_dags/example_nested_branch_dag.py
[2022-04-23 15:39:31,888] {scheduler_job.py:643} INFO - DAG(s) dict_keys(['example_nested_branch_dag']) retrieved from /home/airflow/.local/lib/python3.6/site-packages/airflow/example_dags/example_nested_branch_dag.py
[2022-04-23 15:39:31,931] {logging_mixin.py:104} INFO - [2022-04-23 15:39:31,931] {dag.py:1832} INFO - Sync 1 DAGs
[2022-04-23 15:39:31,959] {logging_mixin.py:104} INFO - [2022-04-23 15:39:31,959] {dag.py:2305} INFO - Setting next_dagrun for example_nested_branch_dag to 2022-04-21 00:00:00+00:00
[2022-04-23 15:39:31,976] {scheduler_job.py:190} INFO - Processing /home/airflow/.local/lib/python3.6/site-packages/airflow/example_dags/example_nested_branch_dag.py took 0.131 seconds
[2022-04-23 15:40:02,180] {scheduler_job.py:182} INFO - Started process (PID=1031) to work on /home/airflow/.local/lib/python3.6/site-packages/airflow/example_dags/example_nested_branch_dag.py
[2022-04-23 15:40:02,181] {scheduler_job.py:633} INFO - Processing file /home/airflow/.local/lib/python3.6/site-packages/airflow/example_dags/example_nested_branch_dag.py for tasks to queue
[2022-04-23 15:40:02,181] {logging_mixin.py:104} INFO - [2022-04-23 15:40:02,181] {dagbag.py:487} INFO - Filling up the DagBag from /home/airflow/.local/lib/python3.6/site-packages/airflow/example_dags/example_nested_branch_dag.py
[2022-04-23 15:40:02,201] {scheduler_job.py:643} INFO - DAG(s) dict_keys(['example_nested_branch_dag']) retrieved from /home/airflow/.local/lib/python3.6/site-packages/airflow/example_dags/example_nested_branch_dag.py
[2022-04-23 15:40:02,231] {logging_mixin.py:104} INFO - [2022-04-23 15:40:02,231] {dag.py:1832} INFO - Sync 1 DAGs
[2022-04-23 15:40:02,264] {logging_mixin.py:104} INFO - [2022-04-23 15:40:02,264] {dag.py:2305} INFO - Setting next_dagrun for example_nested_branch_dag to 2022-04-21 00:00:00+00:00
[2022-04-23 15:40:02,281] {scheduler_job.py:190} INFO - Processing /home/airflow/.local/lib/python3.6/site-packages/airflow/example_dags/example_nested_branch_dag.py took 0.105 seconds
