[2022-04-23 15:33:54,774] {scheduler_job.py:182} INFO - Started process (PID=136) to work on /home/airflow/.local/lib/python3.6/site-packages/airflow/example_dags/example_branch_operator.py
[2022-04-23 15:33:54,774] {scheduler_job.py:633} INFO - Processing file /home/airflow/.local/lib/python3.6/site-packages/airflow/example_dags/example_branch_operator.py for tasks to queue
[2022-04-23 15:33:54,775] {logging_mixin.py:104} INFO - [2022-04-23 15:33:54,775] {dagbag.py:487} INFO - Filling up the DagBag from /home/airflow/.local/lib/python3.6/site-packages/airflow/example_dags/example_branch_operator.py
[2022-04-23 15:33:54,794] {scheduler_job.py:643} INFO - DAG(s) dict_keys(['example_branch_operator']) retrieved from /home/airflow/.local/lib/python3.6/site-packages/airflow/example_dags/example_branch_operator.py
[2022-04-23 15:33:56,823] {logging_mixin.py:104} INFO - [2022-04-23 15:33:56,822] {dag.py:1832} INFO - Sync 1 DAGs
[2022-04-23 15:33:56,833] {logging_mixin.py:104} INFO - [2022-04-23 15:33:56,832] {dag.py:1851} INFO - Creating ORM DAG for example_branch_operator
[2022-04-23 15:33:56,839] {logging_mixin.py:104} INFO - [2022-04-23 15:33:56,839] {dag.py:2305} INFO - Setting next_dagrun for example_branch_operator to 2022-04-21 00:00:00+00:00
[2022-04-23 15:33:56,852] {scheduler_job.py:190} INFO - Processing /home/airflow/.local/lib/python3.6/site-packages/airflow/example_dags/example_branch_operator.py took 2.081 seconds
[2022-04-23 15:34:27,143] {scheduler_job.py:182} INFO - Started process (PID=214) to work on /home/airflow/.local/lib/python3.6/site-packages/airflow/example_dags/example_branch_operator.py
[2022-04-23 15:34:27,144] {scheduler_job.py:633} INFO - Processing file /home/airflow/.local/lib/python3.6/site-packages/airflow/example_dags/example_branch_operator.py for tasks to queue
[2022-04-23 15:34:27,145] {logging_mixin.py:104} INFO - [2022-04-23 15:34:27,145] {dagbag.py:487} INFO - Filling up the DagBag from /home/airflow/.local/lib/python3.6/site-packages/airflow/example_dags/example_branch_operator.py
[2022-04-23 15:34:27,167] {scheduler_job.py:643} INFO - DAG(s) dict_keys(['example_branch_operator']) retrieved from /home/airflow/.local/lib/python3.6/site-packages/airflow/example_dags/example_branch_operator.py
[2022-04-23 15:34:27,194] {logging_mixin.py:104} INFO - [2022-04-23 15:34:27,194] {dag.py:1832} INFO - Sync 1 DAGs
[2022-04-23 15:34:27,216] {logging_mixin.py:104} INFO - [2022-04-23 15:34:27,216] {dag.py:2305} INFO - Setting next_dagrun for example_branch_operator to 2022-04-21 00:00:00+00:00
[2022-04-23 15:34:27,234] {scheduler_job.py:190} INFO - Processing /home/airflow/.local/lib/python3.6/site-packages/airflow/example_dags/example_branch_operator.py took 0.098 seconds
[2022-04-23 15:34:57,544] {scheduler_job.py:182} INFO - Started process (PID=298) to work on /home/airflow/.local/lib/python3.6/site-packages/airflow/example_dags/example_branch_operator.py
[2022-04-23 15:34:57,546] {scheduler_job.py:633} INFO - Processing file /home/airflow/.local/lib/python3.6/site-packages/airflow/example_dags/example_branch_operator.py for tasks to queue
[2022-04-23 15:34:57,547] {logging_mixin.py:104} INFO - [2022-04-23 15:34:57,547] {dagbag.py:487} INFO - Filling up the DagBag from /home/airflow/.local/lib/python3.6/site-packages/airflow/example_dags/example_branch_operator.py
[2022-04-23 15:34:57,567] {scheduler_job.py:643} INFO - DAG(s) dict_keys(['example_branch_operator']) retrieved from /home/airflow/.local/lib/python3.6/site-packages/airflow/example_dags/example_branch_operator.py
[2022-04-23 15:34:57,591] {logging_mixin.py:104} INFO - [2022-04-23 15:34:57,591] {dag.py:1832} INFO - Sync 1 DAGs
[2022-04-23 15:34:57,612] {logging_mixin.py:104} INFO - [2022-04-23 15:34:57,611] {dag.py:2305} INFO - Setting next_dagrun for example_branch_operator to 2022-04-21 00:00:00+00:00
[2022-04-23 15:34:57,628] {scheduler_job.py:190} INFO - Processing /home/airflow/.local/lib/python3.6/site-packages/airflow/example_dags/example_branch_operator.py took 0.090 seconds
[2022-04-23 15:35:27,659] {scheduler_job.py:182} INFO - Started process (PID=364) to work on /home/airflow/.local/lib/python3.6/site-packages/airflow/example_dags/example_branch_operator.py
[2022-04-23 15:35:27,660] {scheduler_job.py:633} INFO - Processing file /home/airflow/.local/lib/python3.6/site-packages/airflow/example_dags/example_branch_operator.py for tasks to queue
[2022-04-23 15:35:27,661] {logging_mixin.py:104} INFO - [2022-04-23 15:35:27,661] {dagbag.py:487} INFO - Filling up the DagBag from /home/airflow/.local/lib/python3.6/site-packages/airflow/example_dags/example_branch_operator.py
[2022-04-23 15:35:27,680] {scheduler_job.py:643} INFO - DAG(s) dict_keys(['example_branch_operator']) retrieved from /home/airflow/.local/lib/python3.6/site-packages/airflow/example_dags/example_branch_operator.py
[2022-04-23 15:35:27,704] {logging_mixin.py:104} INFO - [2022-04-23 15:35:27,704] {dag.py:1832} INFO - Sync 1 DAGs
[2022-04-23 15:35:27,723] {logging_mixin.py:104} INFO - [2022-04-23 15:35:27,723] {dag.py:2305} INFO - Setting next_dagrun for example_branch_operator to 2022-04-21 00:00:00+00:00
[2022-04-23 15:35:27,739] {scheduler_job.py:190} INFO - Processing /home/airflow/.local/lib/python3.6/site-packages/airflow/example_dags/example_branch_operator.py took 0.085 seconds
[2022-04-23 15:35:57,823] {scheduler_job.py:182} INFO - Started process (PID=440) to work on /home/airflow/.local/lib/python3.6/site-packages/airflow/example_dags/example_branch_operator.py
[2022-04-23 15:35:57,824] {scheduler_job.py:633} INFO - Processing file /home/airflow/.local/lib/python3.6/site-packages/airflow/example_dags/example_branch_operator.py for tasks to queue
[2022-04-23 15:35:57,824] {logging_mixin.py:104} INFO - [2022-04-23 15:35:57,824] {dagbag.py:487} INFO - Filling up the DagBag from /home/airflow/.local/lib/python3.6/site-packages/airflow/example_dags/example_branch_operator.py
[2022-04-23 15:35:57,842] {scheduler_job.py:643} INFO - DAG(s) dict_keys(['example_branch_operator']) retrieved from /home/airflow/.local/lib/python3.6/site-packages/airflow/example_dags/example_branch_operator.py
[2022-04-23 15:35:57,866] {logging_mixin.py:104} INFO - [2022-04-23 15:35:57,865] {dag.py:1832} INFO - Sync 1 DAGs
[2022-04-23 15:35:57,886] {logging_mixin.py:104} INFO - [2022-04-23 15:35:57,886] {dag.py:2305} INFO - Setting next_dagrun for example_branch_operator to 2022-04-21 00:00:00+00:00
[2022-04-23 15:35:57,901] {scheduler_job.py:190} INFO - Processing /home/airflow/.local/lib/python3.6/site-packages/airflow/example_dags/example_branch_operator.py took 0.081 seconds
[2022-04-23 15:36:28,199] {scheduler_job.py:182} INFO - Started process (PID=514) to work on /home/airflow/.local/lib/python3.6/site-packages/airflow/example_dags/example_branch_operator.py
[2022-04-23 15:36:28,201] {scheduler_job.py:633} INFO - Processing file /home/airflow/.local/lib/python3.6/site-packages/airflow/example_dags/example_branch_operator.py for tasks to queue
[2022-04-23 15:36:28,202] {logging_mixin.py:104} INFO - [2022-04-23 15:36:28,202] {dagbag.py:487} INFO - Filling up the DagBag from /home/airflow/.local/lib/python3.6/site-packages/airflow/example_dags/example_branch_operator.py
[2022-04-23 15:36:28,234] {scheduler_job.py:643} INFO - DAG(s) dict_keys(['example_branch_operator']) retrieved from /home/airflow/.local/lib/python3.6/site-packages/airflow/example_dags/example_branch_operator.py
[2022-04-23 15:36:28,264] {logging_mixin.py:104} INFO - [2022-04-23 15:36:28,264] {dag.py:1832} INFO - Sync 1 DAGs
[2022-04-23 15:36:28,292] {logging_mixin.py:104} INFO - [2022-04-23 15:36:28,292] {dag.py:2305} INFO - Setting next_dagrun for example_branch_operator to 2022-04-21 00:00:00+00:00
[2022-04-23 15:36:28,313] {scheduler_job.py:190} INFO - Processing /home/airflow/.local/lib/python3.6/site-packages/airflow/example_dags/example_branch_operator.py took 0.121 seconds
[2022-04-23 15:36:58,480] {scheduler_job.py:182} INFO - Started process (PID=580) to work on /home/airflow/.local/lib/python3.6/site-packages/airflow/example_dags/example_branch_operator.py
[2022-04-23 15:36:58,481] {scheduler_job.py:633} INFO - Processing file /home/airflow/.local/lib/python3.6/site-packages/airflow/example_dags/example_branch_operator.py for tasks to queue
[2022-04-23 15:36:58,481] {logging_mixin.py:104} INFO - [2022-04-23 15:36:58,481] {dagbag.py:487} INFO - Filling up the DagBag from /home/airflow/.local/lib/python3.6/site-packages/airflow/example_dags/example_branch_operator.py
[2022-04-23 15:36:58,502] {scheduler_job.py:643} INFO - DAG(s) dict_keys(['example_branch_operator']) retrieved from /home/airflow/.local/lib/python3.6/site-packages/airflow/example_dags/example_branch_operator.py
[2022-04-23 15:36:58,528] {logging_mixin.py:104} INFO - [2022-04-23 15:36:58,528] {dag.py:1832} INFO - Sync 1 DAGs
[2022-04-23 15:36:58,546] {logging_mixin.py:104} INFO - [2022-04-23 15:36:58,546] {dag.py:2305} INFO - Setting next_dagrun for example_branch_operator to 2022-04-21 00:00:00+00:00
[2022-04-23 15:36:58,559] {scheduler_job.py:190} INFO - Processing /home/airflow/.local/lib/python3.6/site-packages/airflow/example_dags/example_branch_operator.py took 0.083 seconds
[2022-04-23 15:37:29,153] {scheduler_job.py:182} INFO - Started process (PID=663) to work on /home/airflow/.local/lib/python3.6/site-packages/airflow/example_dags/example_branch_operator.py
[2022-04-23 15:37:29,155] {scheduler_job.py:633} INFO - Processing file /home/airflow/.local/lib/python3.6/site-packages/airflow/example_dags/example_branch_operator.py for tasks to queue
[2022-04-23 15:37:29,156] {logging_mixin.py:104} INFO - [2022-04-23 15:37:29,155] {dagbag.py:487} INFO - Filling up the DagBag from /home/airflow/.local/lib/python3.6/site-packages/airflow/example_dags/example_branch_operator.py
[2022-04-23 15:37:29,187] {scheduler_job.py:643} INFO - DAG(s) dict_keys(['example_branch_operator']) retrieved from /home/airflow/.local/lib/python3.6/site-packages/airflow/example_dags/example_branch_operator.py
[2022-04-23 15:37:29,217] {logging_mixin.py:104} INFO - [2022-04-23 15:37:29,217] {dag.py:1832} INFO - Sync 1 DAGs
[2022-04-23 15:37:29,238] {logging_mixin.py:104} INFO - [2022-04-23 15:37:29,238] {dag.py:2305} INFO - Setting next_dagrun for example_branch_operator to 2022-04-21 00:00:00+00:00
[2022-04-23 15:37:29,257] {scheduler_job.py:190} INFO - Processing /home/airflow/.local/lib/python3.6/site-packages/airflow/example_dags/example_branch_operator.py took 0.111 seconds
[2022-04-23 15:37:59,493] {scheduler_job.py:182} INFO - Started process (PID=729) to work on /home/airflow/.local/lib/python3.6/site-packages/airflow/example_dags/example_branch_operator.py
[2022-04-23 15:37:59,496] {scheduler_job.py:633} INFO - Processing file /home/airflow/.local/lib/python3.6/site-packages/airflow/example_dags/example_branch_operator.py for tasks to queue
[2022-04-23 15:37:59,497] {logging_mixin.py:104} INFO - [2022-04-23 15:37:59,497] {dagbag.py:487} INFO - Filling up the DagBag from /home/airflow/.local/lib/python3.6/site-packages/airflow/example_dags/example_branch_operator.py
[2022-04-23 15:37:59,530] {scheduler_job.py:643} INFO - DAG(s) dict_keys(['example_branch_operator']) retrieved from /home/airflow/.local/lib/python3.6/site-packages/airflow/example_dags/example_branch_operator.py
[2022-04-23 15:37:59,561] {logging_mixin.py:104} INFO - [2022-04-23 15:37:59,561] {dag.py:1832} INFO - Sync 1 DAGs
[2022-04-23 15:37:59,596] {logging_mixin.py:104} INFO - [2022-04-23 15:37:59,596] {dag.py:2305} INFO - Setting next_dagrun for example_branch_operator to 2022-04-21 00:00:00+00:00
[2022-04-23 15:37:59,619] {scheduler_job.py:190} INFO - Processing /home/airflow/.local/lib/python3.6/site-packages/airflow/example_dags/example_branch_operator.py took 0.132 seconds
[2022-04-23 15:38:29,922] {scheduler_job.py:182} INFO - Started process (PID=812) to work on /home/airflow/.local/lib/python3.6/site-packages/airflow/example_dags/example_branch_operator.py
[2022-04-23 15:38:29,923] {scheduler_job.py:633} INFO - Processing file /home/airflow/.local/lib/python3.6/site-packages/airflow/example_dags/example_branch_operator.py for tasks to queue
[2022-04-23 15:38:29,923] {logging_mixin.py:104} INFO - [2022-04-23 15:38:29,923] {dagbag.py:487} INFO - Filling up the DagBag from /home/airflow/.local/lib/python3.6/site-packages/airflow/example_dags/example_branch_operator.py
[2022-04-23 15:38:29,942] {scheduler_job.py:643} INFO - DAG(s) dict_keys(['example_branch_operator']) retrieved from /home/airflow/.local/lib/python3.6/site-packages/airflow/example_dags/example_branch_operator.py
[2022-04-23 15:38:29,965] {logging_mixin.py:104} INFO - [2022-04-23 15:38:29,965] {dag.py:1832} INFO - Sync 1 DAGs
[2022-04-23 15:38:29,993] {logging_mixin.py:104} INFO - [2022-04-23 15:38:29,993] {dag.py:2305} INFO - Setting next_dagrun for example_branch_operator to 2022-04-21 00:00:00+00:00
[2022-04-23 15:38:30,004] {scheduler_job.py:190} INFO - Processing /home/airflow/.local/lib/python3.6/site-packages/airflow/example_dags/example_branch_operator.py took 0.084 seconds
[2022-04-23 15:39:00,323] {scheduler_job.py:182} INFO - Started process (PID=878) to work on /home/airflow/.local/lib/python3.6/site-packages/airflow/example_dags/example_branch_operator.py
[2022-04-23 15:39:00,324] {scheduler_job.py:633} INFO - Processing file /home/airflow/.local/lib/python3.6/site-packages/airflow/example_dags/example_branch_operator.py for tasks to queue
[2022-04-23 15:39:00,325] {logging_mixin.py:104} INFO - [2022-04-23 15:39:00,325] {dagbag.py:487} INFO - Filling up the DagBag from /home/airflow/.local/lib/python3.6/site-packages/airflow/example_dags/example_branch_operator.py
[2022-04-23 15:39:00,348] {scheduler_job.py:643} INFO - DAG(s) dict_keys(['example_branch_operator']) retrieved from /home/airflow/.local/lib/python3.6/site-packages/airflow/example_dags/example_branch_operator.py
[2022-04-23 15:39:00,374] {logging_mixin.py:104} INFO - [2022-04-23 15:39:00,374] {dag.py:1832} INFO - Sync 1 DAGs
[2022-04-23 15:39:00,394] {logging_mixin.py:104} INFO - [2022-04-23 15:39:00,394] {dag.py:2305} INFO - Setting next_dagrun for example_branch_operator to 2022-04-21 00:00:00+00:00
[2022-04-23 15:39:00,404] {scheduler_job.py:190} INFO - Processing /home/airflow/.local/lib/python3.6/site-packages/airflow/example_dags/example_branch_operator.py took 0.088 seconds
[2022-04-23 15:39:30,776] {scheduler_job.py:182} INFO - Started process (PID=963) to work on /home/airflow/.local/lib/python3.6/site-packages/airflow/example_dags/example_branch_operator.py
[2022-04-23 15:39:30,776] {scheduler_job.py:633} INFO - Processing file /home/airflow/.local/lib/python3.6/site-packages/airflow/example_dags/example_branch_operator.py for tasks to queue
[2022-04-23 15:39:30,777] {logging_mixin.py:104} INFO - [2022-04-23 15:39:30,777] {dagbag.py:487} INFO - Filling up the DagBag from /home/airflow/.local/lib/python3.6/site-packages/airflow/example_dags/example_branch_operator.py
[2022-04-23 15:39:30,801] {scheduler_job.py:643} INFO - DAG(s) dict_keys(['example_branch_operator']) retrieved from /home/airflow/.local/lib/python3.6/site-packages/airflow/example_dags/example_branch_operator.py
[2022-04-23 15:39:30,868] {logging_mixin.py:104} INFO - [2022-04-23 15:39:30,868] {dag.py:1832} INFO - Sync 1 DAGs
[2022-04-23 15:39:30,893] {logging_mixin.py:104} INFO - [2022-04-23 15:39:30,892] {dag.py:2305} INFO - Setting next_dagrun for example_branch_operator to 2022-04-21 00:00:00+00:00
[2022-04-23 15:39:30,905] {scheduler_job.py:190} INFO - Processing /home/airflow/.local/lib/python3.6/site-packages/airflow/example_dags/example_branch_operator.py took 0.133 seconds
[2022-04-23 15:40:01,093] {scheduler_job.py:182} INFO - Started process (PID=1030) to work on /home/airflow/.local/lib/python3.6/site-packages/airflow/example_dags/example_branch_operator.py
[2022-04-23 15:40:01,095] {scheduler_job.py:633} INFO - Processing file /home/airflow/.local/lib/python3.6/site-packages/airflow/example_dags/example_branch_operator.py for tasks to queue
[2022-04-23 15:40:01,096] {logging_mixin.py:104} INFO - [2022-04-23 15:40:01,096] {dagbag.py:487} INFO - Filling up the DagBag from /home/airflow/.local/lib/python3.6/site-packages/airflow/example_dags/example_branch_operator.py
[2022-04-23 15:40:01,127] {scheduler_job.py:643} INFO - DAG(s) dict_keys(['example_branch_operator']) retrieved from /home/airflow/.local/lib/python3.6/site-packages/airflow/example_dags/example_branch_operator.py
[2022-04-23 15:40:01,164] {logging_mixin.py:104} INFO - [2022-04-23 15:40:01,164] {dag.py:1832} INFO - Sync 1 DAGs
[2022-04-23 15:40:01,183] {logging_mixin.py:104} INFO - [2022-04-23 15:40:01,183] {dag.py:2305} INFO - Setting next_dagrun for example_branch_operator to 2022-04-21 00:00:00+00:00
[2022-04-23 15:40:01,198] {scheduler_job.py:190} INFO - Processing /home/airflow/.local/lib/python3.6/site-packages/airflow/example_dags/example_branch_operator.py took 0.112 seconds
