[2022-04-23 15:33:33,674] {scheduler_job.py:182} INFO - Started process (PID=70) to work on /home/airflow/.local/lib/python3.6/site-packages/airflow/example_dags/example_kubernetes_executor.py
[2022-04-23 15:33:33,675] {scheduler_job.py:633} INFO - Processing file /home/airflow/.local/lib/python3.6/site-packages/airflow/example_dags/example_kubernetes_executor.py for tasks to queue
[2022-04-23 15:33:33,676] {logging_mixin.py:104} INFO - [2022-04-23 15:33:33,676] {dagbag.py:487} INFO - Filling up the DagBag from /home/airflow/.local/lib/python3.6/site-packages/airflow/example_dags/example_kubernetes_executor.py
[2022-04-23 15:33:33,689] {scheduler_job.py:643} INFO - DAG(s) dict_keys(['example_kubernetes_executor']) retrieved from /home/airflow/.local/lib/python3.6/site-packages/airflow/example_dags/example_kubernetes_executor.py
[2022-04-23 15:33:36,125] {logging_mixin.py:104} INFO - [2022-04-23 15:33:36,123] {dag.py:1832} INFO - Sync 1 DAGs
[2022-04-23 15:33:36,136] {logging_mixin.py:104} INFO - [2022-04-23 15:33:36,134] {dag.py:1851} INFO - Creating ORM DAG for example_kubernetes_executor
[2022-04-23 15:33:36,141] {logging_mixin.py:104} INFO - [2022-04-23 15:33:36,141] {dag.py:2305} INFO - Setting next_dagrun for example_kubernetes_executor to None
[2022-04-23 15:33:36,153] {scheduler_job.py:190} INFO - Processing /home/airflow/.local/lib/python3.6/site-packages/airflow/example_dags/example_kubernetes_executor.py took 2.482 seconds
[2022-04-23 15:34:08,905] {scheduler_job.py:182} INFO - Started process (PID=182) to work on /home/airflow/.local/lib/python3.6/site-packages/airflow/example_dags/example_kubernetes_executor.py
[2022-04-23 15:34:08,906] {scheduler_job.py:633} INFO - Processing file /home/airflow/.local/lib/python3.6/site-packages/airflow/example_dags/example_kubernetes_executor.py for tasks to queue
[2022-04-23 15:34:08,907] {logging_mixin.py:104} INFO - [2022-04-23 15:34:08,907] {dagbag.py:487} INFO - Filling up the DagBag from /home/airflow/.local/lib/python3.6/site-packages/airflow/example_dags/example_kubernetes_executor.py
[2022-04-23 15:34:08,926] {scheduler_job.py:643} INFO - DAG(s) dict_keys(['example_kubernetes_executor']) retrieved from /home/airflow/.local/lib/python3.6/site-packages/airflow/example_dags/example_kubernetes_executor.py
[2022-04-23 15:34:08,948] {logging_mixin.py:104} INFO - [2022-04-23 15:34:08,948] {dag.py:1832} INFO - Sync 1 DAGs
[2022-04-23 15:34:08,964] {logging_mixin.py:104} INFO - [2022-04-23 15:34:08,964] {dag.py:2305} INFO - Setting next_dagrun for example_kubernetes_executor to None
[2022-04-23 15:34:08,976] {scheduler_job.py:190} INFO - Processing /home/airflow/.local/lib/python3.6/site-packages/airflow/example_dags/example_kubernetes_executor.py took 0.075 seconds
[2022-04-23 15:34:39,001] {scheduler_job.py:182} INFO - Started process (PID=246) to work on /home/airflow/.local/lib/python3.6/site-packages/airflow/example_dags/example_kubernetes_executor.py
[2022-04-23 15:34:39,002] {scheduler_job.py:633} INFO - Processing file /home/airflow/.local/lib/python3.6/site-packages/airflow/example_dags/example_kubernetes_executor.py for tasks to queue
[2022-04-23 15:34:39,002] {logging_mixin.py:104} INFO - [2022-04-23 15:34:39,002] {dagbag.py:487} INFO - Filling up the DagBag from /home/airflow/.local/lib/python3.6/site-packages/airflow/example_dags/example_kubernetes_executor.py
[2022-04-23 15:34:39,019] {scheduler_job.py:643} INFO - DAG(s) dict_keys(['example_kubernetes_executor']) retrieved from /home/airflow/.local/lib/python3.6/site-packages/airflow/example_dags/example_kubernetes_executor.py
[2022-04-23 15:34:39,039] {logging_mixin.py:104} INFO - [2022-04-23 15:34:39,039] {dag.py:1832} INFO - Sync 1 DAGs
[2022-04-23 15:34:39,052] {logging_mixin.py:104} INFO - [2022-04-23 15:34:39,052] {dag.py:2305} INFO - Setting next_dagrun for example_kubernetes_executor to None
[2022-04-23 15:34:39,065] {scheduler_job.py:190} INFO - Processing /home/airflow/.local/lib/python3.6/site-packages/airflow/example_dags/example_kubernetes_executor.py took 0.067 seconds
[2022-04-23 15:35:09,397] {scheduler_job.py:182} INFO - Started process (PID=331) to work on /home/airflow/.local/lib/python3.6/site-packages/airflow/example_dags/example_kubernetes_executor.py
[2022-04-23 15:35:09,398] {scheduler_job.py:633} INFO - Processing file /home/airflow/.local/lib/python3.6/site-packages/airflow/example_dags/example_kubernetes_executor.py for tasks to queue
[2022-04-23 15:35:09,399] {logging_mixin.py:104} INFO - [2022-04-23 15:35:09,399] {dagbag.py:487} INFO - Filling up the DagBag from /home/airflow/.local/lib/python3.6/site-packages/airflow/example_dags/example_kubernetes_executor.py
[2022-04-23 15:35:09,418] {scheduler_job.py:643} INFO - DAG(s) dict_keys(['example_kubernetes_executor']) retrieved from /home/airflow/.local/lib/python3.6/site-packages/airflow/example_dags/example_kubernetes_executor.py
[2022-04-23 15:35:09,441] {logging_mixin.py:104} INFO - [2022-04-23 15:35:09,441] {dag.py:1832} INFO - Sync 1 DAGs
[2022-04-23 15:35:09,456] {logging_mixin.py:104} INFO - [2022-04-23 15:35:09,456] {dag.py:2305} INFO - Setting next_dagrun for example_kubernetes_executor to None
[2022-04-23 15:35:09,466] {scheduler_job.py:190} INFO - Processing /home/airflow/.local/lib/python3.6/site-packages/airflow/example_dags/example_kubernetes_executor.py took 0.073 seconds
[2022-04-23 15:35:39,638] {scheduler_job.py:182} INFO - Started process (PID=397) to work on /home/airflow/.local/lib/python3.6/site-packages/airflow/example_dags/example_kubernetes_executor.py
[2022-04-23 15:35:39,640] {scheduler_job.py:633} INFO - Processing file /home/airflow/.local/lib/python3.6/site-packages/airflow/example_dags/example_kubernetes_executor.py for tasks to queue
[2022-04-23 15:35:39,640] {logging_mixin.py:104} INFO - [2022-04-23 15:35:39,640] {dagbag.py:487} INFO - Filling up the DagBag from /home/airflow/.local/lib/python3.6/site-packages/airflow/example_dags/example_kubernetes_executor.py
[2022-04-23 15:35:39,656] {scheduler_job.py:643} INFO - DAG(s) dict_keys(['example_kubernetes_executor']) retrieved from /home/airflow/.local/lib/python3.6/site-packages/airflow/example_dags/example_kubernetes_executor.py
[2022-04-23 15:35:39,677] {logging_mixin.py:104} INFO - [2022-04-23 15:35:39,677] {dag.py:1832} INFO - Sync 1 DAGs
[2022-04-23 15:35:39,691] {logging_mixin.py:104} INFO - [2022-04-23 15:35:39,690] {dag.py:2305} INFO - Setting next_dagrun for example_kubernetes_executor to None
[2022-04-23 15:35:39,704] {scheduler_job.py:190} INFO - Processing /home/airflow/.local/lib/python3.6/site-packages/airflow/example_dags/example_kubernetes_executor.py took 0.069 seconds
[2022-04-23 15:36:09,732] {scheduler_job.py:182} INFO - Started process (PID=472) to work on /home/airflow/.local/lib/python3.6/site-packages/airflow/example_dags/example_kubernetes_executor.py
[2022-04-23 15:36:09,732] {scheduler_job.py:633} INFO - Processing file /home/airflow/.local/lib/python3.6/site-packages/airflow/example_dags/example_kubernetes_executor.py for tasks to queue
[2022-04-23 15:36:09,733] {logging_mixin.py:104} INFO - [2022-04-23 15:36:09,733] {dagbag.py:487} INFO - Filling up the DagBag from /home/airflow/.local/lib/python3.6/site-packages/airflow/example_dags/example_kubernetes_executor.py
[2022-04-23 15:36:09,749] {scheduler_job.py:643} INFO - DAG(s) dict_keys(['example_kubernetes_executor']) retrieved from /home/airflow/.local/lib/python3.6/site-packages/airflow/example_dags/example_kubernetes_executor.py
[2022-04-23 15:36:09,769] {logging_mixin.py:104} INFO - [2022-04-23 15:36:09,769] {dag.py:1832} INFO - Sync 1 DAGs
[2022-04-23 15:36:09,783] {logging_mixin.py:104} INFO - [2022-04-23 15:36:09,783] {dag.py:2305} INFO - Setting next_dagrun for example_kubernetes_executor to None
[2022-04-23 15:36:09,796] {scheduler_job.py:190} INFO - Processing /home/airflow/.local/lib/python3.6/site-packages/airflow/example_dags/example_kubernetes_executor.py took 0.067 seconds
[2022-04-23 15:36:40,100] {scheduler_job.py:182} INFO - Started process (PID=547) to work on /home/airflow/.local/lib/python3.6/site-packages/airflow/example_dags/example_kubernetes_executor.py
[2022-04-23 15:36:40,101] {scheduler_job.py:633} INFO - Processing file /home/airflow/.local/lib/python3.6/site-packages/airflow/example_dags/example_kubernetes_executor.py for tasks to queue
[2022-04-23 15:36:40,102] {logging_mixin.py:104} INFO - [2022-04-23 15:36:40,102] {dagbag.py:487} INFO - Filling up the DagBag from /home/airflow/.local/lib/python3.6/site-packages/airflow/example_dags/example_kubernetes_executor.py
[2022-04-23 15:36:40,120] {scheduler_job.py:643} INFO - DAG(s) dict_keys(['example_kubernetes_executor']) retrieved from /home/airflow/.local/lib/python3.6/site-packages/airflow/example_dags/example_kubernetes_executor.py
[2022-04-23 15:36:40,153] {logging_mixin.py:104} INFO - [2022-04-23 15:36:40,153] {dag.py:1832} INFO - Sync 1 DAGs
[2022-04-23 15:36:40,177] {logging_mixin.py:104} INFO - [2022-04-23 15:36:40,177] {dag.py:2305} INFO - Setting next_dagrun for example_kubernetes_executor to None
[2022-04-23 15:36:40,187] {scheduler_job.py:190} INFO - Processing /home/airflow/.local/lib/python3.6/site-packages/airflow/example_dags/example_kubernetes_executor.py took 0.090 seconds
[2022-04-23 15:37:11,147] {scheduler_job.py:182} INFO - Started process (PID=612) to work on /home/airflow/.local/lib/python3.6/site-packages/airflow/example_dags/example_kubernetes_executor.py
[2022-04-23 15:37:11,148] {scheduler_job.py:633} INFO - Processing file /home/airflow/.local/lib/python3.6/site-packages/airflow/example_dags/example_kubernetes_executor.py for tasks to queue
[2022-04-23 15:37:11,149] {logging_mixin.py:104} INFO - [2022-04-23 15:37:11,148] {dagbag.py:487} INFO - Filling up the DagBag from /home/airflow/.local/lib/python3.6/site-packages/airflow/example_dags/example_kubernetes_executor.py
[2022-04-23 15:37:11,162] {scheduler_job.py:643} INFO - DAG(s) dict_keys(['example_kubernetes_executor']) retrieved from /home/airflow/.local/lib/python3.6/site-packages/airflow/example_dags/example_kubernetes_executor.py
[2022-04-23 15:37:11,244] {logging_mixin.py:104} INFO - [2022-04-23 15:37:11,244] {dag.py:1832} INFO - Sync 1 DAGs
[2022-04-23 15:37:11,264] {logging_mixin.py:104} INFO - [2022-04-23 15:37:11,264] {dag.py:2305} INFO - Setting next_dagrun for example_kubernetes_executor to None
[2022-04-23 15:37:11,279] {scheduler_job.py:190} INFO - Processing /home/airflow/.local/lib/python3.6/site-packages/airflow/example_dags/example_kubernetes_executor.py took 0.136 seconds
[2022-04-23 15:37:41,701] {scheduler_job.py:182} INFO - Started process (PID=696) to work on /home/airflow/.local/lib/python3.6/site-packages/airflow/example_dags/example_kubernetes_executor.py
[2022-04-23 15:37:41,703] {scheduler_job.py:633} INFO - Processing file /home/airflow/.local/lib/python3.6/site-packages/airflow/example_dags/example_kubernetes_executor.py for tasks to queue
[2022-04-23 15:37:41,708] {logging_mixin.py:104} INFO - [2022-04-23 15:37:41,708] {dagbag.py:487} INFO - Filling up the DagBag from /home/airflow/.local/lib/python3.6/site-packages/airflow/example_dags/example_kubernetes_executor.py
[2022-04-23 15:37:41,739] {scheduler_job.py:643} INFO - DAG(s) dict_keys(['example_kubernetes_executor']) retrieved from /home/airflow/.local/lib/python3.6/site-packages/airflow/example_dags/example_kubernetes_executor.py
[2022-04-23 15:37:41,780] {logging_mixin.py:104} INFO - [2022-04-23 15:37:41,780] {dag.py:1832} INFO - Sync 1 DAGs
[2022-04-23 15:37:41,804] {logging_mixin.py:104} INFO - [2022-04-23 15:37:41,803] {dag.py:2305} INFO - Setting next_dagrun for example_kubernetes_executor to None
[2022-04-23 15:37:41,821] {scheduler_job.py:190} INFO - Processing /home/airflow/.local/lib/python3.6/site-packages/airflow/example_dags/example_kubernetes_executor.py took 0.126 seconds
[2022-04-23 15:38:12,176] {scheduler_job.py:182} INFO - Started process (PID=762) to work on /home/airflow/.local/lib/python3.6/site-packages/airflow/example_dags/example_kubernetes_executor.py
[2022-04-23 15:38:12,178] {scheduler_job.py:633} INFO - Processing file /home/airflow/.local/lib/python3.6/site-packages/airflow/example_dags/example_kubernetes_executor.py for tasks to queue
[2022-04-23 15:38:12,179] {logging_mixin.py:104} INFO - [2022-04-23 15:38:12,179] {dagbag.py:487} INFO - Filling up the DagBag from /home/airflow/.local/lib/python3.6/site-packages/airflow/example_dags/example_kubernetes_executor.py
[2022-04-23 15:38:12,208] {scheduler_job.py:643} INFO - DAG(s) dict_keys(['example_kubernetes_executor']) retrieved from /home/airflow/.local/lib/python3.6/site-packages/airflow/example_dags/example_kubernetes_executor.py
[2022-04-23 15:38:12,243] {logging_mixin.py:104} INFO - [2022-04-23 15:38:12,242] {dag.py:1832} INFO - Sync 1 DAGs
[2022-04-23 15:38:12,267] {logging_mixin.py:104} INFO - [2022-04-23 15:38:12,267] {dag.py:2305} INFO - Setting next_dagrun for example_kubernetes_executor to None
[2022-04-23 15:38:12,286] {scheduler_job.py:190} INFO - Processing /home/airflow/.local/lib/python3.6/site-packages/airflow/example_dags/example_kubernetes_executor.py took 0.116 seconds
[2022-04-23 15:38:42,673] {scheduler_job.py:182} INFO - Started process (PID=845) to work on /home/airflow/.local/lib/python3.6/site-packages/airflow/example_dags/example_kubernetes_executor.py
[2022-04-23 15:38:42,674] {scheduler_job.py:633} INFO - Processing file /home/airflow/.local/lib/python3.6/site-packages/airflow/example_dags/example_kubernetes_executor.py for tasks to queue
[2022-04-23 15:38:42,675] {logging_mixin.py:104} INFO - [2022-04-23 15:38:42,675] {dagbag.py:487} INFO - Filling up the DagBag from /home/airflow/.local/lib/python3.6/site-packages/airflow/example_dags/example_kubernetes_executor.py
[2022-04-23 15:38:42,690] {scheduler_job.py:643} INFO - DAG(s) dict_keys(['example_kubernetes_executor']) retrieved from /home/airflow/.local/lib/python3.6/site-packages/airflow/example_dags/example_kubernetes_executor.py
[2022-04-23 15:38:42,713] {logging_mixin.py:104} INFO - [2022-04-23 15:38:42,713] {dag.py:1832} INFO - Sync 1 DAGs
[2022-04-23 15:38:42,731] {logging_mixin.py:104} INFO - [2022-04-23 15:38:42,731] {dag.py:2305} INFO - Setting next_dagrun for example_kubernetes_executor to None
[2022-04-23 15:38:42,749] {scheduler_job.py:190} INFO - Processing /home/airflow/.local/lib/python3.6/site-packages/airflow/example_dags/example_kubernetes_executor.py took 0.079 seconds
[2022-04-23 15:39:13,087] {scheduler_job.py:182} INFO - Started process (PID=911) to work on /home/airflow/.local/lib/python3.6/site-packages/airflow/example_dags/example_kubernetes_executor.py
[2022-04-23 15:39:13,089] {scheduler_job.py:633} INFO - Processing file /home/airflow/.local/lib/python3.6/site-packages/airflow/example_dags/example_kubernetes_executor.py for tasks to queue
[2022-04-23 15:39:13,090] {logging_mixin.py:104} INFO - [2022-04-23 15:39:13,090] {dagbag.py:487} INFO - Filling up the DagBag from /home/airflow/.local/lib/python3.6/site-packages/airflow/example_dags/example_kubernetes_executor.py
[2022-04-23 15:39:13,116] {scheduler_job.py:643} INFO - DAG(s) dict_keys(['example_kubernetes_executor']) retrieved from /home/airflow/.local/lib/python3.6/site-packages/airflow/example_dags/example_kubernetes_executor.py
[2022-04-23 15:39:13,160] {logging_mixin.py:104} INFO - [2022-04-23 15:39:13,160] {dag.py:1832} INFO - Sync 1 DAGs
[2022-04-23 15:39:13,180] {logging_mixin.py:104} INFO - [2022-04-23 15:39:13,180] {dag.py:2305} INFO - Setting next_dagrun for example_kubernetes_executor to None
[2022-04-23 15:39:13,200] {scheduler_job.py:190} INFO - Processing /home/airflow/.local/lib/python3.6/site-packages/airflow/example_dags/example_kubernetes_executor.py took 0.119 seconds
[2022-04-23 15:39:43,436] {scheduler_job.py:182} INFO - Started process (PID=996) to work on /home/airflow/.local/lib/python3.6/site-packages/airflow/example_dags/example_kubernetes_executor.py
[2022-04-23 15:39:43,438] {scheduler_job.py:633} INFO - Processing file /home/airflow/.local/lib/python3.6/site-packages/airflow/example_dags/example_kubernetes_executor.py for tasks to queue
[2022-04-23 15:39:43,439] {logging_mixin.py:104} INFO - [2022-04-23 15:39:43,439] {dagbag.py:487} INFO - Filling up the DagBag from /home/airflow/.local/lib/python3.6/site-packages/airflow/example_dags/example_kubernetes_executor.py
[2022-04-23 15:39:43,461] {scheduler_job.py:643} INFO - DAG(s) dict_keys(['example_kubernetes_executor']) retrieved from /home/airflow/.local/lib/python3.6/site-packages/airflow/example_dags/example_kubernetes_executor.py
[2022-04-23 15:39:43,488] {logging_mixin.py:104} INFO - [2022-04-23 15:39:43,488] {dag.py:1832} INFO - Sync 1 DAGs
[2022-04-23 15:39:43,503] {logging_mixin.py:104} INFO - [2022-04-23 15:39:43,503] {dag.py:2305} INFO - Setting next_dagrun for example_kubernetes_executor to None
[2022-04-23 15:39:43,524] {scheduler_job.py:190} INFO - Processing /home/airflow/.local/lib/python3.6/site-packages/airflow/example_dags/example_kubernetes_executor.py took 0.095 seconds
