[2022-04-23 15:33:50,832] {scheduler_job.py:182} INFO - Started process (PID=112) to work on /home/airflow/.local/lib/python3.6/site-packages/airflow/example_dags/example_latest_only.py
[2022-04-23 15:33:50,833] {scheduler_job.py:633} INFO - Processing file /home/airflow/.local/lib/python3.6/site-packages/airflow/example_dags/example_latest_only.py for tasks to queue
[2022-04-23 15:33:50,834] {logging_mixin.py:104} INFO - [2022-04-23 15:33:50,833] {dagbag.py:487} INFO - Filling up the DagBag from /home/airflow/.local/lib/python3.6/site-packages/airflow/example_dags/example_latest_only.py
[2022-04-23 15:33:50,846] {scheduler_job.py:643} INFO - DAG(s) dict_keys(['latest_only']) retrieved from /home/airflow/.local/lib/python3.6/site-packages/airflow/example_dags/example_latest_only.py
[2022-04-23 15:33:52,971] {logging_mixin.py:104} INFO - [2022-04-23 15:33:52,970] {dag.py:1832} INFO - Sync 1 DAGs
[2022-04-23 15:33:52,981] {logging_mixin.py:104} INFO - [2022-04-23 15:33:52,980] {dag.py:1851} INFO - Creating ORM DAG for latest_only
[2022-04-23 15:33:52,985] {logging_mixin.py:104} INFO - [2022-04-23 15:33:52,985] {dag.py:2305} INFO - Setting next_dagrun for latest_only to 2022-04-21 00:00:00+00:00
[2022-04-23 15:33:52,997] {scheduler_job.py:190} INFO - Processing /home/airflow/.local/lib/python3.6/site-packages/airflow/example_dags/example_latest_only.py took 2.168 seconds
[2022-04-23 15:34:23,938] {scheduler_job.py:182} INFO - Started process (PID=211) to work on /home/airflow/.local/lib/python3.6/site-packages/airflow/example_dags/example_latest_only.py
[2022-04-23 15:34:23,939] {scheduler_job.py:633} INFO - Processing file /home/airflow/.local/lib/python3.6/site-packages/airflow/example_dags/example_latest_only.py for tasks to queue
[2022-04-23 15:34:23,940] {logging_mixin.py:104} INFO - [2022-04-23 15:34:23,940] {dagbag.py:487} INFO - Filling up the DagBag from /home/airflow/.local/lib/python3.6/site-packages/airflow/example_dags/example_latest_only.py
[2022-04-23 15:34:23,949] {scheduler_job.py:643} INFO - DAG(s) dict_keys(['latest_only']) retrieved from /home/airflow/.local/lib/python3.6/site-packages/airflow/example_dags/example_latest_only.py
[2022-04-23 15:34:23,976] {logging_mixin.py:104} INFO - [2022-04-23 15:34:23,976] {dag.py:1832} INFO - Sync 1 DAGs
[2022-04-23 15:34:23,994] {logging_mixin.py:104} INFO - [2022-04-23 15:34:23,994] {dag.py:2305} INFO - Setting next_dagrun for latest_only to 2022-04-21 00:00:00+00:00
[2022-04-23 15:34:24,009] {scheduler_job.py:190} INFO - Processing /home/airflow/.local/lib/python3.6/site-packages/airflow/example_dags/example_latest_only.py took 0.074 seconds
[2022-04-23 15:34:54,329] {scheduler_job.py:182} INFO - Started process (PID=277) to work on /home/airflow/.local/lib/python3.6/site-packages/airflow/example_dags/example_latest_only.py
[2022-04-23 15:34:54,332] {scheduler_job.py:633} INFO - Processing file /home/airflow/.local/lib/python3.6/site-packages/airflow/example_dags/example_latest_only.py for tasks to queue
[2022-04-23 15:34:54,333] {logging_mixin.py:104} INFO - [2022-04-23 15:34:54,333] {dagbag.py:487} INFO - Filling up the DagBag from /home/airflow/.local/lib/python3.6/site-packages/airflow/example_dags/example_latest_only.py
[2022-04-23 15:34:54,351] {scheduler_job.py:643} INFO - DAG(s) dict_keys(['latest_only']) retrieved from /home/airflow/.local/lib/python3.6/site-packages/airflow/example_dags/example_latest_only.py
[2022-04-23 15:34:54,420] {logging_mixin.py:104} INFO - [2022-04-23 15:34:54,420] {dag.py:1832} INFO - Sync 1 DAGs
[2022-04-23 15:34:54,450] {logging_mixin.py:104} INFO - [2022-04-23 15:34:54,449] {dag.py:2305} INFO - Setting next_dagrun for latest_only to 2022-04-21 00:00:00+00:00
[2022-04-23 15:34:54,471] {scheduler_job.py:190} INFO - Processing /home/airflow/.local/lib/python3.6/site-packages/airflow/example_dags/example_latest_only.py took 0.148 seconds
[2022-04-23 15:35:24,525] {scheduler_job.py:182} INFO - Started process (PID=361) to work on /home/airflow/.local/lib/python3.6/site-packages/airflow/example_dags/example_latest_only.py
[2022-04-23 15:35:24,528] {scheduler_job.py:633} INFO - Processing file /home/airflow/.local/lib/python3.6/site-packages/airflow/example_dags/example_latest_only.py for tasks to queue
[2022-04-23 15:35:24,529] {logging_mixin.py:104} INFO - [2022-04-23 15:35:24,529] {dagbag.py:487} INFO - Filling up the DagBag from /home/airflow/.local/lib/python3.6/site-packages/airflow/example_dags/example_latest_only.py
[2022-04-23 15:35:24,555] {scheduler_job.py:643} INFO - DAG(s) dict_keys(['latest_only']) retrieved from /home/airflow/.local/lib/python3.6/site-packages/airflow/example_dags/example_latest_only.py
[2022-04-23 15:35:24,580] {logging_mixin.py:104} INFO - [2022-04-23 15:35:24,580] {dag.py:1832} INFO - Sync 1 DAGs
[2022-04-23 15:35:24,608] {logging_mixin.py:104} INFO - [2022-04-23 15:35:24,608] {dag.py:2305} INFO - Setting next_dagrun for latest_only to 2022-04-21 00:00:00+00:00
[2022-04-23 15:35:24,625] {scheduler_job.py:190} INFO - Processing /home/airflow/.local/lib/python3.6/site-packages/airflow/example_dags/example_latest_only.py took 0.106 seconds
[2022-04-23 15:35:54,732] {scheduler_job.py:182} INFO - Started process (PID=427) to work on /home/airflow/.local/lib/python3.6/site-packages/airflow/example_dags/example_latest_only.py
[2022-04-23 15:35:54,733] {scheduler_job.py:633} INFO - Processing file /home/airflow/.local/lib/python3.6/site-packages/airflow/example_dags/example_latest_only.py for tasks to queue
[2022-04-23 15:35:54,734] {logging_mixin.py:104} INFO - [2022-04-23 15:35:54,734] {dagbag.py:487} INFO - Filling up the DagBag from /home/airflow/.local/lib/python3.6/site-packages/airflow/example_dags/example_latest_only.py
[2022-04-23 15:35:54,747] {scheduler_job.py:643} INFO - DAG(s) dict_keys(['latest_only']) retrieved from /home/airflow/.local/lib/python3.6/site-packages/airflow/example_dags/example_latest_only.py
[2022-04-23 15:35:54,767] {logging_mixin.py:104} INFO - [2022-04-23 15:35:54,767] {dag.py:1832} INFO - Sync 1 DAGs
[2022-04-23 15:35:54,782] {logging_mixin.py:104} INFO - [2022-04-23 15:35:54,782] {dag.py:2305} INFO - Setting next_dagrun for latest_only to 2022-04-21 00:00:00+00:00
[2022-04-23 15:35:54,793] {scheduler_job.py:190} INFO - Processing /home/airflow/.local/lib/python3.6/site-packages/airflow/example_dags/example_latest_only.py took 0.064 seconds
[2022-04-23 15:36:25,178] {scheduler_job.py:182} INFO - Started process (PID=512) to work on /home/airflow/.local/lib/python3.6/site-packages/airflow/example_dags/example_latest_only.py
[2022-04-23 15:36:25,180] {scheduler_job.py:633} INFO - Processing file /home/airflow/.local/lib/python3.6/site-packages/airflow/example_dags/example_latest_only.py for tasks to queue
[2022-04-23 15:36:25,182] {logging_mixin.py:104} INFO - [2022-04-23 15:36:25,181] {dagbag.py:487} INFO - Filling up the DagBag from /home/airflow/.local/lib/python3.6/site-packages/airflow/example_dags/example_latest_only.py
[2022-04-23 15:36:25,211] {scheduler_job.py:643} INFO - DAG(s) dict_keys(['latest_only']) retrieved from /home/airflow/.local/lib/python3.6/site-packages/airflow/example_dags/example_latest_only.py
[2022-04-23 15:36:25,254] {logging_mixin.py:104} INFO - [2022-04-23 15:36:25,254] {dag.py:1832} INFO - Sync 1 DAGs
[2022-04-23 15:36:25,277] {logging_mixin.py:104} INFO - [2022-04-23 15:36:25,277] {dag.py:2305} INFO - Setting next_dagrun for latest_only to 2022-04-21 00:00:00+00:00
[2022-04-23 15:36:25,294] {scheduler_job.py:190} INFO - Processing /home/airflow/.local/lib/python3.6/site-packages/airflow/example_dags/example_latest_only.py took 0.122 seconds
[2022-04-23 15:36:55,373] {scheduler_job.py:182} INFO - Started process (PID=578) to work on /home/airflow/.local/lib/python3.6/site-packages/airflow/example_dags/example_latest_only.py
[2022-04-23 15:36:55,375] {scheduler_job.py:633} INFO - Processing file /home/airflow/.local/lib/python3.6/site-packages/airflow/example_dags/example_latest_only.py for tasks to queue
[2022-04-23 15:36:55,376] {logging_mixin.py:104} INFO - [2022-04-23 15:36:55,376] {dagbag.py:487} INFO - Filling up the DagBag from /home/airflow/.local/lib/python3.6/site-packages/airflow/example_dags/example_latest_only.py
[2022-04-23 15:36:55,390] {scheduler_job.py:643} INFO - DAG(s) dict_keys(['latest_only']) retrieved from /home/airflow/.local/lib/python3.6/site-packages/airflow/example_dags/example_latest_only.py
[2022-04-23 15:36:55,414] {logging_mixin.py:104} INFO - [2022-04-23 15:36:55,414] {dag.py:1832} INFO - Sync 1 DAGs
[2022-04-23 15:36:55,432] {logging_mixin.py:104} INFO - [2022-04-23 15:36:55,431] {dag.py:2305} INFO - Setting next_dagrun for latest_only to 2022-04-21 00:00:00+00:00
[2022-04-23 15:36:55,447] {scheduler_job.py:190} INFO - Processing /home/airflow/.local/lib/python3.6/site-packages/airflow/example_dags/example_latest_only.py took 0.077 seconds
[2022-04-23 15:37:26,005] {scheduler_job.py:182} INFO - Started process (PID=661) to work on /home/airflow/.local/lib/python3.6/site-packages/airflow/example_dags/example_latest_only.py
[2022-04-23 15:37:26,006] {scheduler_job.py:633} INFO - Processing file /home/airflow/.local/lib/python3.6/site-packages/airflow/example_dags/example_latest_only.py for tasks to queue
[2022-04-23 15:37:26,008] {logging_mixin.py:104} INFO - [2022-04-23 15:37:26,008] {dagbag.py:487} INFO - Filling up the DagBag from /home/airflow/.local/lib/python3.6/site-packages/airflow/example_dags/example_latest_only.py
[2022-04-23 15:37:26,030] {scheduler_job.py:643} INFO - DAG(s) dict_keys(['latest_only']) retrieved from /home/airflow/.local/lib/python3.6/site-packages/airflow/example_dags/example_latest_only.py
[2022-04-23 15:37:26,054] {logging_mixin.py:104} INFO - [2022-04-23 15:37:26,053] {dag.py:1832} INFO - Sync 1 DAGs
[2022-04-23 15:37:26,078] {logging_mixin.py:104} INFO - [2022-04-23 15:37:26,077] {dag.py:2305} INFO - Setting next_dagrun for latest_only to 2022-04-21 00:00:00+00:00
[2022-04-23 15:37:26,103] {scheduler_job.py:190} INFO - Processing /home/airflow/.local/lib/python3.6/site-packages/airflow/example_dags/example_latest_only.py took 0.102 seconds
[2022-04-23 15:37:56,339] {scheduler_job.py:182} INFO - Started process (PID=726) to work on /home/airflow/.local/lib/python3.6/site-packages/airflow/example_dags/example_latest_only.py
[2022-04-23 15:37:56,340] {scheduler_job.py:633} INFO - Processing file /home/airflow/.local/lib/python3.6/site-packages/airflow/example_dags/example_latest_only.py for tasks to queue
[2022-04-23 15:37:56,342] {logging_mixin.py:104} INFO - [2022-04-23 15:37:56,341] {dagbag.py:487} INFO - Filling up the DagBag from /home/airflow/.local/lib/python3.6/site-packages/airflow/example_dags/example_latest_only.py
[2022-04-23 15:37:56,368] {scheduler_job.py:643} INFO - DAG(s) dict_keys(['latest_only']) retrieved from /home/airflow/.local/lib/python3.6/site-packages/airflow/example_dags/example_latest_only.py
[2022-04-23 15:37:56,401] {logging_mixin.py:104} INFO - [2022-04-23 15:37:56,400] {dag.py:1832} INFO - Sync 1 DAGs
[2022-04-23 15:37:56,425] {logging_mixin.py:104} INFO - [2022-04-23 15:37:56,425] {dag.py:2305} INFO - Setting next_dagrun for latest_only to 2022-04-21 00:00:00+00:00
[2022-04-23 15:37:56,442] {scheduler_job.py:190} INFO - Processing /home/airflow/.local/lib/python3.6/site-packages/airflow/example_dags/example_latest_only.py took 0.110 seconds
[2022-04-23 15:38:26,801] {scheduler_job.py:182} INFO - Started process (PID=803) to work on /home/airflow/.local/lib/python3.6/site-packages/airflow/example_dags/example_latest_only.py
[2022-04-23 15:38:26,803] {scheduler_job.py:633} INFO - Processing file /home/airflow/.local/lib/python3.6/site-packages/airflow/example_dags/example_latest_only.py for tasks to queue
[2022-04-23 15:38:26,803] {logging_mixin.py:104} INFO - [2022-04-23 15:38:26,803] {dagbag.py:487} INFO - Filling up the DagBag from /home/airflow/.local/lib/python3.6/site-packages/airflow/example_dags/example_latest_only.py
[2022-04-23 15:38:26,819] {scheduler_job.py:643} INFO - DAG(s) dict_keys(['latest_only']) retrieved from /home/airflow/.local/lib/python3.6/site-packages/airflow/example_dags/example_latest_only.py
[2022-04-23 15:38:26,840] {logging_mixin.py:104} INFO - [2022-04-23 15:38:26,840] {dag.py:1832} INFO - Sync 1 DAGs
[2022-04-23 15:38:26,857] {logging_mixin.py:104} INFO - [2022-04-23 15:38:26,857] {dag.py:2305} INFO - Setting next_dagrun for latest_only to 2022-04-21 00:00:00+00:00
[2022-04-23 15:38:26,868] {scheduler_job.py:190} INFO - Processing /home/airflow/.local/lib/python3.6/site-packages/airflow/example_dags/example_latest_only.py took 0.069 seconds
[2022-04-23 15:38:57,151] {scheduler_job.py:182} INFO - Started process (PID=875) to work on /home/airflow/.local/lib/python3.6/site-packages/airflow/example_dags/example_latest_only.py
[2022-04-23 15:38:57,153] {scheduler_job.py:633} INFO - Processing file /home/airflow/.local/lib/python3.6/site-packages/airflow/example_dags/example_latest_only.py for tasks to queue
[2022-04-23 15:38:57,154] {logging_mixin.py:104} INFO - [2022-04-23 15:38:57,154] {dagbag.py:487} INFO - Filling up the DagBag from /home/airflow/.local/lib/python3.6/site-packages/airflow/example_dags/example_latest_only.py
[2022-04-23 15:38:57,175] {scheduler_job.py:643} INFO - DAG(s) dict_keys(['latest_only']) retrieved from /home/airflow/.local/lib/python3.6/site-packages/airflow/example_dags/example_latest_only.py
[2022-04-23 15:38:57,216] {logging_mixin.py:104} INFO - [2022-04-23 15:38:57,215] {dag.py:1832} INFO - Sync 1 DAGs
[2022-04-23 15:38:57,247] {logging_mixin.py:104} INFO - [2022-04-23 15:38:57,246] {dag.py:2305} INFO - Setting next_dagrun for latest_only to 2022-04-21 00:00:00+00:00
[2022-04-23 15:38:57,280] {scheduler_job.py:190} INFO - Processing /home/airflow/.local/lib/python3.6/site-packages/airflow/example_dags/example_latest_only.py took 0.136 seconds
[2022-04-23 15:39:27,667] {scheduler_job.py:182} INFO - Started process (PID=951) to work on /home/airflow/.local/lib/python3.6/site-packages/airflow/example_dags/example_latest_only.py
[2022-04-23 15:39:27,668] {scheduler_job.py:633} INFO - Processing file /home/airflow/.local/lib/python3.6/site-packages/airflow/example_dags/example_latest_only.py for tasks to queue
[2022-04-23 15:39:27,669] {logging_mixin.py:104} INFO - [2022-04-23 15:39:27,669] {dagbag.py:487} INFO - Filling up the DagBag from /home/airflow/.local/lib/python3.6/site-packages/airflow/example_dags/example_latest_only.py
[2022-04-23 15:39:27,682] {scheduler_job.py:643} INFO - DAG(s) dict_keys(['latest_only']) retrieved from /home/airflow/.local/lib/python3.6/site-packages/airflow/example_dags/example_latest_only.py
[2022-04-23 15:39:27,704] {logging_mixin.py:104} INFO - [2022-04-23 15:39:27,704] {dag.py:1832} INFO - Sync 1 DAGs
[2022-04-23 15:39:27,723] {logging_mixin.py:104} INFO - [2022-04-23 15:39:27,723] {dag.py:2305} INFO - Setting next_dagrun for latest_only to 2022-04-21 00:00:00+00:00
[2022-04-23 15:39:27,742] {scheduler_job.py:190} INFO - Processing /home/airflow/.local/lib/python3.6/site-packages/airflow/example_dags/example_latest_only.py took 0.078 seconds
[2022-04-23 15:39:58,000] {scheduler_job.py:182} INFO - Started process (PID=1028) to work on /home/airflow/.local/lib/python3.6/site-packages/airflow/example_dags/example_latest_only.py
[2022-04-23 15:39:58,001] {scheduler_job.py:633} INFO - Processing file /home/airflow/.local/lib/python3.6/site-packages/airflow/example_dags/example_latest_only.py for tasks to queue
[2022-04-23 15:39:58,001] {logging_mixin.py:104} INFO - [2022-04-23 15:39:58,001] {dagbag.py:487} INFO - Filling up the DagBag from /home/airflow/.local/lib/python3.6/site-packages/airflow/example_dags/example_latest_only.py
[2022-04-23 15:39:58,011] {scheduler_job.py:643} INFO - DAG(s) dict_keys(['latest_only']) retrieved from /home/airflow/.local/lib/python3.6/site-packages/airflow/example_dags/example_latest_only.py
[2022-04-23 15:39:58,030] {logging_mixin.py:104} INFO - [2022-04-23 15:39:58,030] {dag.py:1832} INFO - Sync 1 DAGs
[2022-04-23 15:39:58,045] {logging_mixin.py:104} INFO - [2022-04-23 15:39:58,045] {dag.py:2305} INFO - Setting next_dagrun for latest_only to 2022-04-21 00:00:00+00:00
[2022-04-23 15:39:58,058] {scheduler_job.py:190} INFO - Processing /home/airflow/.local/lib/python3.6/site-packages/airflow/example_dags/example_latest_only.py took 0.061 seconds
