[2022-04-23 15:33:36,211] {scheduler_job.py:182} INFO - Started process (PID=74) to work on /home/airflow/.local/lib/python3.6/site-packages/airflow/example_dags/example_dag_decorator.py
[2022-04-23 15:33:36,212] {scheduler_job.py:633} INFO - Processing file /home/airflow/.local/lib/python3.6/site-packages/airflow/example_dags/example_dag_decorator.py for tasks to queue
[2022-04-23 15:33:36,213] {logging_mixin.py:104} INFO - [2022-04-23 15:33:36,213] {dagbag.py:487} INFO - Filling up the DagBag from /home/airflow/.local/lib/python3.6/site-packages/airflow/example_dags/example_dag_decorator.py
[2022-04-23 15:33:36,249] {scheduler_job.py:643} INFO - DAG(s) dict_keys(['example_dag_decorator']) retrieved from /home/airflow/.local/lib/python3.6/site-packages/airflow/example_dags/example_dag_decorator.py
[2022-04-23 15:33:40,324] {logging_mixin.py:104} INFO - [2022-04-23 15:33:40,323] {dag.py:1832} INFO - Sync 1 DAGs
[2022-04-23 15:33:40,341] {logging_mixin.py:104} INFO - [2022-04-23 15:33:40,339] {dag.py:1851} INFO - Creating ORM DAG for example_dag_decorator
[2022-04-23 15:33:40,347] {logging_mixin.py:104} INFO - [2022-04-23 15:33:40,347] {dag.py:2305} INFO - Setting next_dagrun for example_dag_decorator to None
[2022-04-23 15:33:40,363] {scheduler_job.py:190} INFO - Processing /home/airflow/.local/lib/python3.6/site-packages/airflow/example_dags/example_dag_decorator.py took 4.156 seconds
[2022-04-23 15:34:11,004] {scheduler_job.py:182} INFO - Started process (PID=184) to work on /home/airflow/.local/lib/python3.6/site-packages/airflow/example_dags/example_dag_decorator.py
[2022-04-23 15:34:11,005] {scheduler_job.py:633} INFO - Processing file /home/airflow/.local/lib/python3.6/site-packages/airflow/example_dags/example_dag_decorator.py for tasks to queue
[2022-04-23 15:34:11,007] {logging_mixin.py:104} INFO - [2022-04-23 15:34:11,006] {dagbag.py:487} INFO - Filling up the DagBag from /home/airflow/.local/lib/python3.6/site-packages/airflow/example_dags/example_dag_decorator.py
[2022-04-23 15:34:11,039] {scheduler_job.py:643} INFO - DAG(s) dict_keys(['example_dag_decorator']) retrieved from /home/airflow/.local/lib/python3.6/site-packages/airflow/example_dags/example_dag_decorator.py
[2022-04-23 15:34:11,419] {logging_mixin.py:104} INFO - [2022-04-23 15:34:11,419] {dag.py:1832} INFO - Sync 1 DAGs
[2022-04-23 15:34:11,431] {logging_mixin.py:104} INFO - [2022-04-23 15:34:11,431] {dag.py:2305} INFO - Setting next_dagrun for example_dag_decorator to None
[2022-04-23 15:34:11,448] {scheduler_job.py:190} INFO - Processing /home/airflow/.local/lib/python3.6/site-packages/airflow/example_dags/example_dag_decorator.py took 0.448 seconds
[2022-04-23 15:34:41,578] {scheduler_job.py:182} INFO - Started process (PID=249) to work on /home/airflow/.local/lib/python3.6/site-packages/airflow/example_dags/example_dag_decorator.py
[2022-04-23 15:34:41,581] {scheduler_job.py:633} INFO - Processing file /home/airflow/.local/lib/python3.6/site-packages/airflow/example_dags/example_dag_decorator.py for tasks to queue
[2022-04-23 15:34:41,582] {logging_mixin.py:104} INFO - [2022-04-23 15:34:41,581] {dagbag.py:487} INFO - Filling up the DagBag from /home/airflow/.local/lib/python3.6/site-packages/airflow/example_dags/example_dag_decorator.py
[2022-04-23 15:34:41,611] {scheduler_job.py:643} INFO - DAG(s) dict_keys(['example_dag_decorator']) retrieved from /home/airflow/.local/lib/python3.6/site-packages/airflow/example_dags/example_dag_decorator.py
[2022-04-23 15:34:41,890] {logging_mixin.py:104} INFO - [2022-04-23 15:34:41,890] {dag.py:1832} INFO - Sync 1 DAGs
[2022-04-23 15:34:41,902] {logging_mixin.py:104} INFO - [2022-04-23 15:34:41,902] {dag.py:2305} INFO - Setting next_dagrun for example_dag_decorator to None
[2022-04-23 15:34:41,919] {scheduler_job.py:190} INFO - Processing /home/airflow/.local/lib/python3.6/site-packages/airflow/example_dags/example_dag_decorator.py took 0.346 seconds
[2022-04-23 15:35:12,790] {scheduler_job.py:182} INFO - Started process (PID=334) to work on /home/airflow/.local/lib/python3.6/site-packages/airflow/example_dags/example_dag_decorator.py
[2022-04-23 15:35:12,792] {scheduler_job.py:633} INFO - Processing file /home/airflow/.local/lib/python3.6/site-packages/airflow/example_dags/example_dag_decorator.py for tasks to queue
[2022-04-23 15:35:12,793] {logging_mixin.py:104} INFO - [2022-04-23 15:35:12,793] {dagbag.py:487} INFO - Filling up the DagBag from /home/airflow/.local/lib/python3.6/site-packages/airflow/example_dags/example_dag_decorator.py
[2022-04-23 15:35:12,824] {scheduler_job.py:643} INFO - DAG(s) dict_keys(['example_dag_decorator']) retrieved from /home/airflow/.local/lib/python3.6/site-packages/airflow/example_dags/example_dag_decorator.py
[2022-04-23 15:35:13,095] {logging_mixin.py:104} INFO - [2022-04-23 15:35:13,095] {dag.py:1832} INFO - Sync 1 DAGs
[2022-04-23 15:35:13,106] {logging_mixin.py:104} INFO - [2022-04-23 15:35:13,106] {dag.py:2305} INFO - Setting next_dagrun for example_dag_decorator to None
[2022-04-23 15:35:13,126] {scheduler_job.py:190} INFO - Processing /home/airflow/.local/lib/python3.6/site-packages/airflow/example_dags/example_dag_decorator.py took 0.341 seconds
[2022-04-23 15:35:43,250] {scheduler_job.py:182} INFO - Started process (PID=400) to work on /home/airflow/.local/lib/python3.6/site-packages/airflow/example_dags/example_dag_decorator.py
[2022-04-23 15:35:43,252] {scheduler_job.py:633} INFO - Processing file /home/airflow/.local/lib/python3.6/site-packages/airflow/example_dags/example_dag_decorator.py for tasks to queue
[2022-04-23 15:35:43,253] {logging_mixin.py:104} INFO - [2022-04-23 15:35:43,253] {dagbag.py:487} INFO - Filling up the DagBag from /home/airflow/.local/lib/python3.6/site-packages/airflow/example_dags/example_dag_decorator.py
[2022-04-23 15:35:43,287] {scheduler_job.py:643} INFO - DAG(s) dict_keys(['example_dag_decorator']) retrieved from /home/airflow/.local/lib/python3.6/site-packages/airflow/example_dags/example_dag_decorator.py
[2022-04-23 15:35:43,583] {logging_mixin.py:104} INFO - [2022-04-23 15:35:43,583] {dag.py:1832} INFO - Sync 1 DAGs
[2022-04-23 15:35:43,596] {logging_mixin.py:104} INFO - [2022-04-23 15:35:43,596] {dag.py:2305} INFO - Setting next_dagrun for example_dag_decorator to None
[2022-04-23 15:35:43,615] {scheduler_job.py:190} INFO - Processing /home/airflow/.local/lib/python3.6/site-packages/airflow/example_dags/example_dag_decorator.py took 0.371 seconds
[2022-04-23 15:36:14,221] {scheduler_job.py:182} INFO - Started process (PID=484) to work on /home/airflow/.local/lib/python3.6/site-packages/airflow/example_dags/example_dag_decorator.py
[2022-04-23 15:36:14,223] {scheduler_job.py:633} INFO - Processing file /home/airflow/.local/lib/python3.6/site-packages/airflow/example_dags/example_dag_decorator.py for tasks to queue
[2022-04-23 15:36:14,225] {logging_mixin.py:104} INFO - [2022-04-23 15:36:14,225] {dagbag.py:487} INFO - Filling up the DagBag from /home/airflow/.local/lib/python3.6/site-packages/airflow/example_dags/example_dag_decorator.py
[2022-04-23 15:36:14,269] {scheduler_job.py:643} INFO - DAG(s) dict_keys(['example_dag_decorator']) retrieved from /home/airflow/.local/lib/python3.6/site-packages/airflow/example_dags/example_dag_decorator.py
[2022-04-23 15:36:14,623] {logging_mixin.py:104} INFO - [2022-04-23 15:36:14,622] {dag.py:1832} INFO - Sync 1 DAGs
[2022-04-23 15:36:14,640] {logging_mixin.py:104} INFO - [2022-04-23 15:36:14,640] {dag.py:2305} INFO - Setting next_dagrun for example_dag_decorator to None
[2022-04-23 15:36:14,658] {scheduler_job.py:190} INFO - Processing /home/airflow/.local/lib/python3.6/site-packages/airflow/example_dags/example_dag_decorator.py took 0.444 seconds
[2022-04-23 15:36:45,554] {scheduler_job.py:182} INFO - Started process (PID=551) to work on /home/airflow/.local/lib/python3.6/site-packages/airflow/example_dags/example_dag_decorator.py
[2022-04-23 15:36:45,555] {scheduler_job.py:633} INFO - Processing file /home/airflow/.local/lib/python3.6/site-packages/airflow/example_dags/example_dag_decorator.py for tasks to queue
[2022-04-23 15:36:45,555] {logging_mixin.py:104} INFO - [2022-04-23 15:36:45,555] {dagbag.py:487} INFO - Filling up the DagBag from /home/airflow/.local/lib/python3.6/site-packages/airflow/example_dags/example_dag_decorator.py
[2022-04-23 15:36:45,574] {scheduler_job.py:643} INFO - DAG(s) dict_keys(['example_dag_decorator']) retrieved from /home/airflow/.local/lib/python3.6/site-packages/airflow/example_dags/example_dag_decorator.py
[2022-04-23 15:36:45,831] {logging_mixin.py:104} INFO - [2022-04-23 15:36:45,831] {dag.py:1832} INFO - Sync 1 DAGs
[2022-04-23 15:36:45,844] {logging_mixin.py:104} INFO - [2022-04-23 15:36:45,844] {dag.py:2305} INFO - Setting next_dagrun for example_dag_decorator to None
[2022-04-23 15:36:45,857] {scheduler_job.py:190} INFO - Processing /home/airflow/.local/lib/python3.6/site-packages/airflow/example_dags/example_dag_decorator.py took 0.305 seconds
[2022-04-23 15:37:16,619] {scheduler_job.py:182} INFO - Started process (PID=634) to work on /home/airflow/.local/lib/python3.6/site-packages/airflow/example_dags/example_dag_decorator.py
[2022-04-23 15:37:16,620] {scheduler_job.py:633} INFO - Processing file /home/airflow/.local/lib/python3.6/site-packages/airflow/example_dags/example_dag_decorator.py for tasks to queue
[2022-04-23 15:37:16,621] {logging_mixin.py:104} INFO - [2022-04-23 15:37:16,621] {dagbag.py:487} INFO - Filling up the DagBag from /home/airflow/.local/lib/python3.6/site-packages/airflow/example_dags/example_dag_decorator.py
[2022-04-23 15:37:16,644] {scheduler_job.py:643} INFO - DAG(s) dict_keys(['example_dag_decorator']) retrieved from /home/airflow/.local/lib/python3.6/site-packages/airflow/example_dags/example_dag_decorator.py
[2022-04-23 15:37:16,662] {logging_mixin.py:104} INFO - [2022-04-23 15:37:16,662] {dag.py:1832} INFO - Sync 1 DAGs
[2022-04-23 15:37:16,677] {logging_mixin.py:104} INFO - [2022-04-23 15:37:16,677] {dag.py:2305} INFO - Setting next_dagrun for example_dag_decorator to None
[2022-04-23 15:37:16,686] {scheduler_job.py:190} INFO - Processing /home/airflow/.local/lib/python3.6/site-packages/airflow/example_dags/example_dag_decorator.py took 0.071 seconds
[2022-04-23 15:37:47,097] {scheduler_job.py:182} INFO - Started process (PID=700) to work on /home/airflow/.local/lib/python3.6/site-packages/airflow/example_dags/example_dag_decorator.py
[2022-04-23 15:37:47,099] {scheduler_job.py:633} INFO - Processing file /home/airflow/.local/lib/python3.6/site-packages/airflow/example_dags/example_dag_decorator.py for tasks to queue
[2022-04-23 15:37:47,101] {logging_mixin.py:104} INFO - [2022-04-23 15:37:47,100] {dagbag.py:487} INFO - Filling up the DagBag from /home/airflow/.local/lib/python3.6/site-packages/airflow/example_dags/example_dag_decorator.py
[2022-04-23 15:37:47,134] {scheduler_job.py:643} INFO - DAG(s) dict_keys(['example_dag_decorator']) retrieved from /home/airflow/.local/lib/python3.6/site-packages/airflow/example_dags/example_dag_decorator.py
[2022-04-23 15:37:47,393] {logging_mixin.py:104} INFO - [2022-04-23 15:37:47,393] {dag.py:1832} INFO - Sync 1 DAGs
[2022-04-23 15:37:47,403] {logging_mixin.py:104} INFO - [2022-04-23 15:37:47,403] {dag.py:2305} INFO - Setting next_dagrun for example_dag_decorator to None
[2022-04-23 15:37:47,418] {scheduler_job.py:190} INFO - Processing /home/airflow/.local/lib/python3.6/site-packages/airflow/example_dags/example_dag_decorator.py took 0.327 seconds
[2022-04-23 15:38:17,457] {scheduler_job.py:182} INFO - Started process (PID=783) to work on /home/airflow/.local/lib/python3.6/site-packages/airflow/example_dags/example_dag_decorator.py
[2022-04-23 15:38:17,457] {scheduler_job.py:633} INFO - Processing file /home/airflow/.local/lib/python3.6/site-packages/airflow/example_dags/example_dag_decorator.py for tasks to queue
[2022-04-23 15:38:17,458] {logging_mixin.py:104} INFO - [2022-04-23 15:38:17,458] {dagbag.py:487} INFO - Filling up the DagBag from /home/airflow/.local/lib/python3.6/site-packages/airflow/example_dags/example_dag_decorator.py
[2022-04-23 15:38:17,479] {scheduler_job.py:643} INFO - DAG(s) dict_keys(['example_dag_decorator']) retrieved from /home/airflow/.local/lib/python3.6/site-packages/airflow/example_dags/example_dag_decorator.py
[2022-04-23 15:38:17,713] {logging_mixin.py:104} INFO - [2022-04-23 15:38:17,713] {dag.py:1832} INFO - Sync 1 DAGs
[2022-04-23 15:38:17,725] {logging_mixin.py:104} INFO - [2022-04-23 15:38:17,725] {dag.py:2305} INFO - Setting next_dagrun for example_dag_decorator to None
[2022-04-23 15:38:17,745] {scheduler_job.py:190} INFO - Processing /home/airflow/.local/lib/python3.6/site-packages/airflow/example_dags/example_dag_decorator.py took 0.291 seconds
[2022-04-23 15:38:47,850] {scheduler_job.py:182} INFO - Started process (PID=849) to work on /home/airflow/.local/lib/python3.6/site-packages/airflow/example_dags/example_dag_decorator.py
[2022-04-23 15:38:47,852] {scheduler_job.py:633} INFO - Processing file /home/airflow/.local/lib/python3.6/site-packages/airflow/example_dags/example_dag_decorator.py for tasks to queue
[2022-04-23 15:38:47,853] {logging_mixin.py:104} INFO - [2022-04-23 15:38:47,853] {dagbag.py:487} INFO - Filling up the DagBag from /home/airflow/.local/lib/python3.6/site-packages/airflow/example_dags/example_dag_decorator.py
[2022-04-23 15:38:47,874] {scheduler_job.py:643} INFO - DAG(s) dict_keys(['example_dag_decorator']) retrieved from /home/airflow/.local/lib/python3.6/site-packages/airflow/example_dags/example_dag_decorator.py
[2022-04-23 15:38:48,141] {logging_mixin.py:104} INFO - [2022-04-23 15:38:48,141] {dag.py:1832} INFO - Sync 1 DAGs
[2022-04-23 15:38:48,157] {logging_mixin.py:104} INFO - [2022-04-23 15:38:48,157] {dag.py:2305} INFO - Setting next_dagrun for example_dag_decorator to None
[2022-04-23 15:38:48,174] {scheduler_job.py:190} INFO - Processing /home/airflow/.local/lib/python3.6/site-packages/airflow/example_dags/example_dag_decorator.py took 0.329 seconds
[2022-04-23 15:39:18,322] {scheduler_job.py:182} INFO - Started process (PID=933) to work on /home/airflow/.local/lib/python3.6/site-packages/airflow/example_dags/example_dag_decorator.py
[2022-04-23 15:39:18,323] {scheduler_job.py:633} INFO - Processing file /home/airflow/.local/lib/python3.6/site-packages/airflow/example_dags/example_dag_decorator.py for tasks to queue
[2022-04-23 15:39:18,324] {logging_mixin.py:104} INFO - [2022-04-23 15:39:18,324] {dagbag.py:487} INFO - Filling up the DagBag from /home/airflow/.local/lib/python3.6/site-packages/airflow/example_dags/example_dag_decorator.py
[2022-04-23 15:39:18,342] {scheduler_job.py:643} INFO - DAG(s) dict_keys(['example_dag_decorator']) retrieved from /home/airflow/.local/lib/python3.6/site-packages/airflow/example_dags/example_dag_decorator.py
[2022-04-23 15:39:18,362] {logging_mixin.py:104} INFO - [2022-04-23 15:39:18,362] {dag.py:1832} INFO - Sync 1 DAGs
[2022-04-23 15:39:18,376] {logging_mixin.py:104} INFO - [2022-04-23 15:39:18,376] {dag.py:2305} INFO - Setting next_dagrun for example_dag_decorator to None
[2022-04-23 15:39:18,391] {scheduler_job.py:190} INFO - Processing /home/airflow/.local/lib/python3.6/site-packages/airflow/example_dags/example_dag_decorator.py took 0.072 seconds
[2022-04-23 15:39:48,579] {scheduler_job.py:182} INFO - Started process (PID=1000) to work on /home/airflow/.local/lib/python3.6/site-packages/airflow/example_dags/example_dag_decorator.py
[2022-04-23 15:39:48,581] {scheduler_job.py:633} INFO - Processing file /home/airflow/.local/lib/python3.6/site-packages/airflow/example_dags/example_dag_decorator.py for tasks to queue
[2022-04-23 15:39:48,586] {logging_mixin.py:104} INFO - [2022-04-23 15:39:48,586] {dagbag.py:487} INFO - Filling up the DagBag from /home/airflow/.local/lib/python3.6/site-packages/airflow/example_dags/example_dag_decorator.py
[2022-04-23 15:39:48,614] {scheduler_job.py:643} INFO - DAG(s) dict_keys(['example_dag_decorator']) retrieved from /home/airflow/.local/lib/python3.6/site-packages/airflow/example_dags/example_dag_decorator.py
[2022-04-23 15:39:48,894] {logging_mixin.py:104} INFO - [2022-04-23 15:39:48,894] {dag.py:1832} INFO - Sync 1 DAGs
[2022-04-23 15:39:48,905] {logging_mixin.py:104} INFO - [2022-04-23 15:39:48,905] {dag.py:2305} INFO - Setting next_dagrun for example_dag_decorator to None
[2022-04-23 15:39:48,926] {scheduler_job.py:190} INFO - Processing /home/airflow/.local/lib/python3.6/site-packages/airflow/example_dags/example_dag_decorator.py took 0.354 seconds
