[2022-04-23 15:33:56,871] {scheduler_job.py:182} INFO - Started process (PID=140) to work on /home/airflow/.local/lib/python3.6/site-packages/airflow/example_dags/example_bash_operator.py
[2022-04-23 15:33:56,872] {scheduler_job.py:633} INFO - Processing file /home/airflow/.local/lib/python3.6/site-packages/airflow/example_dags/example_bash_operator.py for tasks to queue
[2022-04-23 15:33:56,873] {logging_mixin.py:104} INFO - [2022-04-23 15:33:56,872] {dagbag.py:487} INFO - Filling up the DagBag from /home/airflow/.local/lib/python3.6/site-packages/airflow/example_dags/example_bash_operator.py
[2022-04-23 15:33:56,886] {scheduler_job.py:643} INFO - DAG(s) dict_keys(['example_bash_operator']) retrieved from /home/airflow/.local/lib/python3.6/site-packages/airflow/example_dags/example_bash_operator.py
[2022-04-23 15:33:59,028] {logging_mixin.py:104} INFO - [2022-04-23 15:33:59,027] {dag.py:1832} INFO - Sync 1 DAGs
[2022-04-23 15:33:59,042] {logging_mixin.py:104} INFO - [2022-04-23 15:33:59,041] {dag.py:1851} INFO - Creating ORM DAG for example_bash_operator
[2022-04-23 15:33:59,061] {logging_mixin.py:104} INFO - [2022-04-23 15:33:59,061] {dag.py:2305} INFO - Setting next_dagrun for example_bash_operator to 2022-04-21 00:00:00+00:00
[2022-04-23 15:33:59,078] {scheduler_job.py:190} INFO - Processing /home/airflow/.local/lib/python3.6/site-packages/airflow/example_dags/example_bash_operator.py took 2.209 seconds
[2022-04-23 15:34:29,271] {scheduler_job.py:182} INFO - Started process (PID=216) to work on /home/airflow/.local/lib/python3.6/site-packages/airflow/example_dags/example_bash_operator.py
[2022-04-23 15:34:29,272] {scheduler_job.py:633} INFO - Processing file /home/airflow/.local/lib/python3.6/site-packages/airflow/example_dags/example_bash_operator.py for tasks to queue
[2022-04-23 15:34:29,273] {logging_mixin.py:104} INFO - [2022-04-23 15:34:29,272] {dagbag.py:487} INFO - Filling up the DagBag from /home/airflow/.local/lib/python3.6/site-packages/airflow/example_dags/example_bash_operator.py
[2022-04-23 15:34:29,293] {scheduler_job.py:643} INFO - DAG(s) dict_keys(['example_bash_operator']) retrieved from /home/airflow/.local/lib/python3.6/site-packages/airflow/example_dags/example_bash_operator.py
[2022-04-23 15:34:29,325] {logging_mixin.py:104} INFO - [2022-04-23 15:34:29,325] {dag.py:1832} INFO - Sync 1 DAGs
[2022-04-23 15:34:29,348] {logging_mixin.py:104} INFO - [2022-04-23 15:34:29,347] {dag.py:2305} INFO - Setting next_dagrun for example_bash_operator to 2022-04-21 00:00:00+00:00
[2022-04-23 15:34:29,360] {scheduler_job.py:190} INFO - Processing /home/airflow/.local/lib/python3.6/site-packages/airflow/example_dags/example_bash_operator.py took 0.095 seconds
[2022-04-23 15:34:59,657] {scheduler_job.py:182} INFO - Started process (PID=300) to work on /home/airflow/.local/lib/python3.6/site-packages/airflow/example_dags/example_bash_operator.py
[2022-04-23 15:34:59,659] {scheduler_job.py:633} INFO - Processing file /home/airflow/.local/lib/python3.6/site-packages/airflow/example_dags/example_bash_operator.py for tasks to queue
[2022-04-23 15:34:59,660] {logging_mixin.py:104} INFO - [2022-04-23 15:34:59,660] {dagbag.py:487} INFO - Filling up the DagBag from /home/airflow/.local/lib/python3.6/site-packages/airflow/example_dags/example_bash_operator.py
[2022-04-23 15:34:59,689] {scheduler_job.py:643} INFO - DAG(s) dict_keys(['example_bash_operator']) retrieved from /home/airflow/.local/lib/python3.6/site-packages/airflow/example_dags/example_bash_operator.py
[2022-04-23 15:34:59,714] {logging_mixin.py:104} INFO - [2022-04-23 15:34:59,714] {dag.py:1832} INFO - Sync 1 DAGs
[2022-04-23 15:34:59,742] {logging_mixin.py:104} INFO - [2022-04-23 15:34:59,742] {dag.py:2305} INFO - Setting next_dagrun for example_bash_operator to 2022-04-21 00:00:00+00:00
[2022-04-23 15:34:59,756] {scheduler_job.py:190} INFO - Processing /home/airflow/.local/lib/python3.6/site-packages/airflow/example_dags/example_bash_operator.py took 0.106 seconds
[2022-04-23 15:35:29,849] {scheduler_job.py:182} INFO - Started process (PID=366) to work on /home/airflow/.local/lib/python3.6/site-packages/airflow/example_dags/example_bash_operator.py
[2022-04-23 15:35:29,850] {scheduler_job.py:633} INFO - Processing file /home/airflow/.local/lib/python3.6/site-packages/airflow/example_dags/example_bash_operator.py for tasks to queue
[2022-04-23 15:35:29,851] {logging_mixin.py:104} INFO - [2022-04-23 15:35:29,851] {dagbag.py:487} INFO - Filling up the DagBag from /home/airflow/.local/lib/python3.6/site-packages/airflow/example_dags/example_bash_operator.py
[2022-04-23 15:35:29,880] {scheduler_job.py:643} INFO - DAG(s) dict_keys(['example_bash_operator']) retrieved from /home/airflow/.local/lib/python3.6/site-packages/airflow/example_dags/example_bash_operator.py
[2022-04-23 15:35:29,906] {logging_mixin.py:104} INFO - [2022-04-23 15:35:29,906] {dag.py:1832} INFO - Sync 1 DAGs
[2022-04-23 15:35:29,925] {logging_mixin.py:104} INFO - [2022-04-23 15:35:29,925] {dag.py:2305} INFO - Setting next_dagrun for example_bash_operator to 2022-04-21 00:00:00+00:00
[2022-04-23 15:35:29,953] {scheduler_job.py:190} INFO - Processing /home/airflow/.local/lib/python3.6/site-packages/airflow/example_dags/example_bash_operator.py took 0.109 seconds
[2022-04-23 15:36:00,026] {scheduler_job.py:182} INFO - Started process (PID=450) to work on /home/airflow/.local/lib/python3.6/site-packages/airflow/example_dags/example_bash_operator.py
[2022-04-23 15:36:00,028] {scheduler_job.py:633} INFO - Processing file /home/airflow/.local/lib/python3.6/site-packages/airflow/example_dags/example_bash_operator.py for tasks to queue
[2022-04-23 15:36:00,030] {logging_mixin.py:104} INFO - [2022-04-23 15:36:00,030] {dagbag.py:487} INFO - Filling up the DagBag from /home/airflow/.local/lib/python3.6/site-packages/airflow/example_dags/example_bash_operator.py
[2022-04-23 15:36:00,052] {scheduler_job.py:643} INFO - DAG(s) dict_keys(['example_bash_operator']) retrieved from /home/airflow/.local/lib/python3.6/site-packages/airflow/example_dags/example_bash_operator.py
[2022-04-23 15:36:00,075] {logging_mixin.py:104} INFO - [2022-04-23 15:36:00,075] {dag.py:1832} INFO - Sync 1 DAGs
[2022-04-23 15:36:00,096] {logging_mixin.py:104} INFO - [2022-04-23 15:36:00,096] {dag.py:2305} INFO - Setting next_dagrun for example_bash_operator to 2022-04-21 00:00:00+00:00
[2022-04-23 15:36:00,113] {scheduler_job.py:190} INFO - Processing /home/airflow/.local/lib/python3.6/site-packages/airflow/example_dags/example_bash_operator.py took 0.093 seconds
[2022-04-23 15:36:30,439] {scheduler_job.py:182} INFO - Started process (PID=517) to work on /home/airflow/.local/lib/python3.6/site-packages/airflow/example_dags/example_bash_operator.py
[2022-04-23 15:36:30,441] {scheduler_job.py:633} INFO - Processing file /home/airflow/.local/lib/python3.6/site-packages/airflow/example_dags/example_bash_operator.py for tasks to queue
[2022-04-23 15:36:30,443] {logging_mixin.py:104} INFO - [2022-04-23 15:36:30,442] {dagbag.py:487} INFO - Filling up the DagBag from /home/airflow/.local/lib/python3.6/site-packages/airflow/example_dags/example_bash_operator.py
[2022-04-23 15:36:30,475] {scheduler_job.py:643} INFO - DAG(s) dict_keys(['example_bash_operator']) retrieved from /home/airflow/.local/lib/python3.6/site-packages/airflow/example_dags/example_bash_operator.py
[2022-04-23 15:36:30,502] {logging_mixin.py:104} INFO - [2022-04-23 15:36:30,502] {dag.py:1832} INFO - Sync 1 DAGs
[2022-04-23 15:36:30,517] {logging_mixin.py:104} INFO - [2022-04-23 15:36:30,517] {dag.py:2305} INFO - Setting next_dagrun for example_bash_operator to 2022-04-21 00:00:00+00:00
[2022-04-23 15:36:30,533] {scheduler_job.py:190} INFO - Processing /home/airflow/.local/lib/python3.6/site-packages/airflow/example_dags/example_bash_operator.py took 0.100 seconds
[2022-04-23 15:37:00,593] {scheduler_job.py:182} INFO - Started process (PID=600) to work on /home/airflow/.local/lib/python3.6/site-packages/airflow/example_dags/example_bash_operator.py
[2022-04-23 15:37:00,594] {scheduler_job.py:633} INFO - Processing file /home/airflow/.local/lib/python3.6/site-packages/airflow/example_dags/example_bash_operator.py for tasks to queue
[2022-04-23 15:37:00,595] {logging_mixin.py:104} INFO - [2022-04-23 15:37:00,594] {dagbag.py:487} INFO - Filling up the DagBag from /home/airflow/.local/lib/python3.6/site-packages/airflow/example_dags/example_bash_operator.py
[2022-04-23 15:37:00,633] {scheduler_job.py:643} INFO - DAG(s) dict_keys(['example_bash_operator']) retrieved from /home/airflow/.local/lib/python3.6/site-packages/airflow/example_dags/example_bash_operator.py
[2022-04-23 15:37:00,656] {logging_mixin.py:104} INFO - [2022-04-23 15:37:00,655] {dag.py:1832} INFO - Sync 1 DAGs
[2022-04-23 15:37:00,673] {logging_mixin.py:104} INFO - [2022-04-23 15:37:00,673] {dag.py:2305} INFO - Setting next_dagrun for example_bash_operator to 2022-04-21 00:00:00+00:00
[2022-04-23 15:37:00,689] {scheduler_job.py:190} INFO - Processing /home/airflow/.local/lib/python3.6/site-packages/airflow/example_dags/example_bash_operator.py took 0.100 seconds
[2022-04-23 15:37:31,295] {scheduler_job.py:182} INFO - Started process (PID=666) to work on /home/airflow/.local/lib/python3.6/site-packages/airflow/example_dags/example_bash_operator.py
[2022-04-23 15:37:31,296] {scheduler_job.py:633} INFO - Processing file /home/airflow/.local/lib/python3.6/site-packages/airflow/example_dags/example_bash_operator.py for tasks to queue
[2022-04-23 15:37:31,297] {logging_mixin.py:104} INFO - [2022-04-23 15:37:31,297] {dagbag.py:487} INFO - Filling up the DagBag from /home/airflow/.local/lib/python3.6/site-packages/airflow/example_dags/example_bash_operator.py
[2022-04-23 15:37:31,316] {scheduler_job.py:643} INFO - DAG(s) dict_keys(['example_bash_operator']) retrieved from /home/airflow/.local/lib/python3.6/site-packages/airflow/example_dags/example_bash_operator.py
[2022-04-23 15:37:31,340] {logging_mixin.py:104} INFO - [2022-04-23 15:37:31,340] {dag.py:1832} INFO - Sync 1 DAGs
[2022-04-23 15:37:31,359] {logging_mixin.py:104} INFO - [2022-04-23 15:37:31,358] {dag.py:2305} INFO - Setting next_dagrun for example_bash_operator to 2022-04-21 00:00:00+00:00
[2022-04-23 15:37:31,376] {scheduler_job.py:190} INFO - Processing /home/airflow/.local/lib/python3.6/site-packages/airflow/example_dags/example_bash_operator.py took 0.087 seconds
[2022-04-23 15:38:01,641] {scheduler_job.py:182} INFO - Started process (PID=741) to work on /home/airflow/.local/lib/python3.6/site-packages/airflow/example_dags/example_bash_operator.py
[2022-04-23 15:38:01,642] {scheduler_job.py:633} INFO - Processing file /home/airflow/.local/lib/python3.6/site-packages/airflow/example_dags/example_bash_operator.py for tasks to queue
[2022-04-23 15:38:01,642] {logging_mixin.py:104} INFO - [2022-04-23 15:38:01,642] {dagbag.py:487} INFO - Filling up the DagBag from /home/airflow/.local/lib/python3.6/site-packages/airflow/example_dags/example_bash_operator.py
[2022-04-23 15:38:01,658] {scheduler_job.py:643} INFO - DAG(s) dict_keys(['example_bash_operator']) retrieved from /home/airflow/.local/lib/python3.6/site-packages/airflow/example_dags/example_bash_operator.py
[2022-04-23 15:38:01,678] {logging_mixin.py:104} INFO - [2022-04-23 15:38:01,678] {dag.py:1832} INFO - Sync 1 DAGs
[2022-04-23 15:38:01,693] {logging_mixin.py:104} INFO - [2022-04-23 15:38:01,693] {dag.py:2305} INFO - Setting next_dagrun for example_bash_operator to 2022-04-21 00:00:00+00:00
[2022-04-23 15:38:01,702] {scheduler_job.py:190} INFO - Processing /home/airflow/.local/lib/python3.6/site-packages/airflow/example_dags/example_bash_operator.py took 0.064 seconds
[2022-04-23 15:38:32,042] {scheduler_job.py:182} INFO - Started process (PID=815) to work on /home/airflow/.local/lib/python3.6/site-packages/airflow/example_dags/example_bash_operator.py
[2022-04-23 15:38:32,045] {scheduler_job.py:633} INFO - Processing file /home/airflow/.local/lib/python3.6/site-packages/airflow/example_dags/example_bash_operator.py for tasks to queue
[2022-04-23 15:38:32,046] {logging_mixin.py:104} INFO - [2022-04-23 15:38:32,046] {dagbag.py:487} INFO - Filling up the DagBag from /home/airflow/.local/lib/python3.6/site-packages/airflow/example_dags/example_bash_operator.py
[2022-04-23 15:38:32,074] {scheduler_job.py:643} INFO - DAG(s) dict_keys(['example_bash_operator']) retrieved from /home/airflow/.local/lib/python3.6/site-packages/airflow/example_dags/example_bash_operator.py
[2022-04-23 15:38:32,098] {logging_mixin.py:104} INFO - [2022-04-23 15:38:32,098] {dag.py:1832} INFO - Sync 1 DAGs
[2022-04-23 15:38:32,119] {logging_mixin.py:104} INFO - [2022-04-23 15:38:32,119] {dag.py:2305} INFO - Setting next_dagrun for example_bash_operator to 2022-04-21 00:00:00+00:00
[2022-04-23 15:38:32,134] {scheduler_job.py:190} INFO - Processing /home/airflow/.local/lib/python3.6/site-packages/airflow/example_dags/example_bash_operator.py took 0.100 seconds
[2022-04-23 15:39:02,434] {scheduler_job.py:182} INFO - Started process (PID=881) to work on /home/airflow/.local/lib/python3.6/site-packages/airflow/example_dags/example_bash_operator.py
[2022-04-23 15:39:02,435] {scheduler_job.py:633} INFO - Processing file /home/airflow/.local/lib/python3.6/site-packages/airflow/example_dags/example_bash_operator.py for tasks to queue
[2022-04-23 15:39:02,436] {logging_mixin.py:104} INFO - [2022-04-23 15:39:02,435] {dagbag.py:487} INFO - Filling up the DagBag from /home/airflow/.local/lib/python3.6/site-packages/airflow/example_dags/example_bash_operator.py
[2022-04-23 15:39:02,449] {scheduler_job.py:643} INFO - DAG(s) dict_keys(['example_bash_operator']) retrieved from /home/airflow/.local/lib/python3.6/site-packages/airflow/example_dags/example_bash_operator.py
[2022-04-23 15:39:02,474] {logging_mixin.py:104} INFO - [2022-04-23 15:39:02,474] {dag.py:1832} INFO - Sync 1 DAGs
[2022-04-23 15:39:02,490] {logging_mixin.py:104} INFO - [2022-04-23 15:39:02,490] {dag.py:2305} INFO - Setting next_dagrun for example_bash_operator to 2022-04-21 00:00:00+00:00
[2022-04-23 15:39:02,548] {scheduler_job.py:190} INFO - Processing /home/airflow/.local/lib/python3.6/site-packages/airflow/example_dags/example_bash_operator.py took 0.119 seconds
[2022-04-23 15:39:32,935] {scheduler_job.py:182} INFO - Started process (PID=966) to work on /home/airflow/.local/lib/python3.6/site-packages/airflow/example_dags/example_bash_operator.py
[2022-04-23 15:39:32,936] {scheduler_job.py:633} INFO - Processing file /home/airflow/.local/lib/python3.6/site-packages/airflow/example_dags/example_bash_operator.py for tasks to queue
[2022-04-23 15:39:32,937] {logging_mixin.py:104} INFO - [2022-04-23 15:39:32,937] {dagbag.py:487} INFO - Filling up the DagBag from /home/airflow/.local/lib/python3.6/site-packages/airflow/example_dags/example_bash_operator.py
[2022-04-23 15:39:32,952] {scheduler_job.py:643} INFO - DAG(s) dict_keys(['example_bash_operator']) retrieved from /home/airflow/.local/lib/python3.6/site-packages/airflow/example_dags/example_bash_operator.py
[2022-04-23 15:39:32,974] {logging_mixin.py:104} INFO - [2022-04-23 15:39:32,974] {dag.py:1832} INFO - Sync 1 DAGs
[2022-04-23 15:39:32,994] {logging_mixin.py:104} INFO - [2022-04-23 15:39:32,994] {dag.py:2305} INFO - Setting next_dagrun for example_bash_operator to 2022-04-21 00:00:00+00:00
[2022-04-23 15:39:33,006] {scheduler_job.py:190} INFO - Processing /home/airflow/.local/lib/python3.6/site-packages/airflow/example_dags/example_bash_operator.py took 0.074 seconds
[2022-04-23 15:40:03,224] {scheduler_job.py:182} INFO - Started process (PID=1032) to work on /home/airflow/.local/lib/python3.6/site-packages/airflow/example_dags/example_bash_operator.py
[2022-04-23 15:40:03,226] {scheduler_job.py:633} INFO - Processing file /home/airflow/.local/lib/python3.6/site-packages/airflow/example_dags/example_bash_operator.py for tasks to queue
[2022-04-23 15:40:03,228] {logging_mixin.py:104} INFO - [2022-04-23 15:40:03,227] {dagbag.py:487} INFO - Filling up the DagBag from /home/airflow/.local/lib/python3.6/site-packages/airflow/example_dags/example_bash_operator.py
[2022-04-23 15:40:03,256] {scheduler_job.py:643} INFO - DAG(s) dict_keys(['example_bash_operator']) retrieved from /home/airflow/.local/lib/python3.6/site-packages/airflow/example_dags/example_bash_operator.py
[2022-04-23 15:40:03,285] {logging_mixin.py:104} INFO - [2022-04-23 15:40:03,285] {dag.py:1832} INFO - Sync 1 DAGs
[2022-04-23 15:40:03,303] {logging_mixin.py:104} INFO - [2022-04-23 15:40:03,303] {dag.py:2305} INFO - Setting next_dagrun for example_bash_operator to 2022-04-21 00:00:00+00:00
[2022-04-23 15:40:03,316] {scheduler_job.py:190} INFO - Processing /home/airflow/.local/lib/python3.6/site-packages/airflow/example_dags/example_bash_operator.py took 0.098 seconds
