[2022-04-23 15:34:02,073] {scheduler_job.py:182} INFO - Started process (PID=150) to work on /home/airflow/.local/lib/python3.6/site-packages/airflow/example_dags/example_latest_only_with_trigger.py
[2022-04-23 15:34:02,074] {scheduler_job.py:633} INFO - Processing file /home/airflow/.local/lib/python3.6/site-packages/airflow/example_dags/example_latest_only_with_trigger.py for tasks to queue
[2022-04-23 15:34:02,074] {logging_mixin.py:104} INFO - [2022-04-23 15:34:02,074] {dagbag.py:487} INFO - Filling up the DagBag from /home/airflow/.local/lib/python3.6/site-packages/airflow/example_dags/example_latest_only_with_trigger.py
[2022-04-23 15:34:02,087] {scheduler_job.py:643} INFO - DAG(s) dict_keys(['latest_only_with_trigger']) retrieved from /home/airflow/.local/lib/python3.6/site-packages/airflow/example_dags/example_latest_only_with_trigger.py
[2022-04-23 15:34:04,395] {logging_mixin.py:104} INFO - [2022-04-23 15:34:04,394] {dag.py:1832} INFO - Sync 1 DAGs
[2022-04-23 15:34:04,410] {logging_mixin.py:104} INFO - [2022-04-23 15:34:04,408] {dag.py:1851} INFO - Creating ORM DAG for latest_only_with_trigger
[2022-04-23 15:34:04,418] {logging_mixin.py:104} INFO - [2022-04-23 15:34:04,418] {dag.py:2305} INFO - Setting next_dagrun for latest_only_with_trigger to 2022-04-21 00:00:00+00:00
[2022-04-23 15:34:04,434] {scheduler_job.py:190} INFO - Processing /home/airflow/.local/lib/python3.6/site-packages/airflow/example_dags/example_latest_only_with_trigger.py took 2.364 seconds
[2022-04-23 15:34:34,484] {scheduler_job.py:182} INFO - Started process (PID=238) to work on /home/airflow/.local/lib/python3.6/site-packages/airflow/example_dags/example_latest_only_with_trigger.py
[2022-04-23 15:34:34,485] {scheduler_job.py:633} INFO - Processing file /home/airflow/.local/lib/python3.6/site-packages/airflow/example_dags/example_latest_only_with_trigger.py for tasks to queue
[2022-04-23 15:34:34,486] {logging_mixin.py:104} INFO - [2022-04-23 15:34:34,486] {dagbag.py:487} INFO - Filling up the DagBag from /home/airflow/.local/lib/python3.6/site-packages/airflow/example_dags/example_latest_only_with_trigger.py
[2022-04-23 15:34:34,503] {scheduler_job.py:643} INFO - DAG(s) dict_keys(['latest_only_with_trigger']) retrieved from /home/airflow/.local/lib/python3.6/site-packages/airflow/example_dags/example_latest_only_with_trigger.py
[2022-04-23 15:34:34,603] {logging_mixin.py:104} INFO - [2022-04-23 15:34:34,603] {dag.py:1832} INFO - Sync 1 DAGs
[2022-04-23 15:34:34,625] {logging_mixin.py:104} INFO - [2022-04-23 15:34:34,625] {dag.py:2305} INFO - Setting next_dagrun for latest_only_with_trigger to 2022-04-21 00:00:00+00:00
[2022-04-23 15:34:34,642] {scheduler_job.py:190} INFO - Processing /home/airflow/.local/lib/python3.6/site-packages/airflow/example_dags/example_latest_only_with_trigger.py took 0.165 seconds
[2022-04-23 15:35:04,906] {scheduler_job.py:182} INFO - Started process (PID=305) to work on /home/airflow/.local/lib/python3.6/site-packages/airflow/example_dags/example_latest_only_with_trigger.py
[2022-04-23 15:35:04,907] {scheduler_job.py:633} INFO - Processing file /home/airflow/.local/lib/python3.6/site-packages/airflow/example_dags/example_latest_only_with_trigger.py for tasks to queue
[2022-04-23 15:35:04,909] {logging_mixin.py:104} INFO - [2022-04-23 15:35:04,909] {dagbag.py:487} INFO - Filling up the DagBag from /home/airflow/.local/lib/python3.6/site-packages/airflow/example_dags/example_latest_only_with_trigger.py
[2022-04-23 15:35:04,927] {scheduler_job.py:643} INFO - DAG(s) dict_keys(['latest_only_with_trigger']) retrieved from /home/airflow/.local/lib/python3.6/site-packages/airflow/example_dags/example_latest_only_with_trigger.py
[2022-04-23 15:35:04,949] {logging_mixin.py:104} INFO - [2022-04-23 15:35:04,949] {dag.py:1832} INFO - Sync 1 DAGs
[2022-04-23 15:35:04,964] {logging_mixin.py:104} INFO - [2022-04-23 15:35:04,964] {dag.py:2305} INFO - Setting next_dagrun for latest_only_with_trigger to 2022-04-21 00:00:00+00:00
[2022-04-23 15:35:04,976] {scheduler_job.py:190} INFO - Processing /home/airflow/.local/lib/python3.6/site-packages/airflow/example_dags/example_latest_only_with_trigger.py took 0.078 seconds
[2022-04-23 15:35:35,095] {scheduler_job.py:182} INFO - Started process (PID=389) to work on /home/airflow/.local/lib/python3.6/site-packages/airflow/example_dags/example_latest_only_with_trigger.py
[2022-04-23 15:35:35,099] {scheduler_job.py:633} INFO - Processing file /home/airflow/.local/lib/python3.6/site-packages/airflow/example_dags/example_latest_only_with_trigger.py for tasks to queue
[2022-04-23 15:35:35,100] {logging_mixin.py:104} INFO - [2022-04-23 15:35:35,100] {dagbag.py:487} INFO - Filling up the DagBag from /home/airflow/.local/lib/python3.6/site-packages/airflow/example_dags/example_latest_only_with_trigger.py
[2022-04-23 15:35:35,120] {scheduler_job.py:643} INFO - DAG(s) dict_keys(['latest_only_with_trigger']) retrieved from /home/airflow/.local/lib/python3.6/site-packages/airflow/example_dags/example_latest_only_with_trigger.py
[2022-04-23 15:35:35,143] {logging_mixin.py:104} INFO - [2022-04-23 15:35:35,143] {dag.py:1832} INFO - Sync 1 DAGs
[2022-04-23 15:35:35,161] {logging_mixin.py:104} INFO - [2022-04-23 15:35:35,161] {dag.py:2305} INFO - Setting next_dagrun for latest_only_with_trigger to 2022-04-21 00:00:00+00:00
[2022-04-23 15:35:35,178] {scheduler_job.py:190} INFO - Processing /home/airflow/.local/lib/python3.6/site-packages/airflow/example_dags/example_latest_only_with_trigger.py took 0.091 seconds
[2022-04-23 15:36:05,437] {scheduler_job.py:182} INFO - Started process (PID=455) to work on /home/airflow/.local/lib/python3.6/site-packages/airflow/example_dags/example_latest_only_with_trigger.py
[2022-04-23 15:36:05,438] {scheduler_job.py:633} INFO - Processing file /home/airflow/.local/lib/python3.6/site-packages/airflow/example_dags/example_latest_only_with_trigger.py for tasks to queue
[2022-04-23 15:36:05,439] {logging_mixin.py:104} INFO - [2022-04-23 15:36:05,439] {dagbag.py:487} INFO - Filling up the DagBag from /home/airflow/.local/lib/python3.6/site-packages/airflow/example_dags/example_latest_only_with_trigger.py
[2022-04-23 15:36:05,452] {scheduler_job.py:643} INFO - DAG(s) dict_keys(['latest_only_with_trigger']) retrieved from /home/airflow/.local/lib/python3.6/site-packages/airflow/example_dags/example_latest_only_with_trigger.py
[2022-04-23 15:36:05,473] {logging_mixin.py:104} INFO - [2022-04-23 15:36:05,473] {dag.py:1832} INFO - Sync 1 DAGs
[2022-04-23 15:36:05,489] {logging_mixin.py:104} INFO - [2022-04-23 15:36:05,489] {dag.py:2305} INFO - Setting next_dagrun for latest_only_with_trigger to 2022-04-21 00:00:00+00:00
[2022-04-23 15:36:05,503] {scheduler_job.py:190} INFO - Processing /home/airflow/.local/lib/python3.6/site-packages/airflow/example_dags/example_latest_only_with_trigger.py took 0.068 seconds
[2022-04-23 15:36:35,549] {scheduler_job.py:182} INFO - Started process (PID=539) to work on /home/airflow/.local/lib/python3.6/site-packages/airflow/example_dags/example_latest_only_with_trigger.py
[2022-04-23 15:36:35,550] {scheduler_job.py:633} INFO - Processing file /home/airflow/.local/lib/python3.6/site-packages/airflow/example_dags/example_latest_only_with_trigger.py for tasks to queue
[2022-04-23 15:36:35,551] {logging_mixin.py:104} INFO - [2022-04-23 15:36:35,551] {dagbag.py:487} INFO - Filling up the DagBag from /home/airflow/.local/lib/python3.6/site-packages/airflow/example_dags/example_latest_only_with_trigger.py
[2022-04-23 15:36:35,565] {scheduler_job.py:643} INFO - DAG(s) dict_keys(['latest_only_with_trigger']) retrieved from /home/airflow/.local/lib/python3.6/site-packages/airflow/example_dags/example_latest_only_with_trigger.py
[2022-04-23 15:36:35,590] {logging_mixin.py:104} INFO - [2022-04-23 15:36:35,589] {dag.py:1832} INFO - Sync 1 DAGs
[2022-04-23 15:36:35,606] {logging_mixin.py:104} INFO - [2022-04-23 15:36:35,605] {dag.py:2305} INFO - Setting next_dagrun for latest_only_with_trigger to 2022-04-21 00:00:00+00:00
[2022-04-23 15:36:35,615] {scheduler_job.py:190} INFO - Processing /home/airflow/.local/lib/python3.6/site-packages/airflow/example_dags/example_latest_only_with_trigger.py took 0.069 seconds
[2022-04-23 15:37:05,837] {scheduler_job.py:182} INFO - Started process (PID=604) to work on /home/airflow/.local/lib/python3.6/site-packages/airflow/example_dags/example_latest_only_with_trigger.py
[2022-04-23 15:37:05,838] {scheduler_job.py:633} INFO - Processing file /home/airflow/.local/lib/python3.6/site-packages/airflow/example_dags/example_latest_only_with_trigger.py for tasks to queue
[2022-04-23 15:37:05,839] {logging_mixin.py:104} INFO - [2022-04-23 15:37:05,839] {dagbag.py:487} INFO - Filling up the DagBag from /home/airflow/.local/lib/python3.6/site-packages/airflow/example_dags/example_latest_only_with_trigger.py
[2022-04-23 15:37:05,856] {scheduler_job.py:643} INFO - DAG(s) dict_keys(['latest_only_with_trigger']) retrieved from /home/airflow/.local/lib/python3.6/site-packages/airflow/example_dags/example_latest_only_with_trigger.py
[2022-04-23 15:37:05,882] {logging_mixin.py:104} INFO - [2022-04-23 15:37:05,882] {dag.py:1832} INFO - Sync 1 DAGs
[2022-04-23 15:37:05,899] {logging_mixin.py:104} INFO - [2022-04-23 15:37:05,898] {dag.py:2305} INFO - Setting next_dagrun for latest_only_with_trigger to 2022-04-21 00:00:00+00:00
[2022-04-23 15:37:05,911] {scheduler_job.py:190} INFO - Processing /home/airflow/.local/lib/python3.6/site-packages/airflow/example_dags/example_latest_only_with_trigger.py took 0.077 seconds
[2022-04-23 15:37:36,426] {scheduler_job.py:182} INFO - Started process (PID=678) to work on /home/airflow/.local/lib/python3.6/site-packages/airflow/example_dags/example_latest_only_with_trigger.py
[2022-04-23 15:37:36,427] {scheduler_job.py:633} INFO - Processing file /home/airflow/.local/lib/python3.6/site-packages/airflow/example_dags/example_latest_only_with_trigger.py for tasks to queue
[2022-04-23 15:37:36,428] {logging_mixin.py:104} INFO - [2022-04-23 15:37:36,427] {dagbag.py:487} INFO - Filling up the DagBag from /home/airflow/.local/lib/python3.6/site-packages/airflow/example_dags/example_latest_only_with_trigger.py
[2022-04-23 15:37:36,440] {scheduler_job.py:643} INFO - DAG(s) dict_keys(['latest_only_with_trigger']) retrieved from /home/airflow/.local/lib/python3.6/site-packages/airflow/example_dags/example_latest_only_with_trigger.py
[2022-04-23 15:37:36,460] {logging_mixin.py:104} INFO - [2022-04-23 15:37:36,460] {dag.py:1832} INFO - Sync 1 DAGs
[2022-04-23 15:37:36,478] {logging_mixin.py:104} INFO - [2022-04-23 15:37:36,478] {dag.py:2305} INFO - Setting next_dagrun for latest_only_with_trigger to 2022-04-21 00:00:00+00:00
[2022-04-23 15:37:36,493] {scheduler_job.py:190} INFO - Processing /home/airflow/.local/lib/python3.6/site-packages/airflow/example_dags/example_latest_only_with_trigger.py took 0.070 seconds
[2022-04-23 15:38:06,827] {scheduler_job.py:182} INFO - Started process (PID=754) to work on /home/airflow/.local/lib/python3.6/site-packages/airflow/example_dags/example_latest_only_with_trigger.py
[2022-04-23 15:38:06,830] {scheduler_job.py:633} INFO - Processing file /home/airflow/.local/lib/python3.6/site-packages/airflow/example_dags/example_latest_only_with_trigger.py for tasks to queue
[2022-04-23 15:38:06,831] {logging_mixin.py:104} INFO - [2022-04-23 15:38:06,831] {dagbag.py:487} INFO - Filling up the DagBag from /home/airflow/.local/lib/python3.6/site-packages/airflow/example_dags/example_latest_only_with_trigger.py
[2022-04-23 15:38:06,862] {scheduler_job.py:643} INFO - DAG(s) dict_keys(['latest_only_with_trigger']) retrieved from /home/airflow/.local/lib/python3.6/site-packages/airflow/example_dags/example_latest_only_with_trigger.py
[2022-04-23 15:38:06,882] {logging_mixin.py:104} INFO - [2022-04-23 15:38:06,882] {dag.py:1832} INFO - Sync 1 DAGs
[2022-04-23 15:38:06,899] {logging_mixin.py:104} INFO - [2022-04-23 15:38:06,898] {dag.py:2305} INFO - Setting next_dagrun for latest_only_with_trigger to 2022-04-21 00:00:00+00:00
[2022-04-23 15:38:06,910] {scheduler_job.py:190} INFO - Processing /home/airflow/.local/lib/python3.6/site-packages/airflow/example_dags/example_latest_only_with_trigger.py took 0.092 seconds
[2022-04-23 15:38:37,333] {scheduler_job.py:182} INFO - Started process (PID=819) to work on /home/airflow/.local/lib/python3.6/site-packages/airflow/example_dags/example_latest_only_with_trigger.py
[2022-04-23 15:38:37,335] {scheduler_job.py:633} INFO - Processing file /home/airflow/.local/lib/python3.6/site-packages/airflow/example_dags/example_latest_only_with_trigger.py for tasks to queue
[2022-04-23 15:38:37,335] {logging_mixin.py:104} INFO - [2022-04-23 15:38:37,335] {dagbag.py:487} INFO - Filling up the DagBag from /home/airflow/.local/lib/python3.6/site-packages/airflow/example_dags/example_latest_only_with_trigger.py
[2022-04-23 15:38:37,348] {scheduler_job.py:643} INFO - DAG(s) dict_keys(['latest_only_with_trigger']) retrieved from /home/airflow/.local/lib/python3.6/site-packages/airflow/example_dags/example_latest_only_with_trigger.py
[2022-04-23 15:38:37,375] {logging_mixin.py:104} INFO - [2022-04-23 15:38:37,375] {dag.py:1832} INFO - Sync 1 DAGs
[2022-04-23 15:38:37,402] {logging_mixin.py:104} INFO - [2022-04-23 15:38:37,402] {dag.py:2305} INFO - Setting next_dagrun for latest_only_with_trigger to 2022-04-21 00:00:00+00:00
[2022-04-23 15:38:37,412] {scheduler_job.py:190} INFO - Processing /home/airflow/.local/lib/python3.6/site-packages/airflow/example_dags/example_latest_only_with_trigger.py took 0.082 seconds
[2022-04-23 15:39:07,719] {scheduler_job.py:182} INFO - Started process (PID=903) to work on /home/airflow/.local/lib/python3.6/site-packages/airflow/example_dags/example_latest_only_with_trigger.py
[2022-04-23 15:39:07,720] {scheduler_job.py:633} INFO - Processing file /home/airflow/.local/lib/python3.6/site-packages/airflow/example_dags/example_latest_only_with_trigger.py for tasks to queue
[2022-04-23 15:39:07,720] {logging_mixin.py:104} INFO - [2022-04-23 15:39:07,720] {dagbag.py:487} INFO - Filling up the DagBag from /home/airflow/.local/lib/python3.6/site-packages/airflow/example_dags/example_latest_only_with_trigger.py
[2022-04-23 15:39:07,734] {scheduler_job.py:643} INFO - DAG(s) dict_keys(['latest_only_with_trigger']) retrieved from /home/airflow/.local/lib/python3.6/site-packages/airflow/example_dags/example_latest_only_with_trigger.py
[2022-04-23 15:39:07,756] {logging_mixin.py:104} INFO - [2022-04-23 15:39:07,756] {dag.py:1832} INFO - Sync 1 DAGs
[2022-04-23 15:39:07,772] {logging_mixin.py:104} INFO - [2022-04-23 15:39:07,772] {dag.py:2305} INFO - Setting next_dagrun for latest_only_with_trigger to 2022-04-21 00:00:00+00:00
[2022-04-23 15:39:07,782] {scheduler_job.py:190} INFO - Processing /home/airflow/.local/lib/python3.6/site-packages/airflow/example_dags/example_latest_only_with_trigger.py took 0.068 seconds
[2022-04-23 15:39:38,132] {scheduler_job.py:182} INFO - Started process (PID=970) to work on /home/airflow/.local/lib/python3.6/site-packages/airflow/example_dags/example_latest_only_with_trigger.py
[2022-04-23 15:39:38,135] {scheduler_job.py:633} INFO - Processing file /home/airflow/.local/lib/python3.6/site-packages/airflow/example_dags/example_latest_only_with_trigger.py for tasks to queue
[2022-04-23 15:39:38,137] {logging_mixin.py:104} INFO - [2022-04-23 15:39:38,136] {dagbag.py:487} INFO - Filling up the DagBag from /home/airflow/.local/lib/python3.6/site-packages/airflow/example_dags/example_latest_only_with_trigger.py
[2022-04-23 15:39:38,161] {scheduler_job.py:643} INFO - DAG(s) dict_keys(['latest_only_with_trigger']) retrieved from /home/airflow/.local/lib/python3.6/site-packages/airflow/example_dags/example_latest_only_with_trigger.py
[2022-04-23 15:39:38,186] {logging_mixin.py:104} INFO - [2022-04-23 15:39:38,186] {dag.py:1832} INFO - Sync 1 DAGs
[2022-04-23 15:39:38,203] {logging_mixin.py:104} INFO - [2022-04-23 15:39:38,203] {dag.py:2305} INFO - Setting next_dagrun for latest_only_with_trigger to 2022-04-21 00:00:00+00:00
[2022-04-23 15:39:38,219] {scheduler_job.py:190} INFO - Processing /home/airflow/.local/lib/python3.6/site-packages/airflow/example_dags/example_latest_only_with_trigger.py took 0.095 seconds
[2022-04-23 15:40:08,370] {scheduler_job.py:182} INFO - Started process (PID=1054) to work on /home/airflow/.local/lib/python3.6/site-packages/airflow/example_dags/example_latest_only_with_trigger.py
[2022-04-23 15:40:08,373] {scheduler_job.py:633} INFO - Processing file /home/airflow/.local/lib/python3.6/site-packages/airflow/example_dags/example_latest_only_with_trigger.py for tasks to queue
[2022-04-23 15:40:08,373] {logging_mixin.py:104} INFO - [2022-04-23 15:40:08,373] {dagbag.py:487} INFO - Filling up the DagBag from /home/airflow/.local/lib/python3.6/site-packages/airflow/example_dags/example_latest_only_with_trigger.py
[2022-04-23 15:40:08,383] {scheduler_job.py:643} INFO - DAG(s) dict_keys(['latest_only_with_trigger']) retrieved from /home/airflow/.local/lib/python3.6/site-packages/airflow/example_dags/example_latest_only_with_trigger.py
[2022-04-23 15:40:08,403] {logging_mixin.py:104} INFO - [2022-04-23 15:40:08,403] {dag.py:1832} INFO - Sync 1 DAGs
[2022-04-23 15:40:08,423] {logging_mixin.py:104} INFO - [2022-04-23 15:40:08,422] {dag.py:2305} INFO - Setting next_dagrun for latest_only_with_trigger to 2022-04-21 00:00:00+00:00
[2022-04-23 15:40:08,439] {scheduler_job.py:190} INFO - Processing /home/airflow/.local/lib/python3.6/site-packages/airflow/example_dags/example_latest_only_with_trigger.py took 0.075 seconds
