[2022-04-23 15:33:36,175] {scheduler_job.py:182} INFO - Started process (PID=73) to work on /home/airflow/.local/lib/python3.6/site-packages/airflow/example_dags/example_branch_labels.py
[2022-04-23 15:33:36,178] {scheduler_job.py:633} INFO - Processing file /home/airflow/.local/lib/python3.6/site-packages/airflow/example_dags/example_branch_labels.py for tasks to queue
[2022-04-23 15:33:36,179] {logging_mixin.py:104} INFO - [2022-04-23 15:33:36,178] {dagbag.py:487} INFO - Filling up the DagBag from /home/airflow/.local/lib/python3.6/site-packages/airflow/example_dags/example_branch_labels.py
[2022-04-23 15:33:36,194] {scheduler_job.py:643} INFO - DAG(s) dict_keys(['example_branch_labels']) retrieved from /home/airflow/.local/lib/python3.6/site-packages/airflow/example_dags/example_branch_labels.py
[2022-04-23 15:33:40,293] {logging_mixin.py:104} INFO - [2022-04-23 15:33:40,291] {dag.py:1832} INFO - Sync 1 DAGs
[2022-04-23 15:33:40,312] {logging_mixin.py:104} INFO - [2022-04-23 15:33:40,310] {dag.py:1851} INFO - Creating ORM DAG for example_branch_labels
[2022-04-23 15:33:40,324] {logging_mixin.py:104} INFO - [2022-04-23 15:33:40,324] {dag.py:2305} INFO - Setting next_dagrun for example_branch_labels to 2022-04-21 00:00:00+00:00
[2022-04-23 15:33:40,353] {scheduler_job.py:190} INFO - Processing /home/airflow/.local/lib/python3.6/site-packages/airflow/example_dags/example_branch_labels.py took 4.181 seconds
[2022-04-23 15:34:11,004] {scheduler_job.py:182} INFO - Started process (PID=183) to work on /home/airflow/.local/lib/python3.6/site-packages/airflow/example_dags/example_branch_labels.py
[2022-04-23 15:34:11,006] {scheduler_job.py:633} INFO - Processing file /home/airflow/.local/lib/python3.6/site-packages/airflow/example_dags/example_branch_labels.py for tasks to queue
[2022-04-23 15:34:11,007] {logging_mixin.py:104} INFO - [2022-04-23 15:34:11,006] {dagbag.py:487} INFO - Filling up the DagBag from /home/airflow/.local/lib/python3.6/site-packages/airflow/example_dags/example_branch_labels.py
[2022-04-23 15:34:11,024] {scheduler_job.py:643} INFO - DAG(s) dict_keys(['example_branch_labels']) retrieved from /home/airflow/.local/lib/python3.6/site-packages/airflow/example_dags/example_branch_labels.py
[2022-04-23 15:34:11,055] {logging_mixin.py:104} INFO - [2022-04-23 15:34:11,055] {dag.py:1832} INFO - Sync 1 DAGs
[2022-04-23 15:34:11,080] {logging_mixin.py:104} INFO - [2022-04-23 15:34:11,080] {dag.py:2305} INFO - Setting next_dagrun for example_branch_labels to 2022-04-21 00:00:00+00:00
[2022-04-23 15:34:11,093] {scheduler_job.py:190} INFO - Processing /home/airflow/.local/lib/python3.6/site-packages/airflow/example_dags/example_branch_labels.py took 0.093 seconds
[2022-04-23 15:34:41,435] {scheduler_job.py:182} INFO - Started process (PID=248) to work on /home/airflow/.local/lib/python3.6/site-packages/airflow/example_dags/example_branch_labels.py
[2022-04-23 15:34:41,437] {scheduler_job.py:633} INFO - Processing file /home/airflow/.local/lib/python3.6/site-packages/airflow/example_dags/example_branch_labels.py for tasks to queue
[2022-04-23 15:34:41,439] {logging_mixin.py:104} INFO - [2022-04-23 15:34:41,439] {dagbag.py:487} INFO - Filling up the DagBag from /home/airflow/.local/lib/python3.6/site-packages/airflow/example_dags/example_branch_labels.py
[2022-04-23 15:34:41,462] {scheduler_job.py:643} INFO - DAG(s) dict_keys(['example_branch_labels']) retrieved from /home/airflow/.local/lib/python3.6/site-packages/airflow/example_dags/example_branch_labels.py
[2022-04-23 15:34:41,512] {logging_mixin.py:104} INFO - [2022-04-23 15:34:41,512] {dag.py:1832} INFO - Sync 1 DAGs
[2022-04-23 15:34:41,540] {logging_mixin.py:104} INFO - [2022-04-23 15:34:41,540] {dag.py:2305} INFO - Setting next_dagrun for example_branch_labels to 2022-04-21 00:00:00+00:00
[2022-04-23 15:34:41,558] {scheduler_job.py:190} INFO - Processing /home/airflow/.local/lib/python3.6/site-packages/airflow/example_dags/example_branch_labels.py took 0.129 seconds
[2022-04-23 15:35:11,780] {scheduler_job.py:182} INFO - Started process (PID=333) to work on /home/airflow/.local/lib/python3.6/site-packages/airflow/example_dags/example_branch_labels.py
[2022-04-23 15:35:11,781] {scheduler_job.py:633} INFO - Processing file /home/airflow/.local/lib/python3.6/site-packages/airflow/example_dags/example_branch_labels.py for tasks to queue
[2022-04-23 15:35:11,782] {logging_mixin.py:104} INFO - [2022-04-23 15:35:11,782] {dagbag.py:487} INFO - Filling up the DagBag from /home/airflow/.local/lib/python3.6/site-packages/airflow/example_dags/example_branch_labels.py
[2022-04-23 15:35:11,795] {scheduler_job.py:643} INFO - DAG(s) dict_keys(['example_branch_labels']) retrieved from /home/airflow/.local/lib/python3.6/site-packages/airflow/example_dags/example_branch_labels.py
[2022-04-23 15:35:11,820] {logging_mixin.py:104} INFO - [2022-04-23 15:35:11,820] {dag.py:1832} INFO - Sync 1 DAGs
[2022-04-23 15:35:11,838] {logging_mixin.py:104} INFO - [2022-04-23 15:35:11,838] {dag.py:2305} INFO - Setting next_dagrun for example_branch_labels to 2022-04-21 00:00:00+00:00
[2022-04-23 15:35:11,851] {scheduler_job.py:190} INFO - Processing /home/airflow/.local/lib/python3.6/site-packages/airflow/example_dags/example_branch_labels.py took 0.076 seconds
[2022-04-23 15:35:42,233] {scheduler_job.py:182} INFO - Started process (PID=399) to work on /home/airflow/.local/lib/python3.6/site-packages/airflow/example_dags/example_branch_labels.py
[2022-04-23 15:35:42,234] {scheduler_job.py:633} INFO - Processing file /home/airflow/.local/lib/python3.6/site-packages/airflow/example_dags/example_branch_labels.py for tasks to queue
[2022-04-23 15:35:42,235] {logging_mixin.py:104} INFO - [2022-04-23 15:35:42,235] {dagbag.py:487} INFO - Filling up the DagBag from /home/airflow/.local/lib/python3.6/site-packages/airflow/example_dags/example_branch_labels.py
[2022-04-23 15:35:42,251] {scheduler_job.py:643} INFO - DAG(s) dict_keys(['example_branch_labels']) retrieved from /home/airflow/.local/lib/python3.6/site-packages/airflow/example_dags/example_branch_labels.py
[2022-04-23 15:35:42,273] {logging_mixin.py:104} INFO - [2022-04-23 15:35:42,273] {dag.py:1832} INFO - Sync 1 DAGs
[2022-04-23 15:35:42,293] {logging_mixin.py:104} INFO - [2022-04-23 15:35:42,293] {dag.py:2305} INFO - Setting next_dagrun for example_branch_labels to 2022-04-21 00:00:00+00:00
[2022-04-23 15:35:42,307] {scheduler_job.py:190} INFO - Processing /home/airflow/.local/lib/python3.6/site-packages/airflow/example_dags/example_branch_labels.py took 0.077 seconds
[2022-04-23 15:36:13,147] {scheduler_job.py:182} INFO - Started process (PID=483) to work on /home/airflow/.local/lib/python3.6/site-packages/airflow/example_dags/example_branch_labels.py
[2022-04-23 15:36:13,149] {scheduler_job.py:633} INFO - Processing file /home/airflow/.local/lib/python3.6/site-packages/airflow/example_dags/example_branch_labels.py for tasks to queue
[2022-04-23 15:36:13,151] {logging_mixin.py:104} INFO - [2022-04-23 15:36:13,151] {dagbag.py:487} INFO - Filling up the DagBag from /home/airflow/.local/lib/python3.6/site-packages/airflow/example_dags/example_branch_labels.py
[2022-04-23 15:36:13,192] {scheduler_job.py:643} INFO - DAG(s) dict_keys(['example_branch_labels']) retrieved from /home/airflow/.local/lib/python3.6/site-packages/airflow/example_dags/example_branch_labels.py
[2022-04-23 15:36:13,236] {logging_mixin.py:104} INFO - [2022-04-23 15:36:13,235] {dag.py:1832} INFO - Sync 1 DAGs
[2022-04-23 15:36:13,285] {logging_mixin.py:104} INFO - [2022-04-23 15:36:13,285] {dag.py:2305} INFO - Setting next_dagrun for example_branch_labels to 2022-04-21 00:00:00+00:00
[2022-04-23 15:36:13,299] {scheduler_job.py:190} INFO - Processing /home/airflow/.local/lib/python3.6/site-packages/airflow/example_dags/example_branch_labels.py took 0.161 seconds
[2022-04-23 15:36:43,543] {scheduler_job.py:182} INFO - Started process (PID=550) to work on /home/airflow/.local/lib/python3.6/site-packages/airflow/example_dags/example_branch_labels.py
[2022-04-23 15:36:43,544] {scheduler_job.py:633} INFO - Processing file /home/airflow/.local/lib/python3.6/site-packages/airflow/example_dags/example_branch_labels.py for tasks to queue
[2022-04-23 15:36:43,545] {logging_mixin.py:104} INFO - [2022-04-23 15:36:43,545] {dagbag.py:487} INFO - Filling up the DagBag from /home/airflow/.local/lib/python3.6/site-packages/airflow/example_dags/example_branch_labels.py
[2022-04-23 15:36:43,569] {scheduler_job.py:643} INFO - DAG(s) dict_keys(['example_branch_labels']) retrieved from /home/airflow/.local/lib/python3.6/site-packages/airflow/example_dags/example_branch_labels.py
[2022-04-23 15:36:43,602] {logging_mixin.py:104} INFO - [2022-04-23 15:36:43,602] {dag.py:1832} INFO - Sync 1 DAGs
[2022-04-23 15:36:43,633] {logging_mixin.py:104} INFO - [2022-04-23 15:36:43,633] {dag.py:2305} INFO - Setting next_dagrun for example_branch_labels to 2022-04-21 00:00:00+00:00
[2022-04-23 15:36:43,648] {scheduler_job.py:190} INFO - Processing /home/airflow/.local/lib/python3.6/site-packages/airflow/example_dags/example_branch_labels.py took 0.109 seconds
[2022-04-23 15:37:14,587] {scheduler_job.py:182} INFO - Started process (PID=633) to work on /home/airflow/.local/lib/python3.6/site-packages/airflow/example_dags/example_branch_labels.py
[2022-04-23 15:37:14,589] {scheduler_job.py:633} INFO - Processing file /home/airflow/.local/lib/python3.6/site-packages/airflow/example_dags/example_branch_labels.py for tasks to queue
[2022-04-23 15:37:14,591] {logging_mixin.py:104} INFO - [2022-04-23 15:37:14,591] {dagbag.py:487} INFO - Filling up the DagBag from /home/airflow/.local/lib/python3.6/site-packages/airflow/example_dags/example_branch_labels.py
[2022-04-23 15:37:14,620] {scheduler_job.py:643} INFO - DAG(s) dict_keys(['example_branch_labels']) retrieved from /home/airflow/.local/lib/python3.6/site-packages/airflow/example_dags/example_branch_labels.py
[2022-04-23 15:37:14,664] {logging_mixin.py:104} INFO - [2022-04-23 15:37:14,663] {dag.py:1832} INFO - Sync 1 DAGs
[2022-04-23 15:37:14,691] {logging_mixin.py:104} INFO - [2022-04-23 15:37:14,690] {dag.py:2305} INFO - Setting next_dagrun for example_branch_labels to 2022-04-21 00:00:00+00:00
[2022-04-23 15:37:14,700] {scheduler_job.py:190} INFO - Processing /home/airflow/.local/lib/python3.6/site-packages/airflow/example_dags/example_branch_labels.py took 0.120 seconds
[2022-04-23 15:37:45,081] {scheduler_job.py:182} INFO - Started process (PID=699) to work on /home/airflow/.local/lib/python3.6/site-packages/airflow/example_dags/example_branch_labels.py
[2022-04-23 15:37:45,083] {scheduler_job.py:633} INFO - Processing file /home/airflow/.local/lib/python3.6/site-packages/airflow/example_dags/example_branch_labels.py for tasks to queue
[2022-04-23 15:37:45,084] {logging_mixin.py:104} INFO - [2022-04-23 15:37:45,084] {dagbag.py:487} INFO - Filling up the DagBag from /home/airflow/.local/lib/python3.6/site-packages/airflow/example_dags/example_branch_labels.py
[2022-04-23 15:37:45,112] {scheduler_job.py:643} INFO - DAG(s) dict_keys(['example_branch_labels']) retrieved from /home/airflow/.local/lib/python3.6/site-packages/airflow/example_dags/example_branch_labels.py
[2022-04-23 15:37:45,139] {logging_mixin.py:104} INFO - [2022-04-23 15:37:45,139] {dag.py:1832} INFO - Sync 1 DAGs
[2022-04-23 15:37:45,155] {logging_mixin.py:104} INFO - [2022-04-23 15:37:45,155] {dag.py:2305} INFO - Setting next_dagrun for example_branch_labels to 2022-04-21 00:00:00+00:00
[2022-04-23 15:37:45,165] {scheduler_job.py:190} INFO - Processing /home/airflow/.local/lib/python3.6/site-packages/airflow/example_dags/example_branch_labels.py took 0.090 seconds
[2022-04-23 15:38:15,449] {scheduler_job.py:182} INFO - Started process (PID=782) to work on /home/airflow/.local/lib/python3.6/site-packages/airflow/example_dags/example_branch_labels.py
[2022-04-23 15:38:15,450] {scheduler_job.py:633} INFO - Processing file /home/airflow/.local/lib/python3.6/site-packages/airflow/example_dags/example_branch_labels.py for tasks to queue
[2022-04-23 15:38:15,451] {logging_mixin.py:104} INFO - [2022-04-23 15:38:15,451] {dagbag.py:487} INFO - Filling up the DagBag from /home/airflow/.local/lib/python3.6/site-packages/airflow/example_dags/example_branch_labels.py
[2022-04-23 15:38:15,467] {scheduler_job.py:643} INFO - DAG(s) dict_keys(['example_branch_labels']) retrieved from /home/airflow/.local/lib/python3.6/site-packages/airflow/example_dags/example_branch_labels.py
[2022-04-23 15:38:15,505] {logging_mixin.py:104} INFO - [2022-04-23 15:38:15,505] {dag.py:1832} INFO - Sync 1 DAGs
[2022-04-23 15:38:15,532] {logging_mixin.py:104} INFO - [2022-04-23 15:38:15,532] {dag.py:2305} INFO - Setting next_dagrun for example_branch_labels to 2022-04-21 00:00:00+00:00
[2022-04-23 15:38:15,544] {scheduler_job.py:190} INFO - Processing /home/airflow/.local/lib/python3.6/site-packages/airflow/example_dags/example_branch_labels.py took 0.098 seconds
[2022-04-23 15:38:45,839] {scheduler_job.py:182} INFO - Started process (PID=848) to work on /home/airflow/.local/lib/python3.6/site-packages/airflow/example_dags/example_branch_labels.py
[2022-04-23 15:38:45,841] {scheduler_job.py:633} INFO - Processing file /home/airflow/.local/lib/python3.6/site-packages/airflow/example_dags/example_branch_labels.py for tasks to queue
[2022-04-23 15:38:45,842] {logging_mixin.py:104} INFO - [2022-04-23 15:38:45,842] {dagbag.py:487} INFO - Filling up the DagBag from /home/airflow/.local/lib/python3.6/site-packages/airflow/example_dags/example_branch_labels.py
[2022-04-23 15:38:45,872] {scheduler_job.py:643} INFO - DAG(s) dict_keys(['example_branch_labels']) retrieved from /home/airflow/.local/lib/python3.6/site-packages/airflow/example_dags/example_branch_labels.py
[2022-04-23 15:38:45,909] {logging_mixin.py:104} INFO - [2022-04-23 15:38:45,909] {dag.py:1832} INFO - Sync 1 DAGs
[2022-04-23 15:38:45,933] {logging_mixin.py:104} INFO - [2022-04-23 15:38:45,933] {dag.py:2305} INFO - Setting next_dagrun for example_branch_labels to 2022-04-21 00:00:00+00:00
[2022-04-23 15:38:45,942] {scheduler_job.py:190} INFO - Processing /home/airflow/.local/lib/python3.6/site-packages/airflow/example_dags/example_branch_labels.py took 0.110 seconds
[2022-04-23 15:39:16,246] {scheduler_job.py:182} INFO - Started process (PID=925) to work on /home/airflow/.local/lib/python3.6/site-packages/airflow/example_dags/example_branch_labels.py
[2022-04-23 15:39:16,247] {scheduler_job.py:633} INFO - Processing file /home/airflow/.local/lib/python3.6/site-packages/airflow/example_dags/example_branch_labels.py for tasks to queue
[2022-04-23 15:39:16,248] {logging_mixin.py:104} INFO - [2022-04-23 15:39:16,248] {dagbag.py:487} INFO - Filling up the DagBag from /home/airflow/.local/lib/python3.6/site-packages/airflow/example_dags/example_branch_labels.py
[2022-04-23 15:39:16,260] {scheduler_job.py:643} INFO - DAG(s) dict_keys(['example_branch_labels']) retrieved from /home/airflow/.local/lib/python3.6/site-packages/airflow/example_dags/example_branch_labels.py
[2022-04-23 15:39:16,280] {logging_mixin.py:104} INFO - [2022-04-23 15:39:16,280] {dag.py:1832} INFO - Sync 1 DAGs
[2022-04-23 15:39:16,296] {logging_mixin.py:104} INFO - [2022-04-23 15:39:16,296] {dag.py:2305} INFO - Setting next_dagrun for example_branch_labels to 2022-04-21 00:00:00+00:00
[2022-04-23 15:39:16,305] {scheduler_job.py:190} INFO - Processing /home/airflow/.local/lib/python3.6/site-packages/airflow/example_dags/example_branch_labels.py took 0.061 seconds
[2022-04-23 15:39:46,558] {scheduler_job.py:182} INFO - Started process (PID=999) to work on /home/airflow/.local/lib/python3.6/site-packages/airflow/example_dags/example_branch_labels.py
[2022-04-23 15:39:46,559] {scheduler_job.py:633} INFO - Processing file /home/airflow/.local/lib/python3.6/site-packages/airflow/example_dags/example_branch_labels.py for tasks to queue
[2022-04-23 15:39:46,559] {logging_mixin.py:104} INFO - [2022-04-23 15:39:46,559] {dagbag.py:487} INFO - Filling up the DagBag from /home/airflow/.local/lib/python3.6/site-packages/airflow/example_dags/example_branch_labels.py
[2022-04-23 15:39:46,570] {scheduler_job.py:643} INFO - DAG(s) dict_keys(['example_branch_labels']) retrieved from /home/airflow/.local/lib/python3.6/site-packages/airflow/example_dags/example_branch_labels.py
[2022-04-23 15:39:46,593] {logging_mixin.py:104} INFO - [2022-04-23 15:39:46,593] {dag.py:1832} INFO - Sync 1 DAGs
[2022-04-23 15:39:46,611] {logging_mixin.py:104} INFO - [2022-04-23 15:39:46,611] {dag.py:2305} INFO - Setting next_dagrun for example_branch_labels to 2022-04-21 00:00:00+00:00
[2022-04-23 15:39:46,624] {scheduler_job.py:190} INFO - Processing /home/airflow/.local/lib/python3.6/site-packages/airflow/example_dags/example_branch_labels.py took 0.069 seconds
