[2022-04-23 15:33:43,914] {scheduler_job.py:182} INFO - Started process (PID=99) to work on /home/airflow/.local/lib/python3.6/site-packages/airflow/example_dags/example_kubernetes_executor_config.py
[2022-04-23 15:33:43,915] {scheduler_job.py:633} INFO - Processing file /home/airflow/.local/lib/python3.6/site-packages/airflow/example_dags/example_kubernetes_executor_config.py for tasks to queue
[2022-04-23 15:33:43,916] {logging_mixin.py:104} INFO - [2022-04-23 15:33:43,916] {dagbag.py:487} INFO - Filling up the DagBag from /home/airflow/.local/lib/python3.6/site-packages/airflow/example_dags/example_kubernetes_executor_config.py
[2022-04-23 15:33:43,947] {scheduler_job.py:643} INFO - DAG(s) dict_keys(['example_kubernetes_executor_config']) retrieved from /home/airflow/.local/lib/python3.6/site-packages/airflow/example_dags/example_kubernetes_executor_config.py
[2022-04-23 15:33:46,295] {logging_mixin.py:104} INFO - [2022-04-23 15:33:46,294] {dag.py:1832} INFO - Sync 1 DAGs
[2022-04-23 15:33:46,307] {logging_mixin.py:104} INFO - [2022-04-23 15:33:46,306] {dag.py:1851} INFO - Creating ORM DAG for example_kubernetes_executor_config
[2022-04-23 15:33:46,313] {logging_mixin.py:104} INFO - [2022-04-23 15:33:46,313] {dag.py:2305} INFO - Setting next_dagrun for example_kubernetes_executor_config to None
[2022-04-23 15:33:46,328] {scheduler_job.py:190} INFO - Processing /home/airflow/.local/lib/python3.6/site-packages/airflow/example_dags/example_kubernetes_executor_config.py took 2.420 seconds
[2022-04-23 15:34:17,216] {scheduler_job.py:182} INFO - Started process (PID=189) to work on /home/airflow/.local/lib/python3.6/site-packages/airflow/example_dags/example_kubernetes_executor_config.py
[2022-04-23 15:34:17,218] {scheduler_job.py:633} INFO - Processing file /home/airflow/.local/lib/python3.6/site-packages/airflow/example_dags/example_kubernetes_executor_config.py for tasks to queue
[2022-04-23 15:34:17,220] {logging_mixin.py:104} INFO - [2022-04-23 15:34:17,219] {dagbag.py:487} INFO - Filling up the DagBag from /home/airflow/.local/lib/python3.6/site-packages/airflow/example_dags/example_kubernetes_executor_config.py
[2022-04-23 15:34:17,254] {scheduler_job.py:643} INFO - DAG(s) dict_keys(['example_kubernetes_executor_config']) retrieved from /home/airflow/.local/lib/python3.6/site-packages/airflow/example_dags/example_kubernetes_executor_config.py
[2022-04-23 15:34:17,306] {logging_mixin.py:104} INFO - [2022-04-23 15:34:17,306] {dag.py:1832} INFO - Sync 1 DAGs
[2022-04-23 15:34:17,329] {logging_mixin.py:104} INFO - [2022-04-23 15:34:17,329] {dag.py:2305} INFO - Setting next_dagrun for example_kubernetes_executor_config to None
[2022-04-23 15:34:17,346] {scheduler_job.py:190} INFO - Processing /home/airflow/.local/lib/python3.6/site-packages/airflow/example_dags/example_kubernetes_executor_config.py took 0.139 seconds
[2022-04-23 15:34:47,607] {scheduler_job.py:182} INFO - Started process (PID=270) to work on /home/airflow/.local/lib/python3.6/site-packages/airflow/example_dags/example_kubernetes_executor_config.py
[2022-04-23 15:34:47,609] {scheduler_job.py:633} INFO - Processing file /home/airflow/.local/lib/python3.6/site-packages/airflow/example_dags/example_kubernetes_executor_config.py for tasks to queue
[2022-04-23 15:34:47,610] {logging_mixin.py:104} INFO - [2022-04-23 15:34:47,610] {dagbag.py:487} INFO - Filling up the DagBag from /home/airflow/.local/lib/python3.6/site-packages/airflow/example_dags/example_kubernetes_executor_config.py
[2022-04-23 15:34:47,631] {scheduler_job.py:643} INFO - DAG(s) dict_keys(['example_kubernetes_executor_config']) retrieved from /home/airflow/.local/lib/python3.6/site-packages/airflow/example_dags/example_kubernetes_executor_config.py
[2022-04-23 15:34:47,737] {logging_mixin.py:104} INFO - [2022-04-23 15:34:47,737] {dag.py:1832} INFO - Sync 1 DAGs
[2022-04-23 15:34:47,758] {logging_mixin.py:104} INFO - [2022-04-23 15:34:47,758] {dag.py:2305} INFO - Setting next_dagrun for example_kubernetes_executor_config to None
[2022-04-23 15:34:47,777] {scheduler_job.py:190} INFO - Processing /home/airflow/.local/lib/python3.6/site-packages/airflow/example_dags/example_kubernetes_executor_config.py took 0.174 seconds
[2022-04-23 15:35:17,990] {scheduler_job.py:182} INFO - Started process (PID=337) to work on /home/airflow/.local/lib/python3.6/site-packages/airflow/example_dags/example_kubernetes_executor_config.py
[2022-04-23 15:35:17,992] {scheduler_job.py:633} INFO - Processing file /home/airflow/.local/lib/python3.6/site-packages/airflow/example_dags/example_kubernetes_executor_config.py for tasks to queue
[2022-04-23 15:35:17,993] {logging_mixin.py:104} INFO - [2022-04-23 15:35:17,993] {dagbag.py:487} INFO - Filling up the DagBag from /home/airflow/.local/lib/python3.6/site-packages/airflow/example_dags/example_kubernetes_executor_config.py
[2022-04-23 15:35:18,022] {scheduler_job.py:643} INFO - DAG(s) dict_keys(['example_kubernetes_executor_config']) retrieved from /home/airflow/.local/lib/python3.6/site-packages/airflow/example_dags/example_kubernetes_executor_config.py
[2022-04-23 15:35:18,047] {logging_mixin.py:104} INFO - [2022-04-23 15:35:18,047] {dag.py:1832} INFO - Sync 1 DAGs
[2022-04-23 15:35:18,063] {logging_mixin.py:104} INFO - [2022-04-23 15:35:18,063] {dag.py:2305} INFO - Setting next_dagrun for example_kubernetes_executor_config to None
[2022-04-23 15:35:18,074] {scheduler_job.py:190} INFO - Processing /home/airflow/.local/lib/python3.6/site-packages/airflow/example_dags/example_kubernetes_executor_config.py took 0.091 seconds
[2022-04-23 15:35:48,439] {scheduler_job.py:182} INFO - Started process (PID=420) to work on /home/airflow/.local/lib/python3.6/site-packages/airflow/example_dags/example_kubernetes_executor_config.py
[2022-04-23 15:35:48,443] {scheduler_job.py:633} INFO - Processing file /home/airflow/.local/lib/python3.6/site-packages/airflow/example_dags/example_kubernetes_executor_config.py for tasks to queue
[2022-04-23 15:35:48,445] {logging_mixin.py:104} INFO - [2022-04-23 15:35:48,444] {dagbag.py:487} INFO - Filling up the DagBag from /home/airflow/.local/lib/python3.6/site-packages/airflow/example_dags/example_kubernetes_executor_config.py
[2022-04-23 15:35:48,472] {scheduler_job.py:643} INFO - DAG(s) dict_keys(['example_kubernetes_executor_config']) retrieved from /home/airflow/.local/lib/python3.6/site-packages/airflow/example_dags/example_kubernetes_executor_config.py
[2022-04-23 15:35:48,498] {logging_mixin.py:104} INFO - [2022-04-23 15:35:48,498] {dag.py:1832} INFO - Sync 1 DAGs
[2022-04-23 15:35:48,513] {logging_mixin.py:104} INFO - [2022-04-23 15:35:48,513] {dag.py:2305} INFO - Setting next_dagrun for example_kubernetes_executor_config to None
[2022-04-23 15:35:48,524] {scheduler_job.py:190} INFO - Processing /home/airflow/.local/lib/python3.6/site-packages/airflow/example_dags/example_kubernetes_executor_config.py took 0.094 seconds
[2022-04-23 15:36:18,814] {scheduler_job.py:182} INFO - Started process (PID=487) to work on /home/airflow/.local/lib/python3.6/site-packages/airflow/example_dags/example_kubernetes_executor_config.py
[2022-04-23 15:36:18,815] {scheduler_job.py:633} INFO - Processing file /home/airflow/.local/lib/python3.6/site-packages/airflow/example_dags/example_kubernetes_executor_config.py for tasks to queue
[2022-04-23 15:36:18,815] {logging_mixin.py:104} INFO - [2022-04-23 15:36:18,815] {dagbag.py:487} INFO - Filling up the DagBag from /home/airflow/.local/lib/python3.6/site-packages/airflow/example_dags/example_kubernetes_executor_config.py
[2022-04-23 15:36:18,831] {scheduler_job.py:643} INFO - DAG(s) dict_keys(['example_kubernetes_executor_config']) retrieved from /home/airflow/.local/lib/python3.6/site-packages/airflow/example_dags/example_kubernetes_executor_config.py
[2022-04-23 15:36:18,856] {logging_mixin.py:104} INFO - [2022-04-23 15:36:18,856] {dag.py:1832} INFO - Sync 1 DAGs
[2022-04-23 15:36:18,872] {logging_mixin.py:104} INFO - [2022-04-23 15:36:18,872] {dag.py:2305} INFO - Setting next_dagrun for example_kubernetes_executor_config to None
[2022-04-23 15:36:18,886] {scheduler_job.py:190} INFO - Processing /home/airflow/.local/lib/python3.6/site-packages/airflow/example_dags/example_kubernetes_executor_config.py took 0.076 seconds
[2022-04-23 15:36:49,001] {scheduler_job.py:182} INFO - Started process (PID=571) to work on /home/airflow/.local/lib/python3.6/site-packages/airflow/example_dags/example_kubernetes_executor_config.py
[2022-04-23 15:36:49,003] {scheduler_job.py:633} INFO - Processing file /home/airflow/.local/lib/python3.6/site-packages/airflow/example_dags/example_kubernetes_executor_config.py for tasks to queue
[2022-04-23 15:36:49,019] {logging_mixin.py:104} INFO - [2022-04-23 15:36:49,019] {dagbag.py:487} INFO - Filling up the DagBag from /home/airflow/.local/lib/python3.6/site-packages/airflow/example_dags/example_kubernetes_executor_config.py
[2022-04-23 15:36:49,056] {scheduler_job.py:643} INFO - DAG(s) dict_keys(['example_kubernetes_executor_config']) retrieved from /home/airflow/.local/lib/python3.6/site-packages/airflow/example_dags/example_kubernetes_executor_config.py
[2022-04-23 15:36:49,103] {logging_mixin.py:104} INFO - [2022-04-23 15:36:49,103] {dag.py:1832} INFO - Sync 1 DAGs
[2022-04-23 15:36:49,128] {logging_mixin.py:104} INFO - [2022-04-23 15:36:49,128] {dag.py:2305} INFO - Setting next_dagrun for example_kubernetes_executor_config to None
[2022-04-23 15:36:49,145] {scheduler_job.py:190} INFO - Processing /home/airflow/.local/lib/python3.6/site-packages/airflow/example_dags/example_kubernetes_executor_config.py took 0.152 seconds
[2022-04-23 15:37:19,721] {scheduler_job.py:182} INFO - Started process (PID=637) to work on /home/airflow/.local/lib/python3.6/site-packages/airflow/example_dags/example_kubernetes_executor_config.py
[2022-04-23 15:37:19,723] {scheduler_job.py:633} INFO - Processing file /home/airflow/.local/lib/python3.6/site-packages/airflow/example_dags/example_kubernetes_executor_config.py for tasks to queue
[2022-04-23 15:37:19,725] {logging_mixin.py:104} INFO - [2022-04-23 15:37:19,725] {dagbag.py:487} INFO - Filling up the DagBag from /home/airflow/.local/lib/python3.6/site-packages/airflow/example_dags/example_kubernetes_executor_config.py
[2022-04-23 15:37:19,758] {scheduler_job.py:643} INFO - DAG(s) dict_keys(['example_kubernetes_executor_config']) retrieved from /home/airflow/.local/lib/python3.6/site-packages/airflow/example_dags/example_kubernetes_executor_config.py
[2022-04-23 15:37:19,781] {logging_mixin.py:104} INFO - [2022-04-23 15:37:19,781] {dag.py:1832} INFO - Sync 1 DAGs
[2022-04-23 15:37:19,798] {logging_mixin.py:104} INFO - [2022-04-23 15:37:19,797] {dag.py:2305} INFO - Setting next_dagrun for example_kubernetes_executor_config to None
[2022-04-23 15:37:19,813] {scheduler_job.py:190} INFO - Processing /home/airflow/.local/lib/python3.6/site-packages/airflow/example_dags/example_kubernetes_executor_config.py took 0.098 seconds
[2022-04-23 15:37:50,218] {scheduler_job.py:182} INFO - Started process (PID=713) to work on /home/airflow/.local/lib/python3.6/site-packages/airflow/example_dags/example_kubernetes_executor_config.py
[2022-04-23 15:37:50,218] {scheduler_job.py:633} INFO - Processing file /home/airflow/.local/lib/python3.6/site-packages/airflow/example_dags/example_kubernetes_executor_config.py for tasks to queue
[2022-04-23 15:37:50,219] {logging_mixin.py:104} INFO - [2022-04-23 15:37:50,219] {dagbag.py:487} INFO - Filling up the DagBag from /home/airflow/.local/lib/python3.6/site-packages/airflow/example_dags/example_kubernetes_executor_config.py
[2022-04-23 15:37:50,235] {scheduler_job.py:643} INFO - DAG(s) dict_keys(['example_kubernetes_executor_config']) retrieved from /home/airflow/.local/lib/python3.6/site-packages/airflow/example_dags/example_kubernetes_executor_config.py
[2022-04-23 15:37:50,255] {logging_mixin.py:104} INFO - [2022-04-23 15:37:50,255] {dag.py:1832} INFO - Sync 1 DAGs
[2022-04-23 15:37:50,268] {logging_mixin.py:104} INFO - [2022-04-23 15:37:50,268] {dag.py:2305} INFO - Setting next_dagrun for example_kubernetes_executor_config to None
[2022-04-23 15:37:50,278] {scheduler_job.py:190} INFO - Processing /home/airflow/.local/lib/python3.6/site-packages/airflow/example_dags/example_kubernetes_executor_config.py took 0.063 seconds
[2022-04-23 15:38:20,581] {scheduler_job.py:182} INFO - Started process (PID=786) to work on /home/airflow/.local/lib/python3.6/site-packages/airflow/example_dags/example_kubernetes_executor_config.py
[2022-04-23 15:38:20,582] {scheduler_job.py:633} INFO - Processing file /home/airflow/.local/lib/python3.6/site-packages/airflow/example_dags/example_kubernetes_executor_config.py for tasks to queue
[2022-04-23 15:38:20,583] {logging_mixin.py:104} INFO - [2022-04-23 15:38:20,583] {dagbag.py:487} INFO - Filling up the DagBag from /home/airflow/.local/lib/python3.6/site-packages/airflow/example_dags/example_kubernetes_executor_config.py
[2022-04-23 15:38:20,600] {scheduler_job.py:643} INFO - DAG(s) dict_keys(['example_kubernetes_executor_config']) retrieved from /home/airflow/.local/lib/python3.6/site-packages/airflow/example_dags/example_kubernetes_executor_config.py
[2022-04-23 15:38:20,632] {logging_mixin.py:104} INFO - [2022-04-23 15:38:20,632] {dag.py:1832} INFO - Sync 1 DAGs
[2022-04-23 15:38:20,650] {logging_mixin.py:104} INFO - [2022-04-23 15:38:20,650] {dag.py:2305} INFO - Setting next_dagrun for example_kubernetes_executor_config to None
[2022-04-23 15:38:20,667] {scheduler_job.py:190} INFO - Processing /home/airflow/.local/lib/python3.6/site-packages/airflow/example_dags/example_kubernetes_executor_config.py took 0.090 seconds
[2022-04-23 15:38:50,970] {scheduler_job.py:182} INFO - Started process (PID=861) to work on /home/airflow/.local/lib/python3.6/site-packages/airflow/example_dags/example_kubernetes_executor_config.py
[2022-04-23 15:38:50,972] {scheduler_job.py:633} INFO - Processing file /home/airflow/.local/lib/python3.6/site-packages/airflow/example_dags/example_kubernetes_executor_config.py for tasks to queue
[2022-04-23 15:38:50,973] {logging_mixin.py:104} INFO - [2022-04-23 15:38:50,973] {dagbag.py:487} INFO - Filling up the DagBag from /home/airflow/.local/lib/python3.6/site-packages/airflow/example_dags/example_kubernetes_executor_config.py
[2022-04-23 15:38:50,992] {scheduler_job.py:643} INFO - DAG(s) dict_keys(['example_kubernetes_executor_config']) retrieved from /home/airflow/.local/lib/python3.6/site-packages/airflow/example_dags/example_kubernetes_executor_config.py
[2022-04-23 15:38:51,015] {logging_mixin.py:104} INFO - [2022-04-23 15:38:51,015] {dag.py:1832} INFO - Sync 1 DAGs
[2022-04-23 15:38:51,032] {logging_mixin.py:104} INFO - [2022-04-23 15:38:51,031] {dag.py:2305} INFO - Setting next_dagrun for example_kubernetes_executor_config to None
[2022-04-23 15:38:51,043] {scheduler_job.py:190} INFO - Processing /home/airflow/.local/lib/python3.6/site-packages/airflow/example_dags/example_kubernetes_executor_config.py took 0.077 seconds
[2022-04-23 15:39:21,418] {scheduler_job.py:182} INFO - Started process (PID=936) to work on /home/airflow/.local/lib/python3.6/site-packages/airflow/example_dags/example_kubernetes_executor_config.py
[2022-04-23 15:39:21,420] {scheduler_job.py:633} INFO - Processing file /home/airflow/.local/lib/python3.6/site-packages/airflow/example_dags/example_kubernetes_executor_config.py for tasks to queue
[2022-04-23 15:39:21,420] {logging_mixin.py:104} INFO - [2022-04-23 15:39:21,420] {dagbag.py:487} INFO - Filling up the DagBag from /home/airflow/.local/lib/python3.6/site-packages/airflow/example_dags/example_kubernetes_executor_config.py
[2022-04-23 15:39:21,441] {scheduler_job.py:643} INFO - DAG(s) dict_keys(['example_kubernetes_executor_config']) retrieved from /home/airflow/.local/lib/python3.6/site-packages/airflow/example_dags/example_kubernetes_executor_config.py
[2022-04-23 15:39:21,471] {logging_mixin.py:104} INFO - [2022-04-23 15:39:21,471] {dag.py:1832} INFO - Sync 1 DAGs
[2022-04-23 15:39:21,486] {logging_mixin.py:104} INFO - [2022-04-23 15:39:21,486] {dag.py:2305} INFO - Setting next_dagrun for example_kubernetes_executor_config to None
[2022-04-23 15:39:21,496] {scheduler_job.py:190} INFO - Processing /home/airflow/.local/lib/python3.6/site-packages/airflow/example_dags/example_kubernetes_executor_config.py took 0.085 seconds
[2022-04-23 15:39:51,708] {scheduler_job.py:182} INFO - Started process (PID=1003) to work on /home/airflow/.local/lib/python3.6/site-packages/airflow/example_dags/example_kubernetes_executor_config.py
[2022-04-23 15:39:51,711] {scheduler_job.py:633} INFO - Processing file /home/airflow/.local/lib/python3.6/site-packages/airflow/example_dags/example_kubernetes_executor_config.py for tasks to queue
[2022-04-23 15:39:51,712] {logging_mixin.py:104} INFO - [2022-04-23 15:39:51,712] {dagbag.py:487} INFO - Filling up the DagBag from /home/airflow/.local/lib/python3.6/site-packages/airflow/example_dags/example_kubernetes_executor_config.py
[2022-04-23 15:39:51,731] {scheduler_job.py:643} INFO - DAG(s) dict_keys(['example_kubernetes_executor_config']) retrieved from /home/airflow/.local/lib/python3.6/site-packages/airflow/example_dags/example_kubernetes_executor_config.py
[2022-04-23 15:39:51,754] {logging_mixin.py:104} INFO - [2022-04-23 15:39:51,754] {dag.py:1832} INFO - Sync 1 DAGs
[2022-04-23 15:39:51,769] {logging_mixin.py:104} INFO - [2022-04-23 15:39:51,769] {dag.py:2305} INFO - Setting next_dagrun for example_kubernetes_executor_config to None
[2022-04-23 15:39:51,784] {scheduler_job.py:190} INFO - Processing /home/airflow/.local/lib/python3.6/site-packages/airflow/example_dags/example_kubernetes_executor_config.py took 0.084 seconds
