[2022-04-23 15:34:06,117] {scheduler_job.py:182} INFO - Started process (PID=166) to work on /home/airflow/.local/lib/python3.6/site-packages/airflow/example_dags/example_external_task_marker_dag.py
[2022-04-23 15:34:06,118] {scheduler_job.py:633} INFO - Processing file /home/airflow/.local/lib/python3.6/site-packages/airflow/example_dags/example_external_task_marker_dag.py for tasks to queue
[2022-04-23 15:34:06,118] {logging_mixin.py:104} INFO - [2022-04-23 15:34:06,118] {dagbag.py:487} INFO - Filling up the DagBag from /home/airflow/.local/lib/python3.6/site-packages/airflow/example_dags/example_external_task_marker_dag.py
[2022-04-23 15:34:06,132] {scheduler_job.py:643} INFO - DAG(s) dict_keys(['example_external_task_marker_parent', 'example_external_task_marker_child']) retrieved from /home/airflow/.local/lib/python3.6/site-packages/airflow/example_dags/example_external_task_marker_dag.py
[2022-04-23 15:34:08,448] {logging_mixin.py:104} INFO - [2022-04-23 15:34:08,447] {dag.py:1832} INFO - Sync 2 DAGs
[2022-04-23 15:34:08,461] {logging_mixin.py:104} INFO - [2022-04-23 15:34:08,460] {dag.py:1851} INFO - Creating ORM DAG for example_external_task_marker_parent
[2022-04-23 15:34:08,461] {logging_mixin.py:104} INFO - [2022-04-23 15:34:08,461] {dag.py:1851} INFO - Creating ORM DAG for example_external_task_marker_child
[2022-04-23 15:34:08,467] {logging_mixin.py:104} INFO - [2022-04-23 15:34:08,467] {dag.py:2305} INFO - Setting next_dagrun for example_external_task_marker_child to None
[2022-04-23 15:34:08,468] {logging_mixin.py:104} INFO - [2022-04-23 15:34:08,468] {dag.py:2305} INFO - Setting next_dagrun for example_external_task_marker_parent to None
[2022-04-23 15:34:08,481] {scheduler_job.py:190} INFO - Processing /home/airflow/.local/lib/python3.6/site-packages/airflow/example_dags/example_external_task_marker_dag.py took 2.368 seconds
[2022-04-23 15:34:38,645] {scheduler_job.py:182} INFO - Started process (PID=241) to work on /home/airflow/.local/lib/python3.6/site-packages/airflow/example_dags/example_external_task_marker_dag.py
[2022-04-23 15:34:38,647] {scheduler_job.py:633} INFO - Processing file /home/airflow/.local/lib/python3.6/site-packages/airflow/example_dags/example_external_task_marker_dag.py for tasks to queue
[2022-04-23 15:34:38,648] {logging_mixin.py:104} INFO - [2022-04-23 15:34:38,648] {dagbag.py:487} INFO - Filling up the DagBag from /home/airflow/.local/lib/python3.6/site-packages/airflow/example_dags/example_external_task_marker_dag.py
[2022-04-23 15:34:38,672] {scheduler_job.py:643} INFO - DAG(s) dict_keys(['example_external_task_marker_parent', 'example_external_task_marker_child']) retrieved from /home/airflow/.local/lib/python3.6/site-packages/airflow/example_dags/example_external_task_marker_dag.py
[2022-04-23 15:34:38,739] {logging_mixin.py:104} INFO - [2022-04-23 15:34:38,739] {dag.py:1832} INFO - Sync 2 DAGs
[2022-04-23 15:34:38,773] {logging_mixin.py:104} INFO - [2022-04-23 15:34:38,773] {dag.py:2305} INFO - Setting next_dagrun for example_external_task_marker_child to None
[2022-04-23 15:34:38,774] {logging_mixin.py:104} INFO - [2022-04-23 15:34:38,774] {dag.py:2305} INFO - Setting next_dagrun for example_external_task_marker_parent to None
[2022-04-23 15:34:38,789] {scheduler_job.py:190} INFO - Processing /home/airflow/.local/lib/python3.6/site-packages/airflow/example_dags/example_external_task_marker_dag.py took 0.152 seconds
[2022-04-23 15:35:09,248] {scheduler_job.py:182} INFO - Started process (PID=329) to work on /home/airflow/.local/lib/python3.6/site-packages/airflow/example_dags/example_external_task_marker_dag.py
[2022-04-23 15:35:09,250] {scheduler_job.py:633} INFO - Processing file /home/airflow/.local/lib/python3.6/site-packages/airflow/example_dags/example_external_task_marker_dag.py for tasks to queue
[2022-04-23 15:35:09,250] {logging_mixin.py:104} INFO - [2022-04-23 15:35:09,250] {dagbag.py:487} INFO - Filling up the DagBag from /home/airflow/.local/lib/python3.6/site-packages/airflow/example_dags/example_external_task_marker_dag.py
[2022-04-23 15:35:09,277] {scheduler_job.py:643} INFO - DAG(s) dict_keys(['example_external_task_marker_parent', 'example_external_task_marker_child']) retrieved from /home/airflow/.local/lib/python3.6/site-packages/airflow/example_dags/example_external_task_marker_dag.py
[2022-04-23 15:35:09,331] {logging_mixin.py:104} INFO - [2022-04-23 15:35:09,331] {dag.py:1832} INFO - Sync 2 DAGs
[2022-04-23 15:35:09,365] {logging_mixin.py:104} INFO - [2022-04-23 15:35:09,365] {dag.py:2305} INFO - Setting next_dagrun for example_external_task_marker_child to None
[2022-04-23 15:35:09,366] {logging_mixin.py:104} INFO - [2022-04-23 15:35:09,366] {dag.py:2305} INFO - Setting next_dagrun for example_external_task_marker_parent to None
[2022-04-23 15:35:09,380] {scheduler_job.py:190} INFO - Processing /home/airflow/.local/lib/python3.6/site-packages/airflow/example_dags/example_external_task_marker_dag.py took 0.138 seconds
[2022-04-23 15:35:39,502] {scheduler_job.py:182} INFO - Started process (PID=395) to work on /home/airflow/.local/lib/python3.6/site-packages/airflow/example_dags/example_external_task_marker_dag.py
[2022-04-23 15:35:39,505] {scheduler_job.py:633} INFO - Processing file /home/airflow/.local/lib/python3.6/site-packages/airflow/example_dags/example_external_task_marker_dag.py for tasks to queue
[2022-04-23 15:35:39,506] {logging_mixin.py:104} INFO - [2022-04-23 15:35:39,506] {dagbag.py:487} INFO - Filling up the DagBag from /home/airflow/.local/lib/python3.6/site-packages/airflow/example_dags/example_external_task_marker_dag.py
[2022-04-23 15:35:39,526] {scheduler_job.py:643} INFO - DAG(s) dict_keys(['example_external_task_marker_parent', 'example_external_task_marker_child']) retrieved from /home/airflow/.local/lib/python3.6/site-packages/airflow/example_dags/example_external_task_marker_dag.py
[2022-04-23 15:35:39,805] {logging_mixin.py:104} INFO - [2022-04-23 15:35:39,805] {dag.py:1832} INFO - Sync 2 DAGs
[2022-04-23 15:35:39,817] {logging_mixin.py:104} INFO - [2022-04-23 15:35:39,817] {dag.py:2305} INFO - Setting next_dagrun for example_external_task_marker_child to None
[2022-04-23 15:35:39,818] {logging_mixin.py:104} INFO - [2022-04-23 15:35:39,818] {dag.py:2305} INFO - Setting next_dagrun for example_external_task_marker_parent to None
[2022-04-23 15:35:39,829] {scheduler_job.py:190} INFO - Processing /home/airflow/.local/lib/python3.6/site-packages/airflow/example_dags/example_external_task_marker_dag.py took 0.333 seconds
[2022-04-23 15:36:10,778] {scheduler_job.py:182} INFO - Started process (PID=481) to work on /home/airflow/.local/lib/python3.6/site-packages/airflow/example_dags/example_external_task_marker_dag.py
[2022-04-23 15:36:10,779] {scheduler_job.py:633} INFO - Processing file /home/airflow/.local/lib/python3.6/site-packages/airflow/example_dags/example_external_task_marker_dag.py for tasks to queue
[2022-04-23 15:36:10,779] {logging_mixin.py:104} INFO - [2022-04-23 15:36:10,779] {dagbag.py:487} INFO - Filling up the DagBag from /home/airflow/.local/lib/python3.6/site-packages/airflow/example_dags/example_external_task_marker_dag.py
[2022-04-23 15:36:10,792] {scheduler_job.py:643} INFO - DAG(s) dict_keys(['example_external_task_marker_parent', 'example_external_task_marker_child']) retrieved from /home/airflow/.local/lib/python3.6/site-packages/airflow/example_dags/example_external_task_marker_dag.py
[2022-04-23 15:36:11,136] {logging_mixin.py:104} INFO - [2022-04-23 15:36:11,136] {dag.py:1832} INFO - Sync 2 DAGs
[2022-04-23 15:36:11,152] {logging_mixin.py:104} INFO - [2022-04-23 15:36:11,152] {dag.py:2305} INFO - Setting next_dagrun for example_external_task_marker_child to None
[2022-04-23 15:36:11,153] {logging_mixin.py:104} INFO - [2022-04-23 15:36:11,153] {dag.py:2305} INFO - Setting next_dagrun for example_external_task_marker_parent to None
[2022-04-23 15:36:11,166] {scheduler_job.py:190} INFO - Processing /home/airflow/.local/lib/python3.6/site-packages/airflow/example_dags/example_external_task_marker_dag.py took 0.392 seconds
[2022-04-23 15:36:41,216] {scheduler_job.py:182} INFO - Started process (PID=548) to work on /home/airflow/.local/lib/python3.6/site-packages/airflow/example_dags/example_external_task_marker_dag.py
[2022-04-23 15:36:41,218] {scheduler_job.py:633} INFO - Processing file /home/airflow/.local/lib/python3.6/site-packages/airflow/example_dags/example_external_task_marker_dag.py for tasks to queue
[2022-04-23 15:36:41,220] {logging_mixin.py:104} INFO - [2022-04-23 15:36:41,219] {dagbag.py:487} INFO - Filling up the DagBag from /home/airflow/.local/lib/python3.6/site-packages/airflow/example_dags/example_external_task_marker_dag.py
[2022-04-23 15:36:41,247] {scheduler_job.py:643} INFO - DAG(s) dict_keys(['example_external_task_marker_parent', 'example_external_task_marker_child']) retrieved from /home/airflow/.local/lib/python3.6/site-packages/airflow/example_dags/example_external_task_marker_dag.py
[2022-04-23 15:36:41,268] {logging_mixin.py:104} INFO - [2022-04-23 15:36:41,268] {dag.py:1832} INFO - Sync 2 DAGs
[2022-04-23 15:36:41,282] {logging_mixin.py:104} INFO - [2022-04-23 15:36:41,281] {dag.py:2305} INFO - Setting next_dagrun for example_external_task_marker_child to None
[2022-04-23 15:36:41,282] {logging_mixin.py:104} INFO - [2022-04-23 15:36:41,282] {dag.py:2305} INFO - Setting next_dagrun for example_external_task_marker_parent to None
[2022-04-23 15:36:41,295] {scheduler_job.py:190} INFO - Processing /home/airflow/.local/lib/python3.6/site-packages/airflow/example_dags/example_external_task_marker_dag.py took 0.085 seconds
[2022-04-23 15:37:12,184] {scheduler_job.py:182} INFO - Started process (PID=624) to work on /home/airflow/.local/lib/python3.6/site-packages/airflow/example_dags/example_external_task_marker_dag.py
[2022-04-23 15:37:12,185] {scheduler_job.py:633} INFO - Processing file /home/airflow/.local/lib/python3.6/site-packages/airflow/example_dags/example_external_task_marker_dag.py for tasks to queue
[2022-04-23 15:37:12,186] {logging_mixin.py:104} INFO - [2022-04-23 15:37:12,185] {dagbag.py:487} INFO - Filling up the DagBag from /home/airflow/.local/lib/python3.6/site-packages/airflow/example_dags/example_external_task_marker_dag.py
[2022-04-23 15:37:12,202] {scheduler_job.py:643} INFO - DAG(s) dict_keys(['example_external_task_marker_parent', 'example_external_task_marker_child']) retrieved from /home/airflow/.local/lib/python3.6/site-packages/airflow/example_dags/example_external_task_marker_dag.py
[2022-04-23 15:37:12,531] {logging_mixin.py:104} INFO - [2022-04-23 15:37:12,531] {dag.py:1832} INFO - Sync 2 DAGs
[2022-04-23 15:37:12,545] {logging_mixin.py:104} INFO - [2022-04-23 15:37:12,545] {dag.py:2305} INFO - Setting next_dagrun for example_external_task_marker_child to None
[2022-04-23 15:37:12,546] {logging_mixin.py:104} INFO - [2022-04-23 15:37:12,546] {dag.py:2305} INFO - Setting next_dagrun for example_external_task_marker_parent to None
[2022-04-23 15:37:12,557] {scheduler_job.py:190} INFO - Processing /home/airflow/.local/lib/python3.6/site-packages/airflow/example_dags/example_external_task_marker_dag.py took 0.377 seconds
[2022-04-23 15:37:42,736] {scheduler_job.py:182} INFO - Started process (PID=697) to work on /home/airflow/.local/lib/python3.6/site-packages/airflow/example_dags/example_external_task_marker_dag.py
[2022-04-23 15:37:42,739] {scheduler_job.py:633} INFO - Processing file /home/airflow/.local/lib/python3.6/site-packages/airflow/example_dags/example_external_task_marker_dag.py for tasks to queue
[2022-04-23 15:37:42,740] {logging_mixin.py:104} INFO - [2022-04-23 15:37:42,740] {dagbag.py:487} INFO - Filling up the DagBag from /home/airflow/.local/lib/python3.6/site-packages/airflow/example_dags/example_external_task_marker_dag.py
[2022-04-23 15:37:42,769] {scheduler_job.py:643} INFO - DAG(s) dict_keys(['example_external_task_marker_parent', 'example_external_task_marker_child']) retrieved from /home/airflow/.local/lib/python3.6/site-packages/airflow/example_dags/example_external_task_marker_dag.py
[2022-04-23 15:37:43,025] {logging_mixin.py:104} INFO - [2022-04-23 15:37:43,025] {dag.py:1832} INFO - Sync 2 DAGs
[2022-04-23 15:37:43,038] {logging_mixin.py:104} INFO - [2022-04-23 15:37:43,037] {dag.py:2305} INFO - Setting next_dagrun for example_external_task_marker_child to None
[2022-04-23 15:37:43,038] {logging_mixin.py:104} INFO - [2022-04-23 15:37:43,038] {dag.py:2305} INFO - Setting next_dagrun for example_external_task_marker_parent to None
[2022-04-23 15:37:43,050] {scheduler_job.py:190} INFO - Processing /home/airflow/.local/lib/python3.6/site-packages/airflow/example_dags/example_external_task_marker_dag.py took 0.322 seconds
[2022-04-23 15:38:13,216] {scheduler_job.py:182} INFO - Started process (PID=763) to work on /home/airflow/.local/lib/python3.6/site-packages/airflow/example_dags/example_external_task_marker_dag.py
[2022-04-23 15:38:13,218] {scheduler_job.py:633} INFO - Processing file /home/airflow/.local/lib/python3.6/site-packages/airflow/example_dags/example_external_task_marker_dag.py for tasks to queue
[2022-04-23 15:38:13,219] {logging_mixin.py:104} INFO - [2022-04-23 15:38:13,219] {dagbag.py:487} INFO - Filling up the DagBag from /home/airflow/.local/lib/python3.6/site-packages/airflow/example_dags/example_external_task_marker_dag.py
[2022-04-23 15:38:13,248] {scheduler_job.py:643} INFO - DAG(s) dict_keys(['example_external_task_marker_parent', 'example_external_task_marker_child']) retrieved from /home/airflow/.local/lib/python3.6/site-packages/airflow/example_dags/example_external_task_marker_dag.py
[2022-04-23 15:38:13,362] {logging_mixin.py:104} INFO - [2022-04-23 15:38:13,362] {dag.py:1832} INFO - Sync 2 DAGs
[2022-04-23 15:38:13,404] {logging_mixin.py:104} INFO - [2022-04-23 15:38:13,404] {dag.py:2305} INFO - Setting next_dagrun for example_external_task_marker_child to None
[2022-04-23 15:38:13,407] {logging_mixin.py:104} INFO - [2022-04-23 15:38:13,406] {dag.py:2305} INFO - Setting next_dagrun for example_external_task_marker_parent to None
[2022-04-23 15:38:13,427] {scheduler_job.py:190} INFO - Processing /home/airflow/.local/lib/python3.6/site-packages/airflow/example_dags/example_external_task_marker_dag.py took 0.220 seconds
[2022-04-23 15:38:43,727] {scheduler_job.py:182} INFO - Started process (PID=846) to work on /home/airflow/.local/lib/python3.6/site-packages/airflow/example_dags/example_external_task_marker_dag.py
[2022-04-23 15:38:43,729] {scheduler_job.py:633} INFO - Processing file /home/airflow/.local/lib/python3.6/site-packages/airflow/example_dags/example_external_task_marker_dag.py for tasks to queue
[2022-04-23 15:38:43,730] {logging_mixin.py:104} INFO - [2022-04-23 15:38:43,730] {dagbag.py:487} INFO - Filling up the DagBag from /home/airflow/.local/lib/python3.6/site-packages/airflow/example_dags/example_external_task_marker_dag.py
[2022-04-23 15:38:43,748] {scheduler_job.py:643} INFO - DAG(s) dict_keys(['example_external_task_marker_parent', 'example_external_task_marker_child']) retrieved from /home/airflow/.local/lib/python3.6/site-packages/airflow/example_dags/example_external_task_marker_dag.py
[2022-04-23 15:38:43,777] {logging_mixin.py:104} INFO - [2022-04-23 15:38:43,777] {dag.py:1832} INFO - Sync 2 DAGs
[2022-04-23 15:38:43,795] {logging_mixin.py:104} INFO - [2022-04-23 15:38:43,795] {dag.py:2305} INFO - Setting next_dagrun for example_external_task_marker_child to None
[2022-04-23 15:38:43,796] {logging_mixin.py:104} INFO - [2022-04-23 15:38:43,796] {dag.py:2305} INFO - Setting next_dagrun for example_external_task_marker_parent to None
[2022-04-23 15:38:43,809] {scheduler_job.py:190} INFO - Processing /home/airflow/.local/lib/python3.6/site-packages/airflow/example_dags/example_external_task_marker_dag.py took 0.091 seconds
[2022-04-23 15:39:14,121] {scheduler_job.py:182} INFO - Started process (PID=912) to work on /home/airflow/.local/lib/python3.6/site-packages/airflow/example_dags/example_external_task_marker_dag.py
[2022-04-23 15:39:14,123] {scheduler_job.py:633} INFO - Processing file /home/airflow/.local/lib/python3.6/site-packages/airflow/example_dags/example_external_task_marker_dag.py for tasks to queue
[2022-04-23 15:39:14,125] {logging_mixin.py:104} INFO - [2022-04-23 15:39:14,125] {dagbag.py:487} INFO - Filling up the DagBag from /home/airflow/.local/lib/python3.6/site-packages/airflow/example_dags/example_external_task_marker_dag.py
[2022-04-23 15:39:14,150] {scheduler_job.py:643} INFO - DAG(s) dict_keys(['example_external_task_marker_parent', 'example_external_task_marker_child']) retrieved from /home/airflow/.local/lib/python3.6/site-packages/airflow/example_dags/example_external_task_marker_dag.py
[2022-04-23 15:39:14,197] {logging_mixin.py:104} INFO - [2022-04-23 15:39:14,197] {dag.py:1832} INFO - Sync 2 DAGs
[2022-04-23 15:39:14,213] {logging_mixin.py:104} INFO - [2022-04-23 15:39:14,213] {dag.py:2305} INFO - Setting next_dagrun for example_external_task_marker_child to None
[2022-04-23 15:39:14,214] {logging_mixin.py:104} INFO - [2022-04-23 15:39:14,214] {dag.py:2305} INFO - Setting next_dagrun for example_external_task_marker_parent to None
[2022-04-23 15:39:14,225] {scheduler_job.py:190} INFO - Processing /home/airflow/.local/lib/python3.6/site-packages/airflow/example_dags/example_external_task_marker_dag.py took 0.112 seconds
[2022-04-23 15:39:44,457] {scheduler_job.py:182} INFO - Started process (PID=997) to work on /home/airflow/.local/lib/python3.6/site-packages/airflow/example_dags/example_external_task_marker_dag.py
[2022-04-23 15:39:44,459] {scheduler_job.py:633} INFO - Processing file /home/airflow/.local/lib/python3.6/site-packages/airflow/example_dags/example_external_task_marker_dag.py for tasks to queue
[2022-04-23 15:39:44,460] {logging_mixin.py:104} INFO - [2022-04-23 15:39:44,460] {dagbag.py:487} INFO - Filling up the DagBag from /home/airflow/.local/lib/python3.6/site-packages/airflow/example_dags/example_external_task_marker_dag.py
[2022-04-23 15:39:44,481] {scheduler_job.py:643} INFO - DAG(s) dict_keys(['example_external_task_marker_parent', 'example_external_task_marker_child']) retrieved from /home/airflow/.local/lib/python3.6/site-packages/airflow/example_dags/example_external_task_marker_dag.py
[2022-04-23 15:39:44,509] {logging_mixin.py:104} INFO - [2022-04-23 15:39:44,509] {dag.py:1832} INFO - Sync 2 DAGs
[2022-04-23 15:39:44,526] {logging_mixin.py:104} INFO - [2022-04-23 15:39:44,525] {dag.py:2305} INFO - Setting next_dagrun for example_external_task_marker_child to None
[2022-04-23 15:39:44,527] {logging_mixin.py:104} INFO - [2022-04-23 15:39:44,527] {dag.py:2305} INFO - Setting next_dagrun for example_external_task_marker_parent to None
[2022-04-23 15:39:44,539] {scheduler_job.py:190} INFO - Processing /home/airflow/.local/lib/python3.6/site-packages/airflow/example_dags/example_external_task_marker_dag.py took 0.089 seconds
