[2022-04-23 15:33:40,417] {scheduler_job.py:182} INFO - Started process (PID=89) to work on /home/airflow/.local/lib/python3.6/site-packages/airflow/example_dags/example_complex.py
[2022-04-23 15:33:40,419] {scheduler_job.py:633} INFO - Processing file /home/airflow/.local/lib/python3.6/site-packages/airflow/example_dags/example_complex.py for tasks to queue
[2022-04-23 15:33:40,419] {logging_mixin.py:104} INFO - [2022-04-23 15:33:40,419] {dagbag.py:487} INFO - Filling up the DagBag from /home/airflow/.local/lib/python3.6/site-packages/airflow/example_dags/example_complex.py
[2022-04-23 15:33:40,461] {scheduler_job.py:643} INFO - DAG(s) dict_keys(['example_complex']) retrieved from /home/airflow/.local/lib/python3.6/site-packages/airflow/example_dags/example_complex.py
[2022-04-23 15:33:44,248] {logging_mixin.py:104} INFO - [2022-04-23 15:33:44,243] {dag.py:1832} INFO - Sync 1 DAGs
[2022-04-23 15:33:44,262] {logging_mixin.py:104} INFO - [2022-04-23 15:33:44,261] {dag.py:1851} INFO - Creating ORM DAG for example_complex
[2022-04-23 15:33:44,269] {logging_mixin.py:104} INFO - [2022-04-23 15:33:44,269] {dag.py:2305} INFO - Setting next_dagrun for example_complex to None
[2022-04-23 15:33:44,289] {scheduler_job.py:190} INFO - Processing /home/airflow/.local/lib/python3.6/site-packages/airflow/example_dags/example_complex.py took 3.877 seconds
[2022-04-23 15:34:15,136] {scheduler_job.py:182} INFO - Started process (PID=186) to work on /home/airflow/.local/lib/python3.6/site-packages/airflow/example_dags/example_complex.py
[2022-04-23 15:34:15,138] {scheduler_job.py:633} INFO - Processing file /home/airflow/.local/lib/python3.6/site-packages/airflow/example_dags/example_complex.py for tasks to queue
[2022-04-23 15:34:15,139] {logging_mixin.py:104} INFO - [2022-04-23 15:34:15,139] {dagbag.py:487} INFO - Filling up the DagBag from /home/airflow/.local/lib/python3.6/site-packages/airflow/example_dags/example_complex.py
[2022-04-23 15:34:15,171] {scheduler_job.py:643} INFO - DAG(s) dict_keys(['example_complex']) retrieved from /home/airflow/.local/lib/python3.6/site-packages/airflow/example_dags/example_complex.py
[2022-04-23 15:34:15,205] {logging_mixin.py:104} INFO - [2022-04-23 15:34:15,205] {dag.py:1832} INFO - Sync 1 DAGs
[2022-04-23 15:34:15,219] {logging_mixin.py:104} INFO - [2022-04-23 15:34:15,219] {dag.py:2305} INFO - Setting next_dagrun for example_complex to None
[2022-04-23 15:34:15,231] {scheduler_job.py:190} INFO - Processing /home/airflow/.local/lib/python3.6/site-packages/airflow/example_dags/example_complex.py took 0.102 seconds
[2022-04-23 15:34:45,603] {scheduler_job.py:182} INFO - Started process (PID=269) to work on /home/airflow/.local/lib/python3.6/site-packages/airflow/example_dags/example_complex.py
[2022-04-23 15:34:45,605] {scheduler_job.py:633} INFO - Processing file /home/airflow/.local/lib/python3.6/site-packages/airflow/example_dags/example_complex.py for tasks to queue
[2022-04-23 15:34:45,606] {logging_mixin.py:104} INFO - [2022-04-23 15:34:45,606] {dagbag.py:487} INFO - Filling up the DagBag from /home/airflow/.local/lib/python3.6/site-packages/airflow/example_dags/example_complex.py
[2022-04-23 15:34:45,640] {scheduler_job.py:643} INFO - DAG(s) dict_keys(['example_complex']) retrieved from /home/airflow/.local/lib/python3.6/site-packages/airflow/example_dags/example_complex.py
[2022-04-23 15:34:45,672] {logging_mixin.py:104} INFO - [2022-04-23 15:34:45,671] {dag.py:1832} INFO - Sync 1 DAGs
[2022-04-23 15:34:45,692] {logging_mixin.py:104} INFO - [2022-04-23 15:34:45,692] {dag.py:2305} INFO - Setting next_dagrun for example_complex to None
[2022-04-23 15:34:45,709] {scheduler_job.py:190} INFO - Processing /home/airflow/.local/lib/python3.6/site-packages/airflow/example_dags/example_complex.py took 0.112 seconds
[2022-04-23 15:35:15,882] {scheduler_job.py:182} INFO - Started process (PID=336) to work on /home/airflow/.local/lib/python3.6/site-packages/airflow/example_dags/example_complex.py
[2022-04-23 15:35:15,883] {scheduler_job.py:633} INFO - Processing file /home/airflow/.local/lib/python3.6/site-packages/airflow/example_dags/example_complex.py for tasks to queue
[2022-04-23 15:35:15,883] {logging_mixin.py:104} INFO - [2022-04-23 15:35:15,883] {dagbag.py:487} INFO - Filling up the DagBag from /home/airflow/.local/lib/python3.6/site-packages/airflow/example_dags/example_complex.py
[2022-04-23 15:35:15,912] {scheduler_job.py:643} INFO - DAG(s) dict_keys(['example_complex']) retrieved from /home/airflow/.local/lib/python3.6/site-packages/airflow/example_dags/example_complex.py
[2022-04-23 15:35:15,939] {logging_mixin.py:104} INFO - [2022-04-23 15:35:15,938] {dag.py:1832} INFO - Sync 1 DAGs
[2022-04-23 15:35:15,953] {logging_mixin.py:104} INFO - [2022-04-23 15:35:15,953] {dag.py:2305} INFO - Setting next_dagrun for example_complex to None
[2022-04-23 15:35:15,965] {scheduler_job.py:190} INFO - Processing /home/airflow/.local/lib/python3.6/site-packages/airflow/example_dags/example_complex.py took 0.087 seconds
[2022-04-23 15:35:46,334] {scheduler_job.py:182} INFO - Started process (PID=419) to work on /home/airflow/.local/lib/python3.6/site-packages/airflow/example_dags/example_complex.py
[2022-04-23 15:35:46,335] {scheduler_job.py:633} INFO - Processing file /home/airflow/.local/lib/python3.6/site-packages/airflow/example_dags/example_complex.py for tasks to queue
[2022-04-23 15:35:46,336] {logging_mixin.py:104} INFO - [2022-04-23 15:35:46,336] {dagbag.py:487} INFO - Filling up the DagBag from /home/airflow/.local/lib/python3.6/site-packages/airflow/example_dags/example_complex.py
[2022-04-23 15:35:46,362] {scheduler_job.py:643} INFO - DAG(s) dict_keys(['example_complex']) retrieved from /home/airflow/.local/lib/python3.6/site-packages/airflow/example_dags/example_complex.py
[2022-04-23 15:35:46,394] {logging_mixin.py:104} INFO - [2022-04-23 15:35:46,394] {dag.py:1832} INFO - Sync 1 DAGs
[2022-04-23 15:35:46,412] {logging_mixin.py:104} INFO - [2022-04-23 15:35:46,412] {dag.py:2305} INFO - Setting next_dagrun for example_complex to None
[2022-04-23 15:35:46,423] {scheduler_job.py:190} INFO - Processing /home/airflow/.local/lib/python3.6/site-packages/airflow/example_dags/example_complex.py took 0.092 seconds
[2022-04-23 15:36:16,690] {scheduler_job.py:182} INFO - Started process (PID=486) to work on /home/airflow/.local/lib/python3.6/site-packages/airflow/example_dags/example_complex.py
[2022-04-23 15:36:16,692] {scheduler_job.py:633} INFO - Processing file /home/airflow/.local/lib/python3.6/site-packages/airflow/example_dags/example_complex.py for tasks to queue
[2022-04-23 15:36:16,692] {logging_mixin.py:104} INFO - [2022-04-23 15:36:16,692] {dagbag.py:487} INFO - Filling up the DagBag from /home/airflow/.local/lib/python3.6/site-packages/airflow/example_dags/example_complex.py
[2022-04-23 15:36:16,734] {scheduler_job.py:643} INFO - DAG(s) dict_keys(['example_complex']) retrieved from /home/airflow/.local/lib/python3.6/site-packages/airflow/example_dags/example_complex.py
[2022-04-23 15:36:16,784] {logging_mixin.py:104} INFO - [2022-04-23 15:36:16,784] {dag.py:1832} INFO - Sync 1 DAGs
[2022-04-23 15:36:16,817] {logging_mixin.py:104} INFO - [2022-04-23 15:36:16,817] {dag.py:2305} INFO - Setting next_dagrun for example_complex to None
[2022-04-23 15:36:16,842] {scheduler_job.py:190} INFO - Processing /home/airflow/.local/lib/python3.6/site-packages/airflow/example_dags/example_complex.py took 0.157 seconds
[2022-04-23 15:36:46,885] {scheduler_job.py:182} INFO - Started process (PID=563) to work on /home/airflow/.local/lib/python3.6/site-packages/airflow/example_dags/example_complex.py
[2022-04-23 15:36:46,886] {scheduler_job.py:633} INFO - Processing file /home/airflow/.local/lib/python3.6/site-packages/airflow/example_dags/example_complex.py for tasks to queue
[2022-04-23 15:36:46,888] {logging_mixin.py:104} INFO - [2022-04-23 15:36:46,887] {dagbag.py:487} INFO - Filling up the DagBag from /home/airflow/.local/lib/python3.6/site-packages/airflow/example_dags/example_complex.py
[2022-04-23 15:36:46,917] {scheduler_job.py:643} INFO - DAG(s) dict_keys(['example_complex']) retrieved from /home/airflow/.local/lib/python3.6/site-packages/airflow/example_dags/example_complex.py
[2022-04-23 15:36:46,948] {logging_mixin.py:104} INFO - [2022-04-23 15:36:46,948] {dag.py:1832} INFO - Sync 1 DAGs
[2022-04-23 15:36:46,963] {logging_mixin.py:104} INFO - [2022-04-23 15:36:46,962] {dag.py:2305} INFO - Setting next_dagrun for example_complex to None
[2022-04-23 15:36:46,971] {scheduler_job.py:190} INFO - Processing /home/airflow/.local/lib/python3.6/site-packages/airflow/example_dags/example_complex.py took 0.089 seconds
[2022-04-23 15:37:17,706] {scheduler_job.py:182} INFO - Started process (PID=636) to work on /home/airflow/.local/lib/python3.6/site-packages/airflow/example_dags/example_complex.py
[2022-04-23 15:37:17,708] {scheduler_job.py:633} INFO - Processing file /home/airflow/.local/lib/python3.6/site-packages/airflow/example_dags/example_complex.py for tasks to queue
[2022-04-23 15:37:17,709] {logging_mixin.py:104} INFO - [2022-04-23 15:37:17,709] {dagbag.py:487} INFO - Filling up the DagBag from /home/airflow/.local/lib/python3.6/site-packages/airflow/example_dags/example_complex.py
[2022-04-23 15:37:17,735] {scheduler_job.py:643} INFO - DAG(s) dict_keys(['example_complex']) retrieved from /home/airflow/.local/lib/python3.6/site-packages/airflow/example_dags/example_complex.py
[2022-04-23 15:37:17,757] {logging_mixin.py:104} INFO - [2022-04-23 15:37:17,757] {dag.py:1832} INFO - Sync 1 DAGs
[2022-04-23 15:37:17,770] {logging_mixin.py:104} INFO - [2022-04-23 15:37:17,770] {dag.py:2305} INFO - Setting next_dagrun for example_complex to None
[2022-04-23 15:37:17,785] {scheduler_job.py:190} INFO - Processing /home/airflow/.local/lib/python3.6/site-packages/airflow/example_dags/example_complex.py took 0.085 seconds
[2022-04-23 15:37:48,215] {scheduler_job.py:182} INFO - Started process (PID=702) to work on /home/airflow/.local/lib/python3.6/site-packages/airflow/example_dags/example_complex.py
[2022-04-23 15:37:48,217] {scheduler_job.py:633} INFO - Processing file /home/airflow/.local/lib/python3.6/site-packages/airflow/example_dags/example_complex.py for tasks to queue
[2022-04-23 15:37:48,218] {logging_mixin.py:104} INFO - [2022-04-23 15:37:48,218] {dagbag.py:487} INFO - Filling up the DagBag from /home/airflow/.local/lib/python3.6/site-packages/airflow/example_dags/example_complex.py
[2022-04-23 15:37:48,254] {scheduler_job.py:643} INFO - DAG(s) dict_keys(['example_complex']) retrieved from /home/airflow/.local/lib/python3.6/site-packages/airflow/example_dags/example_complex.py
[2022-04-23 15:37:48,287] {logging_mixin.py:104} INFO - [2022-04-23 15:37:48,287] {dag.py:1832} INFO - Sync 1 DAGs
[2022-04-23 15:37:48,311] {logging_mixin.py:104} INFO - [2022-04-23 15:37:48,311] {dag.py:2305} INFO - Setting next_dagrun for example_complex to None
[2022-04-23 15:37:48,330] {scheduler_job.py:190} INFO - Processing /home/airflow/.local/lib/python3.6/site-packages/airflow/example_dags/example_complex.py took 0.121 seconds
[2022-04-23 15:38:18,559] {scheduler_job.py:182} INFO - Started process (PID=785) to work on /home/airflow/.local/lib/python3.6/site-packages/airflow/example_dags/example_complex.py
[2022-04-23 15:38:18,561] {scheduler_job.py:633} INFO - Processing file /home/airflow/.local/lib/python3.6/site-packages/airflow/example_dags/example_complex.py for tasks to queue
[2022-04-23 15:38:18,562] {logging_mixin.py:104} INFO - [2022-04-23 15:38:18,561] {dagbag.py:487} INFO - Filling up the DagBag from /home/airflow/.local/lib/python3.6/site-packages/airflow/example_dags/example_complex.py
[2022-04-23 15:38:18,599] {scheduler_job.py:643} INFO - DAG(s) dict_keys(['example_complex']) retrieved from /home/airflow/.local/lib/python3.6/site-packages/airflow/example_dags/example_complex.py
[2022-04-23 15:38:18,628] {logging_mixin.py:104} INFO - [2022-04-23 15:38:18,628] {dag.py:1832} INFO - Sync 1 DAGs
[2022-04-23 15:38:18,644] {logging_mixin.py:104} INFO - [2022-04-23 15:38:18,644] {dag.py:2305} INFO - Setting next_dagrun for example_complex to None
[2022-04-23 15:38:18,655] {scheduler_job.py:190} INFO - Processing /home/airflow/.local/lib/python3.6/site-packages/airflow/example_dags/example_complex.py took 0.102 seconds
[2022-04-23 15:38:48,950] {scheduler_job.py:182} INFO - Started process (PID=851) to work on /home/airflow/.local/lib/python3.6/site-packages/airflow/example_dags/example_complex.py
[2022-04-23 15:38:48,952] {scheduler_job.py:633} INFO - Processing file /home/airflow/.local/lib/python3.6/site-packages/airflow/example_dags/example_complex.py for tasks to queue
[2022-04-23 15:38:48,953] {logging_mixin.py:104} INFO - [2022-04-23 15:38:48,953] {dagbag.py:487} INFO - Filling up the DagBag from /home/airflow/.local/lib/python3.6/site-packages/airflow/example_dags/example_complex.py
[2022-04-23 15:38:48,990] {scheduler_job.py:643} INFO - DAG(s) dict_keys(['example_complex']) retrieved from /home/airflow/.local/lib/python3.6/site-packages/airflow/example_dags/example_complex.py
[2022-04-23 15:38:49,053] {logging_mixin.py:104} INFO - [2022-04-23 15:38:49,053] {dag.py:1832} INFO - Sync 1 DAGs
[2022-04-23 15:38:49,095] {logging_mixin.py:104} INFO - [2022-04-23 15:38:49,095] {dag.py:2305} INFO - Setting next_dagrun for example_complex to None
[2022-04-23 15:38:49,122] {scheduler_job.py:190} INFO - Processing /home/airflow/.local/lib/python3.6/site-packages/airflow/example_dags/example_complex.py took 0.179 seconds
[2022-04-23 15:39:19,334] {scheduler_job.py:182} INFO - Started process (PID=935) to work on /home/airflow/.local/lib/python3.6/site-packages/airflow/example_dags/example_complex.py
[2022-04-23 15:39:19,335] {scheduler_job.py:633} INFO - Processing file /home/airflow/.local/lib/python3.6/site-packages/airflow/example_dags/example_complex.py for tasks to queue
[2022-04-23 15:39:19,335] {logging_mixin.py:104} INFO - [2022-04-23 15:39:19,335] {dagbag.py:487} INFO - Filling up the DagBag from /home/airflow/.local/lib/python3.6/site-packages/airflow/example_dags/example_complex.py
[2022-04-23 15:39:19,360] {scheduler_job.py:643} INFO - DAG(s) dict_keys(['example_complex']) retrieved from /home/airflow/.local/lib/python3.6/site-packages/airflow/example_dags/example_complex.py
[2022-04-23 15:39:19,389] {logging_mixin.py:104} INFO - [2022-04-23 15:39:19,389] {dag.py:1832} INFO - Sync 1 DAGs
[2022-04-23 15:39:19,407] {logging_mixin.py:104} INFO - [2022-04-23 15:39:19,407] {dag.py:2305} INFO - Setting next_dagrun for example_complex to None
[2022-04-23 15:39:19,420] {scheduler_job.py:190} INFO - Processing /home/airflow/.local/lib/python3.6/site-packages/airflow/example_dags/example_complex.py took 0.090 seconds
[2022-04-23 15:39:49,696] {scheduler_job.py:182} INFO - Started process (PID=1002) to work on /home/airflow/.local/lib/python3.6/site-packages/airflow/example_dags/example_complex.py
[2022-04-23 15:39:49,698] {scheduler_job.py:633} INFO - Processing file /home/airflow/.local/lib/python3.6/site-packages/airflow/example_dags/example_complex.py for tasks to queue
[2022-04-23 15:39:49,699] {logging_mixin.py:104} INFO - [2022-04-23 15:39:49,699] {dagbag.py:487} INFO - Filling up the DagBag from /home/airflow/.local/lib/python3.6/site-packages/airflow/example_dags/example_complex.py
[2022-04-23 15:39:49,734] {scheduler_job.py:643} INFO - DAG(s) dict_keys(['example_complex']) retrieved from /home/airflow/.local/lib/python3.6/site-packages/airflow/example_dags/example_complex.py
[2022-04-23 15:39:49,787] {logging_mixin.py:104} INFO - [2022-04-23 15:39:49,787] {dag.py:1832} INFO - Sync 1 DAGs
[2022-04-23 15:39:49,809] {logging_mixin.py:104} INFO - [2022-04-23 15:39:49,809] {dag.py:2305} INFO - Setting next_dagrun for example_complex to None
[2022-04-23 15:39:49,824] {scheduler_job.py:190} INFO - Processing /home/airflow/.local/lib/python3.6/site-packages/airflow/example_dags/example_complex.py took 0.135 seconds
