[2022-04-23 15:33:46,349] {scheduler_job.py:182} INFO - Started process (PID=103) to work on /home/airflow/.local/lib/python3.6/site-packages/airflow/example_dags/example_skip_dag.py
[2022-04-23 15:33:46,350] {scheduler_job.py:633} INFO - Processing file /home/airflow/.local/lib/python3.6/site-packages/airflow/example_dags/example_skip_dag.py for tasks to queue
[2022-04-23 15:33:46,351] {logging_mixin.py:104} INFO - [2022-04-23 15:33:46,351] {dagbag.py:487} INFO - Filling up the DagBag from /home/airflow/.local/lib/python3.6/site-packages/airflow/example_dags/example_skip_dag.py
[2022-04-23 15:33:46,362] {scheduler_job.py:643} INFO - DAG(s) dict_keys(['example_skip_dag']) retrieved from /home/airflow/.local/lib/python3.6/site-packages/airflow/example_dags/example_skip_dag.py
[2022-04-23 15:33:48,722] {logging_mixin.py:104} INFO - [2022-04-23 15:33:48,721] {dag.py:1832} INFO - Sync 1 DAGs
[2022-04-23 15:33:48,733] {logging_mixin.py:104} INFO - [2022-04-23 15:33:48,732] {dag.py:1851} INFO - Creating ORM DAG for example_skip_dag
[2022-04-23 15:33:48,738] {logging_mixin.py:104} INFO - [2022-04-23 15:33:48,738] {dag.py:2305} INFO - Setting next_dagrun for example_skip_dag to 2022-04-21 00:00:00+00:00
[2022-04-23 15:33:48,750] {scheduler_job.py:190} INFO - Processing /home/airflow/.local/lib/python3.6/site-packages/airflow/example_dags/example_skip_dag.py took 2.404 seconds
[2022-04-23 15:34:19,268] {scheduler_job.py:182} INFO - Started process (PID=206) to work on /home/airflow/.local/lib/python3.6/site-packages/airflow/example_dags/example_skip_dag.py
[2022-04-23 15:34:19,269] {scheduler_job.py:633} INFO - Processing file /home/airflow/.local/lib/python3.6/site-packages/airflow/example_dags/example_skip_dag.py for tasks to queue
[2022-04-23 15:34:19,271] {logging_mixin.py:104} INFO - [2022-04-23 15:34:19,271] {dagbag.py:487} INFO - Filling up the DagBag from /home/airflow/.local/lib/python3.6/site-packages/airflow/example_dags/example_skip_dag.py
[2022-04-23 15:34:19,297] {scheduler_job.py:643} INFO - DAG(s) dict_keys(['example_skip_dag']) retrieved from /home/airflow/.local/lib/python3.6/site-packages/airflow/example_dags/example_skip_dag.py
[2022-04-23 15:34:19,451] {logging_mixin.py:104} INFO - [2022-04-23 15:34:19,451] {dag.py:1832} INFO - Sync 1 DAGs
[2022-04-23 15:34:19,501] {logging_mixin.py:104} INFO - [2022-04-23 15:34:19,501] {dag.py:2305} INFO - Setting next_dagrun for example_skip_dag to 2022-04-21 00:00:00+00:00
[2022-04-23 15:34:19,528] {scheduler_job.py:190} INFO - Processing /home/airflow/.local/lib/python3.6/site-packages/airflow/example_dags/example_skip_dag.py took 0.264 seconds
[2022-04-23 15:34:49,805] {scheduler_job.py:182} INFO - Started process (PID=272) to work on /home/airflow/.local/lib/python3.6/site-packages/airflow/example_dags/example_skip_dag.py
[2022-04-23 15:34:49,806] {scheduler_job.py:633} INFO - Processing file /home/airflow/.local/lib/python3.6/site-packages/airflow/example_dags/example_skip_dag.py for tasks to queue
[2022-04-23 15:34:49,807] {logging_mixin.py:104} INFO - [2022-04-23 15:34:49,807] {dagbag.py:487} INFO - Filling up the DagBag from /home/airflow/.local/lib/python3.6/site-packages/airflow/example_dags/example_skip_dag.py
[2022-04-23 15:34:49,822] {scheduler_job.py:643} INFO - DAG(s) dict_keys(['example_skip_dag']) retrieved from /home/airflow/.local/lib/python3.6/site-packages/airflow/example_dags/example_skip_dag.py
[2022-04-23 15:34:49,850] {logging_mixin.py:104} INFO - [2022-04-23 15:34:49,850] {dag.py:1832} INFO - Sync 1 DAGs
[2022-04-23 15:34:49,871] {logging_mixin.py:104} INFO - [2022-04-23 15:34:49,871] {dag.py:2305} INFO - Setting next_dagrun for example_skip_dag to 2022-04-21 00:00:00+00:00
[2022-04-23 15:34:49,881] {scheduler_job.py:190} INFO - Processing /home/airflow/.local/lib/python3.6/site-packages/airflow/example_dags/example_skip_dag.py took 0.082 seconds
[2022-04-23 15:35:20,015] {scheduler_job.py:182} INFO - Started process (PID=349) to work on /home/airflow/.local/lib/python3.6/site-packages/airflow/example_dags/example_skip_dag.py
[2022-04-23 15:35:20,016] {scheduler_job.py:633} INFO - Processing file /home/airflow/.local/lib/python3.6/site-packages/airflow/example_dags/example_skip_dag.py for tasks to queue
[2022-04-23 15:35:20,018] {logging_mixin.py:104} INFO - [2022-04-23 15:35:20,017] {dagbag.py:487} INFO - Filling up the DagBag from /home/airflow/.local/lib/python3.6/site-packages/airflow/example_dags/example_skip_dag.py
[2022-04-23 15:35:20,037] {scheduler_job.py:643} INFO - DAG(s) dict_keys(['example_skip_dag']) retrieved from /home/airflow/.local/lib/python3.6/site-packages/airflow/example_dags/example_skip_dag.py
[2022-04-23 15:35:20,068] {logging_mixin.py:104} INFO - [2022-04-23 15:35:20,068] {dag.py:1832} INFO - Sync 1 DAGs
[2022-04-23 15:35:20,085] {logging_mixin.py:104} INFO - [2022-04-23 15:35:20,084] {dag.py:2305} INFO - Setting next_dagrun for example_skip_dag to 2022-04-21 00:00:00+00:00
[2022-04-23 15:35:20,101] {scheduler_job.py:190} INFO - Processing /home/airflow/.local/lib/python3.6/site-packages/airflow/example_dags/example_skip_dag.py took 0.093 seconds
[2022-04-23 15:35:50,464] {scheduler_job.py:182} INFO - Started process (PID=422) to work on /home/airflow/.local/lib/python3.6/site-packages/airflow/example_dags/example_skip_dag.py
[2022-04-23 15:35:50,468] {scheduler_job.py:633} INFO - Processing file /home/airflow/.local/lib/python3.6/site-packages/airflow/example_dags/example_skip_dag.py for tasks to queue
[2022-04-23 15:35:50,470] {logging_mixin.py:104} INFO - [2022-04-23 15:35:50,469] {dagbag.py:487} INFO - Filling up the DagBag from /home/airflow/.local/lib/python3.6/site-packages/airflow/example_dags/example_skip_dag.py
[2022-04-23 15:35:50,501] {scheduler_job.py:643} INFO - DAG(s) dict_keys(['example_skip_dag']) retrieved from /home/airflow/.local/lib/python3.6/site-packages/airflow/example_dags/example_skip_dag.py
[2022-04-23 15:35:50,541] {logging_mixin.py:104} INFO - [2022-04-23 15:35:50,541] {dag.py:1832} INFO - Sync 1 DAGs
[2022-04-23 15:35:50,555] {logging_mixin.py:104} INFO - [2022-04-23 15:35:50,555] {dag.py:2305} INFO - Setting next_dagrun for example_skip_dag to 2022-04-21 00:00:00+00:00
[2022-04-23 15:35:50,567] {scheduler_job.py:190} INFO - Processing /home/airflow/.local/lib/python3.6/site-packages/airflow/example_dags/example_skip_dag.py took 0.113 seconds
[2022-04-23 15:36:20,872] {scheduler_job.py:182} INFO - Started process (PID=489) to work on /home/airflow/.local/lib/python3.6/site-packages/airflow/example_dags/example_skip_dag.py
[2022-04-23 15:36:20,873] {scheduler_job.py:633} INFO - Processing file /home/airflow/.local/lib/python3.6/site-packages/airflow/example_dags/example_skip_dag.py for tasks to queue
[2022-04-23 15:36:20,873] {logging_mixin.py:104} INFO - [2022-04-23 15:36:20,873] {dagbag.py:487} INFO - Filling up the DagBag from /home/airflow/.local/lib/python3.6/site-packages/airflow/example_dags/example_skip_dag.py
[2022-04-23 15:36:20,890] {scheduler_job.py:643} INFO - DAG(s) dict_keys(['example_skip_dag']) retrieved from /home/airflow/.local/lib/python3.6/site-packages/airflow/example_dags/example_skip_dag.py
[2022-04-23 15:36:20,915] {logging_mixin.py:104} INFO - [2022-04-23 15:36:20,915] {dag.py:1832} INFO - Sync 1 DAGs
[2022-04-23 15:36:20,931] {logging_mixin.py:104} INFO - [2022-04-23 15:36:20,931] {dag.py:2305} INFO - Setting next_dagrun for example_skip_dag to 2022-04-21 00:00:00+00:00
[2022-04-23 15:36:20,944] {scheduler_job.py:190} INFO - Processing /home/airflow/.local/lib/python3.6/site-packages/airflow/example_dags/example_skip_dag.py took 0.076 seconds
[2022-04-23 15:36:51,020] {scheduler_job.py:182} INFO - Started process (PID=573) to work on /home/airflow/.local/lib/python3.6/site-packages/airflow/example_dags/example_skip_dag.py
[2022-04-23 15:36:51,022] {scheduler_job.py:633} INFO - Processing file /home/airflow/.local/lib/python3.6/site-packages/airflow/example_dags/example_skip_dag.py for tasks to queue
[2022-04-23 15:36:51,023] {logging_mixin.py:104} INFO - [2022-04-23 15:36:51,023] {dagbag.py:487} INFO - Filling up the DagBag from /home/airflow/.local/lib/python3.6/site-packages/airflow/example_dags/example_skip_dag.py
[2022-04-23 15:36:51,044] {scheduler_job.py:643} INFO - DAG(s) dict_keys(['example_skip_dag']) retrieved from /home/airflow/.local/lib/python3.6/site-packages/airflow/example_dags/example_skip_dag.py
[2022-04-23 15:36:51,066] {logging_mixin.py:104} INFO - [2022-04-23 15:36:51,066] {dag.py:1832} INFO - Sync 1 DAGs
[2022-04-23 15:36:51,085] {logging_mixin.py:104} INFO - [2022-04-23 15:36:51,085] {dag.py:2305} INFO - Setting next_dagrun for example_skip_dag to 2022-04-21 00:00:00+00:00
[2022-04-23 15:36:51,100] {scheduler_job.py:190} INFO - Processing /home/airflow/.local/lib/python3.6/site-packages/airflow/example_dags/example_skip_dag.py took 0.086 seconds
[2022-04-23 15:37:21,844] {scheduler_job.py:182} INFO - Started process (PID=639) to work on /home/airflow/.local/lib/python3.6/site-packages/airflow/example_dags/example_skip_dag.py
[2022-04-23 15:37:21,847] {scheduler_job.py:633} INFO - Processing file /home/airflow/.local/lib/python3.6/site-packages/airflow/example_dags/example_skip_dag.py for tasks to queue
[2022-04-23 15:37:21,849] {logging_mixin.py:104} INFO - [2022-04-23 15:37:21,849] {dagbag.py:487} INFO - Filling up the DagBag from /home/airflow/.local/lib/python3.6/site-packages/airflow/example_dags/example_skip_dag.py
[2022-04-23 15:37:21,873] {scheduler_job.py:643} INFO - DAG(s) dict_keys(['example_skip_dag']) retrieved from /home/airflow/.local/lib/python3.6/site-packages/airflow/example_dags/example_skip_dag.py
[2022-04-23 15:37:21,894] {logging_mixin.py:104} INFO - [2022-04-23 15:37:21,894] {dag.py:1832} INFO - Sync 1 DAGs
[2022-04-23 15:37:21,909] {logging_mixin.py:104} INFO - [2022-04-23 15:37:21,909] {dag.py:2305} INFO - Setting next_dagrun for example_skip_dag to 2022-04-21 00:00:00+00:00
[2022-04-23 15:37:21,923] {scheduler_job.py:190} INFO - Processing /home/airflow/.local/lib/python3.6/site-packages/airflow/example_dags/example_skip_dag.py took 0.087 seconds
[2022-04-23 15:37:52,229] {scheduler_job.py:182} INFO - Started process (PID=722) to work on /home/airflow/.local/lib/python3.6/site-packages/airflow/example_dags/example_skip_dag.py
[2022-04-23 15:37:52,230] {scheduler_job.py:633} INFO - Processing file /home/airflow/.local/lib/python3.6/site-packages/airflow/example_dags/example_skip_dag.py for tasks to queue
[2022-04-23 15:37:52,233] {logging_mixin.py:104} INFO - [2022-04-23 15:37:52,233] {dagbag.py:487} INFO - Filling up the DagBag from /home/airflow/.local/lib/python3.6/site-packages/airflow/example_dags/example_skip_dag.py
[2022-04-23 15:37:52,250] {scheduler_job.py:643} INFO - DAG(s) dict_keys(['example_skip_dag']) retrieved from /home/airflow/.local/lib/python3.6/site-packages/airflow/example_dags/example_skip_dag.py
[2022-04-23 15:37:52,273] {logging_mixin.py:104} INFO - [2022-04-23 15:37:52,273] {dag.py:1832} INFO - Sync 1 DAGs
[2022-04-23 15:37:52,289] {logging_mixin.py:104} INFO - [2022-04-23 15:37:52,289] {dag.py:2305} INFO - Setting next_dagrun for example_skip_dag to 2022-04-21 00:00:00+00:00
[2022-04-23 15:37:52,300] {scheduler_job.py:190} INFO - Processing /home/airflow/.local/lib/python3.6/site-packages/airflow/example_dags/example_skip_dag.py took 0.073 seconds
[2022-04-23 15:38:22,677] {scheduler_job.py:182} INFO - Started process (PID=788) to work on /home/airflow/.local/lib/python3.6/site-packages/airflow/example_dags/example_skip_dag.py
[2022-04-23 15:38:22,678] {scheduler_job.py:633} INFO - Processing file /home/airflow/.local/lib/python3.6/site-packages/airflow/example_dags/example_skip_dag.py for tasks to queue
[2022-04-23 15:38:22,678] {logging_mixin.py:104} INFO - [2022-04-23 15:38:22,678] {dagbag.py:487} INFO - Filling up the DagBag from /home/airflow/.local/lib/python3.6/site-packages/airflow/example_dags/example_skip_dag.py
[2022-04-23 15:38:22,703] {scheduler_job.py:643} INFO - DAG(s) dict_keys(['example_skip_dag']) retrieved from /home/airflow/.local/lib/python3.6/site-packages/airflow/example_dags/example_skip_dag.py
[2022-04-23 15:38:22,732] {logging_mixin.py:104} INFO - [2022-04-23 15:38:22,731] {dag.py:1832} INFO - Sync 1 DAGs
[2022-04-23 15:38:22,748] {logging_mixin.py:104} INFO - [2022-04-23 15:38:22,748] {dag.py:2305} INFO - Setting next_dagrun for example_skip_dag to 2022-04-21 00:00:00+00:00
[2022-04-23 15:38:22,759] {scheduler_job.py:190} INFO - Processing /home/airflow/.local/lib/python3.6/site-packages/airflow/example_dags/example_skip_dag.py took 0.085 seconds
[2022-04-23 15:38:52,992] {scheduler_job.py:182} INFO - Started process (PID=871) to work on /home/airflow/.local/lib/python3.6/site-packages/airflow/example_dags/example_skip_dag.py
[2022-04-23 15:38:52,994] {scheduler_job.py:633} INFO - Processing file /home/airflow/.local/lib/python3.6/site-packages/airflow/example_dags/example_skip_dag.py for tasks to queue
[2022-04-23 15:38:52,995] {logging_mixin.py:104} INFO - [2022-04-23 15:38:52,994] {dagbag.py:487} INFO - Filling up the DagBag from /home/airflow/.local/lib/python3.6/site-packages/airflow/example_dags/example_skip_dag.py
[2022-04-23 15:38:53,014] {scheduler_job.py:643} INFO - DAG(s) dict_keys(['example_skip_dag']) retrieved from /home/airflow/.local/lib/python3.6/site-packages/airflow/example_dags/example_skip_dag.py
[2022-04-23 15:38:53,038] {logging_mixin.py:104} INFO - [2022-04-23 15:38:53,038] {dag.py:1832} INFO - Sync 1 DAGs
[2022-04-23 15:38:53,056] {logging_mixin.py:104} INFO - [2022-04-23 15:38:53,056] {dag.py:2305} INFO - Setting next_dagrun for example_skip_dag to 2022-04-21 00:00:00+00:00
[2022-04-23 15:38:53,070] {scheduler_job.py:190} INFO - Processing /home/airflow/.local/lib/python3.6/site-packages/airflow/example_dags/example_skip_dag.py took 0.085 seconds
[2022-04-23 15:39:23,540] {scheduler_job.py:182} INFO - Started process (PID=938) to work on /home/airflow/.local/lib/python3.6/site-packages/airflow/example_dags/example_skip_dag.py
[2022-04-23 15:39:23,542] {scheduler_job.py:633} INFO - Processing file /home/airflow/.local/lib/python3.6/site-packages/airflow/example_dags/example_skip_dag.py for tasks to queue
[2022-04-23 15:39:23,544] {logging_mixin.py:104} INFO - [2022-04-23 15:39:23,544] {dagbag.py:487} INFO - Filling up the DagBag from /home/airflow/.local/lib/python3.6/site-packages/airflow/example_dags/example_skip_dag.py
[2022-04-23 15:39:23,577] {scheduler_job.py:643} INFO - DAG(s) dict_keys(['example_skip_dag']) retrieved from /home/airflow/.local/lib/python3.6/site-packages/airflow/example_dags/example_skip_dag.py
[2022-04-23 15:39:23,633] {logging_mixin.py:104} INFO - [2022-04-23 15:39:23,632] {dag.py:1832} INFO - Sync 1 DAGs
[2022-04-23 15:39:23,672] {logging_mixin.py:104} INFO - [2022-04-23 15:39:23,671] {dag.py:2305} INFO - Setting next_dagrun for example_skip_dag to 2022-04-21 00:00:00+00:00
[2022-04-23 15:39:23,703] {scheduler_job.py:190} INFO - Processing /home/airflow/.local/lib/python3.6/site-packages/airflow/example_dags/example_skip_dag.py took 0.170 seconds
[2022-04-23 15:39:53,733] {scheduler_job.py:182} INFO - Started process (PID=1023) to work on /home/airflow/.local/lib/python3.6/site-packages/airflow/example_dags/example_skip_dag.py
[2022-04-23 15:39:53,736] {scheduler_job.py:633} INFO - Processing file /home/airflow/.local/lib/python3.6/site-packages/airflow/example_dags/example_skip_dag.py for tasks to queue
[2022-04-23 15:39:53,737] {logging_mixin.py:104} INFO - [2022-04-23 15:39:53,737] {dagbag.py:487} INFO - Filling up the DagBag from /home/airflow/.local/lib/python3.6/site-packages/airflow/example_dags/example_skip_dag.py
[2022-04-23 15:39:53,756] {scheduler_job.py:643} INFO - DAG(s) dict_keys(['example_skip_dag']) retrieved from /home/airflow/.local/lib/python3.6/site-packages/airflow/example_dags/example_skip_dag.py
[2022-04-23 15:39:53,801] {logging_mixin.py:104} INFO - [2022-04-23 15:39:53,801] {dag.py:1832} INFO - Sync 1 DAGs
[2022-04-23 15:39:53,842] {logging_mixin.py:104} INFO - [2022-04-23 15:39:53,842] {dag.py:2305} INFO - Setting next_dagrun for example_skip_dag to 2022-04-21 00:00:00+00:00
[2022-04-23 15:39:53,865] {scheduler_job.py:190} INFO - Processing /home/airflow/.local/lib/python3.6/site-packages/airflow/example_dags/example_skip_dag.py took 0.140 seconds
