[2022-04-23 15:33:44,329] {scheduler_job.py:182} INFO - Started process (PID=100) to work on /home/airflow/.local/lib/python3.6/site-packages/airflow/example_dags/tutorial_etl_dag.py
[2022-04-23 15:33:44,337] {scheduler_job.py:633} INFO - Processing file /home/airflow/.local/lib/python3.6/site-packages/airflow/example_dags/tutorial_etl_dag.py for tasks to queue
[2022-04-23 15:33:44,338] {logging_mixin.py:104} INFO - [2022-04-23 15:33:44,338] {dagbag.py:487} INFO - Filling up the DagBag from /home/airflow/.local/lib/python3.6/site-packages/airflow/example_dags/tutorial_etl_dag.py
[2022-04-23 15:33:44,370] {scheduler_job.py:643} INFO - DAG(s) dict_keys(['tutorial_etl_dag']) retrieved from /home/airflow/.local/lib/python3.6/site-packages/airflow/example_dags/tutorial_etl_dag.py
[2022-04-23 15:33:46,517] {logging_mixin.py:104} INFO - [2022-04-23 15:33:46,515] {dag.py:1832} INFO - Sync 1 DAGs
[2022-04-23 15:33:46,531] {logging_mixin.py:104} INFO - [2022-04-23 15:33:46,529] {dag.py:1851} INFO - Creating ORM DAG for tutorial_etl_dag
[2022-04-23 15:33:46,535] {logging_mixin.py:104} INFO - [2022-04-23 15:33:46,535] {dag.py:2305} INFO - Setting next_dagrun for tutorial_etl_dag to None
[2022-04-23 15:33:46,549] {scheduler_job.py:190} INFO - Processing /home/airflow/.local/lib/python3.6/site-packages/airflow/example_dags/tutorial_etl_dag.py took 2.228 seconds
[2022-04-23 15:34:17,223] {scheduler_job.py:182} INFO - Started process (PID=194) to work on /home/airflow/.local/lib/python3.6/site-packages/airflow/example_dags/tutorial_etl_dag.py
[2022-04-23 15:34:17,225] {scheduler_job.py:633} INFO - Processing file /home/airflow/.local/lib/python3.6/site-packages/airflow/example_dags/tutorial_etl_dag.py for tasks to queue
[2022-04-23 15:34:17,227] {logging_mixin.py:104} INFO - [2022-04-23 15:34:17,227] {dagbag.py:487} INFO - Filling up the DagBag from /home/airflow/.local/lib/python3.6/site-packages/airflow/example_dags/tutorial_etl_dag.py
[2022-04-23 15:34:17,255] {scheduler_job.py:643} INFO - DAG(s) dict_keys(['tutorial_etl_dag']) retrieved from /home/airflow/.local/lib/python3.6/site-packages/airflow/example_dags/tutorial_etl_dag.py
[2022-04-23 15:34:17,306] {logging_mixin.py:104} INFO - [2022-04-23 15:34:17,306] {dag.py:1832} INFO - Sync 1 DAGs
[2022-04-23 15:34:17,329] {logging_mixin.py:104} INFO - [2022-04-23 15:34:17,328] {dag.py:2305} INFO - Setting next_dagrun for tutorial_etl_dag to None
[2022-04-23 15:34:17,344] {scheduler_job.py:190} INFO - Processing /home/airflow/.local/lib/python3.6/site-packages/airflow/example_dags/tutorial_etl_dag.py took 0.130 seconds
[2022-04-23 15:34:47,612] {scheduler_job.py:182} INFO - Started process (PID=271) to work on /home/airflow/.local/lib/python3.6/site-packages/airflow/example_dags/tutorial_etl_dag.py
[2022-04-23 15:34:47,613] {scheduler_job.py:633} INFO - Processing file /home/airflow/.local/lib/python3.6/site-packages/airflow/example_dags/tutorial_etl_dag.py for tasks to queue
[2022-04-23 15:34:47,614] {logging_mixin.py:104} INFO - [2022-04-23 15:34:47,613] {dagbag.py:487} INFO - Filling up the DagBag from /home/airflow/.local/lib/python3.6/site-packages/airflow/example_dags/tutorial_etl_dag.py
[2022-04-23 15:34:47,631] {scheduler_job.py:643} INFO - DAG(s) dict_keys(['tutorial_etl_dag']) retrieved from /home/airflow/.local/lib/python3.6/site-packages/airflow/example_dags/tutorial_etl_dag.py
[2022-04-23 15:34:47,733] {logging_mixin.py:104} INFO - [2022-04-23 15:34:47,733] {dag.py:1832} INFO - Sync 1 DAGs
[2022-04-23 15:34:47,756] {logging_mixin.py:104} INFO - [2022-04-23 15:34:47,756] {dag.py:2305} INFO - Setting next_dagrun for tutorial_etl_dag to None
[2022-04-23 15:34:47,773] {scheduler_job.py:190} INFO - Processing /home/airflow/.local/lib/python3.6/site-packages/airflow/example_dags/tutorial_etl_dag.py took 0.166 seconds
[2022-04-23 15:35:17,998] {scheduler_job.py:182} INFO - Started process (PID=338) to work on /home/airflow/.local/lib/python3.6/site-packages/airflow/example_dags/tutorial_etl_dag.py
[2022-04-23 15:35:18,000] {scheduler_job.py:633} INFO - Processing file /home/airflow/.local/lib/python3.6/site-packages/airflow/example_dags/tutorial_etl_dag.py for tasks to queue
[2022-04-23 15:35:18,001] {logging_mixin.py:104} INFO - [2022-04-23 15:35:18,001] {dagbag.py:487} INFO - Filling up the DagBag from /home/airflow/.local/lib/python3.6/site-packages/airflow/example_dags/tutorial_etl_dag.py
[2022-04-23 15:35:18,023] {scheduler_job.py:643} INFO - DAG(s) dict_keys(['tutorial_etl_dag']) retrieved from /home/airflow/.local/lib/python3.6/site-packages/airflow/example_dags/tutorial_etl_dag.py
[2022-04-23 15:35:18,045] {logging_mixin.py:104} INFO - [2022-04-23 15:35:18,045] {dag.py:1832} INFO - Sync 1 DAGs
[2022-04-23 15:35:18,063] {logging_mixin.py:104} INFO - [2022-04-23 15:35:18,063] {dag.py:2305} INFO - Setting next_dagrun for tutorial_etl_dag to None
[2022-04-23 15:35:18,073] {scheduler_job.py:190} INFO - Processing /home/airflow/.local/lib/python3.6/site-packages/airflow/example_dags/tutorial_etl_dag.py took 0.082 seconds
[2022-04-23 15:35:48,446] {scheduler_job.py:182} INFO - Started process (PID=421) to work on /home/airflow/.local/lib/python3.6/site-packages/airflow/example_dags/tutorial_etl_dag.py
[2022-04-23 15:35:48,449] {scheduler_job.py:633} INFO - Processing file /home/airflow/.local/lib/python3.6/site-packages/airflow/example_dags/tutorial_etl_dag.py for tasks to queue
[2022-04-23 15:35:48,450] {logging_mixin.py:104} INFO - [2022-04-23 15:35:48,450] {dagbag.py:487} INFO - Filling up the DagBag from /home/airflow/.local/lib/python3.6/site-packages/airflow/example_dags/tutorial_etl_dag.py
[2022-04-23 15:35:48,472] {scheduler_job.py:643} INFO - DAG(s) dict_keys(['tutorial_etl_dag']) retrieved from /home/airflow/.local/lib/python3.6/site-packages/airflow/example_dags/tutorial_etl_dag.py
[2022-04-23 15:35:48,495] {logging_mixin.py:104} INFO - [2022-04-23 15:35:48,495] {dag.py:1832} INFO - Sync 1 DAGs
[2022-04-23 15:35:48,511] {logging_mixin.py:104} INFO - [2022-04-23 15:35:48,511] {dag.py:2305} INFO - Setting next_dagrun for tutorial_etl_dag to None
[2022-04-23 15:35:48,523] {scheduler_job.py:190} INFO - Processing /home/airflow/.local/lib/python3.6/site-packages/airflow/example_dags/tutorial_etl_dag.py took 0.085 seconds
[2022-04-23 15:36:18,816] {scheduler_job.py:182} INFO - Started process (PID=488) to work on /home/airflow/.local/lib/python3.6/site-packages/airflow/example_dags/tutorial_etl_dag.py
[2022-04-23 15:36:18,817] {scheduler_job.py:633} INFO - Processing file /home/airflow/.local/lib/python3.6/site-packages/airflow/example_dags/tutorial_etl_dag.py for tasks to queue
[2022-04-23 15:36:18,818] {logging_mixin.py:104} INFO - [2022-04-23 15:36:18,818] {dagbag.py:487} INFO - Filling up the DagBag from /home/airflow/.local/lib/python3.6/site-packages/airflow/example_dags/tutorial_etl_dag.py
[2022-04-23 15:36:18,832] {scheduler_job.py:643} INFO - DAG(s) dict_keys(['tutorial_etl_dag']) retrieved from /home/airflow/.local/lib/python3.6/site-packages/airflow/example_dags/tutorial_etl_dag.py
[2022-04-23 15:36:18,855] {logging_mixin.py:104} INFO - [2022-04-23 15:36:18,854] {dag.py:1832} INFO - Sync 1 DAGs
[2022-04-23 15:36:18,871] {logging_mixin.py:104} INFO - [2022-04-23 15:36:18,871] {dag.py:2305} INFO - Setting next_dagrun for tutorial_etl_dag to None
[2022-04-23 15:36:18,888] {scheduler_job.py:190} INFO - Processing /home/airflow/.local/lib/python3.6/site-packages/airflow/example_dags/tutorial_etl_dag.py took 0.074 seconds
[2022-04-23 15:36:49,006] {scheduler_job.py:182} INFO - Started process (PID=572) to work on /home/airflow/.local/lib/python3.6/site-packages/airflow/example_dags/tutorial_etl_dag.py
[2022-04-23 15:36:49,020] {scheduler_job.py:633} INFO - Processing file /home/airflow/.local/lib/python3.6/site-packages/airflow/example_dags/tutorial_etl_dag.py for tasks to queue
[2022-04-23 15:36:49,022] {logging_mixin.py:104} INFO - [2022-04-23 15:36:49,021] {dagbag.py:487} INFO - Filling up the DagBag from /home/airflow/.local/lib/python3.6/site-packages/airflow/example_dags/tutorial_etl_dag.py
[2022-04-23 15:36:49,058] {scheduler_job.py:643} INFO - DAG(s) dict_keys(['tutorial_etl_dag']) retrieved from /home/airflow/.local/lib/python3.6/site-packages/airflow/example_dags/tutorial_etl_dag.py
[2022-04-23 15:36:49,103] {logging_mixin.py:104} INFO - [2022-04-23 15:36:49,103] {dag.py:1832} INFO - Sync 1 DAGs
[2022-04-23 15:36:49,128] {logging_mixin.py:104} INFO - [2022-04-23 15:36:49,128] {dag.py:2305} INFO - Setting next_dagrun for tutorial_etl_dag to None
[2022-04-23 15:36:49,148] {scheduler_job.py:190} INFO - Processing /home/airflow/.local/lib/python3.6/site-packages/airflow/example_dags/tutorial_etl_dag.py took 0.149 seconds
[2022-04-23 15:37:19,729] {scheduler_job.py:182} INFO - Started process (PID=638) to work on /home/airflow/.local/lib/python3.6/site-packages/airflow/example_dags/tutorial_etl_dag.py
[2022-04-23 15:37:19,732] {scheduler_job.py:633} INFO - Processing file /home/airflow/.local/lib/python3.6/site-packages/airflow/example_dags/tutorial_etl_dag.py for tasks to queue
[2022-04-23 15:37:19,734] {logging_mixin.py:104} INFO - [2022-04-23 15:37:19,734] {dagbag.py:487} INFO - Filling up the DagBag from /home/airflow/.local/lib/python3.6/site-packages/airflow/example_dags/tutorial_etl_dag.py
[2022-04-23 15:37:19,758] {scheduler_job.py:643} INFO - DAG(s) dict_keys(['tutorial_etl_dag']) retrieved from /home/airflow/.local/lib/python3.6/site-packages/airflow/example_dags/tutorial_etl_dag.py
[2022-04-23 15:37:19,780] {logging_mixin.py:104} INFO - [2022-04-23 15:37:19,780] {dag.py:1832} INFO - Sync 1 DAGs
[2022-04-23 15:37:19,797] {logging_mixin.py:104} INFO - [2022-04-23 15:37:19,797] {dag.py:2305} INFO - Setting next_dagrun for tutorial_etl_dag to None
[2022-04-23 15:37:19,810] {scheduler_job.py:190} INFO - Processing /home/airflow/.local/lib/python3.6/site-packages/airflow/example_dags/tutorial_etl_dag.py took 0.089 seconds
[2022-04-23 15:37:50,222] {scheduler_job.py:182} INFO - Started process (PID=714) to work on /home/airflow/.local/lib/python3.6/site-packages/airflow/example_dags/tutorial_etl_dag.py
[2022-04-23 15:37:50,223] {scheduler_job.py:633} INFO - Processing file /home/airflow/.local/lib/python3.6/site-packages/airflow/example_dags/tutorial_etl_dag.py for tasks to queue
[2022-04-23 15:37:50,224] {logging_mixin.py:104} INFO - [2022-04-23 15:37:50,223] {dagbag.py:487} INFO - Filling up the DagBag from /home/airflow/.local/lib/python3.6/site-packages/airflow/example_dags/tutorial_etl_dag.py
[2022-04-23 15:37:50,239] {scheduler_job.py:643} INFO - DAG(s) dict_keys(['tutorial_etl_dag']) retrieved from /home/airflow/.local/lib/python3.6/site-packages/airflow/example_dags/tutorial_etl_dag.py
[2022-04-23 15:37:50,257] {logging_mixin.py:104} INFO - [2022-04-23 15:37:50,257] {dag.py:1832} INFO - Sync 1 DAGs
[2022-04-23 15:37:50,269] {logging_mixin.py:104} INFO - [2022-04-23 15:37:50,269] {dag.py:2305} INFO - Setting next_dagrun for tutorial_etl_dag to None
[2022-04-23 15:37:50,280] {scheduler_job.py:190} INFO - Processing /home/airflow/.local/lib/python3.6/site-packages/airflow/example_dags/tutorial_etl_dag.py took 0.062 seconds
[2022-04-23 15:38:20,586] {scheduler_job.py:182} INFO - Started process (PID=787) to work on /home/airflow/.local/lib/python3.6/site-packages/airflow/example_dags/tutorial_etl_dag.py
[2022-04-23 15:38:20,587] {scheduler_job.py:633} INFO - Processing file /home/airflow/.local/lib/python3.6/site-packages/airflow/example_dags/tutorial_etl_dag.py for tasks to queue
[2022-04-23 15:38:20,588] {logging_mixin.py:104} INFO - [2022-04-23 15:38:20,588] {dagbag.py:487} INFO - Filling up the DagBag from /home/airflow/.local/lib/python3.6/site-packages/airflow/example_dags/tutorial_etl_dag.py
[2022-04-23 15:38:20,602] {scheduler_job.py:643} INFO - DAG(s) dict_keys(['tutorial_etl_dag']) retrieved from /home/airflow/.local/lib/python3.6/site-packages/airflow/example_dags/tutorial_etl_dag.py
[2022-04-23 15:38:20,623] {logging_mixin.py:104} INFO - [2022-04-23 15:38:20,623] {dag.py:1832} INFO - Sync 1 DAGs
[2022-04-23 15:38:20,639] {logging_mixin.py:104} INFO - [2022-04-23 15:38:20,639] {dag.py:2305} INFO - Setting next_dagrun for tutorial_etl_dag to None
[2022-04-23 15:38:20,651] {scheduler_job.py:190} INFO - Processing /home/airflow/.local/lib/python3.6/site-packages/airflow/example_dags/tutorial_etl_dag.py took 0.069 seconds
[2022-04-23 15:38:50,976] {scheduler_job.py:182} INFO - Started process (PID=862) to work on /home/airflow/.local/lib/python3.6/site-packages/airflow/example_dags/tutorial_etl_dag.py
[2022-04-23 15:38:50,978] {scheduler_job.py:633} INFO - Processing file /home/airflow/.local/lib/python3.6/site-packages/airflow/example_dags/tutorial_etl_dag.py for tasks to queue
[2022-04-23 15:38:50,978] {logging_mixin.py:104} INFO - [2022-04-23 15:38:50,978] {dagbag.py:487} INFO - Filling up the DagBag from /home/airflow/.local/lib/python3.6/site-packages/airflow/example_dags/tutorial_etl_dag.py
[2022-04-23 15:38:50,993] {scheduler_job.py:643} INFO - DAG(s) dict_keys(['tutorial_etl_dag']) retrieved from /home/airflow/.local/lib/python3.6/site-packages/airflow/example_dags/tutorial_etl_dag.py
[2022-04-23 15:38:51,015] {logging_mixin.py:104} INFO - [2022-04-23 15:38:51,015] {dag.py:1832} INFO - Sync 1 DAGs
[2022-04-23 15:38:51,030] {logging_mixin.py:104} INFO - [2022-04-23 15:38:51,030] {dag.py:2305} INFO - Setting next_dagrun for tutorial_etl_dag to None
[2022-04-23 15:38:51,042] {scheduler_job.py:190} INFO - Processing /home/airflow/.local/lib/python3.6/site-packages/airflow/example_dags/tutorial_etl_dag.py took 0.071 seconds
[2022-04-23 15:39:21,423] {scheduler_job.py:182} INFO - Started process (PID=937) to work on /home/airflow/.local/lib/python3.6/site-packages/airflow/example_dags/tutorial_etl_dag.py
[2022-04-23 15:39:21,424] {scheduler_job.py:633} INFO - Processing file /home/airflow/.local/lib/python3.6/site-packages/airflow/example_dags/tutorial_etl_dag.py for tasks to queue
[2022-04-23 15:39:21,425] {logging_mixin.py:104} INFO - [2022-04-23 15:39:21,425] {dagbag.py:487} INFO - Filling up the DagBag from /home/airflow/.local/lib/python3.6/site-packages/airflow/example_dags/tutorial_etl_dag.py
[2022-04-23 15:39:21,444] {scheduler_job.py:643} INFO - DAG(s) dict_keys(['tutorial_etl_dag']) retrieved from /home/airflow/.local/lib/python3.6/site-packages/airflow/example_dags/tutorial_etl_dag.py
[2022-04-23 15:39:21,476] {logging_mixin.py:104} INFO - [2022-04-23 15:39:21,476] {dag.py:1832} INFO - Sync 1 DAGs
[2022-04-23 15:39:21,492] {logging_mixin.py:104} INFO - [2022-04-23 15:39:21,492] {dag.py:2305} INFO - Setting next_dagrun for tutorial_etl_dag to None
[2022-04-23 15:39:21,505] {scheduler_job.py:190} INFO - Processing /home/airflow/.local/lib/python3.6/site-packages/airflow/example_dags/tutorial_etl_dag.py took 0.087 seconds
[2022-04-23 15:39:51,715] {scheduler_job.py:182} INFO - Started process (PID=1004) to work on /home/airflow/.local/lib/python3.6/site-packages/airflow/example_dags/tutorial_etl_dag.py
[2022-04-23 15:39:51,718] {scheduler_job.py:633} INFO - Processing file /home/airflow/.local/lib/python3.6/site-packages/airflow/example_dags/tutorial_etl_dag.py for tasks to queue
[2022-04-23 15:39:51,719] {logging_mixin.py:104} INFO - [2022-04-23 15:39:51,719] {dagbag.py:487} INFO - Filling up the DagBag from /home/airflow/.local/lib/python3.6/site-packages/airflow/example_dags/tutorial_etl_dag.py
[2022-04-23 15:39:51,732] {scheduler_job.py:643} INFO - DAG(s) dict_keys(['tutorial_etl_dag']) retrieved from /home/airflow/.local/lib/python3.6/site-packages/airflow/example_dags/tutorial_etl_dag.py
[2022-04-23 15:39:51,752] {logging_mixin.py:104} INFO - [2022-04-23 15:39:51,752] {dag.py:1832} INFO - Sync 1 DAGs
[2022-04-23 15:39:51,769] {logging_mixin.py:104} INFO - [2022-04-23 15:39:51,768] {dag.py:2305} INFO - Setting next_dagrun for tutorial_etl_dag to None
[2022-04-23 15:39:51,783] {scheduler_job.py:190} INFO - Processing /home/airflow/.local/lib/python3.6/site-packages/airflow/example_dags/tutorial_etl_dag.py took 0.074 seconds
