[2022-04-23 15:33:48,984] {scheduler_job.py:182} INFO - Started process (PID=108) to work on /home/airflow/.local/lib/python3.6/site-packages/airflow/example_dags/tutorial.py
[2022-04-23 15:33:48,985] {scheduler_job.py:633} INFO - Processing file /home/airflow/.local/lib/python3.6/site-packages/airflow/example_dags/tutorial.py for tasks to queue
[2022-04-23 15:33:48,985] {logging_mixin.py:104} INFO - [2022-04-23 15:33:48,985] {dagbag.py:487} INFO - Filling up the DagBag from /home/airflow/.local/lib/python3.6/site-packages/airflow/example_dags/tutorial.py
[2022-04-23 15:33:48,996] {scheduler_job.py:643} INFO - DAG(s) dict_keys(['tutorial']) retrieved from /home/airflow/.local/lib/python3.6/site-packages/airflow/example_dags/tutorial.py
[2022-04-23 15:33:50,760] {logging_mixin.py:104} INFO - [2022-04-23 15:33:50,759] {dag.py:1832} INFO - Sync 1 DAGs
[2022-04-23 15:33:50,778] {logging_mixin.py:104} INFO - [2022-04-23 15:33:50,775] {dag.py:1851} INFO - Creating ORM DAG for tutorial
[2022-04-23 15:33:50,790] {logging_mixin.py:104} INFO - [2022-04-23 15:33:50,789] {dag.py:2305} INFO - Setting next_dagrun for tutorial to 2022-04-21 00:00:00+00:00
[2022-04-23 15:33:50,808] {scheduler_job.py:190} INFO - Processing /home/airflow/.local/lib/python3.6/site-packages/airflow/example_dags/tutorial.py took 1.827 seconds
[2022-04-23 15:34:21,564] {scheduler_job.py:182} INFO - Started process (PID=209) to work on /home/airflow/.local/lib/python3.6/site-packages/airflow/example_dags/tutorial.py
[2022-04-23 15:34:21,565] {scheduler_job.py:633} INFO - Processing file /home/airflow/.local/lib/python3.6/site-packages/airflow/example_dags/tutorial.py for tasks to queue
[2022-04-23 15:34:21,566] {logging_mixin.py:104} INFO - [2022-04-23 15:34:21,566] {dagbag.py:487} INFO - Filling up the DagBag from /home/airflow/.local/lib/python3.6/site-packages/airflow/example_dags/tutorial.py
[2022-04-23 15:34:21,581] {scheduler_job.py:643} INFO - DAG(s) dict_keys(['tutorial']) retrieved from /home/airflow/.local/lib/python3.6/site-packages/airflow/example_dags/tutorial.py
[2022-04-23 15:34:21,604] {logging_mixin.py:104} INFO - [2022-04-23 15:34:21,604] {dag.py:1832} INFO - Sync 1 DAGs
[2022-04-23 15:34:21,624] {logging_mixin.py:104} INFO - [2022-04-23 15:34:21,624] {dag.py:2305} INFO - Setting next_dagrun for tutorial to 2022-04-21 00:00:00+00:00
[2022-04-23 15:34:21,642] {scheduler_job.py:190} INFO - Processing /home/airflow/.local/lib/python3.6/site-packages/airflow/example_dags/tutorial.py took 0.085 seconds
[2022-04-23 15:34:51,911] {scheduler_job.py:182} INFO - Started process (PID=274) to work on /home/airflow/.local/lib/python3.6/site-packages/airflow/example_dags/tutorial.py
[2022-04-23 15:34:51,913] {scheduler_job.py:633} INFO - Processing file /home/airflow/.local/lib/python3.6/site-packages/airflow/example_dags/tutorial.py for tasks to queue
[2022-04-23 15:34:51,915] {logging_mixin.py:104} INFO - [2022-04-23 15:34:51,915] {dagbag.py:487} INFO - Filling up the DagBag from /home/airflow/.local/lib/python3.6/site-packages/airflow/example_dags/tutorial.py
[2022-04-23 15:34:51,938] {scheduler_job.py:643} INFO - DAG(s) dict_keys(['tutorial']) retrieved from /home/airflow/.local/lib/python3.6/site-packages/airflow/example_dags/tutorial.py
[2022-04-23 15:34:51,967] {logging_mixin.py:104} INFO - [2022-04-23 15:34:51,967] {dag.py:1832} INFO - Sync 1 DAGs
[2022-04-23 15:34:51,980] {logging_mixin.py:104} INFO - [2022-04-23 15:34:51,980] {dag.py:2305} INFO - Setting next_dagrun for tutorial to 2022-04-21 00:00:00+00:00
[2022-04-23 15:34:51,991] {scheduler_job.py:190} INFO - Processing /home/airflow/.local/lib/python3.6/site-packages/airflow/example_dags/tutorial.py took 0.087 seconds
[2022-04-23 15:35:22,136] {scheduler_job.py:182} INFO - Started process (PID=358) to work on /home/airflow/.local/lib/python3.6/site-packages/airflow/example_dags/tutorial.py
[2022-04-23 15:35:22,138] {scheduler_job.py:633} INFO - Processing file /home/airflow/.local/lib/python3.6/site-packages/airflow/example_dags/tutorial.py for tasks to queue
[2022-04-23 15:35:22,140] {logging_mixin.py:104} INFO - [2022-04-23 15:35:22,140] {dagbag.py:487} INFO - Filling up the DagBag from /home/airflow/.local/lib/python3.6/site-packages/airflow/example_dags/tutorial.py
[2022-04-23 15:35:22,173] {scheduler_job.py:643} INFO - DAG(s) dict_keys(['tutorial']) retrieved from /home/airflow/.local/lib/python3.6/site-packages/airflow/example_dags/tutorial.py
[2022-04-23 15:35:22,208] {logging_mixin.py:104} INFO - [2022-04-23 15:35:22,207] {dag.py:1832} INFO - Sync 1 DAGs
[2022-04-23 15:35:22,226] {logging_mixin.py:104} INFO - [2022-04-23 15:35:22,225] {dag.py:2305} INFO - Setting next_dagrun for tutorial to 2022-04-21 00:00:00+00:00
[2022-04-23 15:35:22,237] {scheduler_job.py:190} INFO - Processing /home/airflow/.local/lib/python3.6/site-packages/airflow/example_dags/tutorial.py took 0.108 seconds
[2022-04-23 15:35:52,555] {scheduler_job.py:182} INFO - Started process (PID=424) to work on /home/airflow/.local/lib/python3.6/site-packages/airflow/example_dags/tutorial.py
[2022-04-23 15:35:52,556] {scheduler_job.py:633} INFO - Processing file /home/airflow/.local/lib/python3.6/site-packages/airflow/example_dags/tutorial.py for tasks to queue
[2022-04-23 15:35:52,556] {logging_mixin.py:104} INFO - [2022-04-23 15:35:52,556] {dagbag.py:487} INFO - Filling up the DagBag from /home/airflow/.local/lib/python3.6/site-packages/airflow/example_dags/tutorial.py
[2022-04-23 15:35:52,573] {scheduler_job.py:643} INFO - DAG(s) dict_keys(['tutorial']) retrieved from /home/airflow/.local/lib/python3.6/site-packages/airflow/example_dags/tutorial.py
[2022-04-23 15:35:52,595] {logging_mixin.py:104} INFO - [2022-04-23 15:35:52,595] {dag.py:1832} INFO - Sync 1 DAGs
[2022-04-23 15:35:52,611] {logging_mixin.py:104} INFO - [2022-04-23 15:35:52,611] {dag.py:2305} INFO - Setting next_dagrun for tutorial to 2022-04-21 00:00:00+00:00
[2022-04-23 15:35:52,623] {scheduler_job.py:190} INFO - Processing /home/airflow/.local/lib/python3.6/site-packages/airflow/example_dags/tutorial.py took 0.071 seconds
[2022-04-23 15:36:22,957] {scheduler_job.py:182} INFO - Started process (PID=509) to work on /home/airflow/.local/lib/python3.6/site-packages/airflow/example_dags/tutorial.py
[2022-04-23 15:36:22,958] {scheduler_job.py:633} INFO - Processing file /home/airflow/.local/lib/python3.6/site-packages/airflow/example_dags/tutorial.py for tasks to queue
[2022-04-23 15:36:22,959] {logging_mixin.py:104} INFO - [2022-04-23 15:36:22,958] {dagbag.py:487} INFO - Filling up the DagBag from /home/airflow/.local/lib/python3.6/site-packages/airflow/example_dags/tutorial.py
[2022-04-23 15:36:22,971] {scheduler_job.py:643} INFO - DAG(s) dict_keys(['tutorial']) retrieved from /home/airflow/.local/lib/python3.6/site-packages/airflow/example_dags/tutorial.py
[2022-04-23 15:36:22,991] {logging_mixin.py:104} INFO - [2022-04-23 15:36:22,991] {dag.py:1832} INFO - Sync 1 DAGs
[2022-04-23 15:36:23,006] {logging_mixin.py:104} INFO - [2022-04-23 15:36:23,006] {dag.py:2305} INFO - Setting next_dagrun for tutorial to 2022-04-21 00:00:00+00:00
[2022-04-23 15:36:23,036] {scheduler_job.py:190} INFO - Processing /home/airflow/.local/lib/python3.6/site-packages/airflow/example_dags/tutorial.py took 0.082 seconds
[2022-04-23 15:36:53,133] {scheduler_job.py:182} INFO - Started process (PID=575) to work on /home/airflow/.local/lib/python3.6/site-packages/airflow/example_dags/tutorial.py
[2022-04-23 15:36:53,134] {scheduler_job.py:633} INFO - Processing file /home/airflow/.local/lib/python3.6/site-packages/airflow/example_dags/tutorial.py for tasks to queue
[2022-04-23 15:36:53,135] {logging_mixin.py:104} INFO - [2022-04-23 15:36:53,135] {dagbag.py:487} INFO - Filling up the DagBag from /home/airflow/.local/lib/python3.6/site-packages/airflow/example_dags/tutorial.py
[2022-04-23 15:36:53,170] {scheduler_job.py:643} INFO - DAG(s) dict_keys(['tutorial']) retrieved from /home/airflow/.local/lib/python3.6/site-packages/airflow/example_dags/tutorial.py
[2022-04-23 15:36:53,215] {logging_mixin.py:104} INFO - [2022-04-23 15:36:53,215] {dag.py:1832} INFO - Sync 1 DAGs
[2022-04-23 15:36:53,233] {logging_mixin.py:104} INFO - [2022-04-23 15:36:53,233] {dag.py:2305} INFO - Setting next_dagrun for tutorial to 2022-04-21 00:00:00+00:00
[2022-04-23 15:36:53,251] {scheduler_job.py:190} INFO - Processing /home/airflow/.local/lib/python3.6/site-packages/airflow/example_dags/tutorial.py took 0.125 seconds
[2022-04-23 15:37:23,858] {scheduler_job.py:182} INFO - Started process (PID=648) to work on /home/airflow/.local/lib/python3.6/site-packages/airflow/example_dags/tutorial.py
[2022-04-23 15:37:23,859] {scheduler_job.py:633} INFO - Processing file /home/airflow/.local/lib/python3.6/site-packages/airflow/example_dags/tutorial.py for tasks to queue
[2022-04-23 15:37:23,860] {logging_mixin.py:104} INFO - [2022-04-23 15:37:23,860] {dagbag.py:487} INFO - Filling up the DagBag from /home/airflow/.local/lib/python3.6/site-packages/airflow/example_dags/tutorial.py
[2022-04-23 15:37:23,894] {scheduler_job.py:643} INFO - DAG(s) dict_keys(['tutorial']) retrieved from /home/airflow/.local/lib/python3.6/site-packages/airflow/example_dags/tutorial.py
[2022-04-23 15:37:23,938] {logging_mixin.py:104} INFO - [2022-04-23 15:37:23,938] {dag.py:1832} INFO - Sync 1 DAGs
[2022-04-23 15:37:23,965] {logging_mixin.py:104} INFO - [2022-04-23 15:37:23,965] {dag.py:2305} INFO - Setting next_dagrun for tutorial to 2022-04-21 00:00:00+00:00
[2022-04-23 15:37:23,982] {scheduler_job.py:190} INFO - Processing /home/airflow/.local/lib/python3.6/site-packages/airflow/example_dags/tutorial.py took 0.129 seconds
[2022-04-23 15:37:54,313] {scheduler_job.py:182} INFO - Started process (PID=724) to work on /home/airflow/.local/lib/python3.6/site-packages/airflow/example_dags/tutorial.py
[2022-04-23 15:37:54,315] {scheduler_job.py:633} INFO - Processing file /home/airflow/.local/lib/python3.6/site-packages/airflow/example_dags/tutorial.py for tasks to queue
[2022-04-23 15:37:54,316] {logging_mixin.py:104} INFO - [2022-04-23 15:37:54,316] {dagbag.py:487} INFO - Filling up the DagBag from /home/airflow/.local/lib/python3.6/site-packages/airflow/example_dags/tutorial.py
[2022-04-23 15:37:54,346] {scheduler_job.py:643} INFO - DAG(s) dict_keys(['tutorial']) retrieved from /home/airflow/.local/lib/python3.6/site-packages/airflow/example_dags/tutorial.py
[2022-04-23 15:37:54,381] {logging_mixin.py:104} INFO - [2022-04-23 15:37:54,380] {dag.py:1832} INFO - Sync 1 DAGs
[2022-04-23 15:37:54,401] {logging_mixin.py:104} INFO - [2022-04-23 15:37:54,401] {dag.py:2305} INFO - Setting next_dagrun for tutorial to 2022-04-21 00:00:00+00:00
[2022-04-23 15:37:54,418] {scheduler_job.py:190} INFO - Processing /home/airflow/.local/lib/python3.6/site-packages/airflow/example_dags/tutorial.py took 0.113 seconds
[2022-04-23 15:38:24,791] {scheduler_job.py:182} INFO - Started process (PID=790) to work on /home/airflow/.local/lib/python3.6/site-packages/airflow/example_dags/tutorial.py
[2022-04-23 15:38:24,793] {scheduler_job.py:633} INFO - Processing file /home/airflow/.local/lib/python3.6/site-packages/airflow/example_dags/tutorial.py for tasks to queue
[2022-04-23 15:38:24,794] {logging_mixin.py:104} INFO - [2022-04-23 15:38:24,794] {dagbag.py:487} INFO - Filling up the DagBag from /home/airflow/.local/lib/python3.6/site-packages/airflow/example_dags/tutorial.py
[2022-04-23 15:38:24,821] {scheduler_job.py:643} INFO - DAG(s) dict_keys(['tutorial']) retrieved from /home/airflow/.local/lib/python3.6/site-packages/airflow/example_dags/tutorial.py
[2022-04-23 15:38:24,850] {logging_mixin.py:104} INFO - [2022-04-23 15:38:24,850] {dag.py:1832} INFO - Sync 1 DAGs
[2022-04-23 15:38:24,865] {logging_mixin.py:104} INFO - [2022-04-23 15:38:24,865] {dag.py:2305} INFO - Setting next_dagrun for tutorial to 2022-04-21 00:00:00+00:00
[2022-04-23 15:38:24,882] {scheduler_job.py:190} INFO - Processing /home/airflow/.local/lib/python3.6/site-packages/airflow/example_dags/tutorial.py took 0.098 seconds
[2022-04-23 15:38:55,063] {scheduler_job.py:182} INFO - Started process (PID=873) to work on /home/airflow/.local/lib/python3.6/site-packages/airflow/example_dags/tutorial.py
[2022-04-23 15:38:55,064] {scheduler_job.py:633} INFO - Processing file /home/airflow/.local/lib/python3.6/site-packages/airflow/example_dags/tutorial.py for tasks to queue
[2022-04-23 15:38:55,065] {logging_mixin.py:104} INFO - [2022-04-23 15:38:55,065] {dagbag.py:487} INFO - Filling up the DagBag from /home/airflow/.local/lib/python3.6/site-packages/airflow/example_dags/tutorial.py
[2022-04-23 15:38:55,074] {scheduler_job.py:643} INFO - DAG(s) dict_keys(['tutorial']) retrieved from /home/airflow/.local/lib/python3.6/site-packages/airflow/example_dags/tutorial.py
[2022-04-23 15:38:55,099] {logging_mixin.py:104} INFO - [2022-04-23 15:38:55,098] {dag.py:1832} INFO - Sync 1 DAGs
[2022-04-23 15:38:55,113] {logging_mixin.py:104} INFO - [2022-04-23 15:38:55,113] {dag.py:2305} INFO - Setting next_dagrun for tutorial to 2022-04-21 00:00:00+00:00
[2022-04-23 15:38:55,123] {scheduler_job.py:190} INFO - Processing /home/airflow/.local/lib/python3.6/site-packages/airflow/example_dags/tutorial.py took 0.062 seconds
[2022-04-23 15:39:25,559] {scheduler_job.py:182} INFO - Started process (PID=940) to work on /home/airflow/.local/lib/python3.6/site-packages/airflow/example_dags/tutorial.py
[2022-04-23 15:39:25,561] {scheduler_job.py:633} INFO - Processing file /home/airflow/.local/lib/python3.6/site-packages/airflow/example_dags/tutorial.py for tasks to queue
[2022-04-23 15:39:25,562] {logging_mixin.py:104} INFO - [2022-04-23 15:39:25,561] {dagbag.py:487} INFO - Filling up the DagBag from /home/airflow/.local/lib/python3.6/site-packages/airflow/example_dags/tutorial.py
[2022-04-23 15:39:25,581] {scheduler_job.py:643} INFO - DAG(s) dict_keys(['tutorial']) retrieved from /home/airflow/.local/lib/python3.6/site-packages/airflow/example_dags/tutorial.py
[2022-04-23 15:39:25,612] {logging_mixin.py:104} INFO - [2022-04-23 15:39:25,612] {dag.py:1832} INFO - Sync 1 DAGs
[2022-04-23 15:39:25,627] {logging_mixin.py:104} INFO - [2022-04-23 15:39:25,626] {dag.py:2305} INFO - Setting next_dagrun for tutorial to 2022-04-21 00:00:00+00:00
[2022-04-23 15:39:25,644] {scheduler_job.py:190} INFO - Processing /home/airflow/.local/lib/python3.6/site-packages/airflow/example_dags/tutorial.py took 0.090 seconds
[2022-04-23 15:39:55,893] {scheduler_job.py:182} INFO - Started process (PID=1025) to work on /home/airflow/.local/lib/python3.6/site-packages/airflow/example_dags/tutorial.py
[2022-04-23 15:39:55,895] {scheduler_job.py:633} INFO - Processing file /home/airflow/.local/lib/python3.6/site-packages/airflow/example_dags/tutorial.py for tasks to queue
[2022-04-23 15:39:55,896] {logging_mixin.py:104} INFO - [2022-04-23 15:39:55,896] {dagbag.py:487} INFO - Filling up the DagBag from /home/airflow/.local/lib/python3.6/site-packages/airflow/example_dags/tutorial.py
[2022-04-23 15:39:55,920] {scheduler_job.py:643} INFO - DAG(s) dict_keys(['tutorial']) retrieved from /home/airflow/.local/lib/python3.6/site-packages/airflow/example_dags/tutorial.py
[2022-04-23 15:39:55,950] {logging_mixin.py:104} INFO - [2022-04-23 15:39:55,950] {dag.py:1832} INFO - Sync 1 DAGs
[2022-04-23 15:39:55,966] {logging_mixin.py:104} INFO - [2022-04-23 15:39:55,966] {dag.py:2305} INFO - Setting next_dagrun for tutorial to 2022-04-21 00:00:00+00:00
[2022-04-23 15:39:55,977] {scheduler_job.py:190} INFO - Processing /home/airflow/.local/lib/python3.6/site-packages/airflow/example_dags/tutorial.py took 0.091 seconds
