[2022-04-23 15:33:48,773] {scheduler_job.py:182} INFO - Started process (PID=107) to work on /home/airflow/.local/lib/python3.6/site-packages/airflow/example_dags/tutorial_taskflow_api_etl.py
[2022-04-23 15:33:48,774] {scheduler_job.py:633} INFO - Processing file /home/airflow/.local/lib/python3.6/site-packages/airflow/example_dags/tutorial_taskflow_api_etl.py for tasks to queue
[2022-04-23 15:33:48,774] {logging_mixin.py:104} INFO - [2022-04-23 15:33:48,774] {dagbag.py:487} INFO - Filling up the DagBag from /home/airflow/.local/lib/python3.6/site-packages/airflow/example_dags/tutorial_taskflow_api_etl.py
[2022-04-23 15:33:48,794] {scheduler_job.py:643} INFO - DAG(s) dict_keys(['tutorial_taskflow_api_etl']) retrieved from /home/airflow/.local/lib/python3.6/site-packages/airflow/example_dags/tutorial_taskflow_api_etl.py
[2022-04-23 15:33:50,587] {logging_mixin.py:104} INFO - [2022-04-23 15:33:50,586] {dag.py:1832} INFO - Sync 1 DAGs
[2022-04-23 15:33:50,599] {logging_mixin.py:104} INFO - [2022-04-23 15:33:50,598] {dag.py:1851} INFO - Creating ORM DAG for tutorial_taskflow_api_etl
[2022-04-23 15:33:50,604] {logging_mixin.py:104} INFO - [2022-04-23 15:33:50,604] {dag.py:2305} INFO - Setting next_dagrun for tutorial_taskflow_api_etl to None
[2022-04-23 15:33:50,619] {scheduler_job.py:190} INFO - Processing /home/airflow/.local/lib/python3.6/site-packages/airflow/example_dags/tutorial_taskflow_api_etl.py took 1.849 seconds
[2022-04-23 15:34:21,555] {scheduler_job.py:182} INFO - Started process (PID=208) to work on /home/airflow/.local/lib/python3.6/site-packages/airflow/example_dags/tutorial_taskflow_api_etl.py
[2022-04-23 15:34:21,557] {scheduler_job.py:633} INFO - Processing file /home/airflow/.local/lib/python3.6/site-packages/airflow/example_dags/tutorial_taskflow_api_etl.py for tasks to queue
[2022-04-23 15:34:21,559] {logging_mixin.py:104} INFO - [2022-04-23 15:34:21,559] {dagbag.py:487} INFO - Filling up the DagBag from /home/airflow/.local/lib/python3.6/site-packages/airflow/example_dags/tutorial_taskflow_api_etl.py
[2022-04-23 15:34:21,587] {scheduler_job.py:643} INFO - DAG(s) dict_keys(['tutorial_taskflow_api_etl']) retrieved from /home/airflow/.local/lib/python3.6/site-packages/airflow/example_dags/tutorial_taskflow_api_etl.py
[2022-04-23 15:34:21,835] {logging_mixin.py:104} INFO - [2022-04-23 15:34:21,835] {dag.py:1832} INFO - Sync 1 DAGs
[2022-04-23 15:34:21,850] {logging_mixin.py:104} INFO - [2022-04-23 15:34:21,850] {dag.py:2305} INFO - Setting next_dagrun for tutorial_taskflow_api_etl to None
[2022-04-23 15:34:21,865] {scheduler_job.py:190} INFO - Processing /home/airflow/.local/lib/python3.6/site-packages/airflow/example_dags/tutorial_taskflow_api_etl.py took 0.316 seconds
[2022-04-23 15:34:52,005] {scheduler_job.py:182} INFO - Started process (PID=275) to work on /home/airflow/.local/lib/python3.6/site-packages/airflow/example_dags/tutorial_taskflow_api_etl.py
[2022-04-23 15:34:52,006] {scheduler_job.py:633} INFO - Processing file /home/airflow/.local/lib/python3.6/site-packages/airflow/example_dags/tutorial_taskflow_api_etl.py for tasks to queue
[2022-04-23 15:34:52,006] {logging_mixin.py:104} INFO - [2022-04-23 15:34:52,006] {dagbag.py:487} INFO - Filling up the DagBag from /home/airflow/.local/lib/python3.6/site-packages/airflow/example_dags/tutorial_taskflow_api_etl.py
[2022-04-23 15:34:52,027] {scheduler_job.py:643} INFO - DAG(s) dict_keys(['tutorial_taskflow_api_etl']) retrieved from /home/airflow/.local/lib/python3.6/site-packages/airflow/example_dags/tutorial_taskflow_api_etl.py
[2022-04-23 15:34:52,268] {logging_mixin.py:104} INFO - [2022-04-23 15:34:52,268] {dag.py:1832} INFO - Sync 1 DAGs
[2022-04-23 15:34:52,278] {logging_mixin.py:104} INFO - [2022-04-23 15:34:52,278] {dag.py:2305} INFO - Setting next_dagrun for tutorial_taskflow_api_etl to None
[2022-04-23 15:34:52,289] {scheduler_job.py:190} INFO - Processing /home/airflow/.local/lib/python3.6/site-packages/airflow/example_dags/tutorial_taskflow_api_etl.py took 0.286 seconds
[2022-04-23 15:35:23,149] {scheduler_job.py:182} INFO - Started process (PID=359) to work on /home/airflow/.local/lib/python3.6/site-packages/airflow/example_dags/tutorial_taskflow_api_etl.py
[2022-04-23 15:35:23,152] {scheduler_job.py:633} INFO - Processing file /home/airflow/.local/lib/python3.6/site-packages/airflow/example_dags/tutorial_taskflow_api_etl.py for tasks to queue
[2022-04-23 15:35:23,153] {logging_mixin.py:104} INFO - [2022-04-23 15:35:23,153] {dagbag.py:487} INFO - Filling up the DagBag from /home/airflow/.local/lib/python3.6/site-packages/airflow/example_dags/tutorial_taskflow_api_etl.py
[2022-04-23 15:35:23,182] {scheduler_job.py:643} INFO - DAG(s) dict_keys(['tutorial_taskflow_api_etl']) retrieved from /home/airflow/.local/lib/python3.6/site-packages/airflow/example_dags/tutorial_taskflow_api_etl.py
[2022-04-23 15:35:23,454] {logging_mixin.py:104} INFO - [2022-04-23 15:35:23,454] {dag.py:1832} INFO - Sync 1 DAGs
[2022-04-23 15:35:23,466] {logging_mixin.py:104} INFO - [2022-04-23 15:35:23,465] {dag.py:2305} INFO - Setting next_dagrun for tutorial_taskflow_api_etl to None
[2022-04-23 15:35:23,482] {scheduler_job.py:190} INFO - Processing /home/airflow/.local/lib/python3.6/site-packages/airflow/example_dags/tutorial_taskflow_api_etl.py took 0.340 seconds
[2022-04-23 15:35:53,589] {scheduler_job.py:182} INFO - Started process (PID=425) to work on /home/airflow/.local/lib/python3.6/site-packages/airflow/example_dags/tutorial_taskflow_api_etl.py
[2022-04-23 15:35:53,589] {scheduler_job.py:633} INFO - Processing file /home/airflow/.local/lib/python3.6/site-packages/airflow/example_dags/tutorial_taskflow_api_etl.py for tasks to queue
[2022-04-23 15:35:53,590] {logging_mixin.py:104} INFO - [2022-04-23 15:35:53,590] {dagbag.py:487} INFO - Filling up the DagBag from /home/airflow/.local/lib/python3.6/site-packages/airflow/example_dags/tutorial_taskflow_api_etl.py
[2022-04-23 15:35:53,608] {scheduler_job.py:643} INFO - DAG(s) dict_keys(['tutorial_taskflow_api_etl']) retrieved from /home/airflow/.local/lib/python3.6/site-packages/airflow/example_dags/tutorial_taskflow_api_etl.py
[2022-04-23 15:35:53,866] {logging_mixin.py:104} INFO - [2022-04-23 15:35:53,866] {dag.py:1832} INFO - Sync 1 DAGs
[2022-04-23 15:35:53,878] {logging_mixin.py:104} INFO - [2022-04-23 15:35:53,878] {dag.py:2305} INFO - Setting next_dagrun for tutorial_taskflow_api_etl to None
[2022-04-23 15:35:53,893] {scheduler_job.py:190} INFO - Processing /home/airflow/.local/lib/python3.6/site-packages/airflow/example_dags/tutorial_taskflow_api_etl.py took 0.307 seconds
[2022-04-23 15:36:23,992] {scheduler_job.py:182} INFO - Started process (PID=510) to work on /home/airflow/.local/lib/python3.6/site-packages/airflow/example_dags/tutorial_taskflow_api_etl.py
[2022-04-23 15:36:23,994] {scheduler_job.py:633} INFO - Processing file /home/airflow/.local/lib/python3.6/site-packages/airflow/example_dags/tutorial_taskflow_api_etl.py for tasks to queue
[2022-04-23 15:36:23,996] {logging_mixin.py:104} INFO - [2022-04-23 15:36:23,996] {dagbag.py:487} INFO - Filling up the DagBag from /home/airflow/.local/lib/python3.6/site-packages/airflow/example_dags/tutorial_taskflow_api_etl.py
[2022-04-23 15:36:24,031] {scheduler_job.py:643} INFO - DAG(s) dict_keys(['tutorial_taskflow_api_etl']) retrieved from /home/airflow/.local/lib/python3.6/site-packages/airflow/example_dags/tutorial_taskflow_api_etl.py
[2022-04-23 15:36:24,411] {logging_mixin.py:104} INFO - [2022-04-23 15:36:24,411] {dag.py:1832} INFO - Sync 1 DAGs
[2022-04-23 15:36:24,425] {logging_mixin.py:104} INFO - [2022-04-23 15:36:24,425] {dag.py:2305} INFO - Setting next_dagrun for tutorial_taskflow_api_etl to None
[2022-04-23 15:36:24,447] {scheduler_job.py:190} INFO - Processing /home/airflow/.local/lib/python3.6/site-packages/airflow/example_dags/tutorial_taskflow_api_etl.py took 0.463 seconds
[2022-04-23 15:36:55,291] {scheduler_job.py:182} INFO - Started process (PID=577) to work on /home/airflow/.local/lib/python3.6/site-packages/airflow/example_dags/tutorial_taskflow_api_etl.py
[2022-04-23 15:36:55,293] {scheduler_job.py:633} INFO - Processing file /home/airflow/.local/lib/python3.6/site-packages/airflow/example_dags/tutorial_taskflow_api_etl.py for tasks to queue
[2022-04-23 15:36:55,295] {logging_mixin.py:104} INFO - [2022-04-23 15:36:55,295] {dagbag.py:487} INFO - Filling up the DagBag from /home/airflow/.local/lib/python3.6/site-packages/airflow/example_dags/tutorial_taskflow_api_etl.py
[2022-04-23 15:36:55,316] {scheduler_job.py:643} INFO - DAG(s) dict_keys(['tutorial_taskflow_api_etl']) retrieved from /home/airflow/.local/lib/python3.6/site-packages/airflow/example_dags/tutorial_taskflow_api_etl.py
[2022-04-23 15:36:55,606] {logging_mixin.py:104} INFO - [2022-04-23 15:36:55,606] {dag.py:1832} INFO - Sync 1 DAGs
[2022-04-23 15:36:55,620] {logging_mixin.py:104} INFO - [2022-04-23 15:36:55,620] {dag.py:2305} INFO - Setting next_dagrun for tutorial_taskflow_api_etl to None
[2022-04-23 15:36:55,640] {scheduler_job.py:190} INFO - Processing /home/airflow/.local/lib/python3.6/site-packages/airflow/example_dags/tutorial_taskflow_api_etl.py took 0.353 seconds
[2022-04-23 15:37:26,002] {scheduler_job.py:182} INFO - Started process (PID=660) to work on /home/airflow/.local/lib/python3.6/site-packages/airflow/example_dags/tutorial_taskflow_api_etl.py
[2022-04-23 15:37:26,004] {scheduler_job.py:633} INFO - Processing file /home/airflow/.local/lib/python3.6/site-packages/airflow/example_dags/tutorial_taskflow_api_etl.py for tasks to queue
[2022-04-23 15:37:26,004] {logging_mixin.py:104} INFO - [2022-04-23 15:37:26,004] {dagbag.py:487} INFO - Filling up the DagBag from /home/airflow/.local/lib/python3.6/site-packages/airflow/example_dags/tutorial_taskflow_api_etl.py
[2022-04-23 15:37:26,040] {scheduler_job.py:643} INFO - DAG(s) dict_keys(['tutorial_taskflow_api_etl']) retrieved from /home/airflow/.local/lib/python3.6/site-packages/airflow/example_dags/tutorial_taskflow_api_etl.py
[2022-04-23 15:37:26,341] {logging_mixin.py:104} INFO - [2022-04-23 15:37:26,340] {dag.py:1832} INFO - Sync 1 DAGs
[2022-04-23 15:37:26,351] {logging_mixin.py:104} INFO - [2022-04-23 15:37:26,351] {dag.py:2305} INFO - Setting next_dagrun for tutorial_taskflow_api_etl to None
[2022-04-23 15:37:26,365] {scheduler_job.py:190} INFO - Processing /home/airflow/.local/lib/python3.6/site-packages/airflow/example_dags/tutorial_taskflow_api_etl.py took 0.368 seconds
[2022-04-23 15:37:56,432] {scheduler_job.py:182} INFO - Started process (PID=727) to work on /home/airflow/.local/lib/python3.6/site-packages/airflow/example_dags/tutorial_taskflow_api_etl.py
[2022-04-23 15:37:56,434] {scheduler_job.py:633} INFO - Processing file /home/airflow/.local/lib/python3.6/site-packages/airflow/example_dags/tutorial_taskflow_api_etl.py for tasks to queue
[2022-04-23 15:37:56,435] {logging_mixin.py:104} INFO - [2022-04-23 15:37:56,435] {dagbag.py:487} INFO - Filling up the DagBag from /home/airflow/.local/lib/python3.6/site-packages/airflow/example_dags/tutorial_taskflow_api_etl.py
[2022-04-23 15:37:56,459] {scheduler_job.py:643} INFO - DAG(s) dict_keys(['tutorial_taskflow_api_etl']) retrieved from /home/airflow/.local/lib/python3.6/site-packages/airflow/example_dags/tutorial_taskflow_api_etl.py
[2022-04-23 15:37:56,724] {logging_mixin.py:104} INFO - [2022-04-23 15:37:56,724] {dag.py:1832} INFO - Sync 1 DAGs
[2022-04-23 15:37:56,734] {logging_mixin.py:104} INFO - [2022-04-23 15:37:56,734] {dag.py:2305} INFO - Setting next_dagrun for tutorial_taskflow_api_etl to None
[2022-04-23 15:37:56,750] {scheduler_job.py:190} INFO - Processing /home/airflow/.local/lib/python3.6/site-packages/airflow/example_dags/tutorial_taskflow_api_etl.py took 0.322 seconds
[2022-04-23 15:38:26,800] {scheduler_job.py:182} INFO - Started process (PID=802) to work on /home/airflow/.local/lib/python3.6/site-packages/airflow/example_dags/tutorial_taskflow_api_etl.py
[2022-04-23 15:38:26,801] {scheduler_job.py:633} INFO - Processing file /home/airflow/.local/lib/python3.6/site-packages/airflow/example_dags/tutorial_taskflow_api_etl.py for tasks to queue
[2022-04-23 15:38:26,801] {logging_mixin.py:104} INFO - [2022-04-23 15:38:26,801] {dagbag.py:487} INFO - Filling up the DagBag from /home/airflow/.local/lib/python3.6/site-packages/airflow/example_dags/tutorial_taskflow_api_etl.py
[2022-04-23 15:38:26,823] {scheduler_job.py:643} INFO - DAG(s) dict_keys(['tutorial_taskflow_api_etl']) retrieved from /home/airflow/.local/lib/python3.6/site-packages/airflow/example_dags/tutorial_taskflow_api_etl.py
[2022-04-23 15:38:27,119] {logging_mixin.py:104} INFO - [2022-04-23 15:38:27,119] {dag.py:1832} INFO - Sync 1 DAGs
[2022-04-23 15:38:27,131] {logging_mixin.py:104} INFO - [2022-04-23 15:38:27,131] {dag.py:2305} INFO - Setting next_dagrun for tutorial_taskflow_api_etl to None
[2022-04-23 15:38:27,142] {scheduler_job.py:190} INFO - Processing /home/airflow/.local/lib/python3.6/site-packages/airflow/example_dags/tutorial_taskflow_api_etl.py took 0.346 seconds
[2022-04-23 15:38:57,231] {scheduler_job.py:182} INFO - Started process (PID=876) to work on /home/airflow/.local/lib/python3.6/site-packages/airflow/example_dags/tutorial_taskflow_api_etl.py
[2022-04-23 15:38:57,233] {scheduler_job.py:633} INFO - Processing file /home/airflow/.local/lib/python3.6/site-packages/airflow/example_dags/tutorial_taskflow_api_etl.py for tasks to queue
[2022-04-23 15:38:57,234] {logging_mixin.py:104} INFO - [2022-04-23 15:38:57,233] {dagbag.py:487} INFO - Filling up the DagBag from /home/airflow/.local/lib/python3.6/site-packages/airflow/example_dags/tutorial_taskflow_api_etl.py
[2022-04-23 15:38:57,254] {scheduler_job.py:643} INFO - DAG(s) dict_keys(['tutorial_taskflow_api_etl']) retrieved from /home/airflow/.local/lib/python3.6/site-packages/airflow/example_dags/tutorial_taskflow_api_etl.py
[2022-04-23 15:38:57,512] {logging_mixin.py:104} INFO - [2022-04-23 15:38:57,512] {dag.py:1832} INFO - Sync 1 DAGs
[2022-04-23 15:38:57,522] {logging_mixin.py:104} INFO - [2022-04-23 15:38:57,522] {dag.py:2305} INFO - Setting next_dagrun for tutorial_taskflow_api_etl to None
[2022-04-23 15:38:57,531] {scheduler_job.py:190} INFO - Processing /home/airflow/.local/lib/python3.6/site-packages/airflow/example_dags/tutorial_taskflow_api_etl.py took 0.316 seconds
[2022-04-23 15:39:27,664] {scheduler_job.py:182} INFO - Started process (PID=950) to work on /home/airflow/.local/lib/python3.6/site-packages/airflow/example_dags/tutorial_taskflow_api_etl.py
[2022-04-23 15:39:27,665] {scheduler_job.py:633} INFO - Processing file /home/airflow/.local/lib/python3.6/site-packages/airflow/example_dags/tutorial_taskflow_api_etl.py for tasks to queue
[2022-04-23 15:39:27,666] {logging_mixin.py:104} INFO - [2022-04-23 15:39:27,666] {dagbag.py:487} INFO - Filling up the DagBag from /home/airflow/.local/lib/python3.6/site-packages/airflow/example_dags/tutorial_taskflow_api_etl.py
[2022-04-23 15:39:27,685] {scheduler_job.py:643} INFO - DAG(s) dict_keys(['tutorial_taskflow_api_etl']) retrieved from /home/airflow/.local/lib/python3.6/site-packages/airflow/example_dags/tutorial_taskflow_api_etl.py
[2022-04-23 15:39:27,936] {logging_mixin.py:104} INFO - [2022-04-23 15:39:27,936] {dag.py:1832} INFO - Sync 1 DAGs
[2022-04-23 15:39:27,946] {logging_mixin.py:104} INFO - [2022-04-23 15:39:27,946] {dag.py:2305} INFO - Setting next_dagrun for tutorial_taskflow_api_etl to None
[2022-04-23 15:39:27,956] {scheduler_job.py:190} INFO - Processing /home/airflow/.local/lib/python3.6/site-packages/airflow/example_dags/tutorial_taskflow_api_etl.py took 0.295 seconds
[2022-04-23 15:39:57,998] {scheduler_job.py:182} INFO - Started process (PID=1027) to work on /home/airflow/.local/lib/python3.6/site-packages/airflow/example_dags/tutorial_taskflow_api_etl.py
[2022-04-23 15:39:58,000] {scheduler_job.py:633} INFO - Processing file /home/airflow/.local/lib/python3.6/site-packages/airflow/example_dags/tutorial_taskflow_api_etl.py for tasks to queue
[2022-04-23 15:39:58,000] {logging_mixin.py:104} INFO - [2022-04-23 15:39:58,000] {dagbag.py:487} INFO - Filling up the DagBag from /home/airflow/.local/lib/python3.6/site-packages/airflow/example_dags/tutorial_taskflow_api_etl.py
[2022-04-23 15:39:58,016] {scheduler_job.py:643} INFO - DAG(s) dict_keys(['tutorial_taskflow_api_etl']) retrieved from /home/airflow/.local/lib/python3.6/site-packages/airflow/example_dags/tutorial_taskflow_api_etl.py
[2022-04-23 15:39:58,283] {logging_mixin.py:104} INFO - [2022-04-23 15:39:58,283] {dag.py:1832} INFO - Sync 1 DAGs
[2022-04-23 15:39:58,301] {logging_mixin.py:104} INFO - [2022-04-23 15:39:58,301] {dag.py:2305} INFO - Setting next_dagrun for tutorial_taskflow_api_etl to None
[2022-04-23 15:39:58,329] {scheduler_job.py:190} INFO - Processing /home/airflow/.local/lib/python3.6/site-packages/airflow/example_dags/tutorial_taskflow_api_etl.py took 0.334 seconds
